#
# There is insufficient memory for the Java Runtime Environment to continue.
# Native memory allocation (malloc) failed to allocate 1960976 bytes for Chunk::new
# Possible reasons:
#   The system is out of physical RAM or swap space
#   The process is running with CompressedOops enabled, and the Java Heap may be blocking the growth of the native heap
# Possible solutions:
#   Reduce memory load on the system
#   Increase physical memory or swap space
#   Check if swap backing store is full
#   Decrease Java heap size (-Xmx/-Xms)
#   Decrease number of Java threads
#   Decrease Java thread stack sizes (-Xss)
#   Set larger code cache with -XX:ReservedCodeCacheSize=
#   JVM is running with Unscaled Compressed Oops mode in which the Java heap is
#     placed in the first 4GB address space. The Java Heap base address is the
#     maximum limit for the native heap growth. Please use -XX:HeapBaseMinAddress
#     to set the Java Heap base and to place the Java Heap above 4GB virtual address.
# This output file may be truncated or incomplete.
#
#  Out of Memory Error (allocation.cpp:389), pid=856, tid=0x0000000000001a08
#
# JRE version: OpenJDK Runtime Environment (8.0_242-b01) (build 1.8.0_242-release-1644-b01)
# Java VM: OpenJDK 64-Bit Server VM (25.242-b01 mixed mode windows-amd64 compressed oops)
# Failed to write core dump. Minidumps are not enabled by default on client versions of Windows
#

---------------  T H R E A D  ---------------

Current thread (0x0000000019ca8000):  JavaThread "C2 CompilerThread2" daemon [_thread_in_native, id=6664, stack(0x000000001a770000,0x000000001a870000)]

Stack: [0x000000001a770000,0x000000001a870000]
[error occurred during error reporting (printing stack bounds), id 0xc0000005]

Native frames: (J=compiled Java code, j=interpreted, Vv=VM code, C=native code)


Current CompileTask:
C2:  63269 16538       4       com.android.tools.r8.B.a.a.f::a (3630 bytes)


---------------  P R O C E S S  ---------------

Java Threads: ( => current thread )
  0x0000000020c38800 JavaThread "RMI TCP Connection(3)-127.0.0.1" daemon [_thread_in_native, id=10652, stack(0x00000000341c0000,0x00000000342c0000)]
  0x0000000020c37000 JavaThread "RMI TCP Connection(2)-127.0.0.1" daemon [_thread_in_native, id=12848, stack(0x00000000340c0000,0x00000000341c0000)]
  0x0000000020c3b800 JavaThread "RMI TCP Connection(idle)" daemon [_thread_blocked, id=4816, stack(0x0000000033ec0000,0x0000000033fc0000)]
  0x0000000021906000 JavaThread "RMI Reaper" [_thread_blocked, id=7584, stack(0x0000000033dc0000,0x0000000033ec0000)]
  0x000000001f537800 JavaThread "RMI TCP Accept-0" daemon [_thread_in_native, id=6408, stack(0x0000000033cc0000,0x0000000033dc0000)]
  0x000000001f535000 JavaThread "GC Daemon" daemon [_thread_blocked, id=6324, stack(0x0000000033bc0000,0x0000000033cc0000)]
  0x000000001f536000 JavaThread "RMI Scheduler(0)" daemon [_thread_blocked, id=12116, stack(0x00000000339c0000,0x0000000033ac0000)]
  0x000000001f538000 JavaThread "WorkerExecutor Queue Thread 2" [_thread_blocked, id=6060, stack(0x00000000331a0000,0x00000000332a0000)]
  0x000000001f52d000 JavaThread "WorkerExecutor Queue" [_thread_blocked, id=11904, stack(0x00000000330a0000,0x00000000331a0000)]
  0x000000001f532000 JavaThread "stdout" [_thread_in_native, id=1292, stack(0x0000000032da0000,0x0000000032ea0000)]
  0x000000001f52a800 JavaThread "stderr" [_thread_in_native, id=2816, stack(0x0000000032ca0000,0x0000000032da0000)]
  0x000000001f52c000 JavaThread "stdout" [_thread_in_native, id=11908, stack(0x0000000032ba0000,0x0000000032ca0000)]
  0x000000001f52b800 JavaThread "stderr" [_thread_in_native, id=4240, stack(0x0000000032aa0000,0x0000000032ba0000)]
  0x000000001f52f000 JavaThread "stdout" [_thread_in_native, id=8440, stack(0x00000000329a0000,0x0000000032aa0000)]
  0x000000001f52e800 JavaThread "stderr" [_thread_in_native, id=5228, stack(0x00000000328a0000,0x00000000329a0000)]
  0x000000001f531800 JavaThread "stdout" [_thread_in_native, id=6936, stack(0x00000000327a0000,0x00000000328a0000)]
  0x000000001f52a000 JavaThread "stderr" [_thread_in_native, id=7272, stack(0x00000000326a0000,0x00000000327a0000)]
  0x000000001f530800 JavaThread "stdout" [_thread_in_native, id=9668, stack(0x00000000325a0000,0x00000000326a0000)]
  0x000000001f530000 JavaThread "stderr" [_thread_in_native, id=4012, stack(0x00000000324a0000,0x00000000325a0000)]
  0x000000001f529000 JavaThread "stdout" [_thread_in_native, id=8332, stack(0x000000002ff00000,0x0000000030000000)]
  0x0000000021907800 JavaThread "stderr" [_thread_in_native, id=6612, stack(0x000000002fba0000,0x000000002fca0000)]
  0x0000000021906800 JavaThread "pool-2-thread-1" [_thread_blocked, id=11744, stack(0x000000002faa0000,0x000000002fba0000)]
  0x0000000021909800 JavaThread "Cache worker for execution history cache (D:\AndroidStudioProjects\CategoryQuizApp\.gradle\6.5.1\executionHistory)" [_thread_blocked, id=12512, stack(0x000000002f610000,0x000000002f710000)]
  0x00000000218fc000 JavaThread "Execution worker for ':' Thread 7" [_thread_in_Java, id=12388, stack(0x000000002f510000,0x000000002f610000)]
  0x0000000021903000 JavaThread "Execution worker for ':' Thread 6" [_thread_in_Java, id=5276, stack(0x000000002f410000,0x000000002f510000)]
  0x0000000021902000 JavaThread "Execution worker for ':' Thread 5" [_thread_in_Java, id=2496, stack(0x000000002f310000,0x000000002f410000)]
  0x0000000021900000 JavaThread "Execution worker for ':' Thread 4" [_thread_in_Java, id=12168, stack(0x000000002f210000,0x000000002f310000)]
  0x00000000218fe800 JavaThread "Execution worker for ':' Thread 3" [_thread_in_Java, id=8420, stack(0x000000002f110000,0x000000002f210000)]
  0x0000000021901800 JavaThread "Execution worker for ':' Thread 2" [_thread_in_Java, id=12448, stack(0x000000002f010000,0x000000002f110000)]
  0x00000000218fd000 JavaThread "Execution worker for ':'" [_thread_in_Java, id=11880, stack(0x000000002ef10000,0x000000002f010000)]
  0x0000000021900800 JavaThread "File lock release action executor" [_thread_blocked, id=6944, stack(0x000000002ee10000,0x000000002ef10000)]
  0x000000001fdf5800 JavaThread "Cache worker for file content cache (D:\AndroidStudioProjects\CategoryQuizApp\.gradle\6.5.1\fileContent)" [_thread_blocked, id=11508, stack(0x000000002e610000,0x000000002e710000)]
  0x000000001fdfc800 JavaThread "Memory manager" [_thread_blocked, id=13188, stack(0x000000002e310000,0x000000002e410000)]
  0x000000001fdfa000 JavaThread "Cache worker for Build Output Cleanup Cache (D:\AndroidStudioProjects\CategoryQuizApp\.gradle\buildOutputCleanup)" [_thread_blocked, id=11944, stack(0x000000002d610000,0x000000002d710000)]
  0x000000001fdf9800 JavaThread "jar transforms Thread 111" [_thread_blocked, id=11280, stack(0x000000002cf10000,0x000000002d010000)]
  0x000000001fdfb800 JavaThread "jar transforms Thread 110" [_thread_blocked, id=11544, stack(0x000000002ce10000,0x000000002cf10000)]
  0x000000001fdf7000 JavaThread "jar transforms Thread 109" [_thread_blocked, id=12532, stack(0x000000002cd10000,0x000000002ce10000)]
  0x000000001fdfb000 JavaThread "jar transforms Thread 108" [_thread_blocked, id=12176, stack(0x000000002cc10000,0x000000002cd10000)]
  0x000000001fdf5000 JavaThread "jar transforms Thread 107" [_thread_blocked, id=7748, stack(0x000000002cb10000,0x000000002cc10000)]
  0x000000001fdf8800 JavaThread "jar transforms Thread 106" [_thread_blocked, id=11644, stack(0x000000002ca10000,0x000000002cb10000)]
  0x000000001fdf8000 JavaThread "jar transforms Thread 105" [_thread_blocked, id=9940, stack(0x000000002c910000,0x000000002ca10000)]
  0x000000001fded800 JavaThread "jar transforms Thread 104" [_thread_blocked, id=13240, stack(0x000000002c810000,0x000000002c910000)]
  0x000000001fdf4000 JavaThread "jar transforms Thread 103" [_thread_blocked, id=7240, stack(0x000000002c710000,0x000000002c810000)]
  0x000000001fdf3800 JavaThread "jar transforms Thread 102" [_thread_blocked, id=10308, stack(0x000000002c610000,0x000000002c710000)]
  0x000000001fdf1000 JavaThread "jar transforms Thread 101" [_thread_blocked, id=3944, stack(0x000000002c510000,0x000000002c610000)]
  0x000000001fdf2000 JavaThread "jar transforms Thread 100" [_thread_blocked, id=9568, stack(0x000000002c410000,0x000000002c510000)]
  0x000000001fdf0800 JavaThread "jar transforms Thread 99" [_thread_blocked, id=8404, stack(0x000000002c310000,0x000000002c410000)]
  0x000000001fdef000 JavaThread "jar transforms Thread 98" [_thread_blocked, id=9916, stack(0x000000002c210000,0x000000002c310000)]
  0x000000001fdef800 JavaThread "jar transforms Thread 97" [_thread_blocked, id=11700, stack(0x000000002c110000,0x000000002c210000)]
  0x000000001fdf2800 JavaThread "jar transforms Thread 96" [_thread_blocked, id=8308, stack(0x000000002c010000,0x000000002c110000)]
  0x000000001fdee000 JavaThread "jar transforms Thread 95" [_thread_blocked, id=1300, stack(0x000000002bf10000,0x000000002c010000)]
  0x000000002001c000 JavaThread "jar transforms Thread 94" [_thread_blocked, id=3204, stack(0x000000002be10000,0x000000002bf10000)]
  0x0000000020021000 JavaThread "jar transforms Thread 93" [_thread_blocked, id=6628, stack(0x000000002bd10000,0x000000002be10000)]
  0x000000002001d800 JavaThread "jar transforms Thread 92" [_thread_blocked, id=11648, stack(0x000000002bc10000,0x000000002bd10000)]
  0x000000002001f800 JavaThread "jar transforms Thread 91" [_thread_blocked, id=11296, stack(0x000000002bb10000,0x000000002bc10000)]
  0x0000000020019800 JavaThread "jar transforms Thread 90" [_thread_blocked, id=12624, stack(0x000000002ba10000,0x000000002bb10000)]
  0x000000002001c800 JavaThread "jar transforms Thread 89" [_thread_blocked, id=8200, stack(0x000000002b910000,0x000000002ba10000)]
  0x000000002001b000 JavaThread "jar transforms Thread 88" [_thread_blocked, id=8528, stack(0x000000002b710000,0x000000002b810000)]
  0x0000000020020800 JavaThread "jar transforms Thread 87" [_thread_blocked, id=8244, stack(0x000000002b610000,0x000000002b710000)]
  0x000000002001e000 JavaThread "jar transforms Thread 86" [_thread_blocked, id=11772, stack(0x000000002b510000,0x000000002b610000)]
  0x000000002001f000 JavaThread "jar transforms Thread 85" [_thread_blocked, id=5720, stack(0x000000002b410000,0x000000002b510000)]
  0x000000002001a800 JavaThread "jar transforms Thread 84" [_thread_blocked, id=7224, stack(0x000000002b310000,0x000000002b410000)]
  0x0000000020012000 JavaThread "jar transforms Thread 83" [_thread_blocked, id=10020, stack(0x000000002b210000,0x000000002b310000)]
  0x0000000020015000 JavaThread "jar transforms Thread 82" [_thread_blocked, id=13236, stack(0x000000002b110000,0x000000002b210000)]
  0x0000000020014800 JavaThread "jar transforms Thread 81" [_thread_blocked, id=10976, stack(0x000000002b010000,0x000000002b110000)]
  0x0000000020019000 JavaThread "jar transforms Thread 80" [_thread_blocked, id=7860, stack(0x000000002af10000,0x000000002b010000)]
  0x0000000020016000 JavaThread "jar transforms Thread 79" [_thread_blocked, id=1424, stack(0x000000002ae10000,0x000000002af10000)]
  0x0000000020018000 JavaThread "jar transforms Thread 78" [_thread_blocked, id=12560, stack(0x000000002ad10000,0x000000002ae10000)]
  0x0000000020017800 JavaThread "jar transforms Thread 77" [_thread_blocked, id=8292, stack(0x000000002ac10000,0x000000002ad10000)]
  0x0000000020016800 JavaThread "jar transforms Thread 76" [_thread_blocked, id=8888, stack(0x000000002ab10000,0x000000002ac10000)]
  0x0000000020013000 JavaThread "jar transforms Thread 75" [_thread_blocked, id=8904, stack(0x000000002aa10000,0x000000002ab10000)]
  0x0000000020013800 JavaThread "jar transforms Thread 74" [_thread_blocked, id=11588, stack(0x000000002a910000,0x000000002aa10000)]
  0x0000000021e10800 JavaThread "jar transforms Thread 73" [_thread_blocked, id=9132, stack(0x000000002a810000,0x000000002a910000)]
  0x0000000021e12000 JavaThread "jar transforms Thread 72" [_thread_blocked, id=10284, stack(0x000000002a710000,0x000000002a810000)]
  0x0000000021e0f800 JavaThread "jar transforms Thread 71" [_thread_blocked, id=10108, stack(0x000000002a610000,0x000000002a710000)]
  0x0000000021e0e000 JavaThread "jar transforms Thread 70" [_thread_blocked, id=11308, stack(0x000000002a510000,0x000000002a610000)]
  0x0000000021e11000 JavaThread "jar transforms Thread 69" [_thread_blocked, id=11464, stack(0x000000002a410000,0x000000002a510000)]
  0x0000000021e0f000 JavaThread "jar transforms Thread 68" [_thread_blocked, id=11916, stack(0x000000002a310000,0x000000002a410000)]
  0x0000000021e0d800 JavaThread "jar transforms Thread 67" [_thread_blocked, id=3876, stack(0x000000002a210000,0x000000002a310000)]
  0x0000000021e06000 JavaThread "jar transforms Thread 66" [_thread_blocked, id=10636, stack(0x000000002a110000,0x000000002a210000)]
  0x0000000021e0c800 JavaThread "jar transforms Thread 65" [_thread_blocked, id=11224, stack(0x000000002a010000,0x000000002a110000)]
  0x0000000021e05000 JavaThread "jar transforms Thread 64" [_thread_blocked, id=2532, stack(0x0000000029f10000,0x000000002a010000)]
  0x0000000021e0c000 JavaThread "jar transforms Thread 63" [_thread_blocked, id=12256, stack(0x0000000029e10000,0x0000000029f10000)]
  0x0000000021e0b000 JavaThread "jar transforms Thread 62" [_thread_blocked, id=13224, stack(0x0000000029d10000,0x0000000029e10000)]
  0x0000000021e03800 JavaThread "jar transforms Thread 61" [_thread_blocked, id=9352, stack(0x0000000029c10000,0x0000000029d10000)]
  0x0000000021e0a800 JavaThread "jar transforms Thread 60" [_thread_blocked, id=8584, stack(0x0000000029b10000,0x0000000029c10000)]
  0x0000000021e09800 JavaThread "jar transforms Thread 59" [_thread_blocked, id=10884, stack(0x0000000029a10000,0x0000000029b10000)]
  0x0000000021e09000 JavaThread "jar transforms Thread 58" [_thread_blocked, id=2500, stack(0x0000000029910000,0x0000000029a10000)]
  0x0000000021e08000 JavaThread "jar transforms Thread 57" [_thread_blocked, id=11912, stack(0x0000000029810000,0x0000000029910000)]
  0x0000000021e07800 JavaThread "jar transforms Thread 56" [_thread_blocked, id=6616, stack(0x0000000029710000,0x0000000029810000)]
  0x0000000021e02800 JavaThread "jar transforms Thread 55" [_thread_blocked, id=6424, stack(0x0000000029610000,0x0000000029710000)]
  0x0000000021e04000 JavaThread "jar transforms Thread 54" [_thread_blocked, id=8944, stack(0x0000000029510000,0x0000000029610000)]
  0x0000000021e06800 JavaThread "jar transforms Thread 53" [_thread_blocked, id=1116, stack(0x0000000029410000,0x0000000029510000)]
  0x000000001ca3e000 JavaThread "jar transforms Thread 52" [_thread_blocked, id=10548, stack(0x0000000029310000,0x0000000029410000)]
  0x000000001ca3d000 JavaThread "jar transforms Thread 51" [_thread_blocked, id=5572, stack(0x0000000029210000,0x0000000029310000)]
  0x000000001ca3c800 JavaThread "jar transforms Thread 50" [_thread_blocked, id=84, stack(0x0000000029110000,0x0000000029210000)]
  0x000000001ca3b800 JavaThread "jar transforms Thread 49" [_thread_blocked, id=2408, stack(0x0000000029010000,0x0000000029110000)]
  0x000000001ca3b000 JavaThread "jar transforms Thread 48" [_thread_blocked, id=9676, stack(0x0000000028f10000,0x0000000029010000)]
  0x000000001ca33800 JavaThread "jar transforms Thread 47" [_thread_blocked, id=5372, stack(0x0000000028e10000,0x0000000028f10000)]
  0x000000001ca39800 JavaThread "jar transforms Thread 46" [_thread_blocked, id=5784, stack(0x0000000028d10000,0x0000000028e10000)]
  0x000000001ca38800 JavaThread "jar transforms Thread 45" [_thread_blocked, id=6240, stack(0x0000000028c10000,0x0000000028d10000)]
  0x000000001ca3a000 JavaThread "jar transforms Thread 44" [_thread_blocked, id=11800, stack(0x0000000028b10000,0x0000000028c10000)]
  0x000000001ca31000 JavaThread "jar transforms Thread 43" [_thread_blocked, id=6596, stack(0x0000000028a10000,0x0000000028b10000)]
  0x000000001ca38000 JavaThread "jar transforms Thread 42" [_thread_blocked, id=6792, stack(0x0000000028910000,0x0000000028a10000)]
  0x000000001ca37000 JavaThread "jar transforms Thread 41" [_thread_blocked, id=5832, stack(0x0000000028810000,0x0000000028910000)]
  0x000000001ca2f800 JavaThread "jar transforms Thread 40" [_thread_blocked, id=12908, stack(0x0000000028710000,0x0000000028810000)]
  0x000000001ca30800 JavaThread "jar transforms Thread 39" [_thread_blocked, id=2996, stack(0x0000000028610000,0x0000000028710000)]
  0x000000001ca36800 JavaThread "jar transforms Thread 38" [_thread_blocked, id=12144, stack(0x0000000028510000,0x0000000028610000)]
  0x000000001ca2f000 JavaThread "jar transforms Thread 37" [_thread_blocked, id=13204, stack(0x0000000028410000,0x0000000028510000)]
  0x000000001ca35800 JavaThread "jar transforms Thread 36" [_thread_blocked, id=12056, stack(0x0000000028310000,0x0000000028410000)]
  0x000000001ca35000 JavaThread "jar transforms Thread 35" [_thread_blocked, id=10876, stack(0x0000000028210000,0x0000000028310000)]
  0x000000001ca32800 JavaThread "jar transforms Thread 34" [_thread_blocked, id=10208, stack(0x0000000028110000,0x0000000028210000)]
  0x000000001ca32000 JavaThread "jar transforms Thread 33" [_thread_blocked, id=10160, stack(0x0000000028010000,0x0000000028110000)]
  0x000000001ca34000 JavaThread "jar transforms Thread 32" [_thread_blocked, id=12600, stack(0x0000000027f10000,0x0000000028010000)]
  0x000000001fdb3000 JavaThread "jar transforms Thread 31" [_thread_blocked, id=3772, stack(0x0000000027e10000,0x0000000027f10000)]
  0x000000001fdb2800 JavaThread "jar transforms Thread 30" [_thread_blocked, id=10956, stack(0x0000000027d10000,0x0000000027e10000)]
  0x000000001fdb1000 JavaThread "jar transforms Thread 29" [_thread_blocked, id=11520, stack(0x0000000027c10000,0x0000000027d10000)]
  0x000000001fdb0000 JavaThread "jar transforms Thread 28" [_thread_blocked, id=12312, stack(0x0000000027b10000,0x0000000027c10000)]
  0x000000001fdaf800 JavaThread "jar transforms Thread 27" [_thread_blocked, id=13128, stack(0x0000000027a10000,0x0000000027b10000)]
  0x000000001fdb1800 JavaThread "jar transforms Thread 26" [_thread_blocked, id=7008, stack(0x0000000027910000,0x0000000027a10000)]
  0x000000001fdb4800 JavaThread "jar transforms Thread 25" [_thread_blocked, id=5280, stack(0x0000000027810000,0x0000000027910000)]
  0x000000001fdb4000 JavaThread "jar transforms Thread 24" [_thread_blocked, id=7864, stack(0x0000000027710000,0x0000000027810000)]
  0x000000001fdb5800 JavaThread "jar transforms Thread 23" [_thread_blocked, id=11192, stack(0x0000000027610000,0x0000000027710000)]
  0x000000001fdb6000 JavaThread "jar transforms Thread 22" [_thread_blocked, id=8548, stack(0x0000000027510000,0x0000000027610000)]
  0x000000001fda8000 JavaThread "jar transforms Thread 21" [_thread_blocked, id=2328, stack(0x0000000027410000,0x0000000027510000)]
  0x000000001fdac800 JavaThread "jar transforms Thread 20" [_thread_blocked, id=9688, stack(0x0000000027310000,0x0000000027410000)]
  0x000000001fdab000 JavaThread "jar transforms Thread 19" [_thread_blocked, id=4828, stack(0x0000000027210000,0x0000000027310000)]
  0x000000001fdae800 JavaThread "jar transforms Thread 18" [_thread_blocked, id=12852, stack(0x0000000027110000,0x0000000027210000)]
  0x000000001fdaa000 JavaThread "jar transforms Thread 17" [_thread_blocked, id=9236, stack(0x0000000027010000,0x0000000027110000)]
  0x000000001fda7000 JavaThread "jar transforms Thread 16" [_thread_blocked, id=4452, stack(0x0000000026f10000,0x0000000027010000)]
  0x000000001fdae000 JavaThread "jar transforms Thread 15" [_thread_blocked, id=1916, stack(0x0000000026e10000,0x0000000026f10000)]
  0x000000001fdab800 JavaThread "jar transforms Thread 14" [_thread_blocked, id=12640, stack(0x0000000026d10000,0x0000000026e10000)]
  0x000000001fda9800 JavaThread "jar transforms Thread 13" [_thread_blocked, id=11364, stack(0x0000000026c10000,0x0000000026d10000)]
  0x000000001fdad000 JavaThread "jar transforms Thread 12" [_thread_blocked, id=7452, stack(0x0000000026b10000,0x0000000026c10000)]
  0x000000001fda8800 JavaThread "jar transforms Thread 11" [_thread_blocked, id=1016, stack(0x0000000026a10000,0x0000000026b10000)]
  0x000000002028f800 JavaThread "jar transforms Thread 10" [_thread_blocked, id=11868, stack(0x0000000026910000,0x0000000026a10000)]
  0x000000002028e800 JavaThread "jar transforms Thread 9" [_thread_blocked, id=12420, stack(0x0000000026810000,0x0000000026910000)]
  0x0000000020295800 JavaThread "jar transforms Thread 8" [_thread_blocked, id=228, stack(0x0000000026710000,0x0000000026810000)]
  0x0000000020294000 JavaThread "jar transforms Thread 7" [_thread_blocked, id=8120, stack(0x0000000026610000,0x0000000026710000)]
  0x0000000020291800 JavaThread "jar transforms Thread 6" [_thread_blocked, id=13148, stack(0x0000000025090000,0x0000000025190000)]
  0x0000000020291000 JavaThread "Build operations Thread 8" [_thread_blocked, id=12544, stack(0x0000000024f90000,0x0000000025090000)]
  0x0000000020292800 JavaThread "Build operations Thread 7" [_thread_blocked, id=12828, stack(0x0000000024e90000,0x0000000024f90000)]
  0x0000000020293000 JavaThread "Build operations Thread 6" [_thread_blocked, id=11512, stack(0x0000000024d90000,0x0000000024e90000)]
  0x0000000020294800 JavaThread "Build operations Thread 5" [_thread_blocked, id=13292, stack(0x0000000024c90000,0x0000000024d90000)]
  0x0000000020290000 JavaThread "Build operations Thread 4" [_thread_blocked, id=2800, stack(0x0000000024b90000,0x0000000024c90000)]
  0x0000000020287000 JavaThread "Build operations Thread 3" [_thread_blocked, id=2388, stack(0x0000000024a90000,0x0000000024b90000)]
  0x000000002028e000 JavaThread "Build operations Thread 2" [_thread_blocked, id=9612, stack(0x0000000024990000,0x0000000024a90000)]
  0x000000002028b800 JavaThread "Build operations" [_thread_blocked, id=7888, stack(0x0000000024890000,0x0000000024990000)]
  0x000000002028b000 JavaThread "Cache worker for file content cache (C:\Users\JFK\.gradle\caches\6.5.1\fileContent)" [_thread_blocked, id=5748, stack(0x00000000233c0000,0x00000000234c0000)]
  0x000000002028c800 JavaThread "Cache worker for execution history cache (C:\Users\JFK\.gradle\caches\6.5.1\executionHistory)" [_thread_blocked, id=7896, stack(0x0000000022ec0000,0x0000000022fc0000)]
  0x000000002028a000 JavaThread "Cache worker for cache directory md-rule (C:\Users\JFK\.gradle\caches\6.5.1\md-rule)" [_thread_blocked, id=1696, stack(0x0000000022dc0000,0x0000000022ec0000)]
  0x000000001c876000 JavaThread "Cache worker for cache directory md-supplier (C:\Users\JFK\.gradle\caches\6.5.1\md-supplier)" [_thread_blocked, id=9660, stack(0x0000000022cc0000,0x0000000022dc0000)]
  0x000000001c875800 JavaThread "Cache worker for checksums cache (D:\AndroidStudioProjects\CategoryQuizApp\.gradle\checksums)" [_thread_blocked, id=12612, stack(0x0000000022bc0000,0x0000000022cc0000)]
  0x000000001c871800 JavaThread "jar transforms Thread 5" [_thread_blocked, id=1852, stack(0x0000000022ac0000,0x0000000022bc0000)]
  0x000000001c877000 JavaThread "jar transforms Thread 4" [_thread_blocked, id=6204, stack(0x00000000229c0000,0x0000000022ac0000)]
  0x000000001c872800 JavaThread "jar transforms Thread 3" [_thread_blocked, id=11220, stack(0x00000000228c0000,0x00000000229c0000)]
  0x000000001c874800 JavaThread "jar transforms Thread 2" [_thread_blocked, id=3468, stack(0x00000000227c0000,0x00000000228c0000)]
  0x000000001c873000 JavaThread "jar transforms" [_thread_blocked, id=8932, stack(0x00000000226c0000,0x00000000227c0000)]
  0x000000001c871000 JavaThread "Cache worker for file hash cache (D:\AndroidStudioProjects\CategoryQuizApp\.gradle\6.5.1\fileHashes)" [_thread_blocked, id=5952, stack(0x00000000225c0000,0x00000000226c0000)]
  0x000000001c874000 JavaThread "Cache worker for file hash cache (C:\Users\JFK\.gradle\caches\6.5.1\fileHashes)" [_thread_blocked, id=1536, stack(0x000000001ecc0000,0x000000001edc0000)]
  0x000000001c870000 JavaThread "File lock request listener" [_thread_in_native, id=8436, stack(0x000000001ebc0000,0x000000001ecc0000)]
  0x000000001c80c800 JavaThread "Cache worker for journal cache (C:\Users\JFK\.gradle\caches\journal-1)" [_thread_blocked, id=9624, stack(0x000000001eac0000,0x000000001ebc0000)]
  0x000000001c191800 JavaThread "Thread-9" [_thread_blocked, id=216, stack(0x000000001e7c0000,0x000000001e8c0000)]
  0x000000001c80e000 JavaThread "Asynchronous log dispatcher for DefaultDaemonConnection: socket connection from /127.0.0.1:5813 to /127.0.0.1:5814" [_thread_blocked, id=13052, stack(0x000000001e5c0000,0x000000001e6c0000)]
  0x000000001c756800 JavaThread "Daemon worker" [_thread_in_Java, id=10784, stack(0x000000001e4c0000,0x000000001e5c0000)]
  0x000000001c755000 JavaThread "Cancel handler" [_thread_blocked, id=12688, stack(0x000000001e2c0000,0x000000001e3c0000)]
  0x000000001c731800 JavaThread "Handler for socket connection from /127.0.0.1:5813 to /127.0.0.1:5814" [_thread_in_native, id=5440, stack(0x000000001dfc0000,0x000000001e0c0000)]
  0x000000001c730800 JavaThread "Daemon" [_thread_blocked, id=1856, stack(0x000000001dec0000,0x000000001dfc0000)]
  0x000000001c79c000 JavaThread "Daemon periodic checks" [_thread_blocked, id=9040, stack(0x000000001ddc0000,0x000000001dec0000)]
  0x000000001c724800 JavaThread "Incoming local TCP Connector on port 5813" [_thread_in_native, id=8916, stack(0x000000001db70000,0x000000001dc70000)]
  0x000000001bfe0800 JavaThread "Daemon health stats" [_thread_blocked, id=8516, stack(0x000000001d510000,0x000000001d610000)]
  0x0000000019d38800 JavaThread "Service Thread" daemon [_thread_blocked, id=11884, stack(0x000000001a970000,0x000000001aa70000)]
  0x0000000019cac000 JavaThread "C1 CompilerThread3" daemon [_thread_in_vm, id=11924, stack(0x000000001a870000,0x000000001a970000)]
=>0x0000000019ca8000 JavaThread "C2 CompilerThread2" daemon [_thread_in_native, id=6664, stack(0x000000001a770000,0x000000001a870000)]
  0x0000000017e9b800 JavaThread "C2 CompilerThread1" daemon [_thread_in_native, id=11360, stack(0x000000001a670000,0x000000001a770000)]
  0x0000000019ca3800 JavaThread "C2 CompilerThread0" daemon [_thread_in_native, id=880, stack(0x000000001a570000,0x000000001a670000)]
  0x0000000019ca2800 JavaThread "Attach Listener" daemon [_thread_blocked, id=5232, stack(0x000000001a470000,0x000000001a570000)]
  0x0000000019ca6000 JavaThread "Signal Dispatcher" daemon [_thread_blocked, id=13156, stack(0x000000001a370000,0x000000001a470000)]
  0x0000000002dcc800 JavaThread "Finalizer" daemon [_thread_blocked, id=10248, stack(0x000000001a170000,0x000000001a270000)]
  0x0000000019c90800 JavaThread "Reference Handler" daemon [_thread_blocked, id=9656, stack(0x000000001a070000,0x000000001a170000)]
  0x0000000002ded800 JavaThread "main" [_thread_blocked, id=12596, stack(0x0000000002bb0000,0x0000000002cb0000)]

Other Threads:
  0x0000000017e88000 VMThread [stack: 0x0000000019b70000,0x0000000019c70000] [id=11036]
  0x0000000019d39800 WatcherThread [stack: 0x000000001aa70000,0x000000001ab70000] [id=9764]

VM state:not at safepoint (normal execution)

VM Mutex/Monitor currently owned by a thread:  ([mutex/lock_event])
[0x0000000002cd1750] MethodData_lock - owner thread: 0x0000000019cac000

heap address: 0x0000000080000000, size: 2048 MB, Compressed Oops mode: 32-bit
Narrow klass base: 0x0000000000000000, Narrow klass shift: 3
Compressed class space size: 1073741824 Address: 0x0000000100000000

Heap:
 PSYoungGen      total 597504K, used 533973K [0x00000000d5580000, 0x0000000100000000, 0x0000000100000000)
  eden space 547328K, 88% used [0x00000000d5580000,0x00000000f2df8830,0x00000000f6c00000)
  from space 50176K, 99% used [0x00000000f6c00000,0x00000000f9cfcf90,0x00000000f9d00000)
  to   space 64512K, 0% used [0x00000000fc100000,0x00000000fc100000,0x0000000100000000)
 ParOldGen       total 237568K, used 115903K [0x0000000080000000, 0x000000008e800000, 0x00000000d5580000)
  object space 237568K, 48% used [0x0000000080000000,0x000000008712ff78,0x000000008e800000)
 Metaspace       used 88513K, capacity 93020K, committed 94424K, reserved 1130496K
  class space    used 11769K, capacity 12652K, committed 13056K, reserved 1048576K

Card table byte_map: [0x00000000121b0000,0x00000000125c0000] byte_map_base: 0x0000000011db0000

Marking Bits: (ParMarkBitMap*) 0x0000000073c5f030
 Begin Bits: [0x0000000013070000, 0x0000000015070000)
 End Bits:   [0x0000000015070000, 0x0000000017070000)

Polling page: 0x0000000001570000

CodeCache: size=245760Kb used=47867Kb max_used=47867Kb free=197892Kb
 bounds [0x0000000002df0000, 0x0000000005cf0000, 0x0000000011df0000]
 total_blobs=14624 nmethods=13729 adapters=805
 compilation: enabled

Compilation events (10 events):
Event: 63.263 Thread 0x0000000019cac000 nmethod 16923 0x0000000005cd7690 code [0x0000000005cd7800, 0x0000000005cd79e8]
Event: 63.263 Thread 0x0000000019cac000 16938       2       java.util.stream.SliceOps::makeRef (51 bytes)
Event: 63.265 Thread 0x0000000019cac000 nmethod 16938 0x0000000005cd7ad0 code [0x0000000005cd7c80, 0x0000000005cd8148]
Event: 63.265 Thread 0x0000000019cac000 16931       2       com.android.tools.r8.v.a.a.a.h.X$f::<init> (41 bytes)
Event: 63.265 Thread 0x0000000019cac000 nmethod 16931 0x0000000005cd8490 code [0x0000000005cd85e0, 0x0000000005cd8770]
Event: 63.265 Thread 0x0000000019cac000 16940       2       com.android.tools.r8.code.E0::<init> (71 bytes)
Event: 63.266 Thread 0x0000000019cac000 nmethod 16940 0x0000000005cd8810 code [0x0000000005cd8960, 0x0000000005cd8ab0]
Event: 63.266 Thread 0x0000000019cac000 16946       2       com.android.tools.r8.code.E0::hashCode (20 bytes)
Event: 63.266 Thread 0x0000000019cac000 nmethod 16946 0x0000000005cd8b50 code [0x0000000005cd8cc0, 0x0000000005cd8e68]
Event: 63.266 Thread 0x0000000019cac000 16906       2       com.android.tools.r8.u.b.F0::a (41 bytes)

GC Heap History (10 events):
Event: 46.717 GC heap before
{Heap before GC invocations=27 (full 3):
 PSYoungGen      total 431616K, used 403801K [0x00000000d5580000, 0x00000000f6480000, 0x0000000100000000)
  eden space 398848K, 100% used [0x00000000d5580000,0x00000000edb00000,0x00000000edb00000)
  from space 32768K, 15% used [0x00000000edb00000,0x00000000edfd6710,0x00000000efb00000)
  to   space 32768K, 0% used [0x00000000f4480000,0x00000000f4480000,0x00000000f6480000)
 ParOldGen       total 140288K, used 107891K [0x0000000080000000, 0x0000000088900000, 0x00000000d5580000)
  object space 140288K, 76% used [0x0000000080000000,0x000000008695cf20,0x0000000088900000)
 Metaspace       used 78657K, capacity 82734K, committed 83032K, reserved 1120256K
  class space    used 10487K, capacity 11271K, committed 11392K, reserved 1048576K
Event: 46.770 GC heap after
Heap after GC invocations=27 (full 3):
 PSYoungGen      total 489472K, used 24717K [0x00000000d5580000, 0x00000000f5e00000, 0x0000000100000000)
  eden space 463360K, 0% used [0x00000000d5580000,0x00000000d5580000,0x00000000f1a00000)
  from space 26112K, 94% used [0x00000000f4480000,0x00000000f5ca35b0,0x00000000f5e00000)
  to   space 34816K, 0% used [0x00000000f1a00000,0x00000000f1a00000,0x00000000f3c00000)
 ParOldGen       total 140288K, used 107899K [0x0000000080000000, 0x0000000088900000, 0x00000000d5580000)
  object space 140288K, 76% used [0x0000000080000000,0x000000008695ef20,0x0000000088900000)
 Metaspace       used 78657K, capacity 82734K, committed 83032K, reserved 1120256K
  class space    used 10487K, capacity 11271K, committed 11392K, reserved 1048576K
}
Event: 48.167 GC heap before
{Heap before GC invocations=28 (full 3):
 PSYoungGen      total 489472K, used 488077K [0x00000000d5580000, 0x00000000f5e00000, 0x0000000100000000)
  eden space 463360K, 100% used [0x00000000d5580000,0x00000000f1a00000,0x00000000f1a00000)
  from space 26112K, 94% used [0x00000000f4480000,0x00000000f5ca35b0,0x00000000f5e00000)
  to   space 34816K, 0% used [0x00000000f1a00000,0x00000000f1a00000,0x00000000f3c00000)
 ParOldGen       total 140288K, used 107899K [0x0000000080000000, 0x0000000088900000, 0x00000000d5580000)
  object space 140288K, 76% used [0x0000000080000000,0x000000008695ef20,0x0000000088900000)
 Metaspace       used 78714K, capacity 82876K, committed 83032K, reserved 1120256K
  class space    used 10490K, capacity 11274K, committed 11392K, reserved 1048576K
Event: 48.582 GC heap after
Heap after GC invocations=28 (full 3):
 PSYoungGen      total 498176K, used 34797K [0x00000000d5580000, 0x00000000fc980000, 0x0000000100000000)
  eden space 463360K, 0% used [0x00000000d5580000,0x00000000d5580000,0x00000000f1a00000)
  from space 34816K, 99% used [0x00000000f1a00000,0x00000000f3bfb438,0x00000000f3c00000)
  to   space 44032K, 0% used [0x00000000f9e80000,0x00000000f9e80000,0x00000000fc980000)
 ParOldGen       total 140288K, used 118302K [0x0000000080000000, 0x0000000088900000, 0x00000000d5580000)
  object space 140288K, 84% used [0x0000000080000000,0x0000000087387950,0x0000000088900000)
 Metaspace       used 78714K, capacity 82876K, committed 83032K, reserved 1120256K
  class space    used 10490K, capacity 11274K, committed 11392K, reserved 1048576K
}
Event: 56.347 GC heap before
{Heap before GC invocations=29 (full 3):
 PSYoungGen      total 498176K, used 498157K [0x00000000d5580000, 0x00000000fc980000, 0x0000000100000000)
  eden space 463360K, 100% used [0x00000000d5580000,0x00000000f1a00000,0x00000000f1a00000)
  from space 34816K, 99% used [0x00000000f1a00000,0x00000000f3bfb438,0x00000000f3c00000)
  to   space 44032K, 0% used [0x00000000f9e80000,0x00000000f9e80000,0x00000000fc980000)
 ParOldGen       total 140288K, used 118302K [0x0000000080000000, 0x0000000088900000, 0x00000000d5580000)
  object space 140288K, 84% used [0x0000000080000000,0x0000000087387950,0x0000000088900000)
 Metaspace       used 87124K, capacity 92352K, committed 92504K, reserved 1128448K
  class space    used 11824K, capacity 12818K, committed 12928K, reserved 1048576K
Event: 56.420 GC heap after
Heap after GC invocations=29 (full 3):
 PSYoungGen      total 591360K, used 41407K [0x00000000d5580000, 0x00000000fce00000, 0x0000000100000000)
  eden space 547328K, 0% used [0x00000000d5580000,0x00000000d5580000,0x00000000f6c00000)
  from space 44032K, 94% used [0x00000000f9e80000,0x00000000fc6efd08,0x00000000fc980000)
  to   space 50176K, 0% used [0x00000000f6c00000,0x00000000f6c00000,0x00000000f9d00000)
 ParOldGen       total 140288K, used 129162K [0x0000000080000000, 0x0000000088900000, 0x00000000d5580000)
  object space 140288K, 92% used [0x0000000080000000,0x0000000087e22bc0,0x0000000088900000)
 Metaspace       used 87124K, capacity 92352K, committed 92504K, reserved 1128448K
  class space    used 11824K, capacity 12818K, committed 12928K, reserved 1048576K
}
Event: 56.420 GC heap before
{Heap before GC invocations=30 (full 4):
 PSYoungGen      total 591360K, used 41407K [0x00000000d5580000, 0x00000000fce00000, 0x0000000100000000)
  eden space 547328K, 0% used [0x00000000d5580000,0x00000000d5580000,0x00000000f6c00000)
  from space 44032K, 94% used [0x00000000f9e80000,0x00000000fc6efd08,0x00000000fc980000)
  to   space 50176K, 0% used [0x00000000f6c00000,0x00000000f6c00000,0x00000000f9d00000)
 ParOldGen       total 140288K, used 129162K [0x0000000080000000, 0x0000000088900000, 0x00000000d5580000)
  object space 140288K, 92% used [0x0000000080000000,0x0000000087e22bc0,0x0000000088900000)
 Metaspace       used 87124K, capacity 92352K, committed 92504K, reserved 1128448K
  class space    used 11824K, capacity 12818K, committed 12928K, reserved 1048576K
Event: 57.831 GC heap after
Heap after GC invocations=30 (full 4):
 PSYoungGen      total 591360K, used 0K [0x00000000d5580000, 0x00000000fce00000, 0x0000000100000000)
  eden space 547328K, 0% used [0x00000000d5580000,0x00000000d5580000,0x00000000f6c00000)
  from space 44032K, 0% used [0x00000000f9e80000,0x00000000f9e80000,0x00000000fc980000)
  to   space 50176K, 0% used [0x00000000f6c00000,0x00000000f6c00000,0x00000000f9d00000)
 ParOldGen       total 237568K, used 99202K [0x0000000080000000, 0x000000008e800000, 0x00000000d5580000)
  object space 237568K, 41% used [0x0000000080000000,0x00000000860e0810,0x000000008e800000)
 Metaspace       used 86475K, capacity 90566K, committed 92504K, reserved 1128448K
  class space    used 11610K, capacity 12439K, committed 12928K, reserved 1048576K
}
Event: 61.571 GC heap before
{Heap before GC invocations=31 (full 4):
 PSYoungGen      total 591360K, used 547328K [0x00000000d5580000, 0x00000000fce00000, 0x0000000100000000)
  eden space 547328K, 100% used [0x00000000d5580000,0x00000000f6c00000,0x00000000f6c00000)
  from space 44032K, 0% used [0x00000000f9e80000,0x00000000f9e80000,0x00000000fc980000)
  to   space 50176K, 0% used [0x00000000f6c00000,0x00000000f6c00000,0x00000000f9d00000)
 ParOldGen       total 237568K, used 99202K [0x0000000080000000, 0x000000008e800000, 0x00000000d5580000)
  object space 237568K, 41% used [0x0000000080000000,0x00000000860e0810,0x000000008e800000)
 Metaspace       used 88185K, capacity 92608K, committed 94040K, reserved 1130496K
  class space    used 11730K, capacity 12610K, committed 12928K, reserved 1048576K
Event: 61.820 GC heap after
Heap after GC invocations=31 (full 4):
 PSYoungGen      total 597504K, used 50163K [0x00000000d5580000, 0x0000000100000000, 0x0000000100000000)
  eden space 547328K, 0% used [0x00000000d5580000,0x00000000d5580000,0x00000000f6c00000)
  from space 50176K, 99% used [0x00000000f6c00000,0x00000000f9cfcf90,0x00000000f9d00000)
  to   space 64512K, 0% used [0x00000000fc100000,0x00000000fc100000,0x0000000100000000)
 ParOldGen       total 237568K, used 115903K [0x0000000080000000, 0x000000008e800000, 0x00000000d5580000)
  object space 237568K, 48% used [0x0000000080000000,0x000000008712ff78,0x000000008e800000)
 Metaspace       used 88185K, capacity 92608K, committed 94040K, reserved 1130496K
  class space    used 11730K, capacity 12610K, committed 12928K, reserved 1048576K
}

Deoptimization events (10 events):
Event: 62.233 Thread 0x0000000021902000 Uncommon trap: reason=unstable_if action=reinterpret pc=0x0000000005b0587c method=com.android.tools.r8.ir.optimize.Z.a(Lcom/android/tools/r8/u/b/W;Lcom/android/tools/r8/ir/regalloc/a;)V @ 272
Event: 62.253 Thread 0x0000000021901800 Uncommon trap: reason=unstable_if action=reinterpret pc=0x00000000059746d4 method=com.android.tools.r8.v.a.a.a.f.e0.a(I)Z @ 6
Event: 62.310 Thread 0x0000000021900000 Uncommon trap: reason=unstable_if action=reinterpret pc=0x00000000053bcf50 method=java.util.concurrent.ConcurrentHashMap.computeIfAbsent(Ljava/lang/Object;Ljava/util/function/Function;)Ljava/lang/Object; @ 281
Event: 62.461 Thread 0x00000000218fd000 Uncommon trap: reason=unstable_if action=reinterpret pc=0x000000000551625c method=com.android.tools.r8.ir.regalloc.b.c(I)Lcom/android/tools/r8/ir/regalloc/b; @ 132
Event: 62.463 Thread 0x0000000021901800 Uncommon trap: reason=unstable_if action=reinterpret pc=0x0000000005376180 method=com.android.tools.r8.ir.conversion.o.e(I)Lcom/android/tools/r8/graph/r; @ 4
Event: 62.482 Thread 0x0000000021901800 Uncommon trap: reason=class_check action=maybe_recompile pc=0x00000000059c7db8 method=com.android.tools.r8.v.a.a.a.f.e.putAll(Ljava/util/Map;)V @ 3
Event: 62.820 Thread 0x00000000218fe800 Uncommon trap: reason=array_check action=maybe_recompile pc=0x0000000005aab3a0 method=java.util.TimSort.reverseRange([Ljava/lang/Object;II)V @ 27
Event: 62.820 Thread 0x00000000218fe800 Uncommon trap: reason=array_check action=maybe_recompile pc=0x0000000005aab3a0 method=java.util.TimSort.reverseRange([Ljava/lang/Object;II)V @ 27
Event: 62.836 Thread 0x00000000218fe800 Uncommon trap: reason=null_check action=make_not_entrant pc=0x00000000050fcccc method=com.android.tools.r8.graph.e0.computeEquals(Ljava/lang/Object;)Z @ 1
Event: 62.871 Thread 0x0000000021903000 Uncommon trap: reason=unstable_if action=reinterpret pc=0x000000000584cff4 method=com.android.tools.r8.ir.optimize.I.a(Lcom/android/tools/r8/u/b/h0;)Z @ 164

Classes redefined (0 events):
No events

Internal exceptions (10 events):
Event: 60.367 Thread 0x0000000021901800 Exception <a 'sun/nio/fs/WindowsException'> (0x00000000ed932558) thrown at [C:\src\AOSP-openjdk-git\hotspot\src\share\vm\prims\jni.cpp, line 710]
Event: 60.447 Thread 0x000000001c756800 Exception <a 'sun/nio/fs/WindowsException'> (0x00000000ef65a818) thrown at [C:\src\AOSP-openjdk-git\hotspot\src\share\vm\prims\jni.cpp, line 710]
Event: 61.304 Thread 0x0000000021900000 Exception <a 'sun/nio/fs/WindowsException'> (0x00000000f4618cf0) thrown at [C:\src\AOSP-openjdk-git\hotspot\src\share\vm\prims\jni.cpp, line 710]
Event: 61.318 Thread 0x0000000021903000 Exception <a 'sun/nio/fs/WindowsException'> (0x00000000f4c46ea0) thrown at [C:\src\AOSP-openjdk-git\hotspot\src\share\vm\prims\jni.cpp, line 710]
Event: 61.333 Thread 0x00000000218fc000 Exception <a 'sun/nio/fs/WindowsException'> (0x00000000f4813d40) thrown at [C:\src\AOSP-openjdk-git\hotspot\src\share\vm\prims\jni.cpp, line 710]
Event: 61.396 Thread 0x0000000021901800 Exception <a 'sun/nio/fs/WindowsException'> (0x00000000f5a9ecb8) thrown at [C:\src\AOSP-openjdk-git\hotspot\src\share\vm\prims\jni.cpp, line 710]
Event: 62.154 Thread 0x00000000218fe800 Implicit null exception at 0x000000000593405c to 0x0000000005938d81
Event: 62.836 Thread 0x00000000218fe800 Implicit null exception at 0x00000000050fcb4f to 0x00000000050fccbd
Event: 62.913 Thread 0x00000000218fe800 Exception <a 'sun/nio/fs/WindowsException'> (0x00000000ebb04ea8) thrown at [C:\src\AOSP-openjdk-git\hotspot\src\share\vm\prims\jni.cpp, line 710]
Event: 63.201 Thread 0x00000000218fe800 Exception <a 'sun/nio/fs/WindowsException'> (0x00000000ebb46568) thrown at [C:\src\AOSP-openjdk-git\hotspot\src\share\vm\prims\jni.cpp, line 710]

Events (10 events):
Event: 63.221 loading class com/android/tools/r8/v/a/a/a/h/N
Event: 63.221 loading class com/android/tools/r8/v/a/a/a/h/N done
Event: 63.221 loading class com/android/tools/r8/v/a/a/a/h/N
Event: 63.221 loading class com/android/tools/r8/v/a/a/a/h/N done
Event: 63.253 loading class com/android/tools/r8/code/S3
Event: 63.253 loading class com/android/tools/r8/code/S3 done
Event: 63.254 loading class com/android/tools/r8/code/R3
Event: 63.254 loading class com/android/tools/r8/code/R3 done
Event: 63.255 loading class com/android/tools/r8/code/P3
Event: 63.255 loading class com/android/tools/r8/code/P3 done


Dynamic libraries:
0x00007ff7d5ed0000 - 0x00007ff7d5f01000 	C:\Program Files\Android\Android Studio\jre\bin\java.exe
0x00007fff45440000 - 0x00007fff4562d000 	C:\Windows\SYSTEM32\ntdll.dll
0x00007fff3d9d0000 - 0x00007fff3d9e2000 	D:\AVG\aswhook.dll
0x00007fff42f10000 - 0x00007fff42fc3000 	C:\Windows\System32\KERNEL32.DLL
0x00007fff417a0000 - 0x00007fff41a34000 	C:\Windows\System32\KERNELBASE.dll
0x00007fff432d0000 - 0x00007fff43373000 	C:\Windows\System32\ADVAPI32.dll
0x00007fff43230000 - 0x00007fff432ce000 	C:\Windows\System32\msvcrt.dll
0x00007fff43110000 - 0x00007fff431ae000 	C:\Windows\System32\sechost.dll
0x00007fff42bb0000 - 0x00007fff42cd2000 	C:\Windows\System32\RPCRT4.dll
0x00007fff42ce0000 - 0x00007fff42e77000 	C:\Windows\System32\USER32.dll
0x00007fff41a40000 - 0x00007fff41a60000 	C:\Windows\System32\win32u.dll
0x00007fff42ee0000 - 0x00007fff42f09000 	C:\Windows\System32\GDI32.dll
0x00007fff41c90000 - 0x00007fff41e2c000 	C:\Windows\System32\gdi32full.dll
0x00007fff42590000 - 0x00007fff42630000 	C:\Windows\System32\msvcp_win.dll
0x00007fff41680000 - 0x00007fff4177a000 	C:\Windows\System32\ucrtbase.dll
0x00007fff2dcf0000 - 0x00007fff2df69000 	C:\Windows\WinSxS\amd64_microsoft.windows.common-controls_6595b64144ccf1df_6.0.17763.1457_none_de7243e4534a70d1\COMCTL32.dll
0x00007fff42820000 - 0x00007fff42b4d000 	C:\Windows\System32\combase.dll
0x00007fff41550000 - 0x00007fff415ce000 	C:\Windows\System32\bcryptPrimitives.dll
0x00007fff45270000 - 0x00007fff4529e000 	C:\Windows\System32\IMM32.DLL
0x00000000732d0000 - 0x00000000733a2000 	C:\Program Files\Android\Android Studio\jre\jre\bin\msvcr100.dll
0x0000000073490000 - 0x0000000073cdb000 	C:\Program Files\Android\Android Studio\jre\jre\bin\server\jvm.dll
0x00007fff451b0000 - 0x00007fff451b8000 	C:\Windows\System32\PSAPI.DLL
0x00007fff2e5d0000 - 0x00007fff2e5d9000 	C:\Windows\SYSTEM32\WSOCK32.dll
0x00007fff43380000 - 0x00007fff433ed000 	C:\Windows\System32\WS2_32.dll
0x00007fff3f2a0000 - 0x00007fff3f2c4000 	C:\Windows\SYSTEM32\WINMM.dll
0x00007fff3bc20000 - 0x00007fff3bc2a000 	C:\Windows\SYSTEM32\VERSION.dll
0x00007fff3f240000 - 0x00007fff3f26d000 	C:\Windows\SYSTEM32\WINMMBASE.dll
0x00007fff41c40000 - 0x00007fff41c8a000 	C:\Windows\System32\cfgmgr32.dll
0x00007fff38ab0000 - 0x00007fff38abf000 	C:\Program Files\Android\Android Studio\jre\jre\bin\verify.dll
0x00007fff37ed0000 - 0x00007fff37ef9000 	C:\Program Files\Android\Android Studio\jre\jre\bin\java.dll
0x00007fff37eb0000 - 0x00007fff37ec6000 	C:\Program Files\Android\Android Studio\jre\jre\bin\zip.dll
0x00007fff43cb0000 - 0x00007fff451a9000 	C:\Windows\System32\SHELL32.dll
0x00007fff451c0000 - 0x00007fff45269000 	C:\Windows\System32\shcore.dll
0x00007fff41e30000 - 0x00007fff42582000 	C:\Windows\System32\windows.storage.dll
0x00007fff414c0000 - 0x00007fff414e4000 	C:\Windows\System32\profapi.dll
0x00007fff41440000 - 0x00007fff4149d000 	C:\Windows\System32\powrprof.dll
0x00007fff42b50000 - 0x00007fff42ba2000 	C:\Windows\System32\shlwapi.dll
0x00007fff414a0000 - 0x00007fff414b1000 	C:\Windows\System32\kernel.appcore.dll
0x00007fff41780000 - 0x00007fff41797000 	C:\Windows\System32\cryptsp.dll
0x00007fff37e90000 - 0x00007fff37eaa000 	C:\Program Files\Android\Android Studio\jre\jre\bin\net.dll
0x00007fff40c20000 - 0x00007fff40c87000 	C:\Windows\system32\mswsock.dll
0x00007fff37be0000 - 0x00007fff37bf3000 	C:\Program Files\Android\Android Studio\jre\jre\bin\nio.dll
0x00007fff28d00000 - 0x00007fff28d27000 	C:\Users\JFK\.gradle\native\f6784746aeab05261644944871eae4fe03e0ef1612fff0a4a95f87b438bc6780\windows-amd64\native-platform.dll
0x00007fff37bd0000 - 0x00007fff37bdd000 	C:\Program Files\Android\Android Studio\jre\jre\bin\management.dll
0x00007fff407a0000 - 0x00007fff407d3000 	C:\Windows\system32\rsaenh.dll
0x00007fff42630000 - 0x00007fff42656000 	C:\Windows\System32\bcrypt.dll
0x00007fff41310000 - 0x00007fff41338000 	C:\Windows\SYSTEM32\USERENV.dll
0x00007fff40df0000 - 0x00007fff40dfc000 	C:\Windows\SYSTEM32\CRYPTBASE.dll
0x00007fff40940000 - 0x00007fff4097d000 	C:\Windows\SYSTEM32\IPHLPAPI.DLL
0x00007fff43ca0000 - 0x00007fff43ca8000 	C:\Windows\System32\NSI.dll
0x00007fff3ad50000 - 0x00007fff3ad66000 	C:\Windows\SYSTEM32\dhcpcsvc6.DLL
0x00007fff3ae10000 - 0x00007fff3ae2c000 	C:\Windows\SYSTEM32\dhcpcsvc.DLL
0x00007fff40980000 - 0x00007fff40a47000 	C:\Windows\SYSTEM32\DNSAPI.dll
0x00007fff3b1a0000 - 0x00007fff3b1ab000 	C:\Windows\SYSTEM32\WINNSI.DLL
0x00007fff40480000 - 0x00007fff404b1000 	C:\Windows\SYSTEM32\ntmarta.dll
0x00007fff2fee0000 - 0x00007fff2fefe000 	C:\Users\JFK\AppData\Local\Temp\native-platform1800336789378639190dir\native-platform.dll

VM Arguments:
jvm_args: -Xmx2048m -Dfile.encoding=windows-1251 -Duser.country=RU -Duser.language=ru -Duser.variant 
java_command: org.gradle.launcher.daemon.bootstrap.GradleDaemon 6.5.1
java_class_path (initial): C:\Users\JFK\.gradle\wrapper\dists\gradle-6.5.1-all\cdund22i8guosqylfo49op4dv\gradle-6.5.1\lib\gradle-launcher-6.5.1.jar
Launcher Type: SUN_STANDARD

Environment Variables:
PATH=C:\Program Files (x86)\Intel\Intel(R) Management Engine Components\iCLS\;C:\Program Files\Intel\Intel(R) Management Engine Components\iCLS\;C:\Program Files (x86)\Common Files\Oracle\Java\javapath;C:\Windows\system32;C:\Windows;C:\Windows\System32\Wbem;C:\Windows\System32\WindowsPowerShell\v1.0\;C:\Windows\System32\OpenSSH\;C:\Program Files\Git\cmd;C:\Program Files (x86)\Intel\Intel(R) Management Engine Components\DAL;C:\Program Files\Intel\Intel(R) Management Engine Components\DAL;C:\Program Files (x86)\Intel\Intel(R) Management Engine Components\IPT;C:\Program Files\Intel\Intel(R) Management Engine Components\IPT;C:\Users\JFK\AppData\Local\Microsoft\WindowsApps;
USERNAME=JFK
OS=Windows_NT
PROCESSOR_IDENTIFIER=Intel64 Family 6 Model 142 Stepping 10, GenuineIntel



---------------  S Y S T E M  ---------------

OS: Windows 10.0 , 64 bit Build 17763 (10.0.17763.475)

CPU:total 8 (initial active 8) (4 cores per cpu, 2 threads per core) family 6 model 142 stepping 10, cmov, cx8, fxsr, mmx, sse, sse2, sse3, ssse3, sse4.1, sse4.2, popcnt, avx, avx2, aes, clmul, erms, 3dnowpref, lzcnt, ht, tsc, tscinvbit, bmi1, bmi2, adx

Memory: 4k page, physical 8283976k(259916k free), swap 11405128k(4092k free)

vm_info: OpenJDK 64-Bit Server VM (25.242-b01) for windows-amd64 JRE (1.8.0_242-release-1644-b01), built by "builder" with MS VC++ 10.0 (VS2010)

time: Sat Oct 03 12:48:33 2020
timezone: RTZ 2 (зима)
elapsed time: 63 seconds (0d 0h 1m 3s)

