#
# There is insufficient memory for the Java Runtime Environment to continue.
# Native memory allocation (malloc) failed to allocate 1290096 bytes for Chunk::new
# Possible reasons:
#   The system is out of physical RAM or swap space
#   The process is running with CompressedOops enabled, and the Java Heap may be blocking the growth of the native heap
# Possible solutions:
#   Reduce memory load on the system
#   Increase physical memory or swap space
#   Check if swap backing store is full
#   Decrease Java heap size (-Xmx/-Xms)
#   Decrease number of Java threads
#   Decrease Java thread stack sizes (-Xss)
#   Set larger code cache with -XX:ReservedCodeCacheSize=
#   JVM is running with Unscaled Compressed Oops mode in which the Java heap is
#     placed in the first 4GB address space. The Java Heap base address is the
#     maximum limit for the native heap growth. Please use -XX:HeapBaseMinAddress
#     to set the Java Heap base and to place the Java Heap above 4GB virtual address.
# This output file may be truncated or incomplete.
#
#  Out of Memory Error (allocation.cpp:389), pid=6776, tid=0x00000000000029d8
#
# JRE version: OpenJDK Runtime Environment (8.0_242-b01) (build 1.8.0_242-release-1644-b01)
# Java VM: OpenJDK 64-Bit Server VM (25.242-b01 mixed mode windows-amd64 compressed oops)
# Failed to write core dump. Minidumps are not enabled by default on client versions of Windows
#

---------------  T H R E A D  ---------------

Current thread (0x000000001986f000):  JavaThread "C2 CompilerThread1" daemon [_thread_in_native, id=10712, stack(0x000000001a230000,0x000000001a330000)]

Stack: [0x000000001a230000,0x000000001a330000]
[error occurred during error reporting (printing stack bounds), id 0xc0000005]

Native frames: (J=compiled Java code, j=interpreted, Vv=VM code, C=native code)


Current CompileTask:
C2: 874269 23235       4       org.gradle.internal.vfs.impl.DefaultVirtualFileSystem::snapshot (186 bytes)


---------------  P R O C E S S  ---------------

Java Threads: ( => current thread )
  0x000000001bb24000 JavaThread "Cache worker for execution history cache (D:\AndroidStudioProjects\CategoryQuizApp\.gradle\6.5.1\executionHistory)" [_thread_blocked, id=5828, stack(0x0000000054950000,0x0000000054a50000)]
  0x0000000020a60000 JavaThread "Execution worker for ':' Thread 7" [_thread_in_native, id=3520, stack(0x0000000054850000,0x0000000054950000)]
  0x0000000020a65000 JavaThread "Execution worker for ':' Thread 6" [_thread_in_native, id=9280, stack(0x0000000054750000,0x0000000054850000)]
  0x0000000020a66800 JavaThread "Execution worker for ':' Thread 5" [_thread_in_native, id=9172, stack(0x0000000054650000,0x0000000054750000)]
  0x0000000020a63800 JavaThread "Execution worker for ':' Thread 4" [_thread_in_native, id=13076, stack(0x0000000054550000,0x0000000054650000)]
  0x0000000020a64800 JavaThread "Execution worker for ':' Thread 3" [_thread_in_Java, id=10668, stack(0x0000000054450000,0x0000000054550000)]
  0x0000000020a66000 JavaThread "Execution worker for ':' Thread 2" [_thread_in_Java, id=4080, stack(0x0000000054350000,0x0000000054450000)]
  0x0000000020a63000 JavaThread "Execution worker for ':'" [_thread_in_native, id=6568, stack(0x0000000054250000,0x0000000054350000)]
  0x0000000020a61800 JavaThread "Cache worker for file content cache (D:\AndroidStudioProjects\CategoryQuizApp\.gradle\6.5.1\fileContent)" [_thread_blocked, id=5092, stack(0x0000000054150000,0x0000000054250000)]
  0x0000000020a60800 JavaThread "Cache worker for Build Output Cleanup Cache (D:\AndroidStudioProjects\CategoryQuizApp\.gradle\buildOutputCleanup)" [_thread_blocked, id=12204, stack(0x0000000054050000,0x0000000054150000)]
  0x0000000020a57800 JavaThread "jar transforms Thread 436" [_thread_blocked, id=9012, stack(0x0000000053f50000,0x0000000054050000)]
  0x0000000020a5b000 JavaThread "jar transforms Thread 435" [_thread_blocked, id=6212, stack(0x0000000053e50000,0x0000000053f50000)]
  0x0000000020a5e800 JavaThread "jar transforms Thread 434" [_thread_blocked, id=8164, stack(0x0000000053d50000,0x0000000053e50000)]
  0x0000000020a5d800 JavaThread "jar transforms Thread 433" [_thread_blocked, id=12896, stack(0x0000000053c50000,0x0000000053d50000)]
  0x000000001b31c000 JavaThread "jar transforms Thread 432" [_thread_blocked, id=11628, stack(0x0000000053b50000,0x0000000053c50000)]
  0x000000001b31a800 JavaThread "jar transforms Thread 431" [_thread_blocked, id=3768, stack(0x0000000053a50000,0x0000000053b50000)]
  0x000000001b31a000 JavaThread "jar transforms Thread 430" [_thread_blocked, id=5344, stack(0x0000000053950000,0x0000000053a50000)]
  0x000000001b318800 JavaThread "jar transforms Thread 429" [_thread_blocked, id=12360, stack(0x0000000053850000,0x0000000053950000)]
  0x000000001b316000 JavaThread "jar transforms Thread 428" [_thread_blocked, id=10524, stack(0x0000000053750000,0x0000000053850000)]
  0x000000001b317800 JavaThread "jar transforms Thread 427" [_thread_blocked, id=8380, stack(0x0000000053650000,0x0000000053750000)]
  0x000000001b315800 JavaThread "jar transforms Thread 426" [_thread_blocked, id=13000, stack(0x0000000053550000,0x0000000053650000)]
  0x000000001b30e000 JavaThread "jar transforms Thread 425" [_thread_blocked, id=12012, stack(0x0000000053450000,0x0000000053550000)]
  0x000000001b314000 JavaThread "jar transforms Thread 424" [_thread_blocked, id=10516, stack(0x0000000053350000,0x0000000053450000)]
  0x000000001b30e800 JavaThread "jar transforms Thread 423" [_thread_blocked, id=7036, stack(0x0000000053250000,0x0000000053350000)]
  0x000000001b311000 JavaThread "jar transforms Thread 422" [_thread_blocked, id=11324, stack(0x0000000053150000,0x0000000053250000)]
  0x000000001b313000 JavaThread "jar transforms Thread 421" [_thread_blocked, id=8460, stack(0x0000000053050000,0x0000000053150000)]
  0x000000001b314800 JavaThread "jar transforms Thread 420" [_thread_blocked, id=8492, stack(0x0000000052f50000,0x0000000053050000)]
  0x000000001f7ce000 JavaThread "jar transforms Thread 419" [_thread_blocked, id=10884, stack(0x0000000052e50000,0x0000000052f50000)]
  0x000000001f7cc800 JavaThread "jar transforms Thread 418" [_thread_blocked, id=8320, stack(0x0000000052d50000,0x0000000052e50000)]
  0x000000001f7cc000 JavaThread "jar transforms Thread 417" [_thread_blocked, id=8364, stack(0x0000000052c50000,0x0000000052d50000)]
  0x000000001f7cb000 JavaThread "jar transforms Thread 416" [_thread_blocked, id=12544, stack(0x0000000052b50000,0x0000000052c50000)]
  0x000000001f7ca800 JavaThread "jar transforms Thread 415" [_thread_blocked, id=6220, stack(0x0000000052a50000,0x0000000052b50000)]
  0x000000001f7d1000 JavaThread "jar transforms Thread 414" [_thread_blocked, id=2144, stack(0x0000000052950000,0x0000000052a50000)]
  0x000000001f7cd800 JavaThread "jar transforms Thread 413" [_thread_blocked, id=11412, stack(0x0000000052850000,0x0000000052950000)]
  0x000000001f7cf800 JavaThread "jar transforms Thread 412" [_thread_blocked, id=1528, stack(0x0000000052750000,0x0000000052850000)]
  0x000000001f7cf000 JavaThread "jar transforms Thread 411" [_thread_blocked, id=11624, stack(0x0000000052650000,0x0000000052750000)]
  0x000000001f7d0800 JavaThread "jar transforms Thread 410" [_thread_blocked, id=8208, stack(0x0000000052550000,0x0000000052650000)]
  0x000000001f7c2000 JavaThread "jar transforms Thread 409" [_thread_blocked, id=5560, stack(0x0000000052450000,0x0000000052550000)]
  0x000000001f7c5000 JavaThread "jar transforms Thread 408" [_thread_blocked, id=928, stack(0x0000000052350000,0x0000000052450000)]
  0x000000001f7c9000 JavaThread "jar transforms Thread 407" [_thread_blocked, id=1668, stack(0x0000000052250000,0x0000000052350000)]
  0x000000001f7c7800 JavaThread "jar transforms Thread 406" [_thread_blocked, id=10436, stack(0x0000000052150000,0x0000000052250000)]
  0x000000001f7c3800 JavaThread "jar transforms Thread 405" [_thread_blocked, id=10068, stack(0x0000000052050000,0x0000000052150000)]
  0x000000001f7c3000 JavaThread "jar transforms Thread 404" [_thread_blocked, id=9408, stack(0x0000000051f50000,0x0000000052050000)]
  0x000000002dd67000 JavaThread "jar transforms Thread 403" [_thread_blocked, id=12800, stack(0x0000000051e50000,0x0000000051f50000)]
  0x000000002dd65800 JavaThread "jar transforms Thread 402" [_thread_blocked, id=11692, stack(0x0000000051d50000,0x0000000051e50000)]
  0x000000002dd64800 JavaThread "jar transforms Thread 401" [_thread_blocked, id=11956, stack(0x0000000051c50000,0x0000000051d50000)]
  0x000000002dd6a000 JavaThread "jar transforms Thread 400" [_thread_blocked, id=9336, stack(0x0000000051b50000,0x0000000051c50000)]
  0x000000002dd68800 JavaThread "jar transforms Thread 399" [_thread_blocked, id=912, stack(0x0000000051a50000,0x0000000051b50000)]
  0x000000002dd66000 JavaThread "jar transforms Thread 398" [_thread_blocked, id=2812, stack(0x0000000051950000,0x0000000051a50000)]
  0x000000002dd5d000 JavaThread "jar transforms Thread 397" [_thread_blocked, id=10776, stack(0x0000000051850000,0x0000000051950000)]
  0x000000002dd5f800 JavaThread "jar transforms Thread 396" [_thread_blocked, id=5784, stack(0x0000000051750000,0x0000000051850000)]
  0x000000002dd5d800 JavaThread "jar transforms Thread 395" [_thread_blocked, id=840, stack(0x0000000051650000,0x0000000051750000)]
  0x000000002dd61000 JavaThread "jar transforms Thread 394" [_thread_blocked, id=10792, stack(0x0000000051550000,0x0000000051650000)]
  0x000000002dd64000 JavaThread "jar transforms Thread 393" [_thread_blocked, id=6872, stack(0x0000000051450000,0x0000000051550000)]
  0x000000002dd5c000 JavaThread "jar transforms Thread 392" [_thread_blocked, id=12828, stack(0x0000000051350000,0x0000000051450000)]
  0x000000002dd63000 JavaThread "jar transforms Thread 391" [_thread_blocked, id=12452, stack(0x0000000051250000,0x0000000051350000)]
  0x000000002dd62800 JavaThread "jar transforms Thread 390" [_thread_blocked, id=10412, stack(0x0000000051150000,0x0000000051250000)]
  0x000000002dd61800 JavaThread "jar transforms Thread 389" [_thread_blocked, id=10052, stack(0x0000000051050000,0x0000000051150000)]
  0x000000002dd5e800 JavaThread "jar transforms Thread 388" [_thread_blocked, id=7960, stack(0x0000000050f50000,0x0000000051050000)]
  0x000000002e10c800 JavaThread "jar transforms Thread 387" [_thread_blocked, id=12312, stack(0x0000000050e50000,0x0000000050f50000)]
  0x000000002e10c000 JavaThread "jar transforms Thread 386" [_thread_blocked, id=3708, stack(0x0000000050d50000,0x0000000050e50000)]
  0x000000002e108000 JavaThread "jar transforms Thread 385" [_thread_blocked, id=10360, stack(0x0000000050c50000,0x0000000050d50000)]
  0x000000002e106800 JavaThread "jar transforms Thread 384" [_thread_blocked, id=10692, stack(0x0000000050b50000,0x0000000050c50000)]
  0x000000002e10b000 JavaThread "jar transforms Thread 383" [_thread_blocked, id=10660, stack(0x0000000050a50000,0x0000000050b50000)]
  0x000000002e104800 JavaThread "jar transforms Thread 382" [_thread_blocked, id=244, stack(0x0000000050950000,0x0000000050a50000)]
  0x000000002e109000 JavaThread "jar transforms Thread 381" [_thread_blocked, id=5240, stack(0x0000000050850000,0x0000000050950000)]
  0x000000002e109800 JavaThread "jar transforms Thread 380" [_thread_blocked, id=5836, stack(0x0000000050750000,0x0000000050850000)]
  0x000000002e10a800 JavaThread "jar transforms Thread 379" [_thread_blocked, id=4676, stack(0x0000000050650000,0x0000000050750000)]
  0x000000002e106000 JavaThread "jar transforms Thread 378" [_thread_blocked, id=12528, stack(0x0000000050550000,0x0000000050650000)]
  0x000000002e0fe800 JavaThread "jar transforms Thread 377" [_thread_blocked, id=11876, stack(0x0000000050450000,0x0000000050550000)]
  0x000000002e103000 JavaThread "jar transforms Thread 376" [_thread_blocked, id=6400, stack(0x0000000050350000,0x0000000050450000)]
  0x000000002e102000 JavaThread "jar transforms Thread 375" [_thread_blocked, id=11944, stack(0x0000000050250000,0x0000000050350000)]
  0x000000002e103800 JavaThread "jar transforms Thread 374" [_thread_blocked, id=12504, stack(0x0000000050150000,0x0000000050250000)]
  0x000000002e100000 JavaThread "jar transforms Thread 373" [_thread_blocked, id=5916, stack(0x0000000050050000,0x0000000050150000)]
  0x000000002e0ff000 JavaThread "jar transforms Thread 372" [_thread_blocked, id=4264, stack(0x000000004ff50000,0x0000000050050000)]
  0x000000002e101800 JavaThread "jar transforms Thread 371" [_thread_blocked, id=1456, stack(0x000000004fe50000,0x000000004ff50000)]
  0x000000002e105000 JavaThread "jar transforms Thread 370" [_thread_blocked, id=11384, stack(0x000000004fd50000,0x000000004fe50000)]
  0x0000000020a7d800 JavaThread "jar transforms Thread 369" [_thread_blocked, id=1220, stack(0x000000004fc50000,0x000000004fd50000)]
  0x0000000020a7f000 JavaThread "jar transforms Thread 368" [_thread_blocked, id=2492, stack(0x000000004fb50000,0x000000004fc50000)]
  0x0000000020a7e000 JavaThread "jar transforms Thread 367" [_thread_blocked, id=4944, stack(0x000000004fa50000,0x000000004fb50000)]
  0x0000000020a7c800 JavaThread "jar transforms Thread 366" [_thread_blocked, id=7688, stack(0x000000004f950000,0x000000004fa50000)]
  0x0000000020a7b000 JavaThread "jar transforms Thread 365" [_thread_blocked, id=7116, stack(0x000000004f850000,0x000000004f950000)]
  0x0000000020a7a800 JavaThread "jar transforms Thread 364" [_thread_blocked, id=13040, stack(0x000000004f750000,0x000000004f850000)]
  0x0000000020a78000 JavaThread "jar transforms Thread 363" [_thread_blocked, id=9888, stack(0x000000004f650000,0x000000004f750000)]
  0x0000000020a79800 JavaThread "jar transforms Thread 362" [_thread_blocked, id=7832, stack(0x000000004f550000,0x000000004f650000)]
  0x0000000020a7c000 JavaThread "jar transforms Thread 361" [_thread_blocked, id=13184, stack(0x000000004f450000,0x000000004f550000)]
  0x0000000020a73000 JavaThread "jar transforms Thread 360" [_thread_blocked, id=9884, stack(0x000000004f350000,0x000000004f450000)]
  0x0000000020a74800 JavaThread "jar transforms Thread 359" [_thread_blocked, id=1860, stack(0x000000004f250000,0x000000004f350000)]
  0x0000000020a79000 JavaThread "jar transforms Thread 358" [_thread_blocked, id=3944, stack(0x000000004f150000,0x000000004f250000)]
  0x0000000020a73800 JavaThread "jar transforms Thread 357" [_thread_blocked, id=5984, stack(0x000000004f050000,0x000000004f150000)]
  0x0000000020a77800 JavaThread "jar transforms Thread 356" [_thread_blocked, id=9620, stack(0x000000004ef50000,0x000000004f050000)]
  0x0000000020a76800 JavaThread "jar transforms Thread 355" [_thread_blocked, id=11604, stack(0x000000004ee50000,0x000000004ef50000)]
  0x0000000020a70000 JavaThread "jar transforms Thread 354" [_thread_blocked, id=9164, stack(0x000000004ed50000,0x000000004ee50000)]
  0x0000000020a71800 JavaThread "jar transforms Thread 353" [_thread_blocked, id=2420, stack(0x000000004ec50000,0x000000004ed50000)]
  0x0000000020a76000 JavaThread "jar transforms Thread 352" [_thread_blocked, id=12120, stack(0x000000004eb50000,0x000000004ec50000)]
  0x0000000020a70800 JavaThread "jar transforms Thread 351" [_thread_blocked, id=868, stack(0x000000004ea50000,0x000000004eb50000)]
  0x0000000025b42800 JavaThread "jar transforms Thread 350" [_thread_blocked, id=7376, stack(0x000000004e950000,0x000000004ea50000)]
  0x0000000025b42000 JavaThread "jar transforms Thread 349" [_thread_blocked, id=8896, stack(0x000000004e850000,0x000000004e950000)]
  0x0000000025b41000 JavaThread "jar transforms Thread 348" [_thread_blocked, id=11796, stack(0x000000004e750000,0x000000004e850000)]
  0x0000000025b3f800 JavaThread "jar transforms Thread 347" [_thread_blocked, id=3984, stack(0x000000004e650000,0x000000004e750000)]
  0x0000000025b40800 JavaThread "jar transforms Thread 346" [_thread_blocked, id=2156, stack(0x000000004e550000,0x000000004e650000)]
  0x0000000025b3f000 JavaThread "jar transforms Thread 345" [_thread_blocked, id=5300, stack(0x000000004e450000,0x000000004e550000)]
  0x0000000025b3e000 JavaThread "jar transforms Thread 344" [_thread_blocked, id=7120, stack(0x000000004e350000,0x000000004e450000)]
  0x0000000025b3b000 JavaThread "jar transforms Thread 343" [_thread_blocked, id=11504, stack(0x000000004e250000,0x000000004e350000)]
  0x0000000025b3d800 JavaThread "jar transforms Thread 342" [_thread_blocked, id=10012, stack(0x000000004e150000,0x000000004e250000)]
  0x0000000025b3c800 JavaThread "jar transforms Thread 341" [_thread_blocked, id=10728, stack(0x000000004e050000,0x000000004e150000)]
  0x0000000025b3c000 JavaThread "jar transforms Thread 340" [_thread_blocked, id=13128, stack(0x000000004df50000,0x000000004e050000)]
  0x0000000025b36000 JavaThread "jar transforms Thread 339" [_thread_blocked, id=6548, stack(0x000000004de50000,0x000000004df50000)]
  0x0000000025b33800 JavaThread "jar transforms Thread 338" [_thread_blocked, id=4588, stack(0x000000004dd50000,0x000000004de50000)]
  0x0000000025b3a800 JavaThread "jar transforms Thread 337" [_thread_blocked, id=9784, stack(0x000000004dc50000,0x000000004dd50000)]
  0x0000000025b37800 JavaThread "jar transforms Thread 336" [_thread_blocked, id=6516, stack(0x000000004db50000,0x000000004dc50000)]
  0x0000000025b39000 JavaThread "jar transforms Thread 335" [_thread_blocked, id=12284, stack(0x000000004da50000,0x000000004db50000)]
  0x0000000025b36800 JavaThread "jar transforms Thread 334" [_thread_blocked, id=5132, stack(0x000000004d950000,0x000000004da50000)]
  0x0000000025b38000 JavaThread "jar transforms Thread 333" [_thread_blocked, id=8388, stack(0x000000004d850000,0x000000004d950000)]
  0x0000000025b39800 JavaThread "jar transforms Thread 332" [_thread_blocked, id=3016, stack(0x000000004d750000,0x000000004d850000)]
  0x0000000025b2e800 JavaThread "jar transforms Thread 331" [_thread_blocked, id=12656, stack(0x000000004d650000,0x000000004d750000)]
  0x0000000025b33000 JavaThread "jar transforms Thread 330" [_thread_blocked, id=2996, stack(0x000000004d550000,0x000000004d650000)]
  0x0000000025b34800 JavaThread "jar transforms Thread 329" [_thread_blocked, id=9648, stack(0x000000004d450000,0x000000004d550000)]
  0x0000000025b32000 JavaThread "jar transforms Thread 328" [_thread_blocked, id=12352, stack(0x000000004d350000,0x000000004d450000)]
  0x0000000025b35000 JavaThread "Build operations Thread 8" [_thread_blocked, id=5020, stack(0x000000004d250000,0x000000004d350000)]
  0x0000000025b30800 JavaThread "Build operations Thread 7" [_thread_blocked, id=11660, stack(0x000000004d150000,0x000000004d250000)]
  0x0000000025b30000 JavaThread "Build operations Thread 6" [_thread_blocked, id=11084, stack(0x000000004d050000,0x000000004d150000)]
  0x0000000025b2f000 JavaThread "Build operations Thread 5" [_thread_blocked, id=8216, stack(0x000000004cf50000,0x000000004d050000)]
  0x0000000025b27000 JavaThread "Build operations Thread 4" [_thread_blocked, id=10276, stack(0x000000004ce50000,0x000000004cf50000)]
  0x0000000025b2d800 JavaThread "Build operations Thread 3" [_thread_blocked, id=8104, stack(0x000000004cd50000,0x000000004ce50000)]
  0x0000000025b26000 JavaThread "Build operations Thread 2" [_thread_blocked, id=5908, stack(0x000000004cc50000,0x000000004cd50000)]
  0x0000000025b2c000 JavaThread "Build operations" [_thread_blocked, id=7304, stack(0x000000004cb50000,0x000000004cc50000)]
  0x0000000025b2d000 JavaThread "Cache worker for cache directory md-rule (C:\Users\JFK\.gradle\caches\6.5.1\md-rule)" [_thread_blocked, id=10444, stack(0x000000004ca50000,0x000000004cb50000)]
  0x0000000025b27800 JavaThread "Cache worker for cache directory md-supplier (C:\Users\JFK\.gradle\caches\6.5.1\md-supplier)" [_thread_blocked, id=2028, stack(0x000000004c950000,0x000000004ca50000)]
  0x0000000025b29000 JavaThread "Cache worker for checksums cache (D:\AndroidStudioProjects\CategoryQuizApp\.gradle\checksums)" [_thread_blocked, id=10116, stack(0x000000004c850000,0x000000004c950000)]
  0x0000000025b2a000 JavaThread "Cache worker for file hash cache (D:\AndroidStudioProjects\CategoryQuizApp\.gradle\6.5.1\fileHashes)" [_thread_blocked, id=13164, stack(0x000000004c750000,0x000000004c850000)]
  0x0000000025b25800 JavaThread "Thread-455" [_thread_blocked, id=2504, stack(0x000000004c650000,0x000000004c750000)]
  0x0000000025b28800 JavaThread "Stdin handler" [_thread_blocked, id=11056, stack(0x000000004c550000,0x000000004c650000)]
  0x0000000025b2b800 JavaThread "Asynchronous log dispatcher for DefaultDaemonConnection: socket connection from /127.0.0.1:9341 to /127.0.0.1:9926" [_thread_blocked, id=10796, stack(0x000000004c450000,0x000000004c550000)]
  0x0000000025b24800 JavaThread "Cancel handler" [_thread_blocked, id=10748, stack(0x000000004c350000,0x000000004c450000)]
  0x0000000025b24000 JavaThread "Handler for socket connection from /127.0.0.1:9341 to /127.0.0.1:9926" [_thread_in_native, id=224, stack(0x000000004c250000,0x000000004c350000)]
  0x0000000025b2a800 JavaThread "ForkJoinPool.commonPool-worker-2" daemon [_thread_blocked, id=4020, stack(0x000000004b250000,0x000000004b350000)]
  0x000000002dd67800 JavaThread "RMI TCP Connection(idle)" daemon [_thread_blocked, id=760, stack(0x000000004ab50000,0x000000004ac50000)]
  0x000000002dd69000 JavaThread "RMI TCP Connection(idle)" daemon [_thread_blocked, id=12240, stack(0x000000004a950000,0x000000004aa50000)]
  0x000000001b30f800 JavaThread "Daemon worker Thread 3" [_thread_in_native, id=10784, stack(0x0000000042150000,0x0000000042250000)]
  0x000000001b312800 JavaThread "Daemon Thread 3" [_thread_blocked, id=4664, stack(0x0000000041e50000,0x0000000041f50000)]
  0x0000000020a58000 JavaThread "RMI Reaper" [_thread_blocked, id=13276, stack(0x000000003d8b0000,0x000000003d9b0000)]
  0x0000000020a59800 JavaThread "RMI TCP Accept-0" daemon [_thread_in_native, id=11360, stack(0x000000003d7b0000,0x000000003d8b0000)]
  0x000000002e10d800 JavaThread "GC Daemon" daemon [_thread_blocked, id=1924, stack(0x000000003d6b0000,0x000000003d7b0000)]
  0x000000002e107800 JavaThread "RMI Scheduler(0)" daemon [_thread_blocked, id=5768, stack(0x000000003d4b0000,0x000000003d5b0000)]
  0x000000001b310000 JavaThread "Memory manager" [_thread_blocked, id=12780, stack(0x000000002c090000,0x000000002c190000)]
  0x000000001aa41800 JavaThread "Cache worker for file content cache (C:\Users\JFK\.gradle\caches\6.5.1\fileContent)" [_thread_blocked, id=13044, stack(0x0000000022b30000,0x0000000022c30000)]
  0x000000001aa40800 JavaThread "Cache worker for execution history cache (C:\Users\JFK\.gradle\caches\6.5.1\executionHistory)" [_thread_blocked, id=10184, stack(0x0000000022330000,0x0000000022430000)]
  0x000000001aa3e800 JavaThread "Cache worker for file hash cache (C:\Users\JFK\.gradle\caches\6.5.1\fileHashes)" [_thread_blocked, id=2992, stack(0x000000001f830000,0x000000001f930000)]
  0x000000001aa3d800 JavaThread "File lock request listener" [_thread_in_native, id=10164, stack(0x000000001e760000,0x000000001e860000)]
  0x000000001acf3800 JavaThread "Cache worker for journal cache (C:\Users\JFK\.gradle\caches\journal-1)" [_thread_blocked, id=4180, stack(0x000000001e660000,0x000000001e760000)]
  0x000000001c4b8800 JavaThread "Daemon periodic checks" [_thread_blocked, id=9436, stack(0x000000001d960000,0x000000001da60000)]
  0x000000001c3da000 JavaThread "Incoming local TCP Connector on port 9341" [_thread_in_native, id=7640, stack(0x000000001d710000,0x000000001d810000)]
  0x000000001c342000 JavaThread "Daemon health stats" [_thread_blocked, id=12760, stack(0x000000001d0d0000,0x000000001d1d0000)]
  0x0000000019906800 JavaThread "Service Thread" daemon [_thread_blocked, id=11032, stack(0x000000001a530000,0x000000001a630000)]
  0x0000000019891000 JavaThread "C1 CompilerThread3" daemon [_thread_blocked, id=2732, stack(0x000000001a430000,0x000000001a530000)]
  0x0000000017a7e800 JavaThread "C2 CompilerThread2" daemon [_thread_in_native, id=3840, stack(0x000000001a330000,0x000000001a430000)]
=>0x000000001986f000 JavaThread "C2 CompilerThread1" daemon [_thread_in_native, id=10712, stack(0x000000001a230000,0x000000001a330000)]
  0x0000000019864800 JavaThread "C2 CompilerThread0" daemon [_thread_in_native, id=4444, stack(0x000000001a130000,0x000000001a230000)]
  0x0000000019863800 JavaThread "Attach Listener" daemon [_thread_blocked, id=2000, stack(0x000000001a030000,0x000000001a130000)]
  0x0000000019866000 JavaThread "Signal Dispatcher" daemon [_thread_blocked, id=9352, stack(0x0000000019f30000,0x000000001a030000)]
  0x00000000029fc800 JavaThread "Finalizer" daemon [_thread_blocked, id=9944, stack(0x0000000019d30000,0x0000000019e30000)]
  0x0000000019850800 JavaThread "Reference Handler" daemon [_thread_blocked, id=2220, stack(0x0000000019c30000,0x0000000019d30000)]
  0x00000000028fd800 JavaThread "main" [_thread_blocked, id=9636, stack(0x00000000027e0000,0x00000000028e0000)]

Other Threads:
  0x0000000017a68000 VMThread [stack: 0x0000000019730000,0x0000000019830000] [id=12568]
  0x00000000198da800 WatcherThread [stack: 0x000000001a630000,0x000000001a730000] [id=8888]

VM state:not at safepoint (normal execution)

VM Mutex/Monitor currently owned by a thread: None

heap address: 0x0000000080000000, size: 2048 MB, Compressed Oops mode: 32-bit
Narrow klass base: 0x0000000000000000, Narrow klass shift: 3
Compressed class space size: 1073741824 Address: 0x0000000100000000

Heap:
 PSYoungGen      total 623104K, used 513180K [0x00000000d5580000, 0x0000000100000000, 0x0000000100000000)
  eden space 559616K, 81% used [0x00000000d5580000,0x00000000f1333140,0x00000000f7800000)
  from space 63488K, 89% used [0x00000000fbd00000,0x00000000ff474270,0x00000000ffb00000)
  to   space 69632K, 0% used [0x00000000f7800000,0x00000000f7800000,0x00000000fbc00000)
 ParOldGen       total 348672K, used 229161K [0x0000000080000000, 0x0000000095480000, 0x00000000d5580000)
  object space 348672K, 65% used [0x0000000080000000,0x000000008dfca568,0x0000000095480000)
 Metaspace       used 97624K, capacity 103288K, committed 103704K, reserved 1138688K
  class space    used 12675K, capacity 13739K, committed 13872K, reserved 1048576K

Card table byte_map: [0x0000000011dc0000,0x00000000121d0000] byte_map_base: 0x00000000119c0000

Marking Bits: (ParMarkBitMap*) 0x0000000073c4f030
 Begin Bits: [0x0000000012c80000, 0x0000000014c80000)
 End Bits:   [0x0000000014c80000, 0x0000000016c80000)

Polling page: 0x0000000000a60000

CodeCache: size=245760Kb used=65343Kb max_used=65581Kb free=180416Kb
 bounds [0x0000000002a00000, 0x0000000006a70000, 0x0000000011a00000]
 total_blobs=19165 nmethods=18249 adapters=824
 compilation: enabled

Compilation events (10 events):
Event: 874.223 Thread 0x0000000019891000 23356       3       org.gradle.internal.fingerprint.FingerprintHashingStrategy::appendCollectionToHasherKeepingOrder (39 bytes)
Event: 874.224 Thread 0x0000000019891000 nmethod 23356 0x0000000004319610 code [0x00000000043197c0, 0x0000000004319dd8]
Event: 874.227 Thread 0x0000000019891000 23357       3       org.gradle.internal.fingerprint.impl.DefaultCurrentFileCollectionFingerprint::getHash (43 bytes)
Event: 874.228 Thread 0x0000000019891000 nmethod 23357 0x000000000441db10 code [0x000000000441dd20, 0x000000000441e7b8]
Event: 874.231 Thread 0x0000000019891000 23359       3       com.google.common.collect.Collections2$FilteredCollection::toArray (12 bytes)
Event: 874.232 Thread 0x0000000019891000 nmethod 23359 0x00000000050d34d0 code [0x00000000050d3700, 0x00000000050d42e8]
Event: 874.236 Thread 0x0000000019891000 23358       3       com.google.common.collect.ImmutableMap::values (5 bytes)
Event: 874.237 Thread 0x0000000019891000 nmethod 23358 0x0000000004a737d0 code [0x0000000004a73940, 0x0000000004a73b48]
Event: 874.266 Thread 0x0000000019864800 nmethod 23341 0x0000000004b55e90 code [0x0000000004b561e0, 0x0000000004b58010]
Event: 874.268 Thread 0x0000000019864800 23345       4       org.gradle.api.internal.artifacts.transform.DefaultTransformerInvocationFactory$ImmutableTransformationWorkspaceIdentity::equals (89 bytes)

GC Heap History (10 events):
Event: 371.919 GC heap before
{Heap before GC invocations=52 (full 6):
 PSYoungGen      total 628224K, used 601259K [0x00000000d5580000, 0x0000000100000000, 0x0000000100000000)
  eden space 557568K, 100% used [0x00000000d5580000,0x00000000f7600000,0x00000000f7600000)
  from space 70656K, 61% used [0x00000000f7600000,0x00000000fa0aac88,0x00000000fbb00000)
  to   space 70656K, 0% used [0x00000000fbb00000,0x00000000fbb00000,0x0000000100000000)
 ParOldGen       total 348672K, used 212185K [0x0000000080000000, 0x0000000095480000, 0x00000000d5580000)
  object space 348672K, 60% used [0x0000000080000000,0x000000008cf367d0,0x0000000095480000)
 Metaspace       used 93530K, capacity 98406K, committed 99224K, reserved 1134592K
  class space    used 12154K, capacity 13086K, committed 13488K, reserved 1048576K
Event: 371.986 GC heap after
Heap after GC invocations=52 (full 6):
 PSYoungGen      total 626176K, used 40764K [0x00000000d5580000, 0x00000000ffe00000, 0x0000000100000000)
  eden space 557568K, 0% used [0x00000000d5580000,0x00000000d5580000,0x00000000f7600000)
  from space 68608K, 59% used [0x00000000fbb00000,0x00000000fe2cf350,0x00000000ffe00000)
  to   space 69632K, 0% used [0x00000000f7600000,0x00000000f7600000,0x00000000fba00000)
 ParOldGen       total 348672K, used 223623K [0x0000000080000000, 0x0000000095480000, 0x00000000d5580000)
  object space 348672K, 64% used [0x0000000080000000,0x000000008da61e88,0x0000000095480000)
 Metaspace       used 93530K, capacity 98406K, committed 99224K, reserved 1134592K
  class space    used 12154K, capacity 13086K, committed 13488K, reserved 1048576K
}
Event: 374.609 GC heap before
{Heap before GC invocations=53 (full 6):
 PSYoungGen      total 626176K, used 598332K [0x00000000d5580000, 0x00000000ffe00000, 0x0000000100000000)
  eden space 557568K, 100% used [0x00000000d5580000,0x00000000f7600000,0x00000000f7600000)
  from space 68608K, 59% used [0x00000000fbb00000,0x00000000fe2cf350,0x00000000ffe00000)
  to   space 69632K, 0% used [0x00000000f7600000,0x00000000f7600000,0x00000000fba00000)
 ParOldGen       total 348672K, used 223623K [0x0000000080000000, 0x0000000095480000, 0x00000000d5580000)
  object space 348672K, 64% used [0x0000000080000000,0x000000008da61e88,0x0000000095480000)
 Metaspace       used 93623K, capacity 98492K, committed 99480K, reserved 1134592K
  class space    used 12155K, capacity 13089K, committed 13488K, reserved 1048576K
Event: 374.712 GC heap after
Heap after GC invocations=53 (full 6):
 PSYoungGen      total 591360K, used 33577K [0x00000000d5580000, 0x00000000ffa00000, 0x0000000100000000)
  eden space 557568K, 0% used [0x00000000d5580000,0x00000000d5580000,0x00000000f7600000)
  from space 33792K, 99% used [0x00000000f7600000,0x00000000f96ca428,0x00000000f9700000)
  to   space 66048K, 0% used [0x00000000fb980000,0x00000000fb980000,0x00000000ffa00000)
 ParOldGen       total 348672K, used 229145K [0x0000000080000000, 0x0000000095480000, 0x00000000d5580000)
  object space 348672K, 65% used [0x0000000080000000,0x000000008dfc6568,0x0000000095480000)
 Metaspace       used 93623K, capacity 98492K, committed 99480K, reserved 1134592K
  class space    used 12155K, capacity 13089K, committed 13488K, reserved 1048576K
}
Event: 377.368 GC heap before
{Heap before GC invocations=54 (full 6):
 PSYoungGen      total 591360K, used 591145K [0x00000000d5580000, 0x00000000ffa00000, 0x0000000100000000)
  eden space 557568K, 100% used [0x00000000d5580000,0x00000000f7600000,0x00000000f7600000)
  from space 33792K, 99% used [0x00000000f7600000,0x00000000f96ca428,0x00000000f9700000)
  to   space 66048K, 0% used [0x00000000fb980000,0x00000000fb980000,0x00000000ffa00000)
 ParOldGen       total 348672K, used 229145K [0x0000000080000000, 0x0000000095480000, 0x00000000d5580000)
  object space 348672K, 65% used [0x0000000080000000,0x000000008dfc6568,0x0000000095480000)
 Metaspace       used 93641K, capacity 98492K, committed 99480K, reserved 1134592K
  class space    used 12155K, capacity 13089K, committed 13488K, reserved 1048576K
Event: 377.396 GC heap after
Heap after GC invocations=54 (full 6):
 PSYoungGen      total 626688K, used 16176K [0x00000000d5580000, 0x0000000100000000, 0x0000000100000000)
  eden space 560640K, 0% used [0x00000000d5580000,0x00000000d5580000,0x00000000f7900000)
  from space 66048K, 24% used [0x00000000fb980000,0x00000000fc94c140,0x00000000ffa00000)
  to   space 66048K, 0% used [0x00000000f7900000,0x00000000f7900000,0x00000000fb980000)
 ParOldGen       total 348672K, used 229145K [0x0000000080000000, 0x0000000095480000, 0x00000000d5580000)
  object space 348672K, 65% used [0x0000000080000000,0x000000008dfc6568,0x0000000095480000)
 Metaspace       used 93641K, capacity 98492K, committed 99480K, reserved 1134592K
  class space    used 12155K, capacity 13089K, committed 13488K, reserved 1048576K
}
Event: 381.207 GC heap before
{Heap before GC invocations=55 (full 6):
 PSYoungGen      total 626688K, used 576816K [0x00000000d5580000, 0x0000000100000000, 0x0000000100000000)
  eden space 560640K, 100% used [0x00000000d5580000,0x00000000f7900000,0x00000000f7900000)
  from space 66048K, 24% used [0x00000000fb980000,0x00000000fc94c140,0x00000000ffa00000)
  to   space 66048K, 0% used [0x00000000f7900000,0x00000000f7900000,0x00000000fb980000)
 ParOldGen       total 348672K, used 229145K [0x0000000080000000, 0x0000000095480000, 0x00000000d5580000)
  object space 348672K, 65% used [0x0000000080000000,0x000000008dfc6568,0x0000000095480000)
 Metaspace       used 96134K, capacity 101234K, committed 101912K, reserved 1136640K
  class space    used 12559K, capacity 13554K, committed 13872K, reserved 1048576K
Event: 381.243 GC heap after
Heap after GC invocations=55 (full 6):
 PSYoungGen      total 626688K, used 29394K [0x00000000d5580000, 0x00000000ffb00000, 0x0000000100000000)
  eden space 560640K, 0% used [0x00000000d5580000,0x00000000d5580000,0x00000000f7900000)
  from space 66048K, 44% used [0x00000000f7900000,0x00000000f95b49b0,0x00000000fb980000)
  to   space 63488K, 0% used [0x00000000fbd00000,0x00000000fbd00000,0x00000000ffb00000)
 ParOldGen       total 348672K, used 229153K [0x0000000080000000, 0x0000000095480000, 0x00000000d5580000)
  object space 348672K, 65% used [0x0000000080000000,0x000000008dfc8568,0x0000000095480000)
 Metaspace       used 96134K, capacity 101234K, committed 101912K, reserved 1136640K
  class space    used 12559K, capacity 13554K, committed 13872K, reserved 1048576K
}
Event: 824.450 GC heap before
{Heap before GC invocations=56 (full 6):
 PSYoungGen      total 626688K, used 590034K [0x00000000d5580000, 0x00000000ffb00000, 0x0000000100000000)
  eden space 560640K, 100% used [0x00000000d5580000,0x00000000f7900000,0x00000000f7900000)
  from space 66048K, 44% used [0x00000000f7900000,0x00000000f95b49b0,0x00000000fb980000)
  to   space 63488K, 0% used [0x00000000fbd00000,0x00000000fbd00000,0x00000000ffb00000)
 ParOldGen       total 348672K, used 229153K [0x0000000080000000, 0x0000000095480000, 0x00000000d5580000)
  object space 348672K, 65% used [0x0000000080000000,0x000000008dfc8568,0x0000000095480000)
 Metaspace       used 96849K, capacity 102126K, committed 102680K, reserved 1138688K
  class space    used 12584K, capacity 13580K, committed 13872K, reserved 1048576K
Event: 824.592 GC heap after
Heap after GC invocations=56 (full 6):
 PSYoungGen      total 623104K, used 56784K [0x00000000d5580000, 0x0000000100000000, 0x0000000100000000)
  eden space 559616K, 0% used [0x00000000d5580000,0x00000000d5580000,0x00000000f7800000)
  from space 63488K, 89% used [0x00000000fbd00000,0x00000000ff474270,0x00000000ffb00000)
  to   space 69632K, 0% used [0x00000000f7800000,0x00000000f7800000,0x00000000fbc00000)
 ParOldGen       total 348672K, used 229161K [0x0000000080000000, 0x0000000095480000, 0x00000000d5580000)
  object space 348672K, 65% used [0x0000000080000000,0x000000008dfca568,0x0000000095480000)
 Metaspace       used 96849K, capacity 102126K, committed 102680K, reserved 1138688K
  class space    used 12584K, capacity 13580K, committed 13872K, reserved 1048576K
}

Deoptimization events (10 events):
Event: 824.982 Thread 0x000000001b30f800 Uncommon trap: reason=unstable_if action=reinterpret pc=0x0000000004969394 method=org.gradle.internal.execution.history.changes.SummarizingChangeContainer.accept(Lorg/gradle/internal/execution/history/changes/ChangeVisitor;)Z @ 47
Event: 825.167 Thread 0x0000000025b26000 Uncommon trap: reason=null_check action=make_not_entrant pc=0x0000000003dc1174 method=com.android.tools.r8.s.a.b.h.a(Ljava/lang/Object;)V @ 71
Event: 825.354 Thread 0x000000001b30f800 Uncommon trap: reason=class_check action=maybe_recompile pc=0x00000000047c82c8 method=org.gradle.internal.fingerprint.classpath.impl.ClasspathFingerprintingStrategy$ClasspathContentFingerprintingVisitor.visitFile(Lorg/gradle/internal/snapshot/CompleteFile
Event: 825.386 Thread 0x0000000025b25800 Uncommon trap: reason=class_check action=maybe_recompile pc=0x000000000537332c method=java.lang.StringCoding.encode(Ljava/nio/charset/Charset;[CII)[B @ 1
Event: 825.388 Thread 0x0000000025b25800 Uncommon trap: reason=class_check action=maybe_recompile pc=0x000000000537332c method=java.lang.StringCoding.encode(Ljava/nio/charset/Charset;[CII)[B @ 1
Event: 825.388 Thread 0x0000000025b25800 Uncommon trap: reason=class_check action=maybe_recompile pc=0x000000000537332c method=java.lang.StringCoding.encode(Ljava/nio/charset/Charset;[CII)[B @ 1
Event: 825.388 Thread 0x0000000025b25800 Uncommon trap: reason=class_check action=maybe_recompile pc=0x000000000537332c method=java.lang.StringCoding.encode(Ljava/nio/charset/Charset;[CII)[B @ 1
Event: 825.388 Thread 0x0000000025b25800 Uncommon trap: reason=class_check action=maybe_recompile pc=0x00000000052de564 method=java.lang.StringCoding.encode(Ljava/nio/charset/Charset;[CII)[B @ 1
Event: 873.300 Thread 0x0000000025b30000 Uncommon trap: reason=unstable_if action=reinterpret pc=0x000000000315b674 method=java.util.concurrent.ConcurrentHashMap.putVal(Ljava/lang/Object;Ljava/lang/Object;Z)Ljava/lang/Object; @ 113
Event: 873.360 Thread 0x000000001b30f800 Uncommon trap: reason=null_check action=make_not_entrant pc=0x000000000662ea24 method=org.gradle.api.internal.collections.CollectionFilter.filter(Ljava/lang/Object;)Ljava/lang/Object; @ 5

Classes redefined (0 events):
No events

Internal exceptions (10 events):
Event: 824.958 Thread 0x0000000025b2d000 Exception <a 'sun/nio/fs/WindowsException'> (0x00000000dce9b710) thrown at [C:\src\AOSP-openjdk-git\hotspot\src\share\vm\prims\jni.cpp, line 710]
Event: 824.959 Thread 0x0000000025b2d000 Exception <a 'sun/nio/fs/WindowsException'> (0x00000000dcea4d48) thrown at [C:\src\AOSP-openjdk-git\hotspot\src\share\vm\prims\jni.cpp, line 710]
Event: 824.960 Thread 0x0000000025b2d000 Exception <a 'sun/nio/fs/WindowsException'> (0x00000000dceadce0) thrown at [C:\src\AOSP-openjdk-git\hotspot\src\share\vm\prims\jni.cpp, line 710]
Event: 824.961 Thread 0x0000000025b2d000 Exception <a 'sun/nio/fs/WindowsException'> (0x00000000dceb6430) thrown at [C:\src\AOSP-openjdk-git\hotspot\src\share\vm\prims\jni.cpp, line 710]
Event: 824.962 Thread 0x0000000025b2d000 Exception <a 'sun/nio/fs/WindowsException'> (0x00000000dcfbf738) thrown at [C:\src\AOSP-openjdk-git\hotspot\src\share\vm\prims\jni.cpp, line 710]
Event: 824.963 Thread 0x0000000025b2d000 Exception <a 'sun/nio/fs/WindowsException'> (0x00000000dcfd74e8) thrown at [C:\src\AOSP-openjdk-git\hotspot\src\share\vm\prims\jni.cpp, line 710]
Event: 825.091 Thread 0x0000000025b26000 Exception <a 'sun/nio/fs/WindowsException'> (0x00000000ddd2c0d0) thrown at [C:\src\AOSP-openjdk-git\hotspot\src\share\vm\prims\jni.cpp, line 710]
Event: 825.336 Thread 0x0000000025b2b800 Exception <a 'sun/nio/fs/WindowsException'> (0x00000000e02013b0) thrown at [C:\src\AOSP-openjdk-git\hotspot\src\share\vm\prims\jni.cpp, line 710]
Event: 825.565 Thread 0x000000001b30f800 Exception <a 'sun/nio/fs/WindowsException'> (0x00000000e0de2938) thrown at [C:\src\AOSP-openjdk-git\hotspot\src\share\vm\prims\jni.cpp, line 710]
Event: 873.360 Thread 0x000000001b30f800 Implicit null exception at 0x000000000662e74a to 0x000000000662ea11

Events (10 events):
Event: 874.219 Executing VM operation: RevokeBias done
Event: 874.225 Thread 0x0000000019891000 flushing nmethod 0x00000000059a2210
Event: 874.248 Executing VM operation: RevokeBias
Event: 874.249 Executing VM operation: RevokeBias done
Event: 874.255 Executing VM operation: RevokeBias
Event: 874.255 Executing VM operation: RevokeBias done
Event: 874.259 Executing VM operation: RevokeBias
Event: 874.260 Executing VM operation: RevokeBias done
Event: 874.266 Executing VM operation: RevokeBias
Event: 874.266 Executing VM operation: RevokeBias done


Dynamic libraries:
0x00007ff666240000 - 0x00007ff666271000 	C:\Program Files\Android\Android Studio\jre\bin\java.exe
0x00007ffa41bb0000 - 0x00007ffa41d9d000 	C:\Windows\SYSTEM32\ntdll.dll
0x00007ffa3f670000 - 0x00007ffa3f723000 	C:\Windows\System32\KERNEL32.DLL
0x00007ffa3e770000 - 0x00007ffa3ea04000 	C:\Windows\System32\KERNELBASE.dll
0x00007ffa41350000 - 0x00007ffa413f3000 	C:\Windows\System32\ADVAPI32.dll
0x00007ffa3f5d0000 - 0x00007ffa3f66e000 	C:\Windows\System32\msvcrt.dll
0x00007ffa3ede0000 - 0x00007ffa3ee7e000 	C:\Windows\System32\sechost.dll
0x00007ffa3f730000 - 0x00007ffa3f852000 	C:\Windows\System32\RPCRT4.dll
0x00007ffa419e0000 - 0x00007ffa41b77000 	C:\Windows\System32\USER32.dll
0x00007ffa3ea10000 - 0x00007ffa3ea30000 	C:\Windows\System32\win32u.dll
0x00007ffa3eee0000 - 0x00007ffa3ef09000 	C:\Windows\System32\GDI32.dll
0x00007ffa3e5d0000 - 0x00007ffa3e76c000 	C:\Windows\System32\gdi32full.dll
0x00007ffa3ead0000 - 0x00007ffa3eb70000 	C:\Windows\System32\msvcp_win.dll
0x00007ffa3dc60000 - 0x00007ffa3dd5a000 	C:\Windows\System32\ucrtbase.dll
0x00007ffa27400000 - 0x00007ffa27679000 	C:\Windows\WinSxS\amd64_microsoft.windows.common-controls_6595b64144ccf1df_6.0.17763.1457_none_de7243e4534a70d1\COMCTL32.dll
0x00007ffa41680000 - 0x00007ffa419ad000 	C:\Windows\System32\combase.dll
0x00007ffa3ea30000 - 0x00007ffa3eaae000 	C:\Windows\System32\bcryptPrimitives.dll
0x00007ffa419b0000 - 0x00007ffa419de000 	C:\Windows\System32\IMM32.DLL
0x0000000073140000 - 0x0000000073212000 	C:\Program Files\Android\Android Studio\jre\jre\bin\msvcr100.dll
0x0000000073480000 - 0x0000000073ccb000 	C:\Program Files\Android\Android Studio\jre\jre\bin\server\jvm.dll
0x00007ffa3f550000 - 0x00007ffa3f558000 	C:\Windows\System32\PSAPI.DLL
0x00007ffa2d030000 - 0x00007ffa2d039000 	C:\Windows\SYSTEM32\WSOCK32.dll
0x00007ffa3b9e0000 - 0x00007ffa3ba04000 	C:\Windows\SYSTEM32\WINMM.dll
0x00007ffa3f560000 - 0x00007ffa3f5cd000 	C:\Windows\System32\WS2_32.dll
0x00007ffa39590000 - 0x00007ffa3959a000 	C:\Windows\SYSTEM32\VERSION.dll
0x00007ffa3b8c0000 - 0x00007ffa3b8ed000 	C:\Windows\SYSTEM32\WINMMBASE.dll
0x00007ffa3ed80000 - 0x00007ffa3edca000 	C:\Windows\System32\cfgmgr32.dll
0x00007ffa37a60000 - 0x00007ffa37a6f000 	C:\Program Files\Android\Android Studio\jre\jre\bin\verify.dll
0x00007ffa37a30000 - 0x00007ffa37a59000 	C:\Program Files\Android\Android Studio\jre\jre\bin\java.dll
0x00007ffa34cd0000 - 0x00007ffa34ce6000 	C:\Program Files\Android\Android Studio\jre\jre\bin\zip.dll
0x00007ffa3f860000 - 0x00007ffa40d59000 	C:\Windows\System32\SHELL32.dll
0x00007ffa3ef70000 - 0x00007ffa3f019000 	C:\Windows\System32\shcore.dll
0x00007ffa3ddc0000 - 0x00007ffa3e512000 	C:\Windows\System32\windows.storage.dll
0x00007ffa3dc10000 - 0x00007ffa3dc34000 	C:\Windows\System32\profapi.dll
0x00007ffa3dbb0000 - 0x00007ffa3dc0d000 	C:\Windows\System32\powrprof.dll
0x00007ffa3f470000 - 0x00007ffa3f4c2000 	C:\Windows\System32\shlwapi.dll
0x00007ffa3db90000 - 0x00007ffa3dba1000 	C:\Windows\System32\kernel.appcore.dll
0x00007ffa3eab0000 - 0x00007ffa3eac7000 	C:\Windows\System32\cryptsp.dll
0x00007ffa34bc0000 - 0x00007ffa34bda000 	C:\Program Files\Android\Android Studio\jre\jre\bin\net.dll
0x00007ffa3d390000 - 0x00007ffa3d3f7000 	C:\Windows\system32\mswsock.dll
0x00007ffa349f0000 - 0x00007ffa34a03000 	C:\Program Files\Android\Android Studio\jre\jre\bin\nio.dll
0x00007ffa34800000 - 0x00007ffa34827000 	C:\Users\JFK\.gradle\native\f6784746aeab05261644944871eae4fe03e0ef1612fff0a4a95f87b438bc6780\windows-amd64\native-platform.dll
0x00007ffa37a20000 - 0x00007ffa37a2d000 	C:\Program Files\Android\Android Studio\jre\jre\bin\management.dll
0x00007ffa3cf10000 - 0x00007ffa3cf43000 	C:\Windows\system32\rsaenh.dll
0x00007ffa3eb70000 - 0x00007ffa3eb96000 	C:\Windows\System32\bcrypt.dll
0x00007ffa3da80000 - 0x00007ffa3daa8000 	C:\Windows\SYSTEM32\USERENV.dll
0x00007ffa3d560000 - 0x00007ffa3d56c000 	C:\Windows\SYSTEM32\CRYPTBASE.dll
0x00007ffa3d0b0000 - 0x00007ffa3d0ed000 	C:\Windows\SYSTEM32\IPHLPAPI.DLL
0x00007ffa3edd0000 - 0x00007ffa3edd8000 	C:\Windows\System32\NSI.dll
0x00007ffa350b0000 - 0x00007ffa350c6000 	C:\Windows\SYSTEM32\dhcpcsvc6.DLL
0x00007ffa36d90000 - 0x00007ffa36dac000 	C:\Windows\SYSTEM32\dhcpcsvc.DLL
0x00007ffa3d0f0000 - 0x00007ffa3d1b7000 	C:\Windows\SYSTEM32\DNSAPI.dll
0x00007ffa37780000 - 0x00007ffa3778b000 	C:\Windows\SYSTEM32\WINNSI.DLL
0x00007ffa34240000 - 0x00007ffa3425e000 	C:\Users\JFK\AppData\Local\Temp\native-platform2827091130856156097dir\native-platform.dll

VM Arguments:
jvm_args: -Xmx2048m -Dfile.encoding=windows-1251 -Duser.country=RU -Duser.language=ru -Duser.variant 
java_command: org.gradle.launcher.daemon.bootstrap.GradleDaemon 6.5.1
java_class_path (initial): C:\Users\JFK\.gradle\wrapper\dists\gradle-6.5.1-all\cdund22i8guosqylfo49op4dv\gradle-6.5.1\lib\gradle-launcher-6.5.1.jar
Launcher Type: SUN_STANDARD

Environment Variables:
PATH=C:\Program Files (x86)\Intel\Intel(R) Management Engine Components\iCLS\;C:\Program Files\Intel\Intel(R) Management Engine Components\iCLS\;C:\Program Files (x86)\Common Files\Oracle\Java\javapath;C:\Windows\system32;C:\Windows;C:\Windows\System32\Wbem;C:\Windows\System32\WindowsPowerShell\v1.0\;C:\Windows\System32\OpenSSH\;C:\Program Files\Git\cmd;C:\Program Files (x86)\Intel\Intel(R) Management Engine Components\DAL;C:\Program Files\Intel\Intel(R) Management Engine Components\DAL;C:\Program Files (x86)\Intel\Intel(R) Management Engine Components\IPT;C:\Program Files\Intel\Intel(R) Management Engine Components\IPT;C:\Users\JFK\AppData\Local\Microsoft\WindowsApps;
USERNAME=JFK
OS=Windows_NT
PROCESSOR_IDENTIFIER=Intel64 Family 6 Model 142 Stepping 10, GenuineIntel



---------------  S Y S T E M  ---------------

OS: Windows 10.0 , 64 bit Build 17763 (10.0.17763.475)

CPU:total 8 (initial active 8) (4 cores per cpu, 2 threads per core) family 6 model 142 stepping 10, cmov, cx8, fxsr, mmx, sse, sse2, sse3, ssse3, sse4.1, sse4.2, popcnt, avx, avx2, aes, clmul, erms, 3dnowpref, lzcnt, ht, tsc, tscinvbit, bmi1, bmi2, adx

Memory: 4k page, physical 8283976k(920340k free), swap 11405128k(1576k free)

vm_info: OpenJDK 64-Bit Server VM (25.242-b01) for windows-amd64 JRE (1.8.0_242-release-1644-b01), built by "builder" with MS VC++ 10.0 (VS2010)

time: Thu Sep 17 22:48:54 2020
timezone: RTZ 2 (зима)
elapsed time: 874 seconds (0d 0h 14m 34s)

