#
# There is insufficient memory for the Java Runtime Environment to continue.
# Native memory allocation (malloc) failed to allocate 1493648 bytes for Chunk::new
# Possible reasons:
#   The system is out of physical RAM or swap space
#   The process is running with CompressedOops enabled, and the Java Heap may be blocking the growth of the native heap
# Possible solutions:
#   Reduce memory load on the system
#   Increase physical memory or swap space
#   Check if swap backing store is full
#   Decrease Java heap size (-Xmx/-Xms)
#   Decrease number of Java threads
#   Decrease Java thread stack sizes (-Xss)
#   Set larger code cache with -XX:ReservedCodeCacheSize=
#   JVM is running with Unscaled Compressed Oops mode in which the Java heap is
#     placed in the first 4GB address space. The Java Heap base address is the
#     maximum limit for the native heap growth. Please use -XX:HeapBaseMinAddress
#     to set the Java Heap base and to place the Java Heap above 4GB virtual address.
# This output file may be truncated or incomplete.
#
#  Out of Memory Error (allocation.cpp:389), pid=11812, tid=0x0000000000000a34
#
# JRE version: OpenJDK Runtime Environment (8.0_242-b01) (build 1.8.0_242-release-1644-b01)
# Java VM: OpenJDK 64-Bit Server VM (25.242-b01 mixed mode windows-amd64 compressed oops)
# Failed to write core dump. Minidumps are not enabled by default on client versions of Windows
#

---------------  T H R E A D  ---------------

Current thread (0x00000000199f5000):  JavaThread "C2 CompilerThread2" daemon [_thread_in_native, id=2612, stack(0x000000001a4b0000,0x000000001a5b0000)]

Stack: [0x000000001a4b0000,0x000000001a5b0000]
[error occurred during error reporting (printing stack bounds), id 0xc0000005]

Native frames: (J=compiled Java code, j=interpreted, Vv=VM code, C=native code)


Current CompileTask:
C2:  21020 5380 %     4       groovy.lang.MetaClassImpl::inheritInterfaceNewMetaMethods @ 104 (199 bytes)


---------------  P R O C E S S  ---------------

Java Threads: ( => current thread )
  0x000000001ccd4000 JavaThread "Cache worker for file content cache (D:\AndroidStudioProjects\CategoryQuizApp\.gradle\6.5.1\fileContent)" [_thread_blocked, id=9192, stack(0x000000002e360000,0x000000002e460000)]
  0x000000001ccd3000 JavaThread "Memory manager" [_thread_blocked, id=13024, stack(0x000000002e060000,0x000000002e160000)]
  0x000000001ccd2800 JavaThread "Cache worker for Build Output Cleanup Cache (D:\AndroidStudioProjects\CategoryQuizApp\.gradle\buildOutputCleanup)" [_thread_blocked, id=4768, stack(0x000000002c390000,0x000000002c490000)]
  0x000000001ccd1000 JavaThread "jar transforms Thread 111" [_thread_blocked, id=12908, stack(0x000000002bc90000,0x000000002bd90000)]
  0x000000001ccd0000 JavaThread "jar transforms Thread 110" [_thread_blocked, id=2304, stack(0x000000002bb90000,0x000000002bc90000)]
  0x000000001ccce800 JavaThread "jar transforms Thread 109" [_thread_blocked, id=2408, stack(0x000000002ba90000,0x000000002bb90000)]
  0x000000001ccd5800 JavaThread "jar transforms Thread 108" [_thread_blocked, id=5540, stack(0x000000002b990000,0x000000002ba90000)]
  0x000000001ccd4800 JavaThread "jar transforms Thread 107" [_thread_blocked, id=9408, stack(0x000000002b890000,0x000000002b990000)]
  0x000000001ccd1800 JavaThread "jar transforms Thread 106" [_thread_blocked, id=4600, stack(0x000000002b790000,0x000000002b890000)]
  0x000000001cccf800 JavaThread "jar transforms Thread 105" [_thread_blocked, id=5300, stack(0x000000002b690000,0x000000002b790000)]
  0x000000001ccce000 JavaThread "jar transforms Thread 104" [_thread_blocked, id=7024, stack(0x000000002b590000,0x000000002b690000)]
  0x000000001ccc6800 JavaThread "jar transforms Thread 103" [_thread_blocked, id=5248, stack(0x000000002b490000,0x000000002b590000)]
  0x000000001cccd000 JavaThread "jar transforms Thread 102" [_thread_blocked, id=11988, stack(0x000000002b390000,0x000000002b490000)]
  0x000000001cccc800 JavaThread "jar transforms Thread 101" [_thread_blocked, id=9932, stack(0x000000002b290000,0x000000002b390000)]
  0x000000001cccb800 JavaThread "jar transforms Thread 100" [_thread_blocked, id=11920, stack(0x000000002b190000,0x000000002b290000)]
  0x000000001ccc7000 JavaThread "jar transforms Thread 99" [_thread_blocked, id=4912, stack(0x000000002b090000,0x000000002b190000)]
  0x000000001ccca000 JavaThread "jar transforms Thread 98" [_thread_blocked, id=8596, stack(0x000000002af90000,0x000000002b090000)]
  0x000000001cccb000 JavaThread "jar transforms Thread 97" [_thread_blocked, id=11892, stack(0x000000002ae90000,0x000000002af90000)]
  0x000000001ccc9800 JavaThread "jar transforms Thread 96" [_thread_blocked, id=8300, stack(0x000000002ad90000,0x000000002ae90000)]
  0x000000001ccc8800 JavaThread "jar transforms Thread 95" [_thread_blocked, id=12488, stack(0x000000002ac90000,0x000000002ad90000)]
  0x000000001ccc8000 JavaThread "jar transforms Thread 94" [_thread_blocked, id=2804, stack(0x000000002ab90000,0x000000002ac90000)]
  0x00000000201e6000 JavaThread "jar transforms Thread 93" [_thread_blocked, id=7220, stack(0x000000002aa90000,0x000000002ab90000)]
  0x00000000201e9000 JavaThread "jar transforms Thread 92" [_thread_blocked, id=5852, stack(0x000000002a990000,0x000000002aa90000)]
  0x00000000201e7800 JavaThread "jar transforms Thread 91" [_thread_blocked, id=10932, stack(0x000000002a890000,0x000000002a990000)]
  0x00000000201ea800 JavaThread "jar transforms Thread 90" [_thread_blocked, id=9036, stack(0x000000002a790000,0x000000002a890000)]
  0x00000000201e7000 JavaThread "jar transforms Thread 89" [_thread_blocked, id=6712, stack(0x000000002a690000,0x000000002a790000)]
  0x00000000201e5800 JavaThread "jar transforms Thread 88" [_thread_blocked, id=11540, stack(0x000000002a590000,0x000000002a690000)]
  0x00000000201e8800 JavaThread "jar transforms Thread 87" [_thread_blocked, id=3420, stack(0x000000002a490000,0x000000002a590000)]
  0x00000000201ea000 JavaThread "jar transforms Thread 86" [_thread_blocked, id=7612, stack(0x000000002a390000,0x000000002a490000)]
  0x00000000201eb800 JavaThread "jar transforms Thread 85" [_thread_blocked, id=8628, stack(0x000000002a290000,0x000000002a390000)]
  0x00000000201de000 JavaThread "jar transforms Thread 84" [_thread_blocked, id=11008, stack(0x000000002a190000,0x000000002a290000)]
  0x00000000201e4800 JavaThread "jar transforms Thread 83" [_thread_blocked, id=6244, stack(0x000000002a090000,0x000000002a190000)]
  0x00000000201e4000 JavaThread "jar transforms Thread 82" [_thread_blocked, id=2084, stack(0x0000000029f90000,0x000000002a090000)]
  0x00000000201e3000 JavaThread "jar transforms Thread 81" [_thread_blocked, id=8424, stack(0x0000000029e90000,0x0000000029f90000)]
  0x00000000201dd000 JavaThread "jar transforms Thread 80" [_thread_blocked, id=2124, stack(0x0000000029d90000,0x0000000029e90000)]
  0x00000000201e2800 JavaThread "jar transforms Thread 79" [_thread_blocked, id=11224, stack(0x0000000029c90000,0x0000000029d90000)]
  0x00000000201e0000 JavaThread "jar transforms Thread 78" [_thread_blocked, id=10636, stack(0x0000000029b90000,0x0000000029c90000)]
  0x00000000201de800 JavaThread "jar transforms Thread 77" [_thread_blocked, id=3268, stack(0x0000000029a90000,0x0000000029b90000)]
  0x00000000201e1800 JavaThread "jar transforms Thread 76" [_thread_blocked, id=4004, stack(0x0000000029990000,0x0000000029a90000)]
  0x00000000201dc800 JavaThread "jar transforms Thread 75" [_thread_blocked, id=8540, stack(0x0000000029890000,0x0000000029990000)]
  0x00000000201df800 JavaThread "jar transforms Thread 74" [_thread_blocked, id=6512, stack(0x0000000029790000,0x0000000029890000)]
  0x00000000201e1000 JavaThread "jar transforms Thread 73" [_thread_blocked, id=1572, stack(0x0000000029690000,0x0000000029790000)]
  0x0000000024402000 JavaThread "jar transforms Thread 72" [_thread_blocked, id=13180, stack(0x0000000029590000,0x0000000029690000)]
  0x00000000243ff800 JavaThread "jar transforms Thread 71" [_thread_blocked, id=2180, stack(0x0000000029490000,0x0000000029590000)]
  0x00000000243ff000 JavaThread "jar transforms Thread 70" [_thread_blocked, id=4788, stack(0x0000000029390000,0x0000000029490000)]
  0x0000000024401000 JavaThread "jar transforms Thread 69" [_thread_blocked, id=12540, stack(0x0000000029190000,0x0000000029290000)]
  0x00000000243fe000 JavaThread "jar transforms Thread 68" [_thread_blocked, id=11472, stack(0x0000000029090000,0x0000000029190000)]
  0x00000000243fd800 JavaThread "jar transforms Thread 67" [_thread_blocked, id=3128, stack(0x0000000028f90000,0x0000000029090000)]
  0x0000000024400800 JavaThread "jar transforms Thread 66" [_thread_blocked, id=4420, stack(0x0000000028e90000,0x0000000028f90000)]
  0x00000000243f6000 JavaThread "jar transforms Thread 65" [_thread_blocked, id=12144, stack(0x0000000028d90000,0x0000000028e90000)]
  0x00000000243fc800 JavaThread "jar transforms Thread 64" [_thread_blocked, id=4432, stack(0x0000000028c90000,0x0000000028d90000)]
  0x00000000243fc000 JavaThread "jar transforms Thread 63" [_thread_blocked, id=6612, stack(0x0000000028b90000,0x0000000028c90000)]
  0x00000000243fa800 JavaThread "jar transforms Thread 62" [_thread_blocked, id=11456, stack(0x0000000028a90000,0x0000000028b90000)]
  0x00000000243fb000 JavaThread "jar transforms Thread 61" [_thread_blocked, id=8668, stack(0x0000000028990000,0x0000000028a90000)]
  0x00000000243f7800 JavaThread "jar transforms Thread 60" [_thread_blocked, id=4384, stack(0x0000000028890000,0x0000000028990000)]
  0x00000000243f5000 JavaThread "jar transforms Thread 59" [_thread_blocked, id=10328, stack(0x0000000028790000,0x0000000028890000)]
  0x00000000243f6800 JavaThread "jar transforms Thread 58" [_thread_blocked, id=10376, stack(0x0000000028690000,0x0000000028790000)]
  0x00000000243f9800 JavaThread "jar transforms Thread 57" [_thread_blocked, id=1756, stack(0x0000000028590000,0x0000000028690000)]
  0x00000000243f9000 JavaThread "jar transforms Thread 56" [_thread_blocked, id=13292, stack(0x0000000028490000,0x0000000028590000)]
  0x00000000243f8000 JavaThread "jar transforms Thread 55" [_thread_blocked, id=11896, stack(0x0000000028390000,0x0000000028490000)]
  0x00000000243f3800 JavaThread "jar transforms Thread 54" [_thread_blocked, id=12516, stack(0x0000000028290000,0x0000000028390000)]
  0x00000000243f3000 JavaThread "jar transforms Thread 53" [_thread_blocked, id=4956, stack(0x0000000028190000,0x0000000028290000)]
  0x00000000243f4800 JavaThread "jar transforms Thread 52" [_thread_blocked, id=11368, stack(0x0000000028090000,0x0000000028190000)]
  0x0000000020224000 JavaThread "jar transforms Thread 51" [_thread_blocked, id=10580, stack(0x0000000027f90000,0x0000000028090000)]
  0x0000000020223000 JavaThread "jar transforms Thread 50" [_thread_blocked, id=4848, stack(0x0000000027e90000,0x0000000027f90000)]
  0x0000000020225800 JavaThread "jar transforms Thread 49" [_thread_blocked, id=12344, stack(0x0000000027d90000,0x0000000027e90000)]
  0x0000000020221800 JavaThread "jar transforms Thread 48" [_thread_blocked, id=2500, stack(0x0000000027c90000,0x0000000027d90000)]
  0x0000000020220000 JavaThread "jar transforms Thread 47" [_thread_blocked, id=11544, stack(0x0000000027b90000,0x0000000027c90000)]
  0x0000000020224800 JavaThread "jar transforms Thread 46" [_thread_blocked, id=8292, stack(0x0000000027a90000,0x0000000027b90000)]
  0x000000002021f800 JavaThread "jar transforms Thread 45" [_thread_blocked, id=11820, stack(0x0000000027990000,0x0000000027a90000)]
  0x0000000020221000 JavaThread "jar transforms Thread 44" [_thread_blocked, id=11944, stack(0x0000000027890000,0x0000000027990000)]
  0x0000000020222800 JavaThread "jar transforms Thread 43" [_thread_blocked, id=8420, stack(0x0000000027790000,0x0000000027890000)]
  0x0000000020218000 JavaThread "jar transforms Thread 42" [_thread_blocked, id=11856, stack(0x0000000027690000,0x0000000027790000)]
  0x000000002021e800 JavaThread "jar transforms Thread 41" [_thread_blocked, id=11280, stack(0x0000000027590000,0x0000000027690000)]
  0x0000000020217000 JavaThread "jar transforms Thread 40" [_thread_blocked, id=12936, stack(0x0000000027490000,0x0000000027590000)]
  0x000000002021e000 JavaThread "jar transforms Thread 39" [_thread_blocked, id=9724, stack(0x0000000027390000,0x0000000027490000)]
  0x000000002021d000 JavaThread "jar transforms Thread 38" [_thread_blocked, id=9728, stack(0x0000000027290000,0x0000000027390000)]
  0x0000000020219800 JavaThread "jar transforms Thread 37" [_thread_blocked, id=1448, stack(0x0000000027190000,0x0000000027290000)]
  0x000000002021c800 JavaThread "jar transforms Thread 36" [_thread_blocked, id=10432, stack(0x0000000027090000,0x0000000027190000)]
  0x0000000020216800 JavaThread "jar transforms Thread 35" [_thread_blocked, id=13260, stack(0x0000000026f90000,0x0000000027090000)]
  0x000000002021b800 JavaThread "jar transforms Thread 34" [_thread_blocked, id=10700, stack(0x0000000026e90000,0x0000000026f90000)]
  0x000000002021b000 JavaThread "jar transforms Thread 33" [_thread_blocked, id=8204, stack(0x0000000026d90000,0x0000000026e90000)]
  0x0000000020218800 JavaThread "jar transforms Thread 32" [_thread_blocked, id=11768, stack(0x0000000026c90000,0x0000000026d90000)]
  0x000000002021a000 JavaThread "jar transforms Thread 31" [_thread_blocked, id=9900, stack(0x0000000026b90000,0x0000000026c90000)]
  0x00000000218a0000 JavaThread "jar transforms Thread 30" [_thread_blocked, id=11232, stack(0x0000000026a90000,0x0000000026b90000)]
  0x000000002189f800 JavaThread "jar transforms Thread 29" [_thread_blocked, id=11072, stack(0x0000000026990000,0x0000000026a90000)]
  0x0000000021898800 JavaThread "jar transforms Thread 28" [_thread_blocked, id=9928, stack(0x0000000026890000,0x0000000026990000)]
  0x000000002189e800 JavaThread "jar transforms Thread 27" [_thread_blocked, id=10268, stack(0x0000000026790000,0x0000000026890000)]
  0x0000000021899800 JavaThread "jar transforms Thread 26" [_thread_blocked, id=4992, stack(0x0000000026690000,0x0000000026790000)]
  0x0000000021897000 JavaThread "jar transforms Thread 25" [_thread_blocked, id=11728, stack(0x0000000026590000,0x0000000026690000)]
  0x000000002189a000 JavaThread "jar transforms Thread 24" [_thread_blocked, id=9732, stack(0x0000000026490000,0x0000000026590000)]
  0x000000002189e000 JavaThread "jar transforms Thread 23" [_thread_blocked, id=11492, stack(0x0000000026390000,0x0000000026490000)]
  0x000000002189b000 JavaThread "jar transforms Thread 22" [_thread_blocked, id=7988, stack(0x0000000026290000,0x0000000026390000)]
  0x000000002189d000 JavaThread "jar transforms Thread 21" [_thread_blocked, id=11644, stack(0x0000000026190000,0x0000000026290000)]
  0x000000002189c800 JavaThread "jar transforms Thread 20" [_thread_blocked, id=6764, stack(0x0000000026090000,0x0000000026190000)]
  0x000000002189b800 JavaThread "jar transforms Thread 19" [_thread_blocked, id=8240, stack(0x0000000025f90000,0x0000000026090000)]
  0x0000000021891000 JavaThread "jar transforms Thread 18" [_thread_blocked, id=4404, stack(0x0000000025e90000,0x0000000025f90000)]
  0x0000000021892800 JavaThread "jar transforms Thread 17" [_thread_blocked, id=3652, stack(0x0000000025d90000,0x0000000025e90000)]
  0x0000000021895000 JavaThread "jar transforms Thread 16" [_thread_blocked, id=9000, stack(0x0000000025a90000,0x0000000025b90000)]
  0x0000000021896800 JavaThread "jar transforms Thread 15" [_thread_blocked, id=12784, stack(0x0000000025990000,0x0000000025a90000)]
  0x0000000021893800 JavaThread "jar transforms Thread 14" [_thread_blocked, id=5320, stack(0x0000000025890000,0x0000000025990000)]
  0x0000000021895800 JavaThread "jar transforms Thread 13" [_thread_blocked, id=6968, stack(0x0000000025790000,0x0000000025890000)]
  0x0000000021898000 JavaThread "jar transforms Thread 12" [_thread_blocked, id=11548, stack(0x0000000025690000,0x0000000025790000)]
  0x0000000021894000 JavaThread "jar transforms Thread 11" [_thread_blocked, id=11908, stack(0x0000000025590000,0x0000000025690000)]
  0x0000000021892000 JavaThread "jar transforms Thread 10" [_thread_blocked, id=7396, stack(0x0000000025490000,0x0000000025590000)]
  0x000000001bcf3800 JavaThread "jar transforms Thread 9" [_thread_blocked, id=11880, stack(0x0000000025390000,0x0000000025490000)]
  0x000000001bcf3000 JavaThread "jar transforms Thread 8" [_thread_blocked, id=11460, stack(0x0000000025290000,0x0000000025390000)]
  0x000000001bcf1800 JavaThread "jar transforms Thread 7" [_thread_blocked, id=4604, stack(0x0000000025190000,0x0000000025290000)]
  0x000000001bcf5000 JavaThread "jar transforms Thread 6" [_thread_blocked, id=11512, stack(0x0000000025090000,0x0000000025190000)]
  0x000000001bcf2000 JavaThread "Build operations Thread 8" [_thread_blocked, id=11904, stack(0x0000000024f90000,0x0000000025090000)]
  0x000000001bcf0800 JavaThread "Build operations Thread 7" [_thread_blocked, id=8492, stack(0x0000000024e90000,0x0000000024f90000)]
  0x000000001bcf0000 JavaThread "Build operations Thread 6" [_thread_blocked, id=8588, stack(0x0000000024d90000,0x0000000024e90000)]
  0x000000001bcf6000 JavaThread "Build operations Thread 5" [_thread_blocked, id=1064, stack(0x0000000024c90000,0x0000000024d90000)]
  0x000000001bcef000 JavaThread "Build operations Thread 4" [_thread_blocked, id=128, stack(0x0000000024b90000,0x0000000024c90000)]
  0x000000001bcf4800 JavaThread "Build operations Thread 3" [_thread_blocked, id=3764, stack(0x0000000024a90000,0x0000000024b90000)]
  0x000000001afd5800 JavaThread "Build operations Thread 2" [_thread_blocked, id=11464, stack(0x0000000024990000,0x0000000024a90000)]
  0x000000001afd4800 JavaThread "Build operations" [_thread_blocked, id=7860, stack(0x0000000024890000,0x0000000024990000)]
  0x000000001afca000 JavaThread "Cache worker for file content cache (C:\Users\JFK\.gradle\caches\6.5.1\fileContent)" [_thread_blocked, id=9556, stack(0x00000000231c0000,0x00000000232c0000)]
  0x000000001afd1000 JavaThread "Cache worker for execution history cache (C:\Users\JFK\.gradle\caches\6.5.1\executionHistory)" [_thread_blocked, id=4072, stack(0x0000000022cc0000,0x0000000022dc0000)]
  0x000000001afd0000 JavaThread "Cache worker for cache directory md-rule (C:\Users\JFK\.gradle\caches\6.5.1\md-rule)" [_thread_blocked, id=8472, stack(0x0000000022bc0000,0x0000000022cc0000)]
  0x000000001afc9800 JavaThread "Cache worker for cache directory md-supplier (C:\Users\JFK\.gradle\caches\6.5.1\md-supplier)" [_thread_blocked, id=4740, stack(0x0000000022ac0000,0x0000000022bc0000)]
  0x000000001afcc800 JavaThread "Cache worker for checksums cache (D:\AndroidStudioProjects\CategoryQuizApp\.gradle\checksums)" [_thread_blocked, id=2764, stack(0x00000000229c0000,0x0000000022ac0000)]
  0x000000001afc8800 JavaThread "jar transforms Thread 5" [_thread_blocked, id=8360, stack(0x00000000228c0000,0x00000000229c0000)]
  0x000000001afce800 JavaThread "jar transforms Thread 4" [_thread_blocked, id=11792, stack(0x00000000227c0000,0x00000000228c0000)]
  0x000000001afcf800 JavaThread "jar transforms Thread 3" [_thread_blocked, id=12644, stack(0x00000000226c0000,0x00000000227c0000)]
  0x000000001afc8000 JavaThread "jar transforms Thread 2" [_thread_blocked, id=13040, stack(0x00000000225c0000,0x00000000226c0000)]
  0x000000001afcb000 JavaThread "jar transforms" [_thread_blocked, id=7896, stack(0x00000000224c0000,0x00000000225c0000)]
  0x000000001afc7000 JavaThread "Cache worker for file hash cache (D:\AndroidStudioProjects\CategoryQuizApp\.gradle\6.5.1\fileHashes)" [_thread_blocked, id=13268, stack(0x00000000220d0000,0x00000000221d0000)]
  0x000000001afcb800 JavaThread "Cache worker for file hash cache (C:\Users\JFK\.gradle\caches\6.5.1\fileHashes)" [_thread_blocked, id=10204, stack(0x000000001e9e0000,0x000000001eae0000)]
  0x000000001afce000 JavaThread "File lock request listener" [_thread_in_native, id=6492, stack(0x000000001e8e0000,0x000000001e9e0000)]
  0x000000001afcd000 JavaThread "Cache worker for journal cache (C:\Users\JFK\.gradle\caches\journal-1)" [_thread_blocked, id=12776, stack(0x000000001e7e0000,0x000000001e8e0000)]
  0x000000001c2f4000 JavaThread "Thread-9" [_thread_blocked, id=12376, stack(0x000000001e4e0000,0x000000001e5e0000)]
  0x000000001c2f2800 JavaThread "Stdin handler" [_thread_blocked, id=1276, stack(0x000000001e3e0000,0x000000001e4e0000)]
  0x000000001c2f8800 JavaThread "Asynchronous log dispatcher for DefaultDaemonConnection: socket connection from /127.0.0.1:6232 to /127.0.0.1:6236" [_thread_blocked, id=13056, stack(0x000000001e2e0000,0x000000001e3e0000)]
  0x000000001c2f6800 JavaThread "Daemon worker" [_thread_in_Java, id=4312, stack(0x000000001e1e0000,0x000000001e2e0000)]
  0x000000001c2f5800 JavaThread "Cancel handler" [_thread_blocked, id=10480, stack(0x000000001dfe0000,0x000000001e0e0000)]
  0x000000001c2f8000 JavaThread "Handler for socket connection from /127.0.0.1:6232 to /127.0.0.1:6236" [_thread_in_native, id=11496, stack(0x000000001dce0000,0x000000001dde0000)]
  0x000000001c2f2000 JavaThread "Daemon" [_thread_blocked, id=10940, stack(0x000000001dbe0000,0x000000001dce0000)]
  0x000000001c2f7000 JavaThread "Daemon periodic checks" [_thread_blocked, id=12504, stack(0x000000001dae0000,0x000000001dbe0000)]
  0x000000001c2f5000 JavaThread "Incoming local TCP Connector on port 6232" [_thread_in_native, id=2332, stack(0x000000001d890000,0x000000001d990000)]
  0x000000001c2f3800 JavaThread "Daemon health stats" [_thread_blocked, id=4804, stack(0x000000001d250000,0x000000001d350000)]
  0x0000000019a86000 JavaThread "Service Thread" daemon [_thread_blocked, id=7012, stack(0x000000001a6b0000,0x000000001a7b0000)]
  0x00000000199fb000 JavaThread "C1 CompilerThread3" daemon [_thread_blocked, id=12892, stack(0x000000001a5b0000,0x000000001a6b0000)]
=>0x00000000199f5000 JavaThread "C2 CompilerThread2" daemon [_thread_in_native, id=2612, stack(0x000000001a4b0000,0x000000001a5b0000)]
  0x0000000017bed000 JavaThread "C2 CompilerThread1" daemon [_thread_in_native, id=11600, stack(0x000000001a3b0000,0x000000001a4b0000)]
  0x0000000017be9000 JavaThread "C2 CompilerThread0" daemon [_thread_in_native, id=11960, stack(0x000000001a2b0000,0x000000001a3b0000)]
  0x00000000199e2800 JavaThread "Attach Listener" daemon [_thread_blocked, id=5464, stack(0x000000001a1b0000,0x000000001a2b0000)]
  0x00000000199e6000 JavaThread "Signal Dispatcher" daemon [_thread_blocked, id=12840, stack(0x000000001a0b0000,0x000000001a1b0000)]
  0x0000000002b6c800 JavaThread "Finalizer" daemon [_thread_blocked, id=12736, stack(0x0000000019eb0000,0x0000000019fb0000)]
  0x00000000199d0800 JavaThread "Reference Handler" daemon [_thread_blocked, id=9368, stack(0x0000000019db0000,0x0000000019eb0000)]
  0x00000000028ed800 JavaThread "main" [_thread_blocked, id=6748, stack(0x0000000002970000,0x0000000002a70000)]

Other Threads:
  0x0000000017bd8000 VMThread [stack: 0x00000000198b0000,0x00000000199b0000] [id=1688]
  0x0000000017bee800 WatcherThread [stack: 0x000000001a7b0000,0x000000001a8b0000] [id=11500]

VM state:not at safepoint (normal execution)

VM Mutex/Monitor currently owned by a thread: None

heap address: 0x0000000080000000, size: 2048 MB, Compressed Oops mode: 32-bit
Narrow klass base: 0x0000000000000000, Narrow klass shift: 3
Compressed class space size: 1073741824 Address: 0x0000000100000000

Heap:
 PSYoungGen      total 214016K, used 94965K [0x00000000d5580000, 0x00000000e3f80000, 0x0000000100000000)
  eden space 197120K, 48% used [0x00000000d5580000,0x00000000db23d608,0x00000000e1600000)
  from space 16896K, 0% used [0x00000000e2600000,0x00000000e2600000,0x00000000e3680000)
  to   space 16384K, 0% used [0x00000000e1600000,0x00000000e1600000,0x00000000e2600000)
 ParOldGen       total 77824K, used 34851K [0x0000000080000000, 0x0000000084c00000, 0x00000000d5580000)
  object space 77824K, 44% used [0x0000000080000000,0x0000000082208e18,0x0000000084c00000)
 Metaspace       used 61765K, capacity 64378K, committed 64600K, reserved 1105920K
  class space    used 8461K, capacity 9051K, committed 9088K, reserved 1048576K

Card table byte_map: [0x0000000011f30000,0x0000000012340000] byte_map_base: 0x0000000011b30000

Marking Bits: (ParMarkBitMap*) 0x0000000073c5f030
 Begin Bits: [0x0000000012df0000, 0x0000000014df0000)
 End Bits:   [0x0000000014df0000, 0x0000000016df0000)

Polling page: 0x00000000010a0000

CodeCache: size=245760Kb used=17481Kb max_used=17481Kb free=228278Kb
 bounds [0x0000000002b70000, 0x0000000003ca0000, 0x0000000011b70000]
 total_blobs=5928 nmethods=5142 adapters=698
 compilation: enabled

Compilation events (10 events):
Event: 20.972 Thread 0x00000000199fb000 5804       3       com.sun.org.apache.xerces.internal.parsers.XIncludeAwareParserConfiguration::getFeatureState (40 bytes)
Event: 20.973 Thread 0x00000000199fb000 nmethod 5804 0x0000000003c8e690 code [0x0000000003c8e860, 0x0000000003c8efa8]
Event: 20.973 Thread 0x00000000199fb000 5805       3       com.sun.org.apache.xerces.internal.util.ParserConfigurationSettings::getProperty (31 bytes)
Event: 20.974 Thread 0x00000000199fb000 nmethod 5805 0x0000000003c8f290 code [0x0000000003c8f420, 0x0000000003c8f818]
Event: 20.979 Thread 0x00000000199fb000 5806       3       com.sun.org.apache.xerces.internal.impl.XMLEntityScanner::scanLiteral (755 bytes)
Event: 20.981 Thread 0x00000000199fb000 nmethod 5806 0x0000000003c8f990 code [0x0000000003c8fc40, 0x0000000003c911a8]
Event: 21.009 Thread 0x00000000199fb000 5807       3       java.util.regex.Pattern$Behind::match (137 bytes)
Event: 21.010 Thread 0x00000000199fb000 nmethod 5807 0x0000000003c91d50 code [0x0000000003c91f00, 0x0000000003c92558]
Event: 21.011 Thread 0x00000000199fb000 5808       3       java.util.regex.Pattern$4::match (14 bytes)
Event: 21.012 Thread 0x00000000199fb000 nmethod 5808 0x0000000003c92790 code [0x0000000003c928e0, 0x0000000003c92a90]

GC Heap History (10 events):
Event: 10.626 GC heap before
{Heap before GC invocations=11 (full 2):
 PSYoungGen      total 117760K, used 8486K [0x00000000d5580000, 0x00000000e0900000, 0x0000000100000000)
  eden space 105472K, 0% used [0x00000000d5580000,0x00000000d5580000,0x00000000dbc80000)
  from space 12288K, 69% used [0x00000000dbc80000,0x00000000dc4c9978,0x00000000dc880000)
  to   space 12288K, 0% used [0x00000000dfd00000,0x00000000dfd00000,0x00000000e0900000)
 ParOldGen       total 57856K, used 9057K [0x0000000080000000, 0x0000000083880000, 0x00000000d5580000)
  object space 57856K, 15% used [0x0000000080000000,0x00000000808d8750,0x0000000083880000)
 Metaspace       used 34010K, capacity 35222K, committed 35416K, reserved 1079296K
  class space    used 4664K, capacity 4962K, committed 4992K, reserved 1048576K
Event: 10.786 GC heap after
Heap after GC invocations=11 (full 2):
 PSYoungGen      total 117760K, used 0K [0x00000000d5580000, 0x00000000e0900000, 0x0000000100000000)
  eden space 105472K, 0% used [0x00000000d5580000,0x00000000d5580000,0x00000000dbc80000)
  from space 12288K, 0% used [0x00000000dbc80000,0x00000000dbc80000,0x00000000dc880000)
  to   space 12288K, 0% used [0x00000000dfd00000,0x00000000dfd00000,0x00000000e0900000)
 ParOldGen       total 77824K, used 15044K [0x0000000080000000, 0x0000000084c00000, 0x00000000d5580000)
  object space 77824K, 19% used [0x0000000080000000,0x0000000080eb1068,0x0000000084c00000)
 Metaspace       used 34010K, capacity 35222K, committed 35416K, reserved 1079296K
  class space    used 4664K, capacity 4962K, committed 4992K, reserved 1048576K
}
Event: 12.335 GC heap before
{Heap before GC invocations=12 (full 2):
 PSYoungGen      total 117760K, used 105472K [0x00000000d5580000, 0x00000000e0900000, 0x0000000100000000)
  eden space 105472K, 100% used [0x00000000d5580000,0x00000000dbc80000,0x00000000dbc80000)
  from space 12288K, 0% used [0x00000000dbc80000,0x00000000dbc80000,0x00000000dc880000)
  to   space 12288K, 0% used [0x00000000dfd00000,0x00000000dfd00000,0x00000000e0900000)
 ParOldGen       total 77824K, used 15044K [0x0000000080000000, 0x0000000084c00000, 0x00000000d5580000)
  object space 77824K, 19% used [0x0000000080000000,0x0000000080eb1068,0x0000000084c00000)
 Metaspace       used 36747K, capacity 38318K, committed 38360K, reserved 1083392K
  class space    used 5046K, capacity 5370K, committed 5376K, reserved 1048576K
Event: 12.349 GC heap after
Heap after GC invocations=12 (full 2):
 PSYoungGen      total 153600K, used 7237K [0x00000000d5580000, 0x00000000e0480000, 0x0000000100000000)
  eden space 145920K, 0% used [0x00000000d5580000,0x00000000d5580000,0x00000000de400000)
  from space 7680K, 94% used [0x00000000dfd00000,0x00000000e0411418,0x00000000e0480000)
  to   space 11776K, 0% used [0x00000000ded80000,0x00000000ded80000,0x00000000df900000)
 ParOldGen       total 77824K, used 15052K [0x0000000080000000, 0x0000000084c00000, 0x00000000d5580000)
  object space 77824K, 19% used [0x0000000080000000,0x0000000080eb3068,0x0000000084c00000)
 Metaspace       used 36747K, capacity 38318K, committed 38360K, reserved 1083392K
  class space    used 5046K, capacity 5370K, committed 5376K, reserved 1048576K
}
Event: 15.998 GC heap before
{Heap before GC invocations=13 (full 2):
 PSYoungGen      total 153600K, used 153157K [0x00000000d5580000, 0x00000000e0480000, 0x0000000100000000)
  eden space 145920K, 100% used [0x00000000d5580000,0x00000000de400000,0x00000000de400000)
  from space 7680K, 94% used [0x00000000dfd00000,0x00000000e0411418,0x00000000e0480000)
  to   space 11776K, 0% used [0x00000000ded80000,0x00000000ded80000,0x00000000df900000)
 ParOldGen       total 77824K, used 15052K [0x0000000080000000, 0x0000000084c00000, 0x00000000d5580000)
  object space 77824K, 19% used [0x0000000080000000,0x0000000080eb3068,0x0000000084c00000)
 Metaspace       used 51564K, capacity 53598K, committed 53720K, reserved 1095680K
  class space    used 6879K, capacity 7349K, committed 7424K, reserved 1048576K
Event: 16.032 GC heap after
Heap after GC invocations=13 (full 2):
 PSYoungGen      total 167424K, used 11753K [0x00000000d5580000, 0x00000000e3680000, 0x0000000100000000)
  eden space 155648K, 0% used [0x00000000d5580000,0x00000000d5580000,0x00000000ded80000)
  from space 11776K, 99% used [0x00000000ded80000,0x00000000df8fa628,0x00000000df900000)
  to   space 16896K, 0% used [0x00000000e2600000,0x00000000e2600000,0x00000000e3680000)
 ParOldGen       total 77824K, used 25597K [0x0000000080000000, 0x0000000084c00000, 0x00000000d5580000)
  object space 77824K, 32% used [0x0000000080000000,0x00000000818ff7d0,0x0000000084c00000)
 Metaspace       used 51564K, capacity 53598K, committed 53720K, reserved 1095680K
  class space    used 6879K, capacity 7349K, committed 7424K, reserved 1048576K
}
Event: 17.943 GC heap before
{Heap before GC invocations=14 (full 2):
 PSYoungGen      total 167424K, used 96111K [0x00000000d5580000, 0x00000000e3680000, 0x0000000100000000)
  eden space 155648K, 54% used [0x00000000d5580000,0x00000000da7e1788,0x00000000ded80000)
  from space 11776K, 99% used [0x00000000ded80000,0x00000000df8fa628,0x00000000df900000)
  to   space 16896K, 0% used [0x00000000e2600000,0x00000000e2600000,0x00000000e3680000)
 ParOldGen       total 77824K, used 25597K [0x0000000080000000, 0x0000000084c00000, 0x00000000d5580000)
  object space 77824K, 32% used [0x0000000080000000,0x00000000818ff7d0,0x0000000084c00000)
 Metaspace       used 56482K, capacity 58808K, committed 58968K, reserved 1099776K
  class space    used 7644K, capacity 8195K, committed 8320K, reserved 1048576K
Event: 17.979 GC heap after
Heap after GC invocations=14 (full 2):
 PSYoungGen      total 214016K, used 9831K [0x00000000d5580000, 0x00000000e3f80000, 0x0000000100000000)
  eden space 197120K, 0% used [0x00000000d5580000,0x00000000d5580000,0x00000000e1600000)
  from space 16896K, 58% used [0x00000000e2600000,0x00000000e2f99ff8,0x00000000e3680000)
  to   space 16384K, 0% used [0x00000000e1600000,0x00000000e1600000,0x00000000e2600000)
 ParOldGen       total 77824K, used 33444K [0x0000000080000000, 0x0000000084c00000, 0x00000000d5580000)
  object space 77824K, 42% used [0x0000000080000000,0x00000000820a9118,0x0000000084c00000)
 Metaspace       used 56482K, capacity 58808K, committed 58968K, reserved 1099776K
  class space    used 7644K, capacity 8195K, committed 8320K, reserved 1048576K
}
Event: 17.979 GC heap before
{Heap before GC invocations=15 (full 3):
 PSYoungGen      total 214016K, used 9831K [0x00000000d5580000, 0x00000000e3f80000, 0x0000000100000000)
  eden space 197120K, 0% used [0x00000000d5580000,0x00000000d5580000,0x00000000e1600000)
  from space 16896K, 58% used [0x00000000e2600000,0x00000000e2f99ff8,0x00000000e3680000)
  to   space 16384K, 0% used [0x00000000e1600000,0x00000000e1600000,0x00000000e2600000)
 ParOldGen       total 77824K, used 33444K [0x0000000080000000, 0x0000000084c00000, 0x00000000d5580000)
  object space 77824K, 42% used [0x0000000080000000,0x00000000820a9118,0x0000000084c00000)
 Metaspace       used 56482K, capacity 58808K, committed 58968K, reserved 1099776K
  class space    used 7644K, capacity 8195K, committed 8320K, reserved 1048576K
Event: 18.474 GC heap after
Heap after GC invocations=15 (full 3):
 PSYoungGen      total 214016K, used 0K [0x00000000d5580000, 0x00000000e3f80000, 0x0000000100000000)
  eden space 197120K, 0% used [0x00000000d5580000,0x00000000d5580000,0x00000000e1600000)
  from space 16896K, 0% used [0x00000000e2600000,0x00000000e2600000,0x00000000e3680000)
  to   space 16384K, 0% used [0x00000000e1600000,0x00000000e1600000,0x00000000e2600000)
 ParOldGen       total 77824K, used 34851K [0x0000000080000000, 0x0000000084c00000, 0x00000000d5580000)
  object space 77824K, 44% used [0x0000000080000000,0x0000000082208e18,0x0000000084c00000)
 Metaspace       used 56463K, capacity 58742K, committed 58968K, reserved 1099776K
  class space    used 7638K, capacity 8184K, committed 8320K, reserved 1048576K
}

Deoptimization events (10 events):
Event: 19.790 Thread 0x000000001c2f6800 Uncommon trap: reason=unstable_if action=reinterpret pc=0x0000000002e80438 method=sun.nio.fs.WindowsPathParser.isSlash(C)Z @ 9
Event: 19.790 Thread 0x000000001c2f6800 Uncommon trap: reason=unstable_if action=reinterpret pc=0x00000000037de454 method=sun.nio.fs.WindowsPathParser.isSlash(C)Z @ 9
Event: 19.826 Thread 0x000000001c2f6800 Uncommon trap: reason=unstable_if action=reinterpret pc=0x00000000035d92b8 method=com.esotericsoftware.kryo.io.Input.require(I)I @ 65
Event: 19.880 Thread 0x000000001c2f6800 Uncommon trap: reason=unstable_if action=reinterpret pc=0x0000000002d75b58 method=java.util.TreeMap.put(Ljava/lang/Object;Ljava/lang/Object;)Ljava/lang/Object; @ 163
Event: 20.067 Thread 0x000000001c2f6800 Uncommon trap: reason=bimorphic action=maybe_recompile pc=0x0000000002ca6e14 method=java.util.regex.Pattern$5.isSatisfiedBy(I)Z @ 16
Event: 20.067 Thread 0x000000001c2f6800 Uncommon trap: reason=bimorphic action=maybe_recompile pc=0x0000000002ca6e14 method=java.util.regex.Pattern$5.isSatisfiedBy(I)Z @ 16
Event: 20.067 Thread 0x000000001c2f6800 Uncommon trap: reason=bimorphic action=maybe_recompile pc=0x0000000002ca6e14 method=java.util.regex.Pattern$5.isSatisfiedBy(I)Z @ 16
Event: 20.067 Thread 0x000000001c2f6800 Uncommon trap: reason=bimorphic action=maybe_recompile pc=0x0000000002ca6e14 method=java.util.regex.Pattern$5.isSatisfiedBy(I)Z @ 16
Event: 20.957 Thread 0x000000001c2f6800 Uncommon trap: reason=unstable_if action=reinterpret pc=0x0000000003184c28 method=java.util.regex.Pattern$BmpCharProperty.match(Ljava/util/regex/Matcher;ILjava/lang/CharSequence;)Z @ 34
Event: 20.978 Thread 0x000000001c2f6800 Uncommon trap: reason=unstable_if action=reinterpret pc=0x00000000039ae0e8 method=com.sun.org.apache.xerces.internal.impl.XMLEntityScanner.scanLiteral(ILcom/sun/org/apache/xerces/internal/xni/XMLString;Z)I @ 660

Classes redefined (0 events):
No events

Internal exceptions (10 events):
Event: 19.688 Thread 0x000000001c2f6800 Exception <a 'java/lang/ClassNotFoundException': com/google/android/gms/dependencies/DependencyAnalyzerCustomizer> (0x00000000d8a0c250) thrown at [C:\src\AOSP-openjdk-git\hotspot\src\share\vm\classfile\systemDictionary.cpp, line 210]
Event: 19.711 Thread 0x000000001c2f6800 Exception <a 'java/lang/ClassNotFoundException': com/google/android/gms/dependencies/DependencyInspectorBeanInfo> (0x00000000d8aa81d0) thrown at [C:\src\AOSP-openjdk-git\hotspot\src\share\vm\classfile\systemDictionary.cpp, line 210]
Event: 19.712 Thread 0x000000001c2f6800 Exception <a 'java/lang/ClassNotFoundException': com/google/android/gms/dependencies/DependencyInspectorCustomizer> (0x00000000d8ac76d0) thrown at [C:\src\AOSP-openjdk-git\hotspot\src\share\vm\classfile\systemDictionary.cpp, line 210]
Event: 19.720 Thread 0x000000001c2f6800 Exception <a 'java/lang/ClassNotFoundException': org/gradle/invocation/DefaultGradle_DecoratedBeanInfo> (0x00000000d8b37a58) thrown at [C:\src\AOSP-openjdk-git\hotspot\src\share\vm\classfile\systemDictionary.cpp, line 210]
Event: 19.721 Thread 0x000000001c2f6800 Exception <a 'java/lang/ClassNotFoundException': org/gradle/invocation/DefaultGradleBeanInfo> (0x00000000d8b4e450) thrown at [C:\src\AOSP-openjdk-git\hotspot\src\share\vm\classfile\systemDictionary.cpp, line 210]
Event: 19.724 Thread 0x000000001c2f6800 Exception <a 'java/lang/ClassNotFoundException': org/gradle/invocation/DefaultGradleCustomizer> (0x00000000d8b65468) thrown at [C:\src\AOSP-openjdk-git\hotspot\src\share\vm\classfile\systemDictionary.cpp, line 210]
Event: 19.729 Thread 0x000000001c2f6800 Exception <a 'java/lang/ClassNotFoundException': org/gradle/invocation/DefaultGradle_DecoratedCustomizer> (0x00000000d8bc7028) thrown at [C:\src\AOSP-openjdk-git\hotspot\src\share\vm\classfile\systemDictionary.cpp, line 210]
Event: 19.956 Thread 0x000000001c2f6800 Exception <a 'java/lang/NoSuchMethodError': java.lang.Object.lambda$static$0(Lorg/gradle/api/internal/tasks/TaskDependencyResolveContext;)V> (0x00000000d92edca8) thrown at [C:\src\AOSP-openjdk-git\hotspot\src\share\vm\interpreter\linkResolver.cpp, line 62
Event: 20.149 Thread 0x000000001c2f6800 Exception <a 'java/lang/ClassNotFoundException': com/sun/org/glassfish/hk2/osgiresourcelocator/ServiceLoader> (0x00000000d99b1588) thrown at [C:\src\AOSP-openjdk-git\hotspot\src\share\vm\classfile\systemDictionary.cpp, line 210]
Event: 20.289 Thread 0x000000001c2f6800 Exception <a 'java/lang/NullPointerException'> (0x00000000d9ec4b68) thrown at [C:\src\AOSP-openjdk-git\hotspot\src\share\vm\interpreter\linkResolver.cpp, line 1287]

Events (10 events):
Event: 20.975 loading class org/xml/sax/ext/Locator2
Event: 20.975 loading class org/xml/sax/ext/Locator2 done
Event: 20.975 loading class com/sun/org/apache/xerces/internal/parsers/AbstractSAXParser$LocatorProxy done
Event: 20.978 Thread 0x000000001c2f6800 Uncommon trap: trap_request=0xffffff65 fr.pc=0x00000000039ae0e8
Event: 20.978 Thread 0x000000001c2f6800 DEOPT PACKING pc=0x00000000039ae0e8 sp=0x000000001e2daa90
Event: 20.978 Thread 0x000000001c2f6800 DEOPT UNPACKING pc=0x0000000002bb557b sp=0x000000001e2daa20 mode 2
Event: 20.982 loading class org/xml/sax/helpers/AttributesImpl
Event: 20.985 loading class org/xml/sax/helpers/AttributesImpl done
Event: 20.998 loading class java/util/regex/Pattern$Neg
Event: 20.999 loading class java/util/regex/Pattern$Neg done


Dynamic libraries:
0x00007ff7d5ed0000 - 0x00007ff7d5f01000 	C:\Program Files\Android\Android Studio\jre\bin\java.exe
0x00007fff45440000 - 0x00007fff4562d000 	C:\Windows\SYSTEM32\ntdll.dll
0x00007fff3d9d0000 - 0x00007fff3d9e2000 	D:\AVG\aswhook.dll
0x00007fff42f10000 - 0x00007fff42fc3000 	C:\Windows\System32\KERNEL32.DLL
0x00007fff417a0000 - 0x00007fff41a34000 	C:\Windows\System32\KERNELBASE.dll
0x00007fff432d0000 - 0x00007fff43373000 	C:\Windows\System32\ADVAPI32.dll
0x00007fff43230000 - 0x00007fff432ce000 	C:\Windows\System32\msvcrt.dll
0x00007fff43110000 - 0x00007fff431ae000 	C:\Windows\System32\sechost.dll
0x00007fff42bb0000 - 0x00007fff42cd2000 	C:\Windows\System32\RPCRT4.dll
0x00007fff42ce0000 - 0x00007fff42e77000 	C:\Windows\System32\USER32.dll
0x00007fff41a40000 - 0x00007fff41a60000 	C:\Windows\System32\win32u.dll
0x00007fff42ee0000 - 0x00007fff42f09000 	C:\Windows\System32\GDI32.dll
0x00007fff41c90000 - 0x00007fff41e2c000 	C:\Windows\System32\gdi32full.dll
0x00007fff42590000 - 0x00007fff42630000 	C:\Windows\System32\msvcp_win.dll
0x00007fff41680000 - 0x00007fff4177a000 	C:\Windows\System32\ucrtbase.dll
0x00007fff2dcf0000 - 0x00007fff2df69000 	C:\Windows\WinSxS\amd64_microsoft.windows.common-controls_6595b64144ccf1df_6.0.17763.1457_none_de7243e4534a70d1\COMCTL32.dll
0x00007fff42820000 - 0x00007fff42b4d000 	C:\Windows\System32\combase.dll
0x00007fff41550000 - 0x00007fff415ce000 	C:\Windows\System32\bcryptPrimitives.dll
0x00007fff45270000 - 0x00007fff4529e000 	C:\Windows\System32\IMM32.DLL
0x00000000732d0000 - 0x00000000733a2000 	C:\Program Files\Android\Android Studio\jre\jre\bin\msvcr100.dll
0x0000000073490000 - 0x0000000073cdb000 	C:\Program Files\Android\Android Studio\jre\jre\bin\server\jvm.dll
0x00007fff451b0000 - 0x00007fff451b8000 	C:\Windows\System32\PSAPI.DLL
0x00007fff2e5d0000 - 0x00007fff2e5d9000 	C:\Windows\SYSTEM32\WSOCK32.dll
0x00007fff43380000 - 0x00007fff433ed000 	C:\Windows\System32\WS2_32.dll
0x00007fff3f2a0000 - 0x00007fff3f2c4000 	C:\Windows\SYSTEM32\WINMM.dll
0x00007fff3bc20000 - 0x00007fff3bc2a000 	C:\Windows\SYSTEM32\VERSION.dll
0x00007fff3f240000 - 0x00007fff3f26d000 	C:\Windows\SYSTEM32\WINMMBASE.dll
0x00007fff41c40000 - 0x00007fff41c8a000 	C:\Windows\System32\cfgmgr32.dll
0x00007fff38ab0000 - 0x00007fff38abf000 	C:\Program Files\Android\Android Studio\jre\jre\bin\verify.dll
0x00007fff37ed0000 - 0x00007fff37ef9000 	C:\Program Files\Android\Android Studio\jre\jre\bin\java.dll
0x00007fff37eb0000 - 0x00007fff37ec6000 	C:\Program Files\Android\Android Studio\jre\jre\bin\zip.dll
0x00007fff43cb0000 - 0x00007fff451a9000 	C:\Windows\System32\SHELL32.dll
0x00007fff451c0000 - 0x00007fff45269000 	C:\Windows\System32\shcore.dll
0x00007fff41e30000 - 0x00007fff42582000 	C:\Windows\System32\windows.storage.dll
0x00007fff414c0000 - 0x00007fff414e4000 	C:\Windows\System32\profapi.dll
0x00007fff41440000 - 0x00007fff4149d000 	C:\Windows\System32\powrprof.dll
0x00007fff42b50000 - 0x00007fff42ba2000 	C:\Windows\System32\shlwapi.dll
0x00007fff414a0000 - 0x00007fff414b1000 	C:\Windows\System32\kernel.appcore.dll
0x00007fff41780000 - 0x00007fff41797000 	C:\Windows\System32\cryptsp.dll
0x00007fff37e90000 - 0x00007fff37eaa000 	C:\Program Files\Android\Android Studio\jre\jre\bin\net.dll
0x00007fff40c20000 - 0x00007fff40c87000 	C:\Windows\system32\mswsock.dll
0x00007fff37be0000 - 0x00007fff37bf3000 	C:\Program Files\Android\Android Studio\jre\jre\bin\nio.dll
0x00007fff28d00000 - 0x00007fff28d27000 	C:\Users\JFK\.gradle\native\f6784746aeab05261644944871eae4fe03e0ef1612fff0a4a95f87b438bc6780\windows-amd64\native-platform.dll
0x00007fff37bd0000 - 0x00007fff37bdd000 	C:\Program Files\Android\Android Studio\jre\jre\bin\management.dll
0x00007fff407a0000 - 0x00007fff407d3000 	C:\Windows\system32\rsaenh.dll
0x00007fff42630000 - 0x00007fff42656000 	C:\Windows\System32\bcrypt.dll
0x00007fff41310000 - 0x00007fff41338000 	C:\Windows\SYSTEM32\USERENV.dll
0x00007fff40df0000 - 0x00007fff40dfc000 	C:\Windows\SYSTEM32\CRYPTBASE.dll
0x00007fff40940000 - 0x00007fff4097d000 	C:\Windows\SYSTEM32\IPHLPAPI.DLL
0x00007fff43ca0000 - 0x00007fff43ca8000 	C:\Windows\System32\NSI.dll
0x00007fff3ad50000 - 0x00007fff3ad66000 	C:\Windows\SYSTEM32\dhcpcsvc6.DLL
0x00007fff3ae10000 - 0x00007fff3ae2c000 	C:\Windows\SYSTEM32\dhcpcsvc.DLL
0x00007fff40980000 - 0x00007fff40a47000 	C:\Windows\SYSTEM32\DNSAPI.dll
0x00007fff3b1a0000 - 0x00007fff3b1ab000 	C:\Windows\SYSTEM32\WINNSI.DLL

VM Arguments:
jvm_args: -Xmx2048m -Dfile.encoding=windows-1251 -Duser.country=RU -Duser.language=ru -Duser.variant 
java_command: org.gradle.launcher.daemon.bootstrap.GradleDaemon 6.5.1
java_class_path (initial): C:\Users\JFK\.gradle\wrapper\dists\gradle-6.5.1-all\cdund22i8guosqylfo49op4dv\gradle-6.5.1\lib\gradle-launcher-6.5.1.jar
Launcher Type: SUN_STANDARD

Environment Variables:
PATH=C:\Program Files (x86)\Intel\Intel(R) Management Engine Components\iCLS\;C:\Program Files\Intel\Intel(R) Management Engine Components\iCLS\;C:\Program Files (x86)\Common Files\Oracle\Java\javapath;C:\Windows\system32;C:\Windows;C:\Windows\System32\Wbem;C:\Windows\System32\WindowsPowerShell\v1.0\;C:\Windows\System32\OpenSSH\;C:\Program Files\Git\cmd;C:\Program Files (x86)\Intel\Intel(R) Management Engine Components\DAL;C:\Program Files\Intel\Intel(R) Management Engine Components\DAL;C:\Program Files (x86)\Intel\Intel(R) Management Engine Components\IPT;C:\Program Files\Intel\Intel(R) Management Engine Components\IPT;C:\Users\JFK\AppData\Local\Microsoft\WindowsApps;
USERNAME=JFK
OS=Windows_NT
PROCESSOR_IDENTIFIER=Intel64 Family 6 Model 142 Stepping 10, GenuineIntel



---------------  S Y S T E M  ---------------

OS: Windows 10.0 , 64 bit Build 17763 (10.0.17763.475)

CPU:total 8 (initial active 8) (4 cores per cpu, 2 threads per core) family 6 model 142 stepping 10, cmov, cx8, fxsr, mmx, sse, sse2, sse3, ssse3, sse4.1, sse4.2, popcnt, avx, avx2, aes, clmul, erms, 3dnowpref, lzcnt, ht, tsc, tscinvbit, bmi1, bmi2, adx

Memory: 4k page, physical 8283976k(441908k free), swap 11405128k(6476k free)

vm_info: OpenJDK 64-Bit Server VM (25.242-b01) for windows-amd64 JRE (1.8.0_242-release-1644-b01), built by "builder" with MS VC++ 10.0 (VS2010)

time: Sat Oct 03 12:52:40 2020
timezone: RTZ 2 (зима)
elapsed time: 21 seconds (0d 0h 0m 21s)

