#
# There is insufficient memory for the Java Runtime Environment to continue.
# Native memory allocation (malloc) failed to allocate 1027376 bytes for Chunk::new
# Possible reasons:
#   The system is out of physical RAM or swap space
#   The process is running with CompressedOops enabled, and the Java Heap may be blocking the growth of the native heap
# Possible solutions:
#   Reduce memory load on the system
#   Increase physical memory or swap space
#   Check if swap backing store is full
#   Decrease Java heap size (-Xmx/-Xms)
#   Decrease number of Java threads
#   Decrease Java thread stack sizes (-Xss)
#   Set larger code cache with -XX:ReservedCodeCacheSize=
#   JVM is running with Unscaled Compressed Oops mode in which the Java heap is
#     placed in the first 4GB address space. The Java Heap base address is the
#     maximum limit for the native heap growth. Please use -XX:HeapBaseMinAddress
#     to set the Java Heap base and to place the Java Heap above 4GB virtual address.
# This output file may be truncated or incomplete.
#
#  Out of Memory Error (allocation.cpp:389), pid=6772, tid=0x0000000000002c70
#
# JRE version: OpenJDK Runtime Environment (8.0_242-b01) (build 1.8.0_242-release-1644-b01)
# Java VM: OpenJDK 64-Bit Server VM (25.242-b01 mixed mode windows-amd64 compressed oops)
# Failed to write core dump. Minidumps are not enabled by default on client versions of Windows
#

---------------  T H R E A D  ---------------

Current thread (0x0000000017d8b800):  JavaThread "C2 CompilerThread1" daemon [_thread_in_native, id=11376, stack(0x000000001a550000,0x000000001a650000)]

Stack: [0x000000001a550000,0x000000001a650000]
[error occurred during error reporting (printing stack bounds), id 0xc0000005]

Native frames: (J=compiled Java code, j=interpreted, Vv=VM code, C=native code)


Current CompileTask:
C2:  28443 6689       4       org.objectweb.asm.Frame::execute (2318 bytes)


---------------  P R O C E S S  ---------------

Java Threads: ( => current thread )
  0x00000000252d0000 JavaThread "Cache worker for execution history cache (D:\AndroidStudioProjects\CategoryQuizApp\.gradle\6.5.1\executionHistory)" [_thread_blocked, id=5944, stack(0x000000002f520000,0x000000002f620000)]
  0x00000000252cd000 JavaThread "Memory manager" [_thread_blocked, id=8644, stack(0x000000002e3a0000,0x000000002e4a0000)]
  0x00000000252d1000 JavaThread "Cache worker for Build Output Cleanup Cache (D:\AndroidStudioProjects\CategoryQuizApp\.gradle\buildOutputCleanup)" [_thread_blocked, id=6708, stack(0x000000002dea0000,0x000000002dfa0000)]
  0x00000000252d3000 JavaThread "jar transforms Thread 111" [_thread_blocked, id=7592, stack(0x000000002ce60000,0x000000002cf60000)]
  0x000000001f173000 JavaThread "jar transforms Thread 110" [_thread_blocked, id=1744, stack(0x000000002cd60000,0x000000002ce60000)]
  0x000000001f172000 JavaThread "jar transforms Thread 109" [_thread_blocked, id=3916, stack(0x000000002cc60000,0x000000002cd60000)]
  0x000000001f174800 JavaThread "jar transforms Thread 108" [_thread_blocked, id=12664, stack(0x000000002cb60000,0x000000002cc60000)]
  0x000000001f170800 JavaThread "jar transforms Thread 107" [_thread_blocked, id=5720, stack(0x000000002ca60000,0x000000002cb60000)]
  0x000000001f170000 JavaThread "jar transforms Thread 106" [_thread_blocked, id=12984, stack(0x000000002c960000,0x000000002ca60000)]
  0x000000001f176000 JavaThread "jar transforms Thread 105" [_thread_blocked, id=6912, stack(0x000000002c860000,0x000000002c960000)]
  0x000000001f16f000 JavaThread "jar transforms Thread 104" [_thread_blocked, id=11872, stack(0x000000002c760000,0x000000002c860000)]
  0x000000001f173800 JavaThread "jar transforms Thread 103" [_thread_blocked, id=3580, stack(0x000000002c660000,0x000000002c760000)]
  0x000000001f175000 JavaThread "jar transforms Thread 102" [_thread_blocked, id=3820, stack(0x000000002c560000,0x000000002c660000)]
  0x000000001f171800 JavaThread "jar transforms Thread 101" [_thread_blocked, id=11556, stack(0x000000002c460000,0x000000002c560000)]
  0x000000001f167800 JavaThread "jar transforms Thread 100" [_thread_blocked, id=10972, stack(0x000000002c360000,0x000000002c460000)]
  0x000000001f16e800 JavaThread "jar transforms Thread 99" [_thread_blocked, id=8960, stack(0x000000002c260000,0x000000002c360000)]
  0x000000001f166800 JavaThread "jar transforms Thread 98" [_thread_blocked, id=3960, stack(0x000000002c160000,0x000000002c260000)]
  0x000000001f168000 JavaThread "jar transforms Thread 97" [_thread_blocked, id=13048, stack(0x000000002c060000,0x000000002c160000)]
  0x000000001f16d800 JavaThread "jar transforms Thread 96" [_thread_blocked, id=5212, stack(0x000000002bf60000,0x000000002c060000)]
  0x000000001f16b800 JavaThread "jar transforms Thread 95" [_thread_blocked, id=13168, stack(0x000000002be60000,0x000000002bf60000)]
  0x000000001f16a800 JavaThread "jar transforms Thread 94" [_thread_blocked, id=1804, stack(0x000000002bd60000,0x000000002be60000)]
  0x000000001f169000 JavaThread "jar transforms Thread 93" [_thread_blocked, id=5252, stack(0x000000002bc60000,0x000000002bd60000)]
  0x000000001f16a000 JavaThread "jar transforms Thread 92" [_thread_blocked, id=13280, stack(0x000000002bb60000,0x000000002bc60000)]
  0x000000001f16d000 JavaThread "jar transforms Thread 91" [_thread_blocked, id=4156, stack(0x000000002ba60000,0x000000002bb60000)]
  0x000000001f16c000 JavaThread "jar transforms Thread 90" [_thread_blocked, id=1372, stack(0x000000002b960000,0x000000002ba60000)]
  0x000000001fb18800 JavaThread "jar transforms Thread 89" [_thread_blocked, id=10280, stack(0x000000002b860000,0x000000002b960000)]
  0x000000001fb17000 JavaThread "jar transforms Thread 88" [_thread_blocked, id=3576, stack(0x000000002b760000,0x000000002b860000)]
  0x000000001fb16000 JavaThread "jar transforms Thread 87" [_thread_blocked, id=9788, stack(0x000000002b660000,0x000000002b760000)]
  0x000000001fb15800 JavaThread "jar transforms Thread 86" [_thread_blocked, id=9748, stack(0x000000002b560000,0x000000002b660000)]
  0x000000001fb17800 JavaThread "jar transforms Thread 85" [_thread_blocked, id=9752, stack(0x000000002b460000,0x000000002b560000)]
  0x000000001fb14800 JavaThread "jar transforms Thread 84" [_thread_blocked, id=12328, stack(0x000000002b360000,0x000000002b460000)]
  0x000000001fb0d000 JavaThread "jar transforms Thread 83" [_thread_blocked, id=1624, stack(0x000000002b260000,0x000000002b360000)]
  0x000000001fb14000 JavaThread "jar transforms Thread 82" [_thread_blocked, id=10068, stack(0x000000002b160000,0x000000002b260000)]
  0x000000001fb0c000 JavaThread "jar transforms Thread 81" [_thread_blocked, id=3968, stack(0x000000002b060000,0x000000002b160000)]
  0x000000001fb13000 JavaThread "jar transforms Thread 80" [_thread_blocked, id=8632, stack(0x000000002af60000,0x000000002b060000)]
  0x000000001fb0b800 JavaThread "jar transforms Thread 79" [_thread_blocked, id=4872, stack(0x000000002ae60000,0x000000002af60000)]
  0x000000001fb12000 JavaThread "jar transforms Thread 78" [_thread_blocked, id=12684, stack(0x000000002ad60000,0x000000002ae60000)]
  0x000000001fb11800 JavaThread "jar transforms Thread 77" [_thread_blocked, id=12176, stack(0x000000002ac60000,0x000000002ad60000)]
  0x000000001fb0f000 JavaThread "jar transforms Thread 76" [_thread_blocked, id=1252, stack(0x000000002ab60000,0x000000002ac60000)]
  0x000000001fb0d800 JavaThread "jar transforms Thread 75" [_thread_blocked, id=9196, stack(0x000000002aa60000,0x000000002ab60000)]
  0x000000001fb0a000 JavaThread "jar transforms Thread 74" [_thread_blocked, id=12652, stack(0x000000002a960000,0x000000002aa60000)]
  0x000000001fb0e800 JavaThread "jar transforms Thread 73" [_thread_blocked, id=11048, stack(0x000000002a860000,0x000000002a960000)]
  0x000000001fb10800 JavaThread "jar transforms Thread 72" [_thread_blocked, id=13232, stack(0x000000002a760000,0x000000002a860000)]
  0x000000001fb09000 JavaThread "jar transforms Thread 71" [_thread_blocked, id=9648, stack(0x000000002a660000,0x000000002a760000)]
  0x000000001fb10000 JavaThread "jar transforms Thread 70" [_thread_blocked, id=13152, stack(0x000000002a560000,0x000000002a660000)]
  0x000000001fb0a800 JavaThread "jar transforms Thread 69" [_thread_blocked, id=1116, stack(0x000000002a460000,0x000000002a560000)]
  0x000000001f35d000 JavaThread "jar transforms Thread 68" [_thread_blocked, id=12416, stack(0x000000002a360000,0x000000002a460000)]
  0x000000001f35b000 JavaThread "jar transforms Thread 67" [_thread_blocked, id=9584, stack(0x000000002a260000,0x000000002a360000)]
  0x000000001f35a000 JavaThread "jar transforms Thread 66" [_thread_blocked, id=6620, stack(0x000000002a160000,0x000000002a260000)]
  0x000000001f35b800 JavaThread "jar transforms Thread 65" [_thread_blocked, id=1484, stack(0x000000002a060000,0x000000002a160000)]
  0x000000001f358800 JavaThread "jar transforms Thread 64" [_thread_blocked, id=13100, stack(0x0000000029f60000,0x000000002a060000)]
  0x000000001f357000 JavaThread "jar transforms Thread 63" [_thread_blocked, id=9404, stack(0x0000000029e60000,0x0000000029f60000)]
  0x000000001f359800 JavaThread "jar transforms Thread 62" [_thread_blocked, id=2076, stack(0x0000000029d60000,0x0000000029e60000)]
  0x000000001f356800 JavaThread "jar transforms Thread 61" [_thread_blocked, id=1348, stack(0x0000000029c60000,0x0000000029d60000)]
  0x000000001f358000 JavaThread "jar transforms Thread 60" [_thread_blocked, id=8208, stack(0x0000000029b60000,0x0000000029c60000)]
  0x000000001f35c800 JavaThread "jar transforms Thread 59" [_thread_blocked, id=9904, stack(0x0000000029a60000,0x0000000029b60000)]
  0x000000001f34f000 JavaThread "jar transforms Thread 58" [_thread_blocked, id=2068, stack(0x0000000029960000,0x0000000029a60000)]
  0x000000001f355800 JavaThread "jar transforms Thread 57" [_thread_blocked, id=12440, stack(0x0000000029860000,0x0000000029960000)]
  0x000000001f34e000 JavaThread "jar transforms Thread 56" [_thread_blocked, id=7256, stack(0x0000000029760000,0x0000000029860000)]
  0x000000001f355000 JavaThread "jar transforms Thread 55" [_thread_blocked, id=6076, stack(0x0000000029660000,0x0000000029760000)]
  0x000000001f353800 JavaThread "jar transforms Thread 54" [_thread_blocked, id=11756, stack(0x0000000029560000,0x0000000029660000)]
  0x000000001f352000 JavaThread "jar transforms Thread 53" [_thread_blocked, id=12508, stack(0x0000000029460000,0x0000000029560000)]
  0x000000001f351000 JavaThread "jar transforms Thread 52" [_thread_blocked, id=5044, stack(0x0000000029360000,0x0000000029460000)]
  0x000000001f350800 JavaThread "jar transforms Thread 51" [_thread_blocked, id=1816, stack(0x0000000029260000,0x0000000029360000)]
  0x000000001f354000 JavaThread "jar transforms Thread 50" [_thread_blocked, id=10620, stack(0x0000000029160000,0x0000000029260000)]
  0x000000001f352800 JavaThread "jar transforms Thread 49" [_thread_blocked, id=7584, stack(0x0000000029060000,0x0000000029160000)]
  0x000000001f34f800 JavaThread "jar transforms Thread 48" [_thread_blocked, id=2052, stack(0x0000000028f60000,0x0000000029060000)]
  0x000000001f6dc000 JavaThread "jar transforms Thread 47" [_thread_blocked, id=11024, stack(0x0000000028e60000,0x0000000028f60000)]
  0x000000001f6e0800 JavaThread "jar transforms Thread 46" [_thread_blocked, id=9740, stack(0x0000000028d60000,0x0000000028e60000)]
  0x000000001f6d9000 JavaThread "jar transforms Thread 45" [_thread_blocked, id=11404, stack(0x0000000028c60000,0x0000000028d60000)]
  0x000000001f6db800 JavaThread "jar transforms Thread 44" [_thread_blocked, id=13080, stack(0x0000000028b60000,0x0000000028c60000)]
  0x000000001f6e0000 JavaThread "jar transforms Thread 43" [_thread_blocked, id=5992, stack(0x0000000028a60000,0x0000000028b60000)]
  0x000000001f6dd800 JavaThread "jar transforms Thread 42" [_thread_blocked, id=10860, stack(0x0000000028960000,0x0000000028a60000)]
  0x000000001f6da800 JavaThread "jar transforms Thread 41" [_thread_blocked, id=10824, stack(0x0000000028860000,0x0000000028960000)]
  0x000000001f6dd000 JavaThread "jar transforms Thread 40" [_thread_blocked, id=13064, stack(0x0000000028760000,0x0000000028860000)]
  0x000000001f6df000 JavaThread "jar transforms Thread 39" [_thread_blocked, id=7052, stack(0x0000000028660000,0x0000000028760000)]
  0x000000001f6de800 JavaThread "jar transforms Thread 38" [_thread_blocked, id=7040, stack(0x0000000028560000,0x0000000028660000)]
  0x000000001f6da000 JavaThread "jar transforms Thread 37" [_thread_blocked, id=8884, stack(0x0000000028460000,0x0000000028560000)]
  0x000000001f6d1800 JavaThread "jar transforms Thread 36" [_thread_blocked, id=8592, stack(0x0000000028360000,0x0000000028460000)]
  0x000000001f6d3000 JavaThread "jar transforms Thread 35" [_thread_blocked, id=12728, stack(0x0000000028260000,0x0000000028360000)]
  0x000000001f6d7000 JavaThread "jar transforms Thread 34" [_thread_blocked, id=7508, stack(0x0000000028160000,0x0000000028260000)]
  0x000000001f6d6000 JavaThread "jar transforms Thread 33" [_thread_blocked, id=10612, stack(0x0000000028060000,0x0000000028160000)]
  0x000000001f6d2800 JavaThread "jar transforms Thread 32" [_thread_blocked, id=2740, stack(0x0000000027f60000,0x0000000028060000)]
  0x000000001f6d4800 JavaThread "jar transforms Thread 31" [_thread_blocked, id=5264, stack(0x0000000027e60000,0x0000000027f60000)]
  0x000000001f6d8800 JavaThread "jar transforms Thread 30" [_thread_blocked, id=1432, stack(0x0000000027d60000,0x0000000027e60000)]
  0x000000001f6d5800 JavaThread "jar transforms Thread 29" [_thread_blocked, id=10080, stack(0x0000000027c60000,0x0000000027d60000)]
  0x000000001f6d4000 JavaThread "jar transforms Thread 28" [_thread_blocked, id=2564, stack(0x0000000027b60000,0x0000000027c60000)]
  0x000000001f6d7800 JavaThread "jar transforms Thread 27" [_thread_blocked, id=844, stack(0x0000000027a60000,0x0000000027b60000)]
  0x000000002146c000 JavaThread "jar transforms Thread 26" [_thread_blocked, id=2340, stack(0x0000000027960000,0x0000000027a60000)]
  0x000000002146a800 JavaThread "jar transforms Thread 25" [_thread_blocked, id=12492, stack(0x0000000027860000,0x0000000027960000)]
  0x000000002146b800 JavaThread "jar transforms Thread 24" [_thread_blocked, id=7936, stack(0x0000000027760000,0x0000000027860000)]
  0x000000002146a000 JavaThread "jar transforms Thread 23" [_thread_blocked, id=13172, stack(0x0000000027660000,0x0000000027760000)]
  0x0000000021470000 JavaThread "jar transforms Thread 22" [_thread_blocked, id=5356, stack(0x0000000027560000,0x0000000027660000)]
  0x000000002146d800 JavaThread "jar transforms Thread 21" [_thread_blocked, id=11056, stack(0x0000000027460000,0x0000000027560000)]
  0x000000002146e800 JavaThread "jar transforms Thread 20" [_thread_blocked, id=3480, stack(0x0000000027360000,0x0000000027460000)]
  0x000000002146f000 JavaThread "jar transforms Thread 19" [_thread_blocked, id=4304, stack(0x0000000027260000,0x0000000027360000)]
  0x000000002146d000 JavaThread "Build operations Thread 8" [_thread_blocked, id=13156, stack(0x0000000027160000,0x0000000027260000)]
  0x0000000021463000 JavaThread "Build operations Thread 7" [_thread_blocked, id=3488, stack(0x0000000027060000,0x0000000027160000)]
  0x0000000021469000 JavaThread "Build operations Thread 6" [_thread_blocked, id=12324, stack(0x0000000026f60000,0x0000000027060000)]
  0x0000000021468800 JavaThread "Build operations Thread 5" [_thread_blocked, id=11888, stack(0x0000000024e70000,0x0000000024f70000)]
  0x0000000021467800 JavaThread "Build operations Thread 4" [_thread_blocked, id=5704, stack(0x0000000024d70000,0x0000000024e70000)]
  0x0000000021467000 JavaThread "Build operations Thread 3" [_thread_blocked, id=5724, stack(0x0000000024c70000,0x0000000024d70000)]
  0x0000000021461000 JavaThread "Build operations Thread 2" [_thread_blocked, id=11752, stack(0x0000000024b70000,0x0000000024c70000)]
  0x0000000021464000 JavaThread "Build operations" [_thread_blocked, id=1760, stack(0x0000000024a70000,0x0000000024b70000)]
  0x0000000021464800 JavaThread "Cache worker for file content cache (C:\Users\JFK\.gradle\caches\6.5.1\fileContent)" [_thread_blocked, id=8888, stack(0x0000000024170000,0x0000000024270000)]
  0x000000001ab8b800 JavaThread "Cache worker for execution history cache (C:\Users\JFK\.gradle\caches\6.5.1\executionHistory)" [_thread_blocked, id=12704, stack(0x0000000023c70000,0x0000000023d70000)]
  0x000000001ab89000 JavaThread "Cache worker for cache directory md-rule (C:\Users\JFK\.gradle\caches\6.5.1\md-rule)" [_thread_blocked, id=5288, stack(0x0000000023970000,0x0000000023a70000)]
  0x000000001ab8c000 JavaThread "Cache worker for cache directory md-supplier (C:\Users\JFK\.gradle\caches\6.5.1\md-supplier)" [_thread_blocked, id=2136, stack(0x0000000023870000,0x0000000023970000)]
  0x000000001ab88800 JavaThread "Cache worker for checksums cache (D:\AndroidStudioProjects\CategoryQuizApp\.gradle\checksums)" [_thread_blocked, id=9772, stack(0x0000000023770000,0x0000000023870000)]
  0x000000001ab8e800 JavaThread "jar transforms Thread 18" [_thread_blocked, id=7800, stack(0x0000000023670000,0x0000000023770000)]
  0x000000001ab8d000 JavaThread "jar transforms Thread 17" [_thread_blocked, id=3544, stack(0x0000000023570000,0x0000000023670000)]
  0x000000001ab8a000 JavaThread "jar transforms Thread 16" [_thread_blocked, id=6376, stack(0x0000000023470000,0x0000000023570000)]
  0x000000001ab87800 JavaThread "jar transforms Thread 15" [_thread_blocked, id=1848, stack(0x0000000023370000,0x0000000023470000)]
  0x000000001ab8e000 JavaThread "jar transforms Thread 14" [_thread_blocked, id=1384, stack(0x0000000023270000,0x0000000023370000)]
  0x000000001ab80000 JavaThread "jar transforms Thread 13" [_thread_blocked, id=11036, stack(0x0000000023170000,0x0000000023270000)]
  0x000000001ab87000 JavaThread "jar transforms Thread 12" [_thread_blocked, id=8452, stack(0x0000000023070000,0x0000000023170000)]
  0x000000001ab84800 JavaThread "jar transforms Thread 11" [_thread_blocked, id=9600, stack(0x0000000022f70000,0x0000000023070000)]
  0x000000001ab7f800 JavaThread "jar transforms Thread 10" [_thread_blocked, id=9592, stack(0x0000000022e70000,0x0000000022f70000)]
  0x000000001ab84000 JavaThread "jar transforms Thread 9" [_thread_blocked, id=7172, stack(0x0000000022d70000,0x0000000022e70000)]
  0x000000001ab83000 JavaThread "jar transforms Thread 8" [_thread_blocked, id=5296, stack(0x0000000022c70000,0x0000000022d70000)]
  0x000000001ab82800 JavaThread "jar transforms Thread 7" [_thread_blocked, id=3460, stack(0x0000000022b70000,0x0000000022c70000)]
  0x000000001ab81800 JavaThread "jar transforms Thread 6" [_thread_blocked, id=10844, stack(0x0000000022a70000,0x0000000022b70000)]
  0x000000001ab81000 JavaThread "jar transforms Thread 5" [_thread_blocked, id=1216, stack(0x0000000022970000,0x0000000022a70000)]
  0x000000001ab86000 JavaThread "jar transforms Thread 4" [_thread_blocked, id=9616, stack(0x0000000022870000,0x0000000022970000)]
  0x000000001ab85800 JavaThread "jar transforms Thread 3" [_thread_blocked, id=13308, stack(0x0000000022770000,0x0000000022870000)]
  0x000000001b448800 JavaThread "jar transforms Thread 2" [_thread_blocked, id=13256, stack(0x0000000022670000,0x0000000022770000)]
  0x000000001b446800 JavaThread "jar transforms" [_thread_blocked, id=10308, stack(0x0000000022570000,0x0000000022670000)]
  0x000000001b448000 JavaThread "Cache worker for file hash cache (D:\AndroidStudioProjects\CategoryQuizApp\.gradle\6.5.1\fileHashes)" [_thread_blocked, id=11648, stack(0x0000000022470000,0x0000000022570000)]
  0x000000001b449800 JavaThread "Cache worker for file hash cache (C:\Users\JFK\.gradle\caches\6.5.1\fileHashes)" [_thread_blocked, id=7108, stack(0x000000001eb80000,0x000000001ec80000)]
  0x000000001b447000 JavaThread "File lock request listener" [_thread_in_native, id=12232, stack(0x000000001ea80000,0x000000001eb80000)]
  0x000000001b44a800 JavaThread "Cache worker for journal cache (C:\Users\JFK\.gradle\caches\journal-1)" [_thread_blocked, id=10384, stack(0x000000001e980000,0x000000001ea80000)]
  0x000000001b5ef800 JavaThread "Thread-9" [_thread_blocked, id=1300, stack(0x000000001e680000,0x000000001e780000)]
  0x000000001b5ec800 JavaThread "Stdin handler" [_thread_blocked, id=11828, stack(0x000000001e580000,0x000000001e680000)]
  0x000000001b5ea000 JavaThread "Asynchronous log dispatcher for DefaultDaemonConnection: socket connection from /127.0.0.1:6081 to /127.0.0.1:6082" [_thread_blocked, id=12604, stack(0x000000001e480000,0x000000001e580000)]
  0x000000001b186000 JavaThread "Daemon worker" [_thread_in_native, id=11380, stack(0x000000001e380000,0x000000001e480000)]
  0x000000001aafd000 JavaThread "Cancel handler" [_thread_blocked, id=5388, stack(0x000000001e180000,0x000000001e280000)]
  0x000000001b12e000 JavaThread "Handler for socket connection from /127.0.0.1:6081 to /127.0.0.1:6082" [_thread_in_native, id=12104, stack(0x000000001e080000,0x000000001e180000)]
  0x000000001b12b800 JavaThread "Daemon" [_thread_blocked, id=2876, stack(0x000000001df80000,0x000000001e080000)]
  0x000000001b667000 JavaThread "Daemon periodic checks" [_thread_blocked, id=1812, stack(0x000000001dc80000,0x000000001dd80000)]
  0x000000001bd55800 JavaThread "Incoming local TCP Connector on port 6081" [_thread_in_native, id=12228, stack(0x000000001da30000,0x000000001db30000)]
  0x0000000019cb4800 JavaThread "Daemon health stats" [_thread_blocked, id=9640, stack(0x000000001d3f0000,0x000000001d4f0000)]
  0x0000000019b97000 JavaThread "Service Thread" daemon [_thread_blocked, id=3504, stack(0x000000001a850000,0x000000001a950000)]
  0x0000000019b8c000 JavaThread "C1 CompilerThread3" daemon [_thread_blocked, id=7760, stack(0x000000001a750000,0x000000001a850000)]
  0x0000000019b88000 JavaThread "C2 CompilerThread2" daemon [_thread_in_native, id=1408, stack(0x000000001a650000,0x000000001a750000)]
=>0x0000000017d8b800 JavaThread "C2 CompilerThread1" daemon [_thread_in_native, id=11376, stack(0x000000001a550000,0x000000001a650000)]
  0x0000000019b83800 JavaThread "C2 CompilerThread0" daemon [_thread_in_native, id=9228, stack(0x000000001a450000,0x000000001a550000)]
  0x0000000019b82800 JavaThread "Attach Listener" daemon [_thread_blocked, id=12412, stack(0x000000001a350000,0x000000001a450000)]
  0x0000000019b86000 JavaThread "Signal Dispatcher" daemon [_thread_blocked, id=3508, stack(0x000000001a250000,0x000000001a350000)]
  0x0000000002d0c800 JavaThread "Finalizer" daemon [_thread_blocked, id=9328, stack(0x000000001a050000,0x000000001a150000)]
  0x0000000019b70800 JavaThread "Reference Handler" daemon [_thread_blocked, id=10116, stack(0x0000000019f50000,0x000000001a050000)]
  0x0000000002a8d800 JavaThread "main" [_thread_blocked, id=10108, stack(0x0000000002b10000,0x0000000002c10000)]

Other Threads:
  0x0000000017d78000 VMThread [stack: 0x0000000019a50000,0x0000000019b50000] [id=1576]
  0x0000000019b97800 WatcherThread [stack: 0x000000001a950000,0x000000001aa50000] [id=9148]

VM state:not at safepoint (normal execution)

VM Mutex/Monitor currently owned by a thread: None

heap address: 0x0000000080000000, size: 2048 MB, Compressed Oops mode: 32-bit
Narrow klass base: 0x0000000000000000, Narrow klass shift: 3
Compressed class space size: 1073741824 Address: 0x0000000100000000

Heap:
 PSYoungGen      total 202240K, used 55028K [0x00000000d5580000, 0x00000000e5200000, 0x0000000100000000)
  eden space 185344K, 20% used [0x00000000d5580000,0x00000000d7b497b8,0x00000000e0a80000)
  from space 16896K, 96% used [0x00000000e0a80000,0x00000000e1a73b40,0x00000000e1b00000)
  to   space 18944K, 0% used [0x00000000e3f80000,0x00000000e3f80000,0x00000000e5200000)
 ParOldGen       total 134656K, used 36823K [0x0000000080000000, 0x0000000088380000, 0x00000000d5580000)
  object space 134656K, 27% used [0x0000000080000000,0x00000000823f5e40,0x0000000088380000)
 Metaspace       used 67982K, capacity 70998K, committed 71128K, reserved 1110016K
  class space    used 9313K, capacity 9915K, committed 9984K, reserved 1048576K

Card table byte_map: [0x00000000120d0000,0x00000000124e0000] byte_map_base: 0x0000000011cd0000

Marking Bits: (ParMarkBitMap*) 0x0000000073c5f030
 Begin Bits: [0x0000000012f90000, 0x0000000014f90000)
 End Bits:   [0x0000000014f90000, 0x0000000016f90000)

Polling page: 0x00000000029c0000

CodeCache: size=245760Kb used=21171Kb max_used=21287Kb free=224588Kb
 bounds [0x0000000002d10000, 0x00000000041f0000, 0x0000000011d10000]
 total_blobs=6922 nmethods=6127 adapters=706
 compilation: enabled

Compilation events (10 events):
Event: 28.422 Thread 0x0000000019b8c000 nmethod 6953 0x0000000003845e10 code [0x0000000003845f60, 0x0000000003846070]
Event: 28.422 Thread 0x0000000019b8c000 6954       1       org.gradle.api.internal.artifacts.ivyservice.ivyresolve.strategy.VersionParser$DefaultVersion::getNumericParts (5 bytes)
Event: 28.422 Thread 0x0000000019b8c000 nmethod 6954 0x0000000003845b50 code [0x0000000003845ca0, 0x0000000003845db0]
Event: 28.437 Thread 0x0000000019b8c000 6957       3       org.gradle.api.internal.artifacts.ivyservice.ivyresolve.CachedMetadataProvider::<init> (69 bytes)
Event: 28.438 Thread 0x0000000019b8c000 nmethod 6957 0x00000000038451d0 code [0x0000000003845380, 0x00000000038458f8]
Event: 28.438 Thread 0x0000000019b8c000 6958       3       org.gradle.internal.component.external.model.maven.DefaultMavenModuleResolveMetadata::populateConfigurationFromDescriptor (34 bytes)
Event: 28.439 Thread 0x0000000019b8c000 nmethod 6958 0x0000000002fcd110 code [0x0000000002fcd2e0, 0x0000000002fcd9e8]
Event: 28.439 Thread 0x0000000019b8c000 6959       3       org.gradle.internal.component.external.model.AbstractLazyModuleComponentResolveMetadata::constructHierarchy (39 bytes)
Event: 28.440 Thread 0x0000000019b8c000 nmethod 6959 0x0000000002f51510 code [0x0000000002f51720, 0x0000000002f521a8]
Event: 28.441 Thread 0x0000000019b8c000 6960       3       org.gradle.internal.component.external.model.maven.DefaultMavenModuleResolveMetadata::createConfiguration (53 bytes)

GC Heap History (10 events):
Event: 14.148 GC heap before
{Heap before GC invocations=12 (full 2):
 PSYoungGen      total 121856K, used 110080K [0x00000000d5580000, 0x00000000e0700000, 0x0000000100000000)
  eden space 110080K, 100% used [0x00000000d5580000,0x00000000dc100000,0x00000000dc100000)
  from space 11776K, 0% used [0x00000000dc100000,0x00000000dc100000,0x00000000dcc80000)
  to   space 11776K, 0% used [0x00000000dfb80000,0x00000000dfb80000,0x00000000e0700000)
 ParOldGen       total 80896K, used 14935K [0x0000000080000000, 0x0000000084f00000, 0x00000000d5580000)
  object space 80896K, 18% used [0x0000000080000000,0x0000000080e95cb8,0x0000000084f00000)
 Metaspace       used 38384K, capacity 40220K, committed 40408K, reserved 1083392K
  class space    used 5277K, capacity 5629K, committed 5632K, reserved 1048576K
Event: 14.164 GC heap after
Heap after GC invocations=12 (full 2):
 PSYoungGen      total 153600K, used 9346K [0x00000000d5580000, 0x00000000e0500000, 0x0000000100000000)
  eden space 143872K, 0% used [0x00000000d5580000,0x00000000d5580000,0x00000000de200000)
  from space 9728K, 96% used [0x00000000dfb80000,0x00000000e04a0810,0x00000000e0500000)
  to   space 12288K, 0% used [0x00000000ded00000,0x00000000ded00000,0x00000000df900000)
 ParOldGen       total 80896K, used 14943K [0x0000000080000000, 0x0000000084f00000, 0x00000000d5580000)
  object space 80896K, 18% used [0x0000000080000000,0x0000000080e97cb8,0x0000000084f00000)
 Metaspace       used 38384K, capacity 40220K, committed 40408K, reserved 1083392K
  class space    used 5277K, capacity 5629K, committed 5632K, reserved 1048576K
}
Event: 17.612 GC heap before
{Heap before GC invocations=13 (full 2):
 PSYoungGen      total 153600K, used 153218K [0x00000000d5580000, 0x00000000e0500000, 0x0000000100000000)
  eden space 143872K, 100% used [0x00000000d5580000,0x00000000de200000,0x00000000de200000)
  from space 9728K, 96% used [0x00000000dfb80000,0x00000000e04a0810,0x00000000e0500000)
  to   space 12288K, 0% used [0x00000000ded00000,0x00000000ded00000,0x00000000df900000)
 ParOldGen       total 80896K, used 14943K [0x0000000080000000, 0x0000000084f00000, 0x00000000d5580000)
  object space 80896K, 18% used [0x0000000080000000,0x0000000080e97cb8,0x0000000084f00000)
 Metaspace       used 49503K, capacity 51624K, committed 51928K, reserved 1093632K
  class space    used 6662K, capacity 7119K, committed 7168K, reserved 1048576K
Event: 17.641 GC heap after
Heap after GC invocations=13 (full 2):
 PSYoungGen      total 167424K, used 12276K [0x00000000d5580000, 0x00000000e2b80000, 0x0000000100000000)
  eden space 155136K, 0% used [0x00000000d5580000,0x00000000d5580000,0x00000000ded00000)
  from space 12288K, 99% used [0x00000000ded00000,0x00000000df8fd320,0x00000000df900000)
  to   space 16896K, 0% used [0x00000000e1b00000,0x00000000e1b00000,0x00000000e2b80000)
 ParOldGen       total 80896K, used 23315K [0x0000000080000000, 0x0000000084f00000, 0x00000000d5580000)
  object space 80896K, 28% used [0x0000000080000000,0x00000000816c4cd8,0x0000000084f00000)
 Metaspace       used 49503K, capacity 51624K, committed 51928K, reserved 1093632K
  class space    used 6662K, capacity 7119K, committed 7168K, reserved 1048576K
}
Event: 19.773 GC heap before
{Heap before GC invocations=14 (full 2):
 PSYoungGen      total 167424K, used 102430K [0x00000000d5580000, 0x00000000e2b80000, 0x0000000100000000)
  eden space 155136K, 58% used [0x00000000d5580000,0x00000000dad8a668,0x00000000ded00000)
  from space 12288K, 99% used [0x00000000ded00000,0x00000000df8fd320,0x00000000df900000)
  to   space 16896K, 0% used [0x00000000e1b00000,0x00000000e1b00000,0x00000000e2b80000)
 ParOldGen       total 80896K, used 23315K [0x0000000080000000, 0x0000000084f00000, 0x00000000d5580000)
  object space 80896K, 28% used [0x0000000080000000,0x00000000816c4cd8,0x0000000084f00000)
 Metaspace       used 56522K, capacity 58978K, committed 59028K, reserved 1099776K
  class space    used 7605K, capacity 8145K, committed 8192K, reserved 1048576K
Event: 19.825 GC heap after
Heap after GC invocations=14 (full 2):
 PSYoungGen      total 202240K, used 10680K [0x00000000d5580000, 0x00000000e3d00000, 0x0000000100000000)
  eden space 185344K, 0% used [0x00000000d5580000,0x00000000d5580000,0x00000000e0a80000)
  from space 16896K, 63% used [0x00000000e1b00000,0x00000000e256e230,0x00000000e2b80000)
  to   space 16896K, 0% used [0x00000000e0a80000,0x00000000e0a80000,0x00000000e1b00000)
 ParOldGen       total 80896K, used 35567K [0x0000000080000000, 0x0000000084f00000, 0x00000000d5580000)
  object space 80896K, 43% used [0x0000000080000000,0x00000000822bbf00,0x0000000084f00000)
 Metaspace       used 56522K, capacity 58978K, committed 59028K, reserved 1099776K
  class space    used 7605K, capacity 8145K, committed 8192K, reserved 1048576K
}
Event: 19.825 GC heap before
{Heap before GC invocations=15 (full 3):
 PSYoungGen      total 202240K, used 10680K [0x00000000d5580000, 0x00000000e3d00000, 0x0000000100000000)
  eden space 185344K, 0% used [0x00000000d5580000,0x00000000d5580000,0x00000000e0a80000)
  from space 16896K, 63% used [0x00000000e1b00000,0x00000000e256e230,0x00000000e2b80000)
  to   space 16896K, 0% used [0x00000000e0a80000,0x00000000e0a80000,0x00000000e1b00000)
 ParOldGen       total 80896K, used 35567K [0x0000000080000000, 0x0000000084f00000, 0x00000000d5580000)
  object space 80896K, 43% used [0x0000000080000000,0x00000000822bbf00,0x0000000084f00000)
 Metaspace       used 56522K, capacity 58978K, committed 59028K, reserved 1099776K
  class space    used 7605K, capacity 8145K, committed 8192K, reserved 1048576K
Event: 20.378 GC heap after
Heap after GC invocations=15 (full 3):
 PSYoungGen      total 202240K, used 0K [0x00000000d5580000, 0x00000000e3d00000, 0x0000000100000000)
  eden space 185344K, 0% used [0x00000000d5580000,0x00000000d5580000,0x00000000e0a80000)
  from space 16896K, 0% used [0x00000000e1b00000,0x00000000e1b00000,0x00000000e2b80000)
  to   space 16896K, 0% used [0x00000000e0a80000,0x00000000e0a80000,0x00000000e1b00000)
 ParOldGen       total 134656K, used 36823K [0x0000000080000000, 0x0000000088380000, 0x00000000d5580000)
  object space 134656K, 27% used [0x0000000080000000,0x00000000823f5e40,0x0000000088380000)
 Metaspace       used 56481K, capacity 58840K, committed 59028K, reserved 1099776K
  class space    used 7592K, capacity 8122K, committed 8192K, reserved 1048576K
}
Event: 27.332 GC heap before
{Heap before GC invocations=16 (full 3):
 PSYoungGen      total 202240K, used 185344K [0x00000000d5580000, 0x00000000e3d00000, 0x0000000100000000)
  eden space 185344K, 100% used [0x00000000d5580000,0x00000000e0a80000,0x00000000e0a80000)
  from space 16896K, 0% used [0x00000000e1b00000,0x00000000e1b00000,0x00000000e2b80000)
  to   space 16896K, 0% used [0x00000000e0a80000,0x00000000e0a80000,0x00000000e1b00000)
 ParOldGen       total 134656K, used 36823K [0x0000000080000000, 0x0000000088380000, 0x00000000d5580000)
  object space 134656K, 27% used [0x0000000080000000,0x00000000823f5e40,0x0000000088380000)
 Metaspace       used 66306K, capacity 69334K, committed 69592K, reserved 1110016K
  class space    used 9078K, capacity 9685K, committed 9728K, reserved 1048576K
Event: 27.411 GC heap after
Heap after GC invocations=16 (full 3):
 PSYoungGen      total 202240K, used 16334K [0x00000000d5580000, 0x00000000e5200000, 0x0000000100000000)
  eden space 185344K, 0% used [0x00000000d5580000,0x00000000d5580000,0x00000000e0a80000)
  from space 16896K, 96% used [0x00000000e0a80000,0x00000000e1a73b40,0x00000000e1b00000)
  to   space 18944K, 0% used [0x00000000e3f80000,0x00000000e3f80000,0x00000000e5200000)
 ParOldGen       total 134656K, used 36823K [0x0000000080000000, 0x0000000088380000, 0x00000000d5580000)
  object space 134656K, 27% used [0x0000000080000000,0x00000000823f5e40,0x0000000088380000)
 Metaspace       used 66306K, capacity 69334K, committed 69592K, reserved 1110016K
  class space    used 9078K, capacity 9685K, committed 9728K, reserved 1048576K
}

Deoptimization events (10 events):
Event: 27.424 Thread 0x0000000002d0c800 Uncommon trap: reason=unstable_if action=reinterpret pc=0x0000000003a989e0 method=java.util.HashMap$HashIterator.<init>(Ljava/util/HashMap;)V @ 45
Event: 27.474 Thread 0x000000001b186000 Uncommon trap: reason=null_check action=make_not_entrant pc=0x00000000041392e8 method=org.gradle.internal.instantiation.generator.AbstractClassGenerator$DslMixInPropertyType.visitProperty(Lorg/gradle/internal/instantiation/generator/AbstractClassGenerator
Event: 27.516 Thread 0x000000001b186000 Uncommon trap: reason=null_check action=make_not_entrant pc=0x0000000003899748 method=org.gradle.internal.instantiation.generator.AbstractClassGenerator.isPropertyType(Ljava/lang/Class;)Z @ 12
Event: 27.537 Thread 0x000000001b186000 Uncommon trap: reason=unstable_if action=reinterpret pc=0x0000000003f62508 method=org.objectweb.asm.Type.getType(Ljava/lang/Class;)Lorg/objectweb/asm/Type; @ 33
Event: 27.537 Thread 0x000000001b186000 Uncommon trap: reason=unstable_if action=reinterpret pc=0x00000000040bb6d0 method=org.objectweb.asm.Type.getArgumentsAndReturnSizes(Ljava/lang/String;)I @ 117
Event: 27.537 Thread 0x000000001b186000 Uncommon trap: reason=unstable_if action=reinterpret pc=0x00000000037c1958 method=org.objectweb.asm.Type.getArgumentsAndReturnSizes(Ljava/lang/String;)I @ 117
Event: 27.537 Thread 0x000000001b186000 Uncommon trap: reason=unstable_if action=reinterpret pc=0x0000000002e1fa40 method=org.objectweb.asm.Type.getArgumentsAndReturnSizes(Ljava/lang/String;)I @ 19
Event: 27.555 Thread 0x000000001b186000 Uncommon trap: reason=null_check action=make_not_entrant pc=0x0000000004157c94 method=org.gradle.internal.instantiation.generator.AbstractClassGenerator.isPropertyType(Ljava/lang/Class;)Z @ 21
Event: 27.555 Thread 0x000000001b186000 Uncommon trap: reason=null_check action=make_not_entrant pc=0x0000000004159848 method=org.gradle.internal.instantiation.generator.AbstractClassGenerator.isPropertyType(Ljava/lang/Class;)Z @ 21
Event: 27.827 Thread 0x000000001b186000 Uncommon trap: reason=null_check action=make_not_entrant pc=0x000000000418a0e0 method=org.gradle.internal.instantiation.generator.AbstractClassGenerator$PropertyMetadata.addGetter(Lorg/gradle/internal/instantiation/generator/AbstractClassGenerator$MethodM

Classes redefined (0 events):
No events

Internal exceptions (10 events):
Event: 26.670 Thread 0x000000001b186000 Exception <a 'java/lang/ClassNotFoundException': com/android/build/gradle/tasks/MergeResourcesBeanInfo> (0x00000000df771e98) thrown at [C:\src\AOSP-openjdk-git\hotspot\src\share\vm\classfile\systemDictionary.cpp, line 210]
Event: 26.671 Thread 0x000000001b186000 Exception <a 'java/lang/ClassNotFoundException': com/android/build/gradle/tasks/ResourceAwareTaskBeanInfo> (0x00000000df78fe38) thrown at [C:\src\AOSP-openjdk-git\hotspot\src\share\vm\classfile\systemDictionary.cpp, line 210]
Event: 26.673 Thread 0x000000001b186000 Exception <a 'java/lang/ClassNotFoundException': com/android/build/gradle/internal/tasks/IncrementalTaskBeanInfo> (0x00000000df7b0a00) thrown at [C:\src\AOSP-openjdk-git\hotspot\src\share\vm\classfile\systemDictionary.cpp, line 210]
Event: 26.674 Thread 0x000000001b186000 Exception <a 'java/lang/ClassNotFoundException': com/android/build/gradle/internal/tasks/AndroidVariantTaskBeanInfo> (0x00000000df7d1c48) thrown at [C:\src\AOSP-openjdk-git\hotspot\src\share\vm\classfile\systemDictionary.cpp, line 210]
Event: 26.676 Thread 0x000000001b186000 Exception <a 'java/lang/ClassNotFoundException': com/android/build/gradle/internal/tasks/AndroidVariantTaskCustomizer> (0x00000000df7f4370) thrown at [C:\src\AOSP-openjdk-git\hotspot\src\share\vm\classfile\systemDictionary.cpp, line 210]
Event: 26.679 Thread 0x000000001b186000 Exception <a 'java/lang/ClassNotFoundException': com/android/build/gradle/internal/tasks/IncrementalTaskCustomizer> (0x00000000df82dce0) thrown at [C:\src\AOSP-openjdk-git\hotspot\src\share\vm\classfile\systemDictionary.cpp, line 210]
Event: 26.684 Thread 0x000000001b186000 Exception <a 'java/lang/ClassNotFoundException': com/android/build/gradle/tasks/ResourceAwareTaskCustomizer> (0x00000000df861548) thrown at [C:\src\AOSP-openjdk-git\hotspot\src\share\vm\classfile\systemDictionary.cpp, line 210]
Event: 26.687 Thread 0x000000001b186000 Exception <a 'java/lang/ClassNotFoundException': com/android/build/gradle/tasks/MergeResourcesCustomizer> (0x00000000df89ffc0) thrown at [C:\src\AOSP-openjdk-git\hotspot\src\share\vm\classfile\systemDictionary.cpp, line 210]
Event: 26.690 Thread 0x000000001b186000 Exception <a 'java/lang/ClassNotFoundException': com/android/build/gradle/tasks/MergeResources_DecoratedCustomizer> (0x00000000df900d18) thrown at [C:\src\AOSP-openjdk-git\hotspot\src\share\vm\classfile\systemDictionary.cpp, line 210]
Event: 27.932 Thread 0x000000001b186000 Exception <a 'java/lang/NoSuchMethodError': <clinit>> (0x00000000d6f81698) thrown at [C:\src\AOSP-openjdk-git\hotspot\src\share\vm\prims\jni.cpp, line 1615]

Events (10 events):
Event: 28.249 loading class org/gradle/internal/component/external/model/ComponentVariant
Event: 28.249 loading class org/gradle/internal/component/external/model/ComponentVariant done
Event: 28.308 loading class org/gradle/api/attributes/CompatibilityCheckDetails
Event: 28.308 loading class org/gradle/api/attributes/CompatibilityCheckDetails done
Event: 28.309 loading class org/gradle/internal/component/external/model/LazyVariantBackedConfigurationMetadata
Event: 28.309 loading class org/gradle/internal/component/external/model/LazyVariantBackedConfigurationMetadata done
Event: 28.311 loading class org/gradle/internal/component/external/model/AbstractVariantBackedConfigurationMetadata
Event: 28.311 loading class org/gradle/internal/component/external/model/AbstractVariantBackedConfigurationMetadata done
Event: 28.313 loading class org/gradle/internal/component/external/model/LazyVariantBackedConfigurationMetadata$RuleAwareVariant
Event: 28.313 loading class org/gradle/internal/component/external/model/LazyVariantBackedConfigurationMetadata$RuleAwareVariant done


Dynamic libraries:
0x00007ff7d5ed0000 - 0x00007ff7d5f01000 	C:\Program Files\Android\Android Studio\jre\bin\java.exe
0x00007fff45440000 - 0x00007fff4562d000 	C:\Windows\SYSTEM32\ntdll.dll
0x00007fff3d9d0000 - 0x00007fff3d9e2000 	D:\AVG\aswhook.dll
0x00007fff42f10000 - 0x00007fff42fc3000 	C:\Windows\System32\KERNEL32.DLL
0x00007fff417a0000 - 0x00007fff41a34000 	C:\Windows\System32\KERNELBASE.dll
0x00007fff432d0000 - 0x00007fff43373000 	C:\Windows\System32\ADVAPI32.dll
0x00007fff43230000 - 0x00007fff432ce000 	C:\Windows\System32\msvcrt.dll
0x00007fff43110000 - 0x00007fff431ae000 	C:\Windows\System32\sechost.dll
0x00007fff42bb0000 - 0x00007fff42cd2000 	C:\Windows\System32\RPCRT4.dll
0x00007fff42ce0000 - 0x00007fff42e77000 	C:\Windows\System32\USER32.dll
0x00007fff41a40000 - 0x00007fff41a60000 	C:\Windows\System32\win32u.dll
0x00007fff42ee0000 - 0x00007fff42f09000 	C:\Windows\System32\GDI32.dll
0x00007fff41c90000 - 0x00007fff41e2c000 	C:\Windows\System32\gdi32full.dll
0x00007fff42590000 - 0x00007fff42630000 	C:\Windows\System32\msvcp_win.dll
0x00007fff41680000 - 0x00007fff4177a000 	C:\Windows\System32\ucrtbase.dll
0x00007fff2dcf0000 - 0x00007fff2df69000 	C:\Windows\WinSxS\amd64_microsoft.windows.common-controls_6595b64144ccf1df_6.0.17763.1457_none_de7243e4534a70d1\COMCTL32.dll
0x00007fff42820000 - 0x00007fff42b4d000 	C:\Windows\System32\combase.dll
0x00007fff41550000 - 0x00007fff415ce000 	C:\Windows\System32\bcryptPrimitives.dll
0x00007fff45270000 - 0x00007fff4529e000 	C:\Windows\System32\IMM32.DLL
0x00000000732d0000 - 0x00000000733a2000 	C:\Program Files\Android\Android Studio\jre\jre\bin\msvcr100.dll
0x0000000073490000 - 0x0000000073cdb000 	C:\Program Files\Android\Android Studio\jre\jre\bin\server\jvm.dll
0x00007fff451b0000 - 0x00007fff451b8000 	C:\Windows\System32\PSAPI.DLL
0x00007fff2e5d0000 - 0x00007fff2e5d9000 	C:\Windows\SYSTEM32\WSOCK32.dll
0x00007fff43380000 - 0x00007fff433ed000 	C:\Windows\System32\WS2_32.dll
0x00007fff3f2a0000 - 0x00007fff3f2c4000 	C:\Windows\SYSTEM32\WINMM.dll
0x00007fff3bc20000 - 0x00007fff3bc2a000 	C:\Windows\SYSTEM32\VERSION.dll
0x00007fff3f240000 - 0x00007fff3f26d000 	C:\Windows\SYSTEM32\WINMMBASE.dll
0x00007fff41c40000 - 0x00007fff41c8a000 	C:\Windows\System32\cfgmgr32.dll
0x00007fff38ab0000 - 0x00007fff38abf000 	C:\Program Files\Android\Android Studio\jre\jre\bin\verify.dll
0x00007fff37ed0000 - 0x00007fff37ef9000 	C:\Program Files\Android\Android Studio\jre\jre\bin\java.dll
0x00007fff37eb0000 - 0x00007fff37ec6000 	C:\Program Files\Android\Android Studio\jre\jre\bin\zip.dll
0x00007fff43cb0000 - 0x00007fff451a9000 	C:\Windows\System32\SHELL32.dll
0x00007fff451c0000 - 0x00007fff45269000 	C:\Windows\System32\shcore.dll
0x00007fff41e30000 - 0x00007fff42582000 	C:\Windows\System32\windows.storage.dll
0x00007fff414c0000 - 0x00007fff414e4000 	C:\Windows\System32\profapi.dll
0x00007fff41440000 - 0x00007fff4149d000 	C:\Windows\System32\powrprof.dll
0x00007fff42b50000 - 0x00007fff42ba2000 	C:\Windows\System32\shlwapi.dll
0x00007fff414a0000 - 0x00007fff414b1000 	C:\Windows\System32\kernel.appcore.dll
0x00007fff41780000 - 0x00007fff41797000 	C:\Windows\System32\cryptsp.dll
0x00007fff37e90000 - 0x00007fff37eaa000 	C:\Program Files\Android\Android Studio\jre\jre\bin\net.dll
0x00007fff40c20000 - 0x00007fff40c87000 	C:\Windows\system32\mswsock.dll
0x00007fff37be0000 - 0x00007fff37bf3000 	C:\Program Files\Android\Android Studio\jre\jre\bin\nio.dll
0x00007fff28d00000 - 0x00007fff28d27000 	C:\Users\JFK\.gradle\native\f6784746aeab05261644944871eae4fe03e0ef1612fff0a4a95f87b438bc6780\windows-amd64\native-platform.dll
0x00007fff37bd0000 - 0x00007fff37bdd000 	C:\Program Files\Android\Android Studio\jre\jre\bin\management.dll
0x00007fff407a0000 - 0x00007fff407d3000 	C:\Windows\system32\rsaenh.dll
0x00007fff42630000 - 0x00007fff42656000 	C:\Windows\System32\bcrypt.dll
0x00007fff41310000 - 0x00007fff41338000 	C:\Windows\SYSTEM32\USERENV.dll
0x00007fff40df0000 - 0x00007fff40dfc000 	C:\Windows\SYSTEM32\CRYPTBASE.dll
0x00007fff40940000 - 0x00007fff4097d000 	C:\Windows\SYSTEM32\IPHLPAPI.DLL
0x00007fff43ca0000 - 0x00007fff43ca8000 	C:\Windows\System32\NSI.dll
0x00007fff3ad50000 - 0x00007fff3ad66000 	C:\Windows\SYSTEM32\dhcpcsvc6.DLL
0x00007fff3ae10000 - 0x00007fff3ae2c000 	C:\Windows\SYSTEM32\dhcpcsvc.DLL
0x00007fff40980000 - 0x00007fff40a47000 	C:\Windows\SYSTEM32\DNSAPI.dll
0x00007fff3b1a0000 - 0x00007fff3b1ab000 	C:\Windows\SYSTEM32\WINNSI.DLL

VM Arguments:
jvm_args: -Xmx2048m -Dfile.encoding=windows-1251 -Duser.country=RU -Duser.language=ru -Duser.variant 
java_command: org.gradle.launcher.daemon.bootstrap.GradleDaemon 6.5.1
java_class_path (initial): C:\Users\JFK\.gradle\wrapper\dists\gradle-6.5.1-all\cdund22i8guosqylfo49op4dv\gradle-6.5.1\lib\gradle-launcher-6.5.1.jar
Launcher Type: SUN_STANDARD

Environment Variables:
PATH=C:\Program Files (x86)\Intel\Intel(R) Management Engine Components\iCLS\;C:\Program Files\Intel\Intel(R) Management Engine Components\iCLS\;C:\Program Files (x86)\Common Files\Oracle\Java\javapath;C:\Windows\system32;C:\Windows;C:\Windows\System32\Wbem;C:\Windows\System32\WindowsPowerShell\v1.0\;C:\Windows\System32\OpenSSH\;C:\Program Files\Git\cmd;C:\Program Files (x86)\Intel\Intel(R) Management Engine Components\DAL;C:\Program Files\Intel\Intel(R) Management Engine Components\DAL;C:\Program Files (x86)\Intel\Intel(R) Management Engine Components\IPT;C:\Program Files\Intel\Intel(R) Management Engine Components\IPT;C:\Users\JFK\AppData\Local\Microsoft\WindowsApps;
USERNAME=JFK
OS=Windows_NT
PROCESSOR_IDENTIFIER=Intel64 Family 6 Model 142 Stepping 10, GenuineIntel



---------------  S Y S T E M  ---------------

OS: Windows 10.0 , 64 bit Build 17763 (10.0.17763.475)

CPU:total 8 (initial active 8) (4 cores per cpu, 2 threads per core) family 6 model 142 stepping 10, cmov, cx8, fxsr, mmx, sse, sse2, sse3, ssse3, sse4.1, sse4.2, popcnt, avx, avx2, aes, clmul, erms, 3dnowpref, lzcnt, ht, tsc, tscinvbit, bmi1, bmi2, adx

Memory: 4k page, physical 8283976k(471468k free), swap 11405128k(5752k free)

vm_info: OpenJDK 64-Bit Server VM (25.242-b01) for windows-amd64 JRE (1.8.0_242-release-1644-b01), built by "builder" with MS VC++ 10.0 (VS2010)

time: Sat Oct 03 12:52:13 2020
timezone: RTZ 2 (зима)
elapsed time: 28 seconds (0d 0h 0m 28s)

