#
# There is insufficient memory for the Java Runtime Environment to continue.
# Native memory allocation (malloc) failed to allocate 770096 bytes for Chunk::new
# Possible reasons:
#   The system is out of physical RAM or swap space
#   The process is running with CompressedOops enabled, and the Java Heap may be blocking the growth of the native heap
# Possible solutions:
#   Reduce memory load on the system
#   Increase physical memory or swap space
#   Check if swap backing store is full
#   Decrease Java heap size (-Xmx/-Xms)
#   Decrease number of Java threads
#   Decrease Java thread stack sizes (-Xss)
#   Set larger code cache with -XX:ReservedCodeCacheSize=
#   JVM is running with Unscaled Compressed Oops mode in which the Java heap is
#     placed in the first 4GB address space. The Java Heap base address is the
#     maximum limit for the native heap growth. Please use -XX:HeapBaseMinAddress
#     to set the Java Heap base and to place the Java Heap above 4GB virtual address.
# This output file may be truncated or incomplete.
#
#  Out of Memory Error (allocation.cpp:389), pid=12680, tid=0x0000000000001f64
#
# JRE version: OpenJDK Runtime Environment (8.0_242-b01) (build 1.8.0_242-release-1644-b01)
# Java VM: OpenJDK 64-Bit Server VM (25.242-b01 mixed mode windows-amd64 compressed oops)
# Failed to write core dump. Minidumps are not enabled by default on client versions of Windows
#

---------------  T H R E A D  ---------------

Current thread (0x00000000196e3800):  JavaThread "C2 CompilerThread0" daemon [_thread_in_native, id=8036, stack(0x0000000019fb0000,0x000000001a0b0000)]

Stack: [0x0000000019fb0000,0x000000001a0b0000]
[error occurred during error reporting (printing stack bounds), id 0xc0000005]

Native frames: (J=compiled Java code, j=interpreted, Vv=VM code, C=native code)


Current CompileTask:
C2:  30539 16970 %     4       com.android.tools.r8.dex.n::m @ 65 (2047 bytes)


---------------  P R O C E S S  ---------------

Java Threads: ( => current thread )
  0x000000002d1a6000 JavaThread "ForkJoinPool-2-worker-0" daemon [_thread_blocked, id=11424, stack(0x0000000034a90000,0x0000000034b90000)]
  0x000000002d1a5000 JavaThread "ForkJoinPool-2-worker-7" daemon [_thread_blocked, id=736, stack(0x0000000034990000,0x0000000034a90000)]
  0x000000002d1a4800 JavaThread "ForkJoinPool-2-worker-6" daemon [_thread_blocked, id=5784, stack(0x0000000034890000,0x0000000034990000)]
  0x000000002d1ab000 JavaThread "ForkJoinPool-2-worker-5" daemon [_thread_blocked, id=1500, stack(0x0000000034790000,0x0000000034890000)]
  0x000000002d1a7800 JavaThread "ForkJoinPool-2-worker-4" daemon [_thread_blocked, id=8436, stack(0x0000000034690000,0x0000000034790000)]
  0x000000002d1a9800 JavaThread "ForkJoinPool-2-worker-3" daemon [_thread_blocked, id=9264, stack(0x0000000034590000,0x0000000034690000)]
  0x000000002d19d000 JavaThread "ForkJoinPool-2-worker-2" daemon [_thread_blocked, id=7136, stack(0x0000000034490000,0x0000000034590000)]
  0x000000002d1a3800 JavaThread "ForkJoinPool-2-worker-1" daemon [_thread_blocked, id=12948, stack(0x0000000034390000,0x0000000034490000)]
  0x000000002d19f000 JavaThread "WorkerExecutor Queue Thread 8" [_thread_blocked, id=2812, stack(0x0000000033990000,0x0000000033a90000)]
  0x000000002d19d800 JavaThread "WorkerExecutor Queue Thread 7" [_thread_blocked, id=11744, stack(0x0000000033890000,0x0000000033990000)]
  0x000000002d19e800 JavaThread "WorkerExecutor Queue Thread 6" [_thread_blocked, id=11892, stack(0x0000000033790000,0x0000000033890000)]
  0x000000002d19a800 JavaThread "WorkerExecutor Queue Thread 5" [_thread_blocked, id=1284, stack(0x0000000033690000,0x0000000033790000)]
  0x000000002d19c000 JavaThread "ForkJoinPool.commonPool-worker-7" daemon [_thread_blocked, id=9636, stack(0x0000000033590000,0x0000000033690000)]
  0x000000002d19b800 JavaThread "ForkJoinPool.commonPool-worker-6" daemon [_thread_blocked, id=4584, stack(0x0000000033490000,0x0000000033590000)]
  0x0000000020697000 JavaThread "ForkJoinPool.commonPool-worker-5" daemon [_thread_blocked, id=13164, stack(0x0000000033390000,0x0000000033490000)]
  0x0000000020695800 JavaThread "ForkJoinPool.commonPool-worker-4" daemon [_thread_blocked, id=12864, stack(0x0000000033290000,0x0000000033390000)]
  0x0000000020696800 JavaThread "ForkJoinPool.commonPool-worker-3" daemon [_thread_blocked, id=7376, stack(0x0000000033190000,0x0000000033290000)]
  0x000000002068e000 JavaThread "ForkJoinPool.commonPool-worker-2" daemon [_thread_blocked, id=11648, stack(0x0000000033090000,0x0000000033190000)]
  0x0000000020693800 JavaThread "Cache worker for Java compile cache (D:\AndroidStudioProjects\CategoryQuizApp\.gradle\6.5.1\javaCompile)" [_thread_blocked, id=1936, stack(0x0000000032c90000,0x0000000032d90000)]
  0x0000000020691000 JavaThread "Cache worker for Java compile cache (C:\Users\JFK\.gradle\caches\6.5.1\javaCompile)" [_thread_blocked, id=12712, stack(0x0000000032b90000,0x0000000032c90000)]
  0x0000000020692000 JavaThread "RMI TCP Connection(2)-127.0.0.1" daemon [_thread_in_native, id=12616, stack(0x00000000325c0000,0x00000000326c0000)]
  0x000000002068f800 JavaThread "WorkerExecutor Queue Thread 4" [_thread_blocked, id=12096, stack(0x0000000030940000,0x0000000030a40000)]
  0x0000000020688000 JavaThread "RMI TCP Connection(3)-127.0.0.1" daemon [_thread_in_native, id=3880, stack(0x0000000030640000,0x0000000030740000)]
  0x0000000020688800 JavaThread "RMI Reaper" [_thread_blocked, id=11584, stack(0x0000000030540000,0x0000000030640000)]
  0x000000002068f000 JavaThread "RMI TCP Accept-0" daemon [_thread_in_native, id=10276, stack(0x0000000030440000,0x0000000030540000)]
  0x000000002068c800 JavaThread "GC Daemon" daemon [_thread_blocked, id=9332, stack(0x0000000030340000,0x0000000030440000)]
  0x0000000020689800 JavaThread "RMI Scheduler(0)" daemon [_thread_blocked, id=13288, stack(0x0000000030140000,0x0000000030240000)]
  0x000000002068d000 JavaThread "WorkerExecutor Queue Thread 3" [_thread_blocked, id=8656, stack(0x000000002fc40000,0x000000002fd40000)]
  0x0000000021b21800 JavaThread "stdout" [_thread_in_native, id=11204, stack(0x000000002f940000,0x000000002fa40000)]
  0x0000000021b20800 JavaThread "stderr" [_thread_in_native, id=11848, stack(0x000000002f840000,0x000000002f940000)]
  0x0000000021b1f000 JavaThread "stdout" [_thread_in_native, id=11704, stack(0x000000002f740000,0x000000002f840000)]
  0x0000000021b1d800 JavaThread "stderr" [_thread_in_native, id=6616, stack(0x000000002f640000,0x000000002f740000)]
  0x0000000021b1c000 JavaThread "pool-2-thread-1" [_thread_blocked, id=8216, stack(0x000000002f540000,0x000000002f640000)]
  0x0000000021b1b000 JavaThread "WorkerExecutor Queue Thread 2" [_thread_blocked, id=7020, stack(0x000000002f440000,0x000000002f540000)]
  0x0000000021b1c800 JavaThread "WorkerExecutor Queue" [_thread_in_Java, id=10072, stack(0x000000002f340000,0x000000002f440000)]
  0x0000000021b19800 JavaThread "Cache worker for execution history cache (D:\AndroidStudioProjects\CategoryQuizApp\.gradle\6.5.1\executionHistory)" [_thread_blocked, id=11712, stack(0x000000002f040000,0x000000002f140000)]
  0x0000000021b19000 JavaThread "Execution worker for ':' Thread 7" [_thread_blocked, id=7808, stack(0x000000002ed40000,0x000000002ee40000)]
  0x0000000021b16000 JavaThread "Execution worker for ':' Thread 6" [_thread_blocked, id=3252, stack(0x000000002ec40000,0x000000002ed40000)]
  0x0000000021b15000 JavaThread "Execution worker for ':' Thread 5" [_thread_blocked, id=6244, stack(0x000000002eb40000,0x000000002ec40000)]
  0x0000000021b13800 JavaThread "Execution worker for ':' Thread 4" [_thread_blocked, id=3996, stack(0x000000002ea40000,0x000000002eb40000)]
  0x0000000021b16800 JavaThread "Execution worker for ':' Thread 3" [_thread_blocked, id=2624, stack(0x000000002e940000,0x000000002ea40000)]
  0x0000000021b14800 JavaThread "Execution worker for ':' Thread 2" [_thread_blocked, id=1460, stack(0x000000002e560000,0x000000002e660000)]
  0x0000000021b12000 JavaThread "Execution worker for ':'" [_thread_blocked, id=6476, stack(0x000000002e460000,0x000000002e560000)]
  0x000000001ebee800 JavaThread "Cache worker for file content cache (D:\AndroidStudioProjects\CategoryQuizApp\.gradle\6.5.1\fileContent)" [_thread_blocked, id=10204, stack(0x000000002e160000,0x000000002e260000)]
  0x000000001ebeb800 JavaThread "Memory manager" [_thread_blocked, id=8072, stack(0x000000002c120000,0x000000002c220000)]
  0x000000001ebed800 JavaThread "Cache worker for Build Output Cleanup Cache (D:\AndroidStudioProjects\CategoryQuizApp\.gradle\buildOutputCleanup)" [_thread_blocked, id=12340, stack(0x000000002c020000,0x000000002c120000)]
  0x000000001ebf0800 JavaThread "jar transforms Thread 109" [_thread_blocked, id=12512, stack(0x000000002b920000,0x000000002ba20000)]
  0x000000001ebf1800 JavaThread "jar transforms Thread 108" [_thread_blocked, id=2948, stack(0x000000002b820000,0x000000002b920000)]
  0x000000001ebec000 JavaThread "jar transforms Thread 107" [_thread_blocked, id=5204, stack(0x000000002b720000,0x000000002b820000)]
  0x000000001ebf0000 JavaThread "jar transforms Thread 106" [_thread_blocked, id=10428, stack(0x000000002b620000,0x000000002b720000)]
  0x000000001ebea800 JavaThread "jar transforms Thread 105" [_thread_blocked, id=7316, stack(0x000000002b520000,0x000000002b620000)]
  0x000000001ebed000 JavaThread "jar transforms Thread 104" [_thread_blocked, id=9024, stack(0x000000002b420000,0x000000002b520000)]
  0x000000001ebe3000 JavaThread "jar transforms Thread 103" [_thread_blocked, id=10052, stack(0x000000002b320000,0x000000002b420000)]
  0x000000001ebea000 JavaThread "jar transforms Thread 102" [_thread_blocked, id=11400, stack(0x000000002b220000,0x000000002b320000)]
  0x000000001ebe2800 JavaThread "jar transforms Thread 101" [_thread_blocked, id=6924, stack(0x000000002b120000,0x000000002b220000)]
  0x000000001ebe8800 JavaThread "jar transforms Thread 100" [_thread_blocked, id=10860, stack(0x000000002b020000,0x000000002b120000)]
  0x000000001ebe9000 JavaThread "jar transforms Thread 99" [_thread_blocked, id=12424, stack(0x000000002af20000,0x000000002b020000)]
  0x000000001ebe7800 JavaThread "jar transforms Thread 98" [_thread_blocked, id=8972, stack(0x000000002ae20000,0x000000002af20000)]
  0x000000001ebe5800 JavaThread "jar transforms Thread 97" [_thread_blocked, id=1560, stack(0x000000002ad20000,0x000000002ae20000)]
  0x000000001ebe7000 JavaThread "jar transforms Thread 96" [_thread_blocked, id=9492, stack(0x000000002ac20000,0x000000002ad20000)]
  0x000000001ebe4000 JavaThread "jar transforms Thread 95" [_thread_blocked, id=13040, stack(0x000000002ab20000,0x000000002ac20000)]
  0x000000001ebe4800 JavaThread "jar transforms Thread 94" [_thread_blocked, id=10368, stack(0x000000002aa20000,0x000000002ab20000)]
  0x000000001ebe6000 JavaThread "jar transforms Thread 93" [_thread_blocked, id=10080, stack(0x000000002a920000,0x000000002aa20000)]
  0x00000000214a5800 JavaThread "jar transforms Thread 92" [_thread_blocked, id=8932, stack(0x000000002a820000,0x000000002a920000)]
  0x00000000214a5000 JavaThread "jar transforms Thread 91" [_thread_blocked, id=11228, stack(0x000000002a720000,0x000000002a820000)]
  0x00000000214a2800 JavaThread "jar transforms Thread 90" [_thread_blocked, id=12416, stack(0x000000002a620000,0x000000002a720000)]
  0x00000000214a3800 JavaThread "jar transforms Thread 89" [_thread_blocked, id=8508, stack(0x000000002a520000,0x000000002a620000)]
  0x00000000214a4000 JavaThread "jar transforms Thread 88" [_thread_blocked, id=1900, stack(0x000000002a420000,0x000000002a520000)]
  0x000000002149b000 JavaThread "jar transforms Thread 87" [_thread_blocked, id=3512, stack(0x000000002a320000,0x000000002a420000)]
  0x00000000214a2000 JavaThread "jar transforms Thread 86" [_thread_blocked, id=2712, stack(0x000000002a220000,0x000000002a320000)]
  0x00000000214a1000 JavaThread "jar transforms Thread 85" [_thread_blocked, id=3520, stack(0x000000002a120000,0x000000002a220000)]
  0x00000000214a0800 JavaThread "jar transforms Thread 84" [_thread_blocked, id=6268, stack(0x000000002a020000,0x000000002a120000)]
  0x000000002149f800 JavaThread "jar transforms Thread 83" [_thread_blocked, id=8576, stack(0x0000000029f20000,0x000000002a020000)]
  0x000000002149f000 JavaThread "jar transforms Thread 82" [_thread_blocked, id=10508, stack(0x0000000029e20000,0x0000000029f20000)]
  0x0000000021499800 JavaThread "jar transforms Thread 81" [_thread_blocked, id=8716, stack(0x0000000029d20000,0x0000000029e20000)]
  0x0000000021498000 JavaThread "jar transforms Thread 80" [_thread_blocked, id=13188, stack(0x0000000029c20000,0x0000000029d20000)]
  0x000000002149a000 JavaThread "jar transforms Thread 79" [_thread_blocked, id=3808, stack(0x0000000029b20000,0x0000000029c20000)]
  0x0000000021497000 JavaThread "jar transforms Thread 78" [_thread_blocked, id=12776, stack(0x0000000029a20000,0x0000000029b20000)]
  0x000000002149e000 JavaThread "jar transforms Thread 77" [_thread_blocked, id=7248, stack(0x0000000029920000,0x0000000029a20000)]
  0x0000000021498800 JavaThread "jar transforms Thread 76" [_thread_blocked, id=2256, stack(0x0000000029820000,0x0000000029920000)]
  0x0000000021496800 JavaThread "jar transforms Thread 75" [_thread_blocked, id=844, stack(0x0000000029720000,0x0000000029820000)]
  0x000000002149c800 JavaThread "jar transforms Thread 74" [_thread_blocked, id=396, stack(0x0000000029620000,0x0000000029720000)]
  0x000000002149b800 JavaThread "jar transforms Thread 73" [_thread_blocked, id=10348, stack(0x0000000029520000,0x0000000029620000)]
  0x000000002149d800 JavaThread "jar transforms Thread 72" [_thread_blocked, id=11916, stack(0x0000000029420000,0x0000000029520000)]
  0x0000000022eaa800 JavaThread "jar transforms Thread 71" [_thread_blocked, id=7732, stack(0x0000000029320000,0x0000000029420000)]
  0x0000000022ea3800 JavaThread "jar transforms Thread 70" [_thread_blocked, id=11496, stack(0x0000000029220000,0x0000000029320000)]
  0x0000000022ea8000 JavaThread "jar transforms Thread 69" [_thread_blocked, id=11516, stack(0x0000000029120000,0x0000000029220000)]
  0x0000000022ea6800 JavaThread "jar transforms Thread 68" [_thread_blocked, id=8052, stack(0x0000000029020000,0x0000000029120000)]
  0x0000000022ea7800 JavaThread "jar transforms Thread 67" [_thread_blocked, id=8556, stack(0x0000000028f20000,0x0000000029020000)]
  0x0000000022ea4800 JavaThread "jar transforms Thread 66" [_thread_blocked, id=1068, stack(0x0000000028e20000,0x0000000028f20000)]
  0x0000000022ea9800 JavaThread "jar transforms Thread 65" [_thread_blocked, id=9524, stack(0x0000000028d20000,0x0000000028e20000)]
  0x0000000022ea6000 JavaThread "jar transforms Thread 64" [_thread_blocked, id=2680, stack(0x0000000028c20000,0x0000000028d20000)]
  0x0000000022ea5000 JavaThread "jar transforms Thread 63" [_thread_blocked, id=9340, stack(0x0000000028b20000,0x0000000028c20000)]
  0x0000000022ea9000 JavaThread "jar transforms Thread 62" [_thread_blocked, id=7428, stack(0x0000000028a20000,0x0000000028b20000)]
  0x0000000022e9c000 JavaThread "jar transforms Thread 61" [_thread_blocked, id=1104, stack(0x0000000028920000,0x0000000028a20000)]
  0x0000000022ea3000 JavaThread "jar transforms Thread 60" [_thread_blocked, id=5164, stack(0x0000000028820000,0x0000000028920000)]
  0x0000000022ea2000 JavaThread "jar transforms Thread 59" [_thread_blocked, id=5008, stack(0x0000000028720000,0x0000000028820000)]
  0x0000000022ea1800 JavaThread "jar transforms Thread 58" [_thread_blocked, id=9476, stack(0x0000000028620000,0x0000000028720000)]
  0x0000000022e9f000 JavaThread "jar transforms Thread 57" [_thread_blocked, id=11108, stack(0x0000000028520000,0x0000000028620000)]
  0x0000000022e9d800 JavaThread "jar transforms Thread 56" [_thread_blocked, id=8912, stack(0x0000000028420000,0x0000000028520000)]
  0x0000000022ea0800 JavaThread "jar transforms Thread 55" [_thread_blocked, id=11484, stack(0x0000000028320000,0x0000000028420000)]
  0x0000000022ea0000 JavaThread "jar transforms Thread 54" [_thread_blocked, id=7512, stack(0x0000000028220000,0x0000000028320000)]
  0x0000000022e9d000 JavaThread "jar transforms Thread 53" [_thread_blocked, id=12804, stack(0x0000000028120000,0x0000000028220000)]
  0x0000000022e9e800 JavaThread "jar transforms Thread 52" [_thread_blocked, id=10152, stack(0x0000000028020000,0x0000000028120000)]
  0x0000000022e9b800 JavaThread "jar transforms Thread 51" [_thread_blocked, id=6108, stack(0x0000000027f20000,0x0000000028020000)]
  0x00000000228f7000 JavaThread "jar transforms Thread 50" [_thread_blocked, id=13228, stack(0x0000000027e20000,0x0000000027f20000)]
  0x00000000228f5800 JavaThread "jar transforms Thread 49" [_thread_blocked, id=13236, stack(0x0000000027d20000,0x0000000027e20000)]
  0x00000000228f8000 JavaThread "jar transforms Thread 48" [_thread_blocked, id=12228, stack(0x0000000027c20000,0x0000000027d20000)]
  0x00000000228f5000 JavaThread "jar transforms Thread 47" [_thread_blocked, id=5652, stack(0x0000000027b20000,0x0000000027c20000)]
  0x00000000228f4000 JavaThread "jar transforms Thread 46" [_thread_blocked, id=12496, stack(0x0000000027a20000,0x0000000027b20000)]
  0x00000000228fa000 JavaThread "jar transforms Thread 45" [_thread_blocked, id=13284, stack(0x0000000027920000,0x0000000027a20000)]
  0x00000000228f9800 JavaThread "jar transforms Thread 44" [_thread_blocked, id=5092, stack(0x0000000027820000,0x0000000027920000)]
  0x00000000228f6800 JavaThread "jar transforms Thread 43" [_thread_blocked, id=12656, stack(0x0000000027720000,0x0000000027820000)]
  0x00000000228f8800 JavaThread "jar transforms Thread 42" [_thread_blocked, id=9112, stack(0x0000000027620000,0x0000000027720000)]
  0x00000000228ec800 JavaThread "jar transforms Thread 41" [_thread_blocked, id=2996, stack(0x0000000027520000,0x0000000027620000)]
  0x00000000228f3800 JavaThread "jar transforms Thread 40" [_thread_blocked, id=9860, stack(0x0000000027420000,0x0000000027520000)]
  0x00000000228f2800 JavaThread "jar transforms Thread 39" [_thread_blocked, id=9620, stack(0x0000000027320000,0x0000000027420000)]
  0x00000000228f2000 JavaThread "jar transforms Thread 38" [_thread_blocked, id=11944, stack(0x0000000027220000,0x0000000027320000)]
  0x00000000228f1000 JavaThread "jar transforms Thread 37" [_thread_blocked, id=6332, stack(0x0000000027120000,0x0000000027220000)]
  0x00000000228ef000 JavaThread "jar transforms Thread 36" [_thread_blocked, id=9460, stack(0x0000000027020000,0x0000000027120000)]
  0x00000000228ed800 JavaThread "jar transforms Thread 35" [_thread_blocked, id=4692, stack(0x0000000026f20000,0x0000000027020000)]
  0x00000000228ee000 JavaThread "jar transforms Thread 34" [_thread_blocked, id=9760, stack(0x0000000026e20000,0x0000000026f20000)]
  0x00000000228ef800 JavaThread "jar transforms Thread 33" [_thread_blocked, id=2772, stack(0x0000000026d20000,0x0000000026e20000)]
  0x00000000228ec000 JavaThread "jar transforms Thread 32" [_thread_blocked, id=13248, stack(0x0000000026c20000,0x0000000026d20000)]
  0x00000000228f0800 JavaThread "jar transforms Thread 31" [_thread_blocked, id=6788, stack(0x0000000026b20000,0x0000000026c20000)]
  0x00000000228eb000 JavaThread "jar transforms Thread 30" [_thread_blocked, id=5764, stack(0x0000000026a20000,0x0000000026b20000)]
  0x000000001ffea000 JavaThread "jar transforms Thread 29" [_thread_blocked, id=12808, stack(0x0000000026920000,0x0000000026a20000)]
  0x000000001ffec800 JavaThread "jar transforms Thread 28" [_thread_blocked, id=13056, stack(0x0000000026820000,0x0000000026920000)]
  0x000000001ffe9800 JavaThread "jar transforms Thread 27" [_thread_blocked, id=10200, stack(0x0000000026720000,0x0000000026820000)]
  0x000000001fff0800 JavaThread "jar transforms Thread 26" [_thread_blocked, id=8328, stack(0x0000000026620000,0x0000000026720000)]
  0x000000001ffec000 JavaThread "jar transforms Thread 25" [_thread_blocked, id=12128, stack(0x0000000026520000,0x0000000026620000)]
  0x000000001ffe8800 JavaThread "jar transforms Thread 24" [_thread_blocked, id=7868, stack(0x0000000026420000,0x0000000026520000)]
  0x000000001ffef800 JavaThread "jar transforms Thread 23" [_thread_blocked, id=9948, stack(0x0000000026320000,0x0000000026420000)]
  0x000000001ffef000 JavaThread "jar transforms Thread 22" [_thread_blocked, id=10040, stack(0x0000000026220000,0x0000000026320000)]
  0x000000001ffee000 JavaThread "jar transforms Thread 21" [_thread_blocked, id=9076, stack(0x0000000026120000,0x0000000026220000)]
  0x000000001ffed800 JavaThread "jar transforms Thread 20" [_thread_blocked, id=12356, stack(0x0000000026020000,0x0000000026120000)]
  0x000000001ffeb000 JavaThread "jar transforms Thread 19" [_thread_blocked, id=6044, stack(0x0000000025f20000,0x0000000026020000)]
  0x000000001ffe1000 JavaThread "jar transforms Thread 18" [_thread_blocked, id=8816, stack(0x0000000025e20000,0x0000000025f20000)]
  0x000000001ffe8000 JavaThread "jar transforms Thread 17" [_thread_blocked, id=12008, stack(0x0000000025d20000,0x0000000025e20000)]
  0x000000001ffe7000 JavaThread "jar transforms Thread 16" [_thread_blocked, id=7180, stack(0x0000000025c20000,0x0000000025d20000)]
  0x000000001ffe5800 JavaThread "jar transforms Thread 15" [_thread_blocked, id=9312, stack(0x0000000025b20000,0x0000000025c20000)]
  0x000000001ffe5000 JavaThread "jar transforms Thread 14" [_thread_blocked, id=7388, stack(0x0000000025a20000,0x0000000025b20000)]
  0x000000001ffe4000 JavaThread "jar transforms Thread 13" [_thread_blocked, id=656, stack(0x0000000025920000,0x0000000025a20000)]
  0x000000001ffe3800 JavaThread "jar transforms Thread 12" [_thread_blocked, id=9884, stack(0x0000000025620000,0x0000000025720000)]
  0x000000001ffe2000 JavaThread "jar transforms Thread 11" [_thread_blocked, id=4872, stack(0x0000000025520000,0x0000000025620000)]
  0x000000001ffe2800 JavaThread "jar transforms Thread 10" [_thread_blocked, id=11040, stack(0x0000000025420000,0x0000000025520000)]
  0x000000001ffe6800 JavaThread "jar transforms Thread 9" [_thread_blocked, id=8776, stack(0x0000000025320000,0x0000000025420000)]
  0x000000001ba6b800 JavaThread "jar transforms Thread 8" [_thread_blocked, id=1920, stack(0x0000000025220000,0x0000000025320000)]
  0x000000001ba6c800 JavaThread "jar transforms Thread 7" [_thread_blocked, id=3712, stack(0x0000000025120000,0x0000000025220000)]
  0x000000001ba6b000 JavaThread "jar transforms Thread 6" [_thread_blocked, id=12828, stack(0x0000000025020000,0x0000000025120000)]
  0x000000001ba6a000 JavaThread "Build operations Thread 8" [_thread_blocked, id=11288, stack(0x0000000024f20000,0x0000000025020000)]
  0x000000001ba69800 JavaThread "Build operations Thread 7" [_thread_blocked, id=8084, stack(0x0000000024e20000,0x0000000024f20000)]
  0x000000001ba68800 JavaThread "Build operations Thread 6" [_thread_blocked, id=1148, stack(0x0000000024d20000,0x0000000024e20000)]
  0x000000001ba6d000 JavaThread "Build operations Thread 5" [_thread_blocked, id=9800, stack(0x0000000024c20000,0x0000000024d20000)]
  0x000000001ba68000 JavaThread "Build operations Thread 4" [_thread_blocked, id=13052, stack(0x0000000024b20000,0x0000000024c20000)]
  0x000000001ba60000 JavaThread "Build operations Thread 3" [_thread_blocked, id=8804, stack(0x0000000024a20000,0x0000000024b20000)]
  0x000000001ba65800 JavaThread "Build operations Thread 2" [_thread_blocked, id=10500, stack(0x0000000024920000,0x0000000024a20000)]
  0x000000001ba64800 JavaThread "Build operations" [_thread_blocked, id=8248, stack(0x0000000024820000,0x0000000024920000)]
  0x000000001ba61800 JavaThread "Cache worker for file content cache (C:\Users\JFK\.gradle\caches\6.5.1\fileContent)" [_thread_blocked, id=8712, stack(0x0000000024120000,0x0000000024220000)]
  0x000000001ba64000 JavaThread "Cache worker for execution history cache (C:\Users\JFK\.gradle\caches\6.5.1\executionHistory)" [_thread_blocked, id=8796, stack(0x0000000023c20000,0x0000000023d20000)]
  0x000000001ba5e000 JavaThread "Cache worker for cache directory md-rule (C:\Users\JFK\.gradle\caches\6.5.1\md-rule)" [_thread_blocked, id=2392, stack(0x0000000023b20000,0x0000000023c20000)]
  0x000000001ba61000 JavaThread "Cache worker for cache directory md-supplier (C:\Users\JFK\.gradle\caches\6.5.1\md-supplier)" [_thread_blocked, id=10936, stack(0x0000000023a20000,0x0000000023b20000)]
  0x00000000196ed800 JavaThread "Cache worker for checksums cache (D:\AndroidStudioProjects\CategoryQuizApp\.gradle\checksums)" [_thread_blocked, id=12668, stack(0x0000000023920000,0x0000000023a20000)]
  0x00000000196f4000 JavaThread "jar transforms Thread 5" [_thread_blocked, id=12988, stack(0x0000000023620000,0x0000000023720000)]
  0x00000000196f3800 JavaThread "jar transforms Thread 4" [_thread_blocked, id=9640, stack(0x0000000023520000,0x0000000023620000)]
  0x00000000196f2000 JavaThread "jar transforms Thread 3" [_thread_blocked, id=8568, stack(0x00000000223c0000,0x00000000224c0000)]
  0x00000000196f1000 JavaThread "jar transforms Thread 2" [_thread_blocked, id=8936, stack(0x00000000222c0000,0x00000000223c0000)]
  0x00000000196f0800 JavaThread "jar transforms" [_thread_blocked, id=6512, stack(0x0000000020f40000,0x0000000021040000)]
  0x00000000196ee000 JavaThread "Cache worker for file hash cache (D:\AndroidStudioProjects\CategoryQuizApp\.gradle\6.5.1\fileHashes)" [_thread_blocked, id=3016, stack(0x0000000020c30000,0x0000000020d30000)]
  0x00000000196f2800 JavaThread "Cache worker for file hash cache (C:\Users\JFK\.gradle\caches\6.5.1\fileHashes)" [_thread_blocked, id=6480, stack(0x000000001e6e0000,0x000000001e7e0000)]
  0x00000000196ef000 JavaThread "File lock request listener" [_thread_in_native, id=10868, stack(0x000000001e5e0000,0x000000001e6e0000)]
  0x000000001c449800 JavaThread "Cache worker for journal cache (C:\Users\JFK\.gradle\caches\journal-1)" [_thread_blocked, id=10900, stack(0x000000001e4e0000,0x000000001e5e0000)]
  0x000000001a7d9000 JavaThread "Thread-9" [_thread_blocked, id=11620, stack(0x000000001e1e0000,0x000000001e2e0000)]
  0x000000001a795800 JavaThread "Stdin handler" [_thread_blocked, id=9680, stack(0x000000001e0e0000,0x000000001e1e0000)]
  0x000000001a793000 JavaThread "Asynchronous log dispatcher for DefaultDaemonConnection: socket connection from /127.0.0.1:10510 to /127.0.0.1:10511" [_thread_blocked, id=11104, stack(0x000000001dfe0000,0x000000001e0e0000)]
  0x000000001a790800 JavaThread "Daemon worker" [_thread_blocked, id=10000, stack(0x000000001dee0000,0x000000001dfe0000)]
  0x000000001c2d7000 JavaThread "Cancel handler" [_thread_blocked, id=7184, stack(0x000000001dce0000,0x000000001dde0000)]
  0x000000001c204000 JavaThread "Handler for socket connection from /127.0.0.1:10510 to /127.0.0.1:10511" [_thread_in_native, id=13196, stack(0x000000001dbe0000,0x000000001dce0000)]
  0x000000001c1fc800 JavaThread "Daemon" [_thread_blocked, id=6316, stack(0x000000001d8e0000,0x000000001d9e0000)]
  0x000000001c1f8800 JavaThread "Daemon periodic checks" [_thread_blocked, id=7688, stack(0x000000001d7e0000,0x000000001d8e0000)]
  0x000000001c1c9800 JavaThread "Incoming local TCP Connector on port 10510" [_thread_in_native, id=12240, stack(0x000000001d590000,0x000000001d690000)]
  0x000000001981c800 JavaThread "Daemon health stats" [_thread_blocked, id=3232, stack(0x000000001cf50000,0x000000001d050000)]
  0x0000000019786000 JavaThread "Service Thread" daemon [_thread_blocked, id=1444, stack(0x000000001a3b0000,0x000000001a4b0000)]
  0x00000000196ef800 JavaThread "C1 CompilerThread3" daemon [_thread_in_vm, id=10684, stack(0x000000001a2b0000,0x000000001a3b0000)]
  0x00000000178ee000 JavaThread "C2 CompilerThread2" daemon [_thread_in_native, id=7348, stack(0x000000001a1b0000,0x000000001a2b0000)]
  0x00000000178ec800 JavaThread "C2 CompilerThread1" daemon [_thread_in_native, id=8960, stack(0x000000001a0b0000,0x000000001a1b0000)]
=>0x00000000196e3800 JavaThread "C2 CompilerThread0" daemon [_thread_in_native, id=8036, stack(0x0000000019fb0000,0x000000001a0b0000)]
  0x00000000196e2800 JavaThread "Attach Listener" daemon [_thread_blocked, id=4380, stack(0x0000000019eb0000,0x0000000019fb0000)]
  0x00000000196e6000 JavaThread "Signal Dispatcher" daemon [_thread_blocked, id=9900, stack(0x0000000019db0000,0x0000000019eb0000)]
  0x000000000276d800 JavaThread "Finalizer" daemon [_thread_blocked, id=6236, stack(0x0000000019bb0000,0x0000000019cb0000)]
  0x00000000196d0800 JavaThread "Reference Handler" daemon [_thread_blocked, id=9116, stack(0x0000000019ab0000,0x0000000019bb0000)]
  0x000000000286d800 JavaThread "main" [_thread_blocked, id=7596, stack(0x0000000002560000,0x0000000002660000)]

Other Threads:
  0x00000000178d8000 VMThread [stack: 0x00000000195b0000,0x00000000196b0000] [id=9508]
  0x0000000019787000 WatcherThread [stack: 0x000000001a4b0000,0x000000001a5b0000] [id=12896]

VM state:not at safepoint (normal execution)

VM Mutex/Monitor currently owned by a thread: None

heap address: 0x0000000080000000, size: 2048 MB, Compressed Oops mode: 32-bit
Narrow klass base: 0x0000000000000000, Narrow klass shift: 3
Compressed class space size: 1073741824 Address: 0x0000000100000000

Heap:
 PSYoungGen      total 277504K, used 189061K [0x00000000d5580000, 0x00000000ec280000, 0x0000000100000000)
  eden space 235520K, 62% used [0x00000000d5580000,0x00000000de521f00,0x00000000e3b80000)
  from space 41984K, 99% used [0x00000000e3b80000,0x00000000e647f7e8,0x00000000e6480000)
  to   space 49152K, 0% used [0x00000000e9280000,0x00000000e9280000,0x00000000ec280000)
 ParOldGen       total 249856K, used 83344K [0x0000000080000000, 0x000000008f400000, 0x00000000d5580000)
  object space 249856K, 33% used [0x0000000080000000,0x0000000085164230,0x000000008f400000)
 Metaspace       used 104854K, capacity 110740K, committed 110808K, reserved 1144832K
  class space    used 13830K, capacity 15104K, committed 15104K, reserved 1048576K

Card table byte_map: [0x0000000011c30000,0x0000000012040000] byte_map_base: 0x0000000011830000

Marking Bits: (ParMarkBitMap*) 0x0000000073c4f030
 Begin Bits: [0x0000000012af0000, 0x0000000014af0000)
 End Bits:   [0x0000000014af0000, 0x0000000016af0000)

Polling page: 0x0000000000880000

CodeCache: size=245760Kb used=44727Kb max_used=44727Kb free=201032Kb
 bounds [0x0000000002870000, 0x0000000005450000, 0x0000000011870000]
 total_blobs=15041 nmethods=14127 adapters=824
 compilation: enabled

Compilation events (10 events):
Event: 30.530 Thread 0x00000000196ef800 nmethod 17135 0x0000000005442ed0 code [0x0000000005443060, 0x0000000005443288]
Event: 30.530 Thread 0x00000000196ef800 17139       2       com.android.tools.r8.graph.h0$s::collectIndexedItems (11 bytes)
Event: 30.530 Thread 0x00000000196ef800 nmethod 17139 0x00000000054433d0 code [0x0000000005443540, 0x00000000054436c8]
Event: 30.530 Thread 0x00000000196ef800 17136       2       com.android.tools.r8.dex.P$g$$Lambda$1856/686184358::apply (15 bytes)
Event: 30.530 Thread 0x00000000196ef800 nmethod 17136 0x0000000005443790 code [0x0000000005443900, 0x0000000005443ae8]
Event: 30.530 Thread 0x00000000196ef800 17137       2       com.android.tools.r8.dex.P$k::addClass (11 bytes)
Event: 30.530 Thread 0x00000000196ef800 nmethod 17137 0x0000000005443c10 code [0x0000000005443d80, 0x0000000005443f08]
Event: 30.531 Thread 0x00000000196ef800 17076       1       com.android.tools.r8.graph.h0$u::n (5 bytes)
Event: 30.531 Thread 0x00000000196ef800 nmethod 17076 0x0000000005443f90 code [0x00000000054440e0, 0x00000000054441f0]
Event: 30.536 Thread 0x00000000196ef800 17141       2       com.android.tools.r8.graph.H::collectIndexedItems (1 bytes)

GC Heap History (10 events):
Event: 25.736 GC heap before
{Heap before GC invocations=21 (full 3):
 PSYoungGen      total 226816K, used 226796K [0x00000000d5580000, 0x00000000e6900000, 0x0000000100000000)
  eden space 200192K, 100% used [0x00000000d5580000,0x00000000e1900000,0x00000000e1900000)
  from space 26624K, 99% used [0x00000000e1900000,0x00000000e32fb2e0,0x00000000e3300000)
  to   space 31744K, 0% used [0x00000000e4a00000,0x00000000e4a00000,0x00000000e6900000)
 ParOldGen       total 143872K, used 66277K [0x0000000080000000, 0x0000000088c80000, 0x00000000d5580000)
  object space 143872K, 46% used [0x0000000080000000,0x00000000840b97c0,0x0000000088c80000)
 Metaspace       used 92505K, capacity 97080K, committed 97368K, reserved 1134592K
  class space    used 12027K, capacity 12895K, committed 12928K, reserved 1048576K
Event: 25.813 GC heap after
Heap after GC invocations=21 (full 3):
 PSYoungGen      total 239104K, used 31721K [0x00000000d5580000, 0x00000000e7e80000, 0x0000000100000000)
  eden space 207360K, 0% used [0x00000000d5580000,0x00000000d5580000,0x00000000e2000000)
  from space 31744K, 99% used [0x00000000e4a00000,0x00000000e68fa4b0,0x00000000e6900000)
  to   space 43008K, 0% used [0x00000000e2000000,0x00000000e2000000,0x00000000e4a00000)
 ParOldGen       total 143872K, used 84104K [0x0000000080000000, 0x0000000088c80000, 0x00000000d5580000)
  object space 143872K, 58% used [0x0000000080000000,0x0000000085222370,0x0000000088c80000)
 Metaspace       used 92505K, capacity 97080K, committed 97368K, reserved 1134592K
  class space    used 12027K, capacity 12895K, committed 12928K, reserved 1048576K
}
Event: 26.567 GC heap before
{Heap before GC invocations=22 (full 3):
 PSYoungGen      total 239104K, used 114686K [0x00000000d5580000, 0x00000000e7e80000, 0x0000000100000000)
  eden space 207360K, 40% used [0x00000000d5580000,0x00000000da685448,0x00000000e2000000)
  from space 31744K, 99% used [0x00000000e4a00000,0x00000000e68fa4b0,0x00000000e6900000)
  to   space 43008K, 0% used [0x00000000e2000000,0x00000000e2000000,0x00000000e4a00000)
 ParOldGen       total 143872K, used 84104K [0x0000000080000000, 0x0000000088c80000, 0x00000000d5580000)
  object space 143872K, 58% used [0x0000000080000000,0x0000000085222370,0x0000000088c80000)
 Metaspace       used 93607K, capacity 98208K, committed 98264K, reserved 1134592K
  class space    used 12153K, capacity 13046K, committed 13056K, reserved 1048576K
Event: 26.614 GC heap after
Heap after GC invocations=22 (full 3):
 PSYoungGen      total 250368K, used 11837K [0x00000000d5580000, 0x00000000e8d00000, 0x0000000100000000)
  eden space 207360K, 0% used [0x00000000d5580000,0x00000000d5580000,0x00000000e2000000)
  from space 43008K, 27% used [0x00000000e2000000,0x00000000e2b8f520,0x00000000e4a00000)
  to   space 41472K, 0% used [0x00000000e6480000,0x00000000e6480000,0x00000000e8d00000)
 ParOldGen       total 143872K, used 115339K [0x0000000080000000, 0x0000000088c80000, 0x00000000d5580000)
  object space 143872K, 80% used [0x0000000080000000,0x00000000870a2c30,0x0000000088c80000)
 Metaspace       used 93607K, capacity 98208K, committed 98264K, reserved 1134592K
  class space    used 12153K, capacity 13046K, committed 13056K, reserved 1048576K
}
Event: 26.614 GC heap before
{Heap before GC invocations=23 (full 4):
 PSYoungGen      total 250368K, used 11837K [0x00000000d5580000, 0x00000000e8d00000, 0x0000000100000000)
  eden space 207360K, 0% used [0x00000000d5580000,0x00000000d5580000,0x00000000e2000000)
  from space 43008K, 27% used [0x00000000e2000000,0x00000000e2b8f520,0x00000000e4a00000)
  to   space 41472K, 0% used [0x00000000e6480000,0x00000000e6480000,0x00000000e8d00000)
 ParOldGen       total 143872K, used 115339K [0x0000000080000000, 0x0000000088c80000, 0x00000000d5580000)
  object space 143872K, 80% used [0x0000000080000000,0x00000000870a2c30,0x0000000088c80000)
 Metaspace       used 93607K, capacity 98208K, committed 98264K, reserved 1134592K
  class space    used 12153K, capacity 13046K, committed 13056K, reserved 1048576K
Event: 26.872 GC heap after
Heap after GC invocations=23 (full 4):
 PSYoungGen      total 250368K, used 0K [0x00000000d5580000, 0x00000000e8d00000, 0x0000000100000000)
  eden space 207360K, 0% used [0x00000000d5580000,0x00000000d5580000,0x00000000e2000000)
  from space 43008K, 0% used [0x00000000e2000000,0x00000000e2000000,0x00000000e4a00000)
  to   space 41472K, 0% used [0x00000000e6480000,0x00000000e6480000,0x00000000e8d00000)
 ParOldGen       total 249856K, used 81364K [0x0000000080000000, 0x000000008f400000, 0x00000000d5580000)
  object space 249856K, 32% used [0x0000000080000000,0x0000000084f750d0,0x000000008f400000)
 Metaspace       used 93123K, capacity 96806K, committed 98264K, reserved 1134592K
  class space    used 11997K, capacity 12771K, committed 13056K, reserved 1048576K
}
Event: 27.717 GC heap before
{Heap before GC invocations=24 (full 4):
 PSYoungGen      total 250368K, used 207360K [0x00000000d5580000, 0x00000000e8d00000, 0x0000000100000000)
  eden space 207360K, 100% used [0x00000000d5580000,0x00000000e2000000,0x00000000e2000000)
  from space 43008K, 0% used [0x00000000e2000000,0x00000000e2000000,0x00000000e4a00000)
  to   space 41472K, 0% used [0x00000000e6480000,0x00000000e6480000,0x00000000e8d00000)
 ParOldGen       total 249856K, used 81388K [0x0000000080000000, 0x000000008f400000, 0x00000000d5580000)
  object space 249856K, 32% used [0x0000000080000000,0x0000000084f7b0f0,0x000000008f400000)
 Metaspace       used 94253K, capacity 97994K, committed 99416K, reserved 1136640K
  class space    used 12104K, capacity 12881K, committed 13184K, reserved 1048576K
Event: 27.751 GC heap after
Heap after GC invocations=24 (full 4):
 PSYoungGen      total 276992K, used 24795K [0x00000000d5580000, 0x00000000e9280000, 0x0000000100000000)
  eden space 235520K, 0% used [0x00000000d5580000,0x00000000d5580000,0x00000000e3b80000)
  from space 41472K, 59% used [0x00000000e6480000,0x00000000e7cb6e20,0x00000000e8d00000)
  to   space 41984K, 0% used [0x00000000e3b80000,0x00000000e3b80000,0x00000000e6480000)
 ParOldGen       total 249856K, used 81396K [0x0000000080000000, 0x000000008f400000, 0x00000000d5580000)
  object space 249856K, 32% used [0x0000000080000000,0x0000000084f7d0f0,0x000000008f400000)
 Metaspace       used 94253K, capacity 97994K, committed 99416K, reserved 1136640K
  class space    used 12104K, capacity 12881K, committed 13184K, reserved 1048576K
}
Event: 28.901 GC heap before
{Heap before GC invocations=25 (full 4):
 PSYoungGen      total 276992K, used 260315K [0x00000000d5580000, 0x00000000e9280000, 0x0000000100000000)
  eden space 235520K, 100% used [0x00000000d5580000,0x00000000e3b80000,0x00000000e3b80000)
  from space 41472K, 59% used [0x00000000e6480000,0x00000000e7cb6e20,0x00000000e8d00000)
  to   space 41984K, 0% used [0x00000000e3b80000,0x00000000e3b80000,0x00000000e6480000)
 ParOldGen       total 249856K, used 81463K [0x0000000080000000, 0x000000008f400000, 0x00000000d5580000)
  object space 249856K, 32% used [0x0000000080000000,0x0000000084f8df38,0x000000008f400000)
 Metaspace       used 101984K, capacity 107232K, committed 107352K, reserved 1142784K
  class space    used 13451K, capacity 14620K, committed 14720K, reserved 1048576K
Event: 28.946 GC heap after
Heap after GC invocations=25 (full 4):
 PSYoungGen      total 277504K, used 41981K [0x00000000d5580000, 0x00000000ec280000, 0x0000000100000000)
  eden space 235520K, 0% used [0x00000000d5580000,0x00000000d5580000,0x00000000e3b80000)
  from space 41984K, 99% used [0x00000000e3b80000,0x00000000e647f7e8,0x00000000e6480000)
  to   space 49152K, 0% used [0x00000000e9280000,0x00000000e9280000,0x00000000ec280000)
 ParOldGen       total 249856K, used 83344K [0x0000000080000000, 0x000000008f400000, 0x00000000d5580000)
  object space 249856K, 33% used [0x0000000080000000,0x0000000085164230,0x000000008f400000)
 Metaspace       used 101984K, capacity 107232K, committed 107352K, reserved 1142784K
  class space    used 13451K, capacity 14620K, committed 14720K, reserved 1048576K
}

Deoptimization events (10 events):
Event: 30.145 Thread 0x000000002068f800 Uncommon trap: reason=array_check action=maybe_recompile pc=0x0000000003b80a18 method=java.util.TimSort.binarySort([Ljava/lang/Object;IIILjava/util/Comparator;)V @ 183
Event: 30.294 Thread 0x0000000021b1c800 Uncommon trap: reason=class_check action=maybe_recompile pc=0x00000000042d19f0 method=java.util.Spliterators$1Adapter.hasNext()Z @ 12
Event: 30.295 Thread 0x0000000021b1c800 Uncommon trap: reason=class_check action=maybe_recompile pc=0x00000000042d19f0 method=java.util.Spliterators$1Adapter.hasNext()Z @ 12
Event: 30.319 Thread 0x0000000021b1c800 Uncommon trap: reason=class_check action=maybe_recompile pc=0x000000000415b5a8 method=java.util.Collections$SetFromMap.<init>(Ljava/util/Map;)V @ 5
Event: 30.319 Thread 0x0000000021b1c800 Uncommon trap: reason=class_check action=maybe_recompile pc=0x000000000415b5a8 method=java.util.Collections$SetFromMap.<init>(Ljava/util/Map;)V @ 5
Event: 30.325 Thread 0x0000000021b1c800 Uncommon trap: reason=unstable_if action=reinterpret pc=0x0000000002b741d4 method=java.nio.Bits.getShort(Ljava/nio/ByteBuffer;IZ)S @ 1
Event: 30.360 Thread 0x0000000021b1c800 Uncommon trap: reason=unstable_if action=reinterpret pc=0x0000000002c7ff0c method=com.android.tools.r8.graph.e0.a([C)I @ 29
Event: 30.434 Thread 0x000000002d1ab000 Uncommon trap: reason=unstable_if action=reinterpret pc=0x00000000031b4cb0 method=java.util.Arrays.hashCode([Ljava/lang/Object;)I @ 1
Event: 30.434 Thread 0x000000002d1a9800 Uncommon trap: reason=unstable_if action=reinterpret pc=0x00000000031b4cb0 method=java.util.Arrays.hashCode([Ljava/lang/Object;)I @ 1
Event: 30.434 Thread 0x000000002d1a7800 Uncommon trap: reason=unstable_if action=reinterpret pc=0x00000000031b4cb0 method=java.util.Arrays.hashCode([Ljava/lang/Object;)I @ 1

Classes redefined (0 events):
No events

Internal exceptions (10 events):
Event: 30.213 Thread 0x000000002068f800 Exception <a 'sun/nio/fs/WindowsException'> (0x00000000dbfd42c0) thrown at [C:\src\AOSP-openjdk-git\hotspot\src\share\vm\prims\jni.cpp, line 710]
Event: 30.214 Thread 0x000000002068f800 Exception <a 'sun/nio/fs/WindowsException'> (0x00000000dc09d7c8) thrown at [C:\src\AOSP-openjdk-git\hotspot\src\share\vm\prims\jni.cpp, line 710]
Event: 30.216 Thread 0x000000002068f800 Exception <a 'sun/nio/fs/WindowsException'> (0x00000000dc0a6120) thrown at [C:\src\AOSP-openjdk-git\hotspot\src\share\vm\prims\jni.cpp, line 710]
Event: 30.222 Thread 0x000000002068f800 Exception <a 'sun/nio/fs/WindowsException'> (0x00000000dc18a8c0) thrown at [C:\src\AOSP-openjdk-git\hotspot\src\share\vm\prims\jni.cpp, line 710]
Event: 30.226 Thread 0x000000002068f800 Exception <a 'sun/nio/fs/WindowsException'> (0x00000000dc1e2b40) thrown at [C:\src\AOSP-openjdk-git\hotspot\src\share\vm\prims\jni.cpp, line 710]
Event: 30.264 Thread 0x0000000021b16800 Exception <a 'java/lang/NoSuchMethodError': <clinit>> (0x00000000dc2ae948) thrown at [C:\src\AOSP-openjdk-git\hotspot\src\share\vm\prims\jni.cpp, line 1615]
Event: 30.318 Thread 0x0000000021b1c800 Exception <a 'sun/nio/fs/WindowsException'> (0x00000000dc776178) thrown at [C:\src\AOSP-openjdk-git\hotspot\src\share\vm\prims\jni.cpp, line 710]
Event: 30.434 Thread 0x000000002d1ab000 Implicit null exception at 0x00000000031b4baf to 0x00000000031b4ca1
Event: 30.434 Thread 0x000000002d1a9800 Implicit null exception at 0x00000000031b4baf to 0x00000000031b4ca1
Event: 30.434 Thread 0x000000002d1a7800 Implicit null exception at 0x00000000031b4baf to 0x00000000031b4ca1

Events (10 events):
Event: 30.449 loading class com/android/tools/r8/v/a/a/a/f/b
Event: 30.449 loading class com/android/tools/r8/v/a/a/a/f/b done
Event: 30.451 Thread 0x000000002d1a4800 DEOPT PACKING pc=0x0000000004887891 sp=0x000000003498eff0
Event: 30.451 Thread 0x000000002d1a4800 DEOPT UNPACKING pc=0x00000000028b75d0 sp=0x000000003498ece8 mode 0
Event: 30.451 loading class com/android/tools/r8/graph/E$b$a
Event: 30.451 loading class com/android/tools/r8/graph/E$b$a done
Event: 30.469 Thread 0x000000002d19d000 DEOPT PACKING pc=0x0000000004c8c85c sp=0x000000003458e970
Event: 30.469 Thread 0x000000002d19d000 DEOPT UNPACKING pc=0x00000000028b75d0 sp=0x000000003458e6f0 mode 0
Event: 30.488 Executing VM operation: RevokeBias
Event: 30.489 Executing VM operation: RevokeBias done


Dynamic libraries:
0x00007ff666240000 - 0x00007ff666271000 	C:\Program Files\Android\Android Studio\jre\bin\java.exe
0x00007ffa41bb0000 - 0x00007ffa41d9d000 	C:\Windows\SYSTEM32\ntdll.dll
0x00007ffa3f670000 - 0x00007ffa3f723000 	C:\Windows\System32\KERNEL32.DLL
0x00007ffa3e770000 - 0x00007ffa3ea04000 	C:\Windows\System32\KERNELBASE.dll
0x00007ffa41350000 - 0x00007ffa413f3000 	C:\Windows\System32\ADVAPI32.dll
0x00007ffa3f5d0000 - 0x00007ffa3f66e000 	C:\Windows\System32\msvcrt.dll
0x00007ffa3ede0000 - 0x00007ffa3ee7e000 	C:\Windows\System32\sechost.dll
0x00007ffa3f730000 - 0x00007ffa3f852000 	C:\Windows\System32\RPCRT4.dll
0x00007ffa419e0000 - 0x00007ffa41b77000 	C:\Windows\System32\USER32.dll
0x00007ffa3ea10000 - 0x00007ffa3ea30000 	C:\Windows\System32\win32u.dll
0x00007ffa3eee0000 - 0x00007ffa3ef09000 	C:\Windows\System32\GDI32.dll
0x00007ffa3e5d0000 - 0x00007ffa3e76c000 	C:\Windows\System32\gdi32full.dll
0x00007ffa3ead0000 - 0x00007ffa3eb70000 	C:\Windows\System32\msvcp_win.dll
0x00007ffa3dc60000 - 0x00007ffa3dd5a000 	C:\Windows\System32\ucrtbase.dll
0x00007ffa27400000 - 0x00007ffa27679000 	C:\Windows\WinSxS\amd64_microsoft.windows.common-controls_6595b64144ccf1df_6.0.17763.1457_none_de7243e4534a70d1\COMCTL32.dll
0x00007ffa41680000 - 0x00007ffa419ad000 	C:\Windows\System32\combase.dll
0x00007ffa3ea30000 - 0x00007ffa3eaae000 	C:\Windows\System32\bcryptPrimitives.dll
0x00007ffa419b0000 - 0x00007ffa419de000 	C:\Windows\System32\IMM32.DLL
0x0000000073140000 - 0x0000000073212000 	C:\Program Files\Android\Android Studio\jre\jre\bin\msvcr100.dll
0x0000000073480000 - 0x0000000073ccb000 	C:\Program Files\Android\Android Studio\jre\jre\bin\server\jvm.dll
0x00007ffa3f550000 - 0x00007ffa3f558000 	C:\Windows\System32\PSAPI.DLL
0x00007ffa39590000 - 0x00007ffa3959a000 	C:\Windows\SYSTEM32\VERSION.dll
0x00007ffa2d030000 - 0x00007ffa2d039000 	C:\Windows\SYSTEM32\WSOCK32.dll
0x00007ffa3b9e0000 - 0x00007ffa3ba04000 	C:\Windows\SYSTEM32\WINMM.dll
0x00007ffa3f560000 - 0x00007ffa3f5cd000 	C:\Windows\System32\WS2_32.dll
0x00007ffa3b8c0000 - 0x00007ffa3b8ed000 	C:\Windows\SYSTEM32\WINMMBASE.dll
0x00007ffa3ed80000 - 0x00007ffa3edca000 	C:\Windows\System32\cfgmgr32.dll
0x00007ffa37a60000 - 0x00007ffa37a6f000 	C:\Program Files\Android\Android Studio\jre\jre\bin\verify.dll
0x00007ffa37a30000 - 0x00007ffa37a59000 	C:\Program Files\Android\Android Studio\jre\jre\bin\java.dll
0x00007ffa34cd0000 - 0x00007ffa34ce6000 	C:\Program Files\Android\Android Studio\jre\jre\bin\zip.dll
0x00007ffa3f860000 - 0x00007ffa40d59000 	C:\Windows\System32\SHELL32.dll
0x00007ffa3ef70000 - 0x00007ffa3f019000 	C:\Windows\System32\shcore.dll
0x00007ffa3ddc0000 - 0x00007ffa3e512000 	C:\Windows\System32\windows.storage.dll
0x00007ffa3dc10000 - 0x00007ffa3dc34000 	C:\Windows\System32\profapi.dll
0x00007ffa3dbb0000 - 0x00007ffa3dc0d000 	C:\Windows\System32\powrprof.dll
0x00007ffa3f470000 - 0x00007ffa3f4c2000 	C:\Windows\System32\shlwapi.dll
0x00007ffa3db90000 - 0x00007ffa3dba1000 	C:\Windows\System32\kernel.appcore.dll
0x00007ffa3eab0000 - 0x00007ffa3eac7000 	C:\Windows\System32\cryptsp.dll
0x00007ffa34bc0000 - 0x00007ffa34bda000 	C:\Program Files\Android\Android Studio\jre\jre\bin\net.dll
0x00007ffa3d390000 - 0x00007ffa3d3f7000 	C:\Windows\system32\mswsock.dll
0x00007ffa349f0000 - 0x00007ffa34a03000 	C:\Program Files\Android\Android Studio\jre\jre\bin\nio.dll
0x00007ffa34800000 - 0x00007ffa34827000 	C:\Users\JFK\.gradle\native\f6784746aeab05261644944871eae4fe03e0ef1612fff0a4a95f87b438bc6780\windows-amd64\native-platform.dll
0x00007ffa37a20000 - 0x00007ffa37a2d000 	C:\Program Files\Android\Android Studio\jre\jre\bin\management.dll
0x00007ffa3cf10000 - 0x00007ffa3cf43000 	C:\Windows\system32\rsaenh.dll
0x00007ffa3eb70000 - 0x00007ffa3eb96000 	C:\Windows\System32\bcrypt.dll
0x00007ffa3da80000 - 0x00007ffa3daa8000 	C:\Windows\SYSTEM32\USERENV.dll
0x00007ffa3d560000 - 0x00007ffa3d56c000 	C:\Windows\SYSTEM32\CRYPTBASE.dll
0x00007ffa3d0b0000 - 0x00007ffa3d0ed000 	C:\Windows\SYSTEM32\IPHLPAPI.DLL
0x00007ffa3edd0000 - 0x00007ffa3edd8000 	C:\Windows\System32\NSI.dll
0x00007ffa350b0000 - 0x00007ffa350c6000 	C:\Windows\SYSTEM32\dhcpcsvc6.DLL
0x00007ffa36d90000 - 0x00007ffa36dac000 	C:\Windows\SYSTEM32\dhcpcsvc.DLL
0x00007ffa3d0f0000 - 0x00007ffa3d1b7000 	C:\Windows\SYSTEM32\DNSAPI.dll
0x00007ffa37780000 - 0x00007ffa3778b000 	C:\Windows\SYSTEM32\WINNSI.DLL
0x0000000066e00000 - 0x0000000066f03000 	C:\Users\JFK\AppData\Local\Temp\sqlite-3.25.2-cfff714d-8fce-44bd-8120-986ab52d203c-sqlitejdbc.dll

VM Arguments:
jvm_args: -Xmx2048m -Dfile.encoding=windows-1251 -Duser.country=RU -Duser.language=ru -Duser.variant 
java_command: org.gradle.launcher.daemon.bootstrap.GradleDaemon 6.5.1
java_class_path (initial): C:\Users\JFK\.gradle\wrapper\dists\gradle-6.5.1-all\cdund22i8guosqylfo49op4dv\gradle-6.5.1\lib\gradle-launcher-6.5.1.jar
Launcher Type: SUN_STANDARD

Environment Variables:
PATH=C:\Program Files (x86)\Intel\Intel(R) Management Engine Components\iCLS\;C:\Program Files\Intel\Intel(R) Management Engine Components\iCLS\;C:\Program Files (x86)\Common Files\Oracle\Java\javapath;C:\Windows\system32;C:\Windows;C:\Windows\System32\Wbem;C:\Windows\System32\WindowsPowerShell\v1.0\;C:\Windows\System32\OpenSSH\;C:\Program Files\Git\cmd;C:\Program Files (x86)\Intel\Intel(R) Management Engine Components\DAL;C:\Program Files\Intel\Intel(R) Management Engine Components\DAL;C:\Program Files (x86)\Intel\Intel(R) Management Engine Components\IPT;C:\Program Files\Intel\Intel(R) Management Engine Components\IPT;C:\Users\JFK\AppData\Local\Microsoft\WindowsApps;
USERNAME=JFK
OS=Windows_NT
PROCESSOR_IDENTIFIER=Intel64 Family 6 Model 142 Stepping 10, GenuineIntel



---------------  S Y S T E M  ---------------

OS: Windows 10.0 , 64 bit Build 17763 (10.0.17763.475)

CPU:total 8 (initial active 8) (4 cores per cpu, 2 threads per core) family 6 model 142 stepping 10, cmov, cx8, fxsr, mmx, sse, sse2, sse3, ssse3, sse4.1, sse4.2, popcnt, avx, avx2, aes, clmul, erms, 3dnowpref, lzcnt, ht, tsc, tscinvbit, bmi1, bmi2, adx

Memory: 4k page, physical 8283976k(903744k free), swap 11405128k(5120k free)

vm_info: OpenJDK 64-Bit Server VM (25.242-b01) for windows-amd64 JRE (1.8.0_242-release-1644-b01), built by "builder" with MS VC++ 10.0 (VS2010)

time: Thu Sep 17 23:07:17 2020
timezone: RTZ 2 ()
elapsed time: 30 seconds (0d 0h 0m 30s)

