#
# There is insufficient memory for the Java Runtime Environment to continue.
# Native memory allocation (malloc) failed to allocate 1813616 bytes for Chunk::new
# Possible reasons:
#   The system is out of physical RAM or swap space
#   The process is running with CompressedOops enabled, and the Java Heap may be blocking the growth of the native heap
# Possible solutions:
#   Reduce memory load on the system
#   Increase physical memory or swap space
#   Check if swap backing store is full
#   Decrease Java heap size (-Xmx/-Xms)
#   Decrease number of Java threads
#   Decrease Java thread stack sizes (-Xss)
#   Set larger code cache with -XX:ReservedCodeCacheSize=
#   JVM is running with Unscaled Compressed Oops mode in which the Java heap is
#     placed in the first 4GB address space. The Java Heap base address is the
#     maximum limit for the native heap growth. Please use -XX:HeapBaseMinAddress
#     to set the Java Heap base and to place the Java Heap above 4GB virtual address.
# This output file may be truncated or incomplete.
#
#  Out of Memory Error (allocation.cpp:389), pid=10300, tid=0x0000000000002c38
#
# JRE version: OpenJDK Runtime Environment (8.0_242-b01) (build 1.8.0_242-release-1644-b01)
# Java VM: OpenJDK 64-Bit Server VM (25.242-b01 mixed mode windows-amd64 compressed oops)
# Failed to write core dump. Minidumps are not enabled by default on client versions of Windows
#

---------------  T H R E A D  ---------------

Current thread (0x0000000017dcc800):  JavaThread "C2 CompilerThread1" daemon [_thread_in_native, id=11320, stack(0x000000001a580000,0x000000001a680000)]

Stack: [0x000000001a580000,0x000000001a680000]
[error occurred during error reporting (printing stack bounds), id 0xc0000005]

Native frames: (J=compiled Java code, j=interpreted, Vv=VM code, C=native code)


Current CompileTask:
C2: 200359 16675       4       org.gradle.internal.component.model.ComponentAttributeMatcher::match (259 bytes)


---------------  P R O C E S S  ---------------

Java Threads: ( => current thread )
  0x00000000312cd000 JavaThread "Execution worker for ':' Thread 7" [_thread_blocked, id=10312, stack(0x000000003d280000,0x000000003d380000)]
  0x00000000312d2000 JavaThread "Execution worker for ':' Thread 6" [_thread_blocked, id=9512, stack(0x000000003d180000,0x000000003d280000)]
  0x00000000312d3000 JavaThread "Execution worker for ':' Thread 5" [_thread_blocked, id=12648, stack(0x000000003d080000,0x000000003d180000)]
  0x00000000312d3800 JavaThread "Execution worker for ':' Thread 4" [_thread_blocked, id=12012, stack(0x000000003cf80000,0x000000003d080000)]
  0x00000000312d0000 JavaThread "Execution worker for ':' Thread 3" [_thread_in_Java, id=10360, stack(0x000000003ce80000,0x000000003cf80000)]
  0x000000002012e000 JavaThread "Execution worker for ':' Thread 2" [_thread_blocked, id=1088, stack(0x000000003cd80000,0x000000003ce80000)]
  0x000000002012d800 JavaThread "Execution worker for ':'" [_thread_blocked, id=11436, stack(0x000000003cc80000,0x000000003cd80000)]
  0x000000002012f000 JavaThread "Cache worker for file content cache (D:\AndroidStudioProjects\CategoryQuizApp\.gradle\6.5.1\fileContent)" [_thread_blocked, id=1628, stack(0x000000003cb80000,0x000000003cc80000)]
  0x000000002012c800 JavaThread "Cache worker for Build Output Cleanup Cache (D:\AndroidStudioProjects\CategoryQuizApp\.gradle\buildOutputCleanup)" [_thread_blocked, id=5152, stack(0x000000003ca80000,0x000000003cb80000)]
  0x000000002012c000 JavaThread "jar transforms Thread 218" [_thread_blocked, id=9896, stack(0x000000003c980000,0x000000003ca80000)]
  0x000000002012b000 JavaThread "jar transforms Thread 217" [_thread_blocked, id=12412, stack(0x000000003c880000,0x000000003c980000)]
  0x0000000020123800 JavaThread "jar transforms Thread 216" [_thread_blocked, id=11056, stack(0x000000003c780000,0x000000003c880000)]
  0x000000002012a800 JavaThread "jar transforms Thread 215" [_thread_blocked, id=11068, stack(0x000000003c680000,0x000000003c780000)]
  0x0000000020123000 JavaThread "jar transforms Thread 214" [_thread_blocked, id=12208, stack(0x000000003c580000,0x000000003c680000)]
  0x0000000020129800 JavaThread "jar transforms Thread 213" [_thread_blocked, id=10116, stack(0x000000003c480000,0x000000003c580000)]
  0x0000000020122000 JavaThread "jar transforms Thread 212" [_thread_blocked, id=4664, stack(0x000000003c380000,0x000000003c480000)]
  0x0000000020128000 JavaThread "jar transforms Thread 211" [_thread_blocked, id=13064, stack(0x000000003c280000,0x000000003c380000)]
  0x0000000020127800 JavaThread "jar transforms Thread 210" [_thread_blocked, id=11692, stack(0x000000003c180000,0x000000003c280000)]
  0x0000000020125000 JavaThread "jar transforms Thread 209" [_thread_blocked, id=11448, stack(0x000000003c080000,0x000000003c180000)]
  0x0000000020129000 JavaThread "jar transforms Thread 208" [_thread_blocked, id=11844, stack(0x000000003bf80000,0x000000003c080000)]
  0x0000000020121800 JavaThread "jar transforms Thread 207" [_thread_blocked, id=1816, stack(0x000000003be80000,0x000000003bf80000)]
  0x0000000020120000 JavaThread "jar transforms Thread 206" [_thread_blocked, id=4144, stack(0x000000003bd80000,0x000000003be80000)]
  0x0000000020126000 JavaThread "jar transforms Thread 205" [_thread_blocked, id=12908, stack(0x000000003bc80000,0x000000003bd80000)]
  0x0000000020120800 JavaThread "jar transforms Thread 204" [_thread_blocked, id=2596, stack(0x000000003bb80000,0x000000003bc80000)]
  0x0000000020126800 JavaThread "jar transforms Thread 203" [_thread_blocked, id=8424, stack(0x000000003ba80000,0x000000003bb80000)]
  0x0000000020124800 JavaThread "jar transforms Thread 202" [_thread_blocked, id=11852, stack(0x000000003b980000,0x000000003ba80000)]
  0x0000000022492800 JavaThread "jar transforms Thread 201" [_thread_blocked, id=10284, stack(0x000000003b880000,0x000000003b980000)]
  0x0000000022490000 JavaThread "jar transforms Thread 200" [_thread_blocked, id=10208, stack(0x000000003b780000,0x000000003b880000)]
  0x000000002248e800 JavaThread "jar transforms Thread 199" [_thread_blocked, id=9060, stack(0x000000003b680000,0x000000003b780000)]
  0x000000002248e000 JavaThread "jar transforms Thread 198" [_thread_blocked, id=2168, stack(0x000000003b580000,0x000000003b680000)]
  0x0000000022491000 JavaThread "jar transforms Thread 197" [_thread_blocked, id=8664, stack(0x000000003b480000,0x000000003b580000)]
  0x000000002248d000 JavaThread "jar transforms Thread 196" [_thread_blocked, id=5816, stack(0x000000003b380000,0x000000003b480000)]
  0x0000000022491800 JavaThread "jar transforms Thread 195" [_thread_blocked, id=9464, stack(0x000000003b280000,0x000000003b380000)]
  0x0000000022493000 JavaThread "jar transforms Thread 194" [_thread_blocked, id=2940, stack(0x000000003b180000,0x000000003b280000)]
  0x0000000022494000 JavaThread "jar transforms Thread 193" [_thread_blocked, id=10600, stack(0x000000003b080000,0x000000003b180000)]
  0x000000002248f800 JavaThread "jar transforms Thread 192" [_thread_blocked, id=12976, stack(0x000000003af80000,0x000000003b080000)]
  0x0000000022485800 JavaThread "jar transforms Thread 191" [_thread_blocked, id=12832, stack(0x000000003ae80000,0x000000003af80000)]
  0x000000002248c800 JavaThread "jar transforms Thread 190" [_thread_blocked, id=6948, stack(0x000000003ad80000,0x000000003ae80000)]
  0x0000000022485000 JavaThread "jar transforms Thread 189" [_thread_blocked, id=6840, stack(0x000000003ac80000,0x000000003ad80000)]
  0x000000002248b000 JavaThread "jar transforms Thread 188" [_thread_blocked, id=11776, stack(0x000000003ab80000,0x000000003ac80000)]
  0x0000000022488000 JavaThread "jar transforms Thread 187" [_thread_blocked, id=2300, stack(0x000000003aa80000,0x000000003ab80000)]
  0x000000002248b800 JavaThread "jar transforms Thread 186" [_thread_blocked, id=9644, stack(0x000000003a980000,0x000000003aa80000)]
  0x0000000022486800 JavaThread "jar transforms Thread 185" [_thread_blocked, id=9480, stack(0x000000003a880000,0x000000003a980000)]
  0x000000002248a000 JavaThread "jar transforms Thread 184" [_thread_blocked, id=6320, stack(0x000000003a780000,0x000000003a880000)]
  0x0000000022489800 JavaThread "jar transforms Thread 183" [_thread_blocked, id=7540, stack(0x000000003a680000,0x000000003a780000)]
  0x0000000022487000 JavaThread "jar transforms Thread 182" [_thread_blocked, id=1224, stack(0x000000003a580000,0x000000003a680000)]
  0x0000000022488800 JavaThread "jar transforms Thread 181" [_thread_blocked, id=5640, stack(0x000000003a480000,0x000000003a580000)]
  0x000000001f15b800 JavaThread "jar transforms Thread 180" [_thread_blocked, id=2000, stack(0x000000003a380000,0x000000003a480000)]
  0x000000001f15b000 JavaThread "jar transforms Thread 179" [_thread_blocked, id=13116, stack(0x000000003a280000,0x000000003a380000)]
  0x000000001f15a000 JavaThread "jar transforms Thread 178" [_thread_blocked, id=12420, stack(0x000000003a180000,0x000000003a280000)]
  0x000000001f15c800 JavaThread "jar transforms Thread 177" [_thread_blocked, id=13208, stack(0x000000003a080000,0x000000003a180000)]
  0x000000001f158800 JavaThread "jar transforms Thread 176" [_thread_blocked, id=11360, stack(0x0000000039f80000,0x000000003a080000)]
  0x000000001f155800 JavaThread "jar transforms Thread 175" [_thread_blocked, id=12484, stack(0x0000000039e80000,0x0000000039f80000)]
  0x000000001f159800 JavaThread "jar transforms Thread 174" [_thread_blocked, id=3684, stack(0x0000000039d80000,0x0000000039e80000)]
  0x000000001f156800 JavaThread "jar transforms Thread 173" [_thread_blocked, id=11884, stack(0x0000000039c80000,0x0000000039d80000)]
  0x000000001f158000 JavaThread "jar transforms Thread 172" [_thread_blocked, id=7312, stack(0x0000000039b80000,0x0000000039c80000)]
  0x000000001f150800 JavaThread "jar transforms Thread 171" [_thread_blocked, id=2276, stack(0x0000000039a80000,0x0000000039b80000)]
  0x000000001f155000 JavaThread "jar transforms Thread 170" [_thread_blocked, id=5316, stack(0x0000000039980000,0x0000000039a80000)]
  0x000000001f152800 JavaThread "jar transforms Thread 169" [_thread_blocked, id=5788, stack(0x0000000039880000,0x0000000039980000)]
  0x000000001f157000 JavaThread "jar transforms Thread 168" [_thread_blocked, id=2220, stack(0x0000000039780000,0x0000000039880000)]
  0x000000001f151000 JavaThread "jar transforms Thread 167" [_thread_blocked, id=9380, stack(0x0000000039680000,0x0000000039780000)]
  0x000000001f14f800 JavaThread "jar transforms Thread 166" [_thread_blocked, id=2896, stack(0x0000000039580000,0x0000000039680000)]
  0x000000001f14d800 JavaThread "jar transforms Thread 165" [_thread_blocked, id=9556, stack(0x0000000039480000,0x0000000039580000)]
  0x000000001f14f000 JavaThread "jar transforms Thread 164" [_thread_blocked, id=9184, stack(0x0000000039380000,0x0000000039480000)]
  0x000000001f154000 JavaThread "jar transforms Thread 163" [_thread_blocked, id=7292, stack(0x0000000039280000,0x0000000039380000)]
  0x000000001f14e000 JavaThread "jar transforms Thread 162" [_thread_blocked, id=8528, stack(0x0000000039180000,0x0000000039280000)]
  0x000000001f152000 JavaThread "jar transforms Thread 161" [_thread_blocked, id=11796, stack(0x0000000039080000,0x0000000039180000)]
  0x000000001f153800 JavaThread "jar transforms Thread 160" [_thread_blocked, id=4356, stack(0x0000000038f80000,0x0000000039080000)]
  0x000000001c890800 JavaThread "jar transforms Thread 159" [_thread_blocked, id=9648, stack(0x0000000038e80000,0x0000000038f80000)]
  0x000000001c88c000 JavaThread "jar transforms Thread 158" [_thread_blocked, id=10272, stack(0x0000000038d80000,0x0000000038e80000)]
  0x000000001c88f800 JavaThread "jar transforms Thread 157" [_thread_blocked, id=11860, stack(0x0000000038c80000,0x0000000038d80000)]
  0x000000001c88a800 JavaThread "jar transforms Thread 156" [_thread_blocked, id=6136, stack(0x0000000038b80000,0x0000000038c80000)]
  0x000000001c88c800 JavaThread "jar transforms Thread 155" [_thread_blocked, id=9768, stack(0x0000000038a80000,0x0000000038b80000)]
  0x000000001c88b000 JavaThread "jar transforms Thread 154" [_thread_blocked, id=11912, stack(0x0000000038980000,0x0000000038a80000)]
  0x000000001c88f000 JavaThread "jar transforms Thread 153" [_thread_blocked, id=11960, stack(0x0000000038880000,0x0000000038980000)]
  0x000000001c891000 JavaThread "jar transforms Thread 152" [_thread_blocked, id=11372, stack(0x0000000038780000,0x0000000038880000)]
  0x000000001f5b9000 JavaThread "jar transforms Thread 151" [_thread_blocked, id=5356, stack(0x0000000038680000,0x0000000038780000)]
  0x000000001f5b8000 JavaThread "jar transforms Thread 150" [_thread_blocked, id=2792, stack(0x0000000038580000,0x0000000038680000)]
  0x000000001f5b6800 JavaThread "jar transforms Thread 149" [_thread_blocked, id=3432, stack(0x0000000038480000,0x0000000038580000)]
  0x000000001f5ad800 JavaThread "jar transforms Thread 148" [_thread_blocked, id=13260, stack(0x0000000038380000,0x0000000038480000)]
  0x000000001f5b3800 JavaThread "jar transforms Thread 147" [_thread_blocked, id=8064, stack(0x0000000038280000,0x0000000038380000)]
  0x000000001f5b2000 JavaThread "jar transforms Thread 146" [_thread_blocked, id=9416, stack(0x0000000038180000,0x0000000038280000)]
  0x000000001f5ac800 JavaThread "jar transforms Thread 145" [_thread_blocked, id=8720, stack(0x0000000038080000,0x0000000038180000)]
  0x000000001f5b1800 JavaThread "jar transforms Thread 144" [_thread_blocked, id=3804, stack(0x0000000037f80000,0x0000000038080000)]
  0x000000001f5ac000 JavaThread "jar transforms Thread 143" [_thread_blocked, id=10076, stack(0x0000000037e80000,0x0000000037f80000)]
  0x000000001f5b0800 JavaThread "jar transforms Thread 142" [_thread_blocked, id=2532, stack(0x0000000037d80000,0x0000000037e80000)]
  0x000000001f5af000 JavaThread "jar transforms Thread 141" [_thread_blocked, id=9296, stack(0x0000000037c80000,0x0000000037d80000)]
  0x000000001c8e1800 JavaThread "jar transforms Thread 140" [_thread_blocked, id=4456, stack(0x0000000037b80000,0x0000000037c80000)]
  0x000000001c8e0800 JavaThread "jar transforms Thread 139" [_thread_blocked, id=9292, stack(0x0000000037a80000,0x0000000037b80000)]
  0x000000001c8e0000 JavaThread "jar transforms Thread 138" [_thread_blocked, id=10388, stack(0x0000000037980000,0x0000000037a80000)]
  0x000000001c8df000 JavaThread "jar transforms Thread 137" [_thread_blocked, id=3040, stack(0x0000000037880000,0x0000000037980000)]
  0x000000001c8d7800 JavaThread "jar transforms Thread 136" [_thread_blocked, id=12816, stack(0x0000000037780000,0x0000000037880000)]
  0x000000001c8de800 JavaThread "jar transforms Thread 135" [_thread_blocked, id=9808, stack(0x0000000037680000,0x0000000037780000)]
  0x000000001c8dd800 JavaThread "jar transforms Thread 134" [_thread_blocked, id=544, stack(0x0000000037580000,0x0000000037680000)]
  0x000000001c8dd000 JavaThread "jar transforms Thread 133" [_thread_blocked, id=5080, stack(0x0000000037480000,0x0000000037580000)]
  0x000000001c8d6000 JavaThread "jar transforms Thread 132" [_thread_blocked, id=4964, stack(0x0000000037380000,0x0000000037480000)]
  0x000000001c8d5800 JavaThread "jar transforms Thread 131" [_thread_blocked, id=4588, stack(0x0000000037280000,0x0000000037380000)]
  0x000000001c8d7000 JavaThread "jar transforms Thread 130" [_thread_blocked, id=4924, stack(0x0000000037180000,0x0000000037280000)]
  0x000000001c8dc000 JavaThread "jar transforms Thread 129" [_thread_blocked, id=128, stack(0x0000000037080000,0x0000000037180000)]
  0x000000001c8d4800 JavaThread "jar transforms Thread 128" [_thread_blocked, id=11444, stack(0x0000000036f80000,0x0000000037080000)]
  0x000000001c8da800 JavaThread "jar transforms Thread 127" [_thread_blocked, id=10816, stack(0x0000000036e80000,0x0000000036f80000)]
  0x0000000023a02800 JavaThread "jar transforms Thread 126" [_thread_blocked, id=10164, stack(0x0000000036d80000,0x0000000036e80000)]
  0x0000000023a03800 JavaThread "jar transforms Thread 125" [_thread_blocked, id=11812, stack(0x0000000036c80000,0x0000000036d80000)]
  0x0000000023a02000 JavaThread "jar transforms Thread 124" [_thread_blocked, id=9764, stack(0x0000000036b80000,0x0000000036c80000)]
  0x00000000239f8000 JavaThread "jar transforms Thread 123" [_thread_blocked, id=6040, stack(0x0000000036a80000,0x0000000036b80000)]
  0x00000000239ff000 JavaThread "jar transforms Thread 122" [_thread_blocked, id=2904, stack(0x0000000036980000,0x0000000036a80000)]
  0x00000000239fe000 JavaThread "jar transforms Thread 121" [_thread_blocked, id=6484, stack(0x0000000036880000,0x0000000036980000)]
  0x00000000239f7800 JavaThread "jar transforms Thread 120" [_thread_blocked, id=8152, stack(0x0000000036780000,0x0000000036880000)]
  0x00000000239fd800 JavaThread "jar transforms Thread 119" [_thread_blocked, id=13132, stack(0x0000000036680000,0x0000000036780000)]
  0x00000000239fc800 JavaThread "jar transforms Thread 118" [_thread_blocked, id=10020, stack(0x0000000036580000,0x0000000036680000)]
  0x00000000239f5000 JavaThread "jar transforms Thread 117" [_thread_blocked, id=10852, stack(0x0000000036480000,0x0000000036580000)]
  0x00000000239f6000 JavaThread "jar transforms Thread 116" [_thread_blocked, id=7140, stack(0x0000000036380000,0x0000000036480000)]
  0x00000000239f9000 JavaThread "jar transforms Thread 115" [_thread_blocked, id=3660, stack(0x0000000036280000,0x0000000036380000)]
  0x00000000239fc000 JavaThread "jar transforms Thread 114" [_thread_blocked, id=10888, stack(0x0000000036180000,0x0000000036280000)]
  0x00000000239f4800 JavaThread "jar transforms Thread 113" [_thread_blocked, id=1008, stack(0x0000000036080000,0x0000000036180000)]
  0x00000000239fb000 JavaThread "jar transforms Thread 112" [_thread_blocked, id=1784, stack(0x0000000035f80000,0x0000000036080000)]
  0x00000000239f9800 JavaThread "jar transforms Thread 111" [_thread_blocked, id=13192, stack(0x0000000035e80000,0x0000000035f80000)]
  0x00000000239fa800 JavaThread "jar transforms Thread 110" [_thread_blocked, id=10740, stack(0x0000000035d80000,0x0000000035e80000)]
  0x00000000239f6800 JavaThread "Build operations Thread 8" [_thread_blocked, id=9968, stack(0x0000000035c80000,0x0000000035d80000)]
  0x0000000020369000 JavaThread "Build operations Thread 7" [_thread_blocked, id=10856, stack(0x0000000035b80000,0x0000000035c80000)]
  0x0000000020367800 JavaThread "Build operations Thread 6" [_thread_blocked, id=6716, stack(0x0000000035a80000,0x0000000035b80000)]
  0x0000000020367000 JavaThread "Build operations Thread 5" [_thread_blocked, id=6688, stack(0x0000000035980000,0x0000000035a80000)]
  0x000000002036b800 JavaThread "Build operations Thread 4" [_thread_blocked, id=7680, stack(0x0000000035880000,0x0000000035980000)]
  0x000000002036a800 JavaThread "Build operations Thread 3" [_thread_blocked, id=3704, stack(0x0000000035780000,0x0000000035880000)]
  0x0000000020368800 JavaThread "Build operations Thread 2" [_thread_blocked, id=9408, stack(0x0000000035680000,0x0000000035780000)]
  0x0000000020366000 JavaThread "Build operations" [_thread_blocked, id=10440, stack(0x0000000035580000,0x0000000035680000)]
  0x0000000020364800 JavaThread "Cache worker for cache directory md-rule (C:\Users\JFK\.gradle\caches\6.5.1\md-rule)" [_thread_blocked, id=6368, stack(0x0000000035480000,0x0000000035580000)]
  0x000000002035d000 JavaThread "Cache worker for cache directory md-supplier (C:\Users\JFK\.gradle\caches\6.5.1\md-supplier)" [_thread_blocked, id=220, stack(0x0000000035380000,0x0000000035480000)]
  0x0000000020364000 JavaThread "Cache worker for checksums cache (D:\AndroidStudioProjects\CategoryQuizApp\.gradle\checksums)" [_thread_blocked, id=8352, stack(0x0000000035280000,0x0000000035380000)]
  0x0000000020363000 JavaThread "Cache worker for file hash cache (D:\AndroidStudioProjects\CategoryQuizApp\.gradle\6.5.1\fileHashes)" [_thread_blocked, id=5112, stack(0x0000000035180000,0x0000000035280000)]
  0x000000002035e000 JavaThread "Thread-163" [_thread_blocked, id=8332, stack(0x0000000035080000,0x0000000035180000)]
  0x0000000020362800 JavaThread "Stdin handler" [_thread_blocked, id=3184, stack(0x0000000034f80000,0x0000000035080000)]
  0x000000002035c800 JavaThread "Asynchronous log dispatcher for DefaultDaemonConnection: socket connection from /127.0.0.1:10465 to /127.0.0.1:10501" [_thread_blocked, id=6132, stack(0x0000000034e80000,0x0000000034f80000)]
  0x0000000020361800 JavaThread "Daemon worker Thread 2" [_thread_blocked, id=12388, stack(0x0000000034d80000,0x0000000034e80000)]
  0x0000000020361000 JavaThread "Cancel handler" [_thread_blocked, id=868, stack(0x0000000034c80000,0x0000000034d80000)]
  0x0000000020360000 JavaThread "Handler for socket connection from /127.0.0.1:10465 to /127.0.0.1:10501" [_thread_in_native, id=12964, stack(0x0000000034b80000,0x0000000034c80000)]
  0x000000002035f800 JavaThread "Daemon Thread 2" [_thread_blocked, id=7780, stack(0x0000000034a80000,0x0000000034b80000)]
  0x000000001f5b4800 JavaThread "Cache worker for Java compile cache (C:\Users\JFK\.gradle\caches\6.5.1\javaCompile)" [_thread_blocked, id=7404, stack(0x0000000032190000,0x0000000032290000)]
  0x000000001f5b5000 JavaThread "RMI Reaper" [_thread_blocked, id=8732, stack(0x0000000031f90000,0x0000000032090000)]
  0x000000001f5ba800 JavaThread "RMI TCP Accept-0" daemon [_thread_in_native, id=10692, stack(0x0000000031e90000,0x0000000031f90000)]
  0x000000001f5b9800 JavaThread "GC Daemon" daemon [_thread_blocked, id=8164, stack(0x0000000031b90000,0x0000000031c90000)]
  0x000000001f5b3000 JavaThread "RMI Scheduler(0)" daemon [_thread_blocked, id=3840, stack(0x0000000031990000,0x0000000031a90000)]
  0x000000002036a000 JavaThread "Memory manager" [_thread_blocked, id=6032, stack(0x000000002c3f0000,0x000000002c4f0000)]
  0x000000001c8d8800 JavaThread "Cache worker for file content cache (C:\Users\JFK\.gradle\caches\6.5.1\fileContent)" [_thread_blocked, id=8692, stack(0x00000000232f0000,0x00000000233f0000)]
  0x000000001c8d4000 JavaThread "Cache worker for execution history cache (C:\Users\JFK\.gradle\caches\6.5.1\executionHistory)" [_thread_blocked, id=11048, stack(0x0000000022df0000,0x0000000022ef0000)]
  0x000000001c88d800 JavaThread "Cache worker for file hash cache (C:\Users\JFK\.gradle\caches\6.5.1\fileHashes)" [_thread_blocked, id=11316, stack(0x000000001ebb0000,0x000000001ecb0000)]
  0x000000001c88e000 JavaThread "File lock request listener" [_thread_in_native, id=10336, stack(0x000000001eab0000,0x000000001ebb0000)]
  0x000000001c859800 JavaThread "Cache worker for journal cache (C:\Users\JFK\.gradle\caches\journal-1)" [_thread_blocked, id=12328, stack(0x000000001e9b0000,0x000000001eab0000)]
  0x000000001c80f800 JavaThread "Daemon periodic checks" [_thread_blocked, id=11396, stack(0x000000001dcb0000,0x000000001ddb0000)]
  0x000000001c71a800 JavaThread "Incoming local TCP Connector on port 10465" [_thread_in_native, id=2144, stack(0x000000001da60000,0x000000001db60000)]
  0x0000000019ce5800 JavaThread "Daemon health stats" [_thread_blocked, id=9392, stack(0x000000001d420000,0x000000001d520000)]
  0x0000000019c3a800 JavaThread "Service Thread" daemon [_thread_blocked, id=4780, stack(0x000000001a880000,0x000000001a980000)]
  0x0000000019bbd000 JavaThread "C1 CompilerThread3" daemon [_thread_in_vm, id=10316, stack(0x000000001a780000,0x000000001a880000)]
  0x0000000017dce000 JavaThread "C2 CompilerThread2" daemon [_thread_in_native, id=1916, stack(0x000000001a680000,0x000000001a780000)]
=>0x0000000017dcc800 JavaThread "C2 CompilerThread1" daemon [_thread_in_native, id=11320, stack(0x000000001a580000,0x000000001a680000)]
  0x0000000019bb3800 JavaThread "C2 CompilerThread0" daemon [_thread_in_native, id=12780, stack(0x000000001a480000,0x000000001a580000)]
  0x0000000019bb2800 JavaThread "Attach Listener" daemon [_thread_blocked, id=6020, stack(0x000000001a380000,0x000000001a480000)]
  0x0000000019bb6000 JavaThread "Signal Dispatcher" daemon [_thread_blocked, id=9452, stack(0x000000001a280000,0x000000001a380000)]
  0x0000000002d4d800 JavaThread "Finalizer" daemon [_thread_blocked, id=5804, stack(0x000000001a080000,0x000000001a180000)]
  0x0000000019ba0800 JavaThread "Reference Handler" daemon [_thread_blocked, id=3176, stack(0x0000000019f80000,0x000000001a080000)]
  0x0000000002c4d800 JavaThread "main" [_thread_blocked, id=8640, stack(0x0000000002ac0000,0x0000000002bc0000)]

Other Threads:
  0x0000000017db8000 VMThread [stack: 0x0000000019a80000,0x0000000019b80000] [id=13148]
  0x0000000019bca000 WatcherThread [stack: 0x000000001a980000,0x000000001aa80000] [id=12160]

VM state:not at safepoint (normal execution)

VM Mutex/Monitor currently owned by a thread:  ([mutex/lock_event])
[0x0000000002c50e50] CompiledIC_lock - owner thread: 0x0000000019bbd000

heap address: 0x0000000080000000, size: 2048 MB, Compressed Oops mode: 32-bit
Narrow klass base: 0x0000000000000000, Narrow klass shift: 3
Compressed class space size: 1073741824 Address: 0x0000000100000000

Heap:
 PSYoungGen      total 307712K, used 155372K [0x00000000d5580000, 0x00000000ee180000, 0x0000000100000000)
  eden space 257024K, 51% used [0x00000000d5580000,0x00000000dd626a30,0x00000000e5080000)
  from space 50688K, 46% used [0x00000000e5080000,0x00000000e67947e0,0x00000000e8200000)
  to   space 48640K, 0% used [0x00000000eb200000,0x00000000eb200000,0x00000000ee180000)
 ParOldGen       total 232960K, used 82320K [0x0000000080000000, 0x000000008e380000, 0x00000000d5580000)
  object space 232960K, 35% used [0x0000000080000000,0x00000000850641c8,0x000000008e380000)
 Metaspace       used 108592K, capacity 114246K, committed 114508K, reserved 1148928K
  class space    used 14226K, capacity 15471K, committed 15488K, reserved 1048576K

Card table byte_map: [0x0000000012110000,0x0000000012520000] byte_map_base: 0x0000000011d10000

Marking Bits: (ParMarkBitMap*) 0x0000000073c4f030
 Begin Bits: [0x0000000012fd0000, 0x0000000014fd0000)
 End Bits:   [0x0000000014fd0000, 0x0000000016fd0000)

Polling page: 0x0000000000e10000

CodeCache: size=245760Kb used=44519Kb max_used=44608Kb free=201241Kb
 bounds [0x0000000002d50000, 0x0000000005910000, 0x0000000011d50000]
 total_blobs=14934 nmethods=14020 adapters=823
 compilation: disabled (not enough contiguous free space left)

Compilation events (10 events):
Event: 200.343 Thread 0x0000000019bbd000 nmethod 17323 0x000000000590c1d0 code [0x000000000590c340, 0x000000000590c4c8]
Event: 200.344 Thread 0x0000000019bbd000 17324       1       org.gradle.execution.plan.LocalTaskNode::requiresMonitoring (2 bytes)
Event: 200.344 Thread 0x0000000019bbd000 nmethod 17324 0x000000000590c550 code [0x000000000590c6a0, 0x000000000590c7b0]
Event: 200.345 Thread 0x0000000019bbd000 17325       1       org.gradle.execution.plan.ActionNode::requiresMonitoring (2 bytes)
Event: 200.345 Thread 0x0000000019bbd000 nmethod 17325 0x000000000590c810 code [0x000000000590c960, 0x000000000590ca70]
Event: 200.347 Thread 0x0000000019bbd000 17326       2       org.gradle.execution.plan.TaskNode::doCheckDependenciesComplete (126 bytes)
Event: 200.349 Thread 0x0000000019bbd000 nmethod 17326 0x000000000590cad0 code [0x000000000590cd60, 0x000000000590d788]
Event: 200.350 Thread 0x0000000019bbd000 17327       2       org.gradle.api.internal.artifacts.ivyservice.ivyresolve.CachingModuleComponentRepository::access$1100 (6 bytes)
Event: 200.353 Thread 0x0000000019bbd000 nmethod 17327 0x000000000590e190 code [0x000000000590e300, 0x000000000590e558]
Event: 200.353 Thread 0x0000000019bbd000 17329       2       org.gradle.internal.classloader.CachingClassLoader::visit (20 bytes)

GC Heap History (10 events):
Event: 25.273 GC heap before
{Heap before GC invocations=21 (full 3):
 PSYoungGen      total 237568K, used 228668K [0x00000000d5580000, 0x00000000e7880000, 0x0000000100000000)
  eden space 203776K, 100% used [0x00000000d5580000,0x00000000e1c80000,0x00000000e1c80000)
  from space 33792K, 73% used [0x00000000e1c80000,0x00000000e34cf2b0,0x00000000e3d80000)
  to   space 35840K, 0% used [0x00000000e5580000,0x00000000e5580000,0x00000000e7880000)
 ParOldGen       total 146432K, used 59859K [0x0000000080000000, 0x0000000088f00000, 0x00000000d5580000)
  object space 146432K, 40% used [0x0000000080000000,0x0000000083a74ca0,0x0000000088f00000)
 Metaspace       used 91247K, capacity 95730K, committed 95960K, reserved 1132544K
  class space    used 11910K, capacity 12749K, committed 12800K, reserved 1048576K
Event: 25.323 GC heap after
Heap after GC invocations=21 (full 3):
 PSYoungGen      total 256000K, used 35834K [0x00000000d5580000, 0x00000000e8700000, 0x0000000100000000)
  eden space 220160K, 0% used [0x00000000d5580000,0x00000000d5580000,0x00000000e2c80000)
  from space 35840K, 99% used [0x00000000e5580000,0x00000000e787e9b8,0x00000000e7880000)
  to   space 41984K, 0% used [0x00000000e2c80000,0x00000000e2c80000,0x00000000e5580000)
 ParOldGen       total 146432K, used 61782K [0x0000000080000000, 0x0000000088f00000, 0x00000000d5580000)
  object space 146432K, 42% used [0x0000000080000000,0x0000000083c55a68,0x0000000088f00000)
 Metaspace       used 91247K, capacity 95730K, committed 95960K, reserved 1132544K
  class space    used 11910K, capacity 12749K, committed 12800K, reserved 1048576K
}
Event: 25.957 GC heap before
{Heap before GC invocations=22 (full 3):
 PSYoungGen      total 256000K, used 255994K [0x00000000d5580000, 0x00000000e8700000, 0x0000000100000000)
  eden space 220160K, 100% used [0x00000000d5580000,0x00000000e2c80000,0x00000000e2c80000)
  from space 35840K, 99% used [0x00000000e5580000,0x00000000e787e9b8,0x00000000e7880000)
  to   space 41984K, 0% used [0x00000000e2c80000,0x00000000e2c80000,0x00000000e5580000)
 ParOldGen       total 146432K, used 61782K [0x0000000080000000, 0x0000000088f00000, 0x00000000d5580000)
  object space 146432K, 42% used [0x0000000080000000,0x0000000083c55a68,0x0000000088f00000)
 Metaspace       used 91793K, capacity 96280K, committed 96600K, reserved 1132544K
  class space    used 12003K, capacity 12846K, committed 12928K, reserved 1048576K
Event: 25.995 GC heap after
Heap after GC invocations=22 (full 3):
 PSYoungGen      total 262144K, used 41975K [0x00000000d5580000, 0x00000000eb580000, 0x0000000100000000)
  eden space 220160K, 0% used [0x00000000d5580000,0x00000000d5580000,0x00000000e2c80000)
  from space 41984K, 99% used [0x00000000e2c80000,0x00000000e557de78,0x00000000e5580000)
  to   space 52736K, 0% used [0x00000000e8200000,0x00000000e8200000,0x00000000eb580000)
 ParOldGen       total 146432K, used 73082K [0x0000000080000000, 0x0000000088f00000, 0x00000000d5580000)
  object space 146432K, 49% used [0x0000000080000000,0x000000008475e930,0x0000000088f00000)
 Metaspace       used 91793K, capacity 96280K, committed 96600K, reserved 1132544K
  class space    used 12003K, capacity 12846K, committed 12928K, reserved 1048576K
}
Event: 26.236 GC heap before
{Heap before GC invocations=23 (full 3):
 PSYoungGen      total 262144K, used 69132K [0x00000000d5580000, 0x00000000eb580000, 0x0000000100000000)
  eden space 220160K, 12% used [0x00000000d5580000,0x00000000d70053c8,0x00000000e2c80000)
  from space 41984K, 99% used [0x00000000e2c80000,0x00000000e557de78,0x00000000e5580000)
  to   space 52736K, 0% used [0x00000000e8200000,0x00000000e8200000,0x00000000eb580000)
 ParOldGen       total 146432K, used 73082K [0x0000000080000000, 0x0000000088f00000, 0x00000000d5580000)
  object space 146432K, 49% used [0x0000000080000000,0x000000008475e930,0x0000000088f00000)
 Metaspace       used 93537K, capacity 98374K, committed 98380K, reserved 1134592K
  class space    used 12261K, capacity 13183K, committed 13184K, reserved 1048576K
Event: 26.262 GC heap after
Heap after GC invocations=23 (full 3):
 PSYoungGen      total 309760K, used 14373K [0x00000000d5580000, 0x00000000ebc00000, 0x0000000100000000)
  eden space 257024K, 0% used [0x00000000d5580000,0x00000000d5580000,0x00000000e5080000)
  from space 52736K, 27% used [0x00000000e8200000,0x00000000e9009770,0x00000000eb580000)
  to   space 50688K, 0% used [0x00000000e5080000,0x00000000e5080000,0x00000000e8200000)
 ParOldGen       total 146432K, used 84175K [0x0000000080000000, 0x0000000088f00000, 0x00000000d5580000)
  object space 146432K, 57% used [0x0000000080000000,0x0000000085233e28,0x0000000088f00000)
 Metaspace       used 93537K, capacity 98374K, committed 98380K, reserved 1134592K
  class space    used 12261K, capacity 13183K, committed 13184K, reserved 1048576K
}
Event: 26.262 GC heap before
{Heap before GC invocations=24 (full 4):
 PSYoungGen      total 309760K, used 14373K [0x00000000d5580000, 0x00000000ebc00000, 0x0000000100000000)
  eden space 257024K, 0% used [0x00000000d5580000,0x00000000d5580000,0x00000000e5080000)
  from space 52736K, 27% used [0x00000000e8200000,0x00000000e9009770,0x00000000eb580000)
  to   space 50688K, 0% used [0x00000000e5080000,0x00000000e5080000,0x00000000e8200000)
 ParOldGen       total 146432K, used 84175K [0x0000000080000000, 0x0000000088f00000, 0x00000000d5580000)
  object space 146432K, 57% used [0x0000000080000000,0x0000000085233e28,0x0000000088f00000)
 Metaspace       used 93537K, capacity 98374K, committed 98380K, reserved 1134592K
  class space    used 12261K, capacity 13183K, committed 13184K, reserved 1048576K
Event: 26.598 GC heap after
Heap after GC invocations=24 (full 4):
 PSYoungGen      total 309760K, used 0K [0x00000000d5580000, 0x00000000ebc00000, 0x0000000100000000)
  eden space 257024K, 0% used [0x00000000d5580000,0x00000000d5580000,0x00000000e5080000)
  from space 52736K, 0% used [0x00000000e8200000,0x00000000e8200000,0x00000000eb580000)
  to   space 50688K, 0% used [0x00000000e5080000,0x00000000e5080000,0x00000000e8200000)
 ParOldGen       total 232960K, used 82312K [0x0000000080000000, 0x000000008e380000, 0x00000000d5580000)
  object space 232960K, 35% used [0x0000000080000000,0x00000000850621c8,0x000000008e380000)
 Metaspace       used 92922K, capacity 96594K, committed 98380K, reserved 1134592K
  class space    used 12061K, capacity 12833K, committed 13184K, reserved 1048576K
}
Event: 32.520 GC heap before
{Heap before GC invocations=25 (full 4):
 PSYoungGen      total 309760K, used 257024K [0x00000000d5580000, 0x00000000ebc00000, 0x0000000100000000)
  eden space 257024K, 100% used [0x00000000d5580000,0x00000000e5080000,0x00000000e5080000)
  from space 52736K, 0% used [0x00000000e8200000,0x00000000e8200000,0x00000000eb580000)
  to   space 50688K, 0% used [0x00000000e5080000,0x00000000e5080000,0x00000000e8200000)
 ParOldGen       total 232960K, used 82312K [0x0000000080000000, 0x000000008e380000, 0x00000000d5580000)
  object space 232960K, 35% used [0x0000000080000000,0x00000000850621c8,0x000000008e380000)
 Metaspace       used 104989K, capacity 110492K, committed 110668K, reserved 1144832K
  class space    used 13988K, capacity 15182K, committed 15232K, reserved 1048576K
Event: 32.573 GC heap after
Heap after GC invocations=25 (full 4):
 PSYoungGen      total 307712K, used 23633K [0x00000000d5580000, 0x00000000ee180000, 0x0000000100000000)
  eden space 257024K, 0% used [0x00000000d5580000,0x00000000d5580000,0x00000000e5080000)
  from space 50688K, 46% used [0x00000000e5080000,0x00000000e67947e0,0x00000000e8200000)
  to   space 48640K, 0% used [0x00000000eb200000,0x00000000eb200000,0x00000000ee180000)
 ParOldGen       total 232960K, used 82320K [0x0000000080000000, 0x000000008e380000, 0x00000000d5580000)
  object space 232960K, 35% used [0x0000000080000000,0x00000000850641c8,0x000000008e380000)
 Metaspace       used 104989K, capacity 110492K, committed 110668K, reserved 1144832K
  class space    used 13988K, capacity 15182K, committed 15232K, reserved 1048576K
}

Deoptimization events (10 events):
Event: 199.915 Thread 0x0000000020361800 Uncommon trap: reason=class_check action=maybe_recompile pc=0x0000000004f08cf4 method=com.google.common.cache.LocalCache$LoadingValueReference.loadFuture(Ljava/lang/Object;Lcom/google/common/cache/CacheLoader;)Lcom/google/common/util/concurrent/Listenable
Event: 199.927 Thread 0x0000000020361800 Uncommon trap: reason=bimorphic action=maybe_recompile pc=0x0000000004c9c41c method=java.util.stream.ReduceOps$ReduceOp.evaluateSequential(Ljava/util/stream/PipelineHelper;Ljava/util/Spliterator;)Ljava/lang/Object; @ 2
Event: 199.928 Thread 0x0000000020361800 Uncommon trap: reason=class_check action=maybe_recompile pc=0x0000000004e6cba4 method=java.security.MessageDigest$Delegate.clone()Ljava/lang/Object; @ 4
Event: 199.930 Thread 0x0000000020361800 Uncommon trap: reason=array_check action=maybe_recompile pc=0x00000000057594ac method=java.util.ComparableTimSort.reverseRange([Ljava/lang/Object;II)V @ 27
Event: 200.100 Thread 0x0000000020361800 Uncommon trap: reason=class_check action=maybe_recompile pc=0x000000000475f904 method=kotlin.collections.CollectionsKt___CollectionsKt.sorted(Ljava/lang/Iterable;)Ljava/util/List; @ 8
Event: 200.100 Thread 0x0000000020361800 Uncommon trap: reason=class_check action=maybe_recompile pc=0x000000000475f904 method=kotlin.collections.CollectionsKt___CollectionsKt.sorted(Ljava/lang/Iterable;)Ljava/util/List; @ 8
Event: 200.109 Thread 0x0000000020361800 Uncommon trap: reason=class_check action=maybe_recompile pc=0x0000000004fddea0 method=java.util.Spliterators$ArraySpliterator.tryAdvance(Ljava/util/function/Consumer;)Z @ 49
Event: 200.138 Thread 0x0000000020361800 Uncommon trap: reason=class_check action=maybe_recompile pc=0x0000000004fddea0 method=java.util.Spliterators$ArraySpliterator.tryAdvance(Ljava/util/function/Consumer;)Z @ 49
Event: 200.184 Thread 0x0000000020361800 Uncommon trap: reason=unstable_if action=reinterpret pc=0x000000000537beb4 method=java.util.LinkedList.remove(Ljava/lang/Object;)Z @ 45
Event: 200.351 Thread 0x00000000312d2000 Uncommon trap: reason=unstable_if action=reinterpret pc=0x00000000054688c0 method=org.gradle.internal.service.DefaultServiceRegistry$ManagedObjectServiceProvider.getInstance()Ljava/lang/Object; @ 19

Classes redefined (0 events):
No events

Internal exceptions (10 events):
Event: 32.601 Thread 0x000000001b5e2800 Implicit null exception at 0x0000000004f1cc14 to 0x0000000004f1dd29
Event: 32.611 Thread 0x000000001b5e2800 Implicit null exception at 0x00000000042855ec to 0x0000000004285635
Event: 32.751 Thread 0x000000001b5e2800 Implicit null exception at 0x0000000004596d9f to 0x0000000004597685
Event: 32.772 Thread 0x000000001c73b800 Exception <a 'java/lang/NoSuchMethodError': <clinit>> (0x00000000d67d9fa8) thrown at [C:\src\AOSP-openjdk-git\hotspot\src\share\vm\prims\jni.cpp, line 1615]
Event: 32.773 Thread 0x000000001c73b800 Exception <a 'java/lang/NoSuchMethodError': <clinit>> (0x00000000d67e5558) thrown at [C:\src\AOSP-openjdk-git\hotspot\src\share\vm\prims\jni.cpp, line 1615]
Event: 32.775 Thread 0x000000001c73b800 Exception <a 'java/lang/NoSuchMethodError': <clinit>> (0x00000000d67efe80) thrown at [C:\src\AOSP-openjdk-git\hotspot\src\share\vm\prims\jni.cpp, line 1615]
Event: 32.779 Thread 0x000000001c73b800 Exception <a 'java/lang/NoSuchMethodError': <clinit>> (0x00000000d6809748) thrown at [C:\src\AOSP-openjdk-git\hotspot\src\share\vm\prims\jni.cpp, line 1615]
Event: 32.781 Thread 0x000000001c73b800 Exception <a 'java/lang/NoSuchMethodError': <clinit>> (0x00000000d681ab90) thrown at [C:\src\AOSP-openjdk-git\hotspot\src\share\vm\prims\jni.cpp, line 1615]
Event: 199.765 Thread 0x0000000020361800 Implicit null exception at 0x000000000326733e to 0x0000000003267cf0
Event: 199.765 Thread 0x0000000020361800 Implicit null exception at 0x000000000507a8f1 to 0x000000000507d4d5

Events (10 events):
Event: 200.351 Executing VM operation: RevokeBias
Event: 200.351 Executing VM operation: RevokeBias done
Event: 200.351 Thread 0x00000000312d2000 DEOPT PACKING pc=0x00000000054688c0 sp=0x000000003d27e090
Event: 200.351 Thread 0x00000000312d2000 DEOPT UNPACKING pc=0x0000000002d9557b sp=0x000000003d27dfe0 mode 2
Event: 200.353 Executing VM operation: RevokeBias
Event: 200.354 Executing VM operation: RevokeBias done
Event: 200.354 Executing VM operation: RevokeBias
Event: 200.354 Executing VM operation: RevokeBias done
Event: 200.354 Executing VM operation: RevokeBias
Event: 200.355 Executing VM operation: RevokeBias done


Dynamic libraries:
0x00007ff666240000 - 0x00007ff666271000 	C:\Program Files\Android\Android Studio\jre\bin\java.exe
0x00007ffa41bb0000 - 0x00007ffa41d9d000 	C:\Windows\SYSTEM32\ntdll.dll
0x00007ffa3f670000 - 0x00007ffa3f723000 	C:\Windows\System32\KERNEL32.DLL
0x00007ffa3e770000 - 0x00007ffa3ea04000 	C:\Windows\System32\KERNELBASE.dll
0x00007ffa41350000 - 0x00007ffa413f3000 	C:\Windows\System32\ADVAPI32.dll
0x00007ffa3f5d0000 - 0x00007ffa3f66e000 	C:\Windows\System32\msvcrt.dll
0x00007ffa3ede0000 - 0x00007ffa3ee7e000 	C:\Windows\System32\sechost.dll
0x00007ffa3f730000 - 0x00007ffa3f852000 	C:\Windows\System32\RPCRT4.dll
0x00007ffa419e0000 - 0x00007ffa41b77000 	C:\Windows\System32\USER32.dll
0x00007ffa3ea10000 - 0x00007ffa3ea30000 	C:\Windows\System32\win32u.dll
0x00007ffa3eee0000 - 0x00007ffa3ef09000 	C:\Windows\System32\GDI32.dll
0x00007ffa3e5d0000 - 0x00007ffa3e76c000 	C:\Windows\System32\gdi32full.dll
0x00007ffa3ead0000 - 0x00007ffa3eb70000 	C:\Windows\System32\msvcp_win.dll
0x00007ffa3dc60000 - 0x00007ffa3dd5a000 	C:\Windows\System32\ucrtbase.dll
0x00007ffa27400000 - 0x00007ffa27679000 	C:\Windows\WinSxS\amd64_microsoft.windows.common-controls_6595b64144ccf1df_6.0.17763.1457_none_de7243e4534a70d1\COMCTL32.dll
0x00007ffa41680000 - 0x00007ffa419ad000 	C:\Windows\System32\combase.dll
0x00007ffa3ea30000 - 0x00007ffa3eaae000 	C:\Windows\System32\bcryptPrimitives.dll
0x00007ffa419b0000 - 0x00007ffa419de000 	C:\Windows\System32\IMM32.DLL
0x0000000073140000 - 0x0000000073212000 	C:\Program Files\Android\Android Studio\jre\jre\bin\msvcr100.dll
0x0000000073480000 - 0x0000000073ccb000 	C:\Program Files\Android\Android Studio\jre\jre\bin\server\jvm.dll
0x00007ffa3f550000 - 0x00007ffa3f558000 	C:\Windows\System32\PSAPI.DLL
0x00007ffa2d030000 - 0x00007ffa2d039000 	C:\Windows\SYSTEM32\WSOCK32.dll
0x00007ffa3b9e0000 - 0x00007ffa3ba04000 	C:\Windows\SYSTEM32\WINMM.dll
0x00007ffa39590000 - 0x00007ffa3959a000 	C:\Windows\SYSTEM32\VERSION.dll
0x00007ffa3f560000 - 0x00007ffa3f5cd000 	C:\Windows\System32\WS2_32.dll
0x00007ffa3b8c0000 - 0x00007ffa3b8ed000 	C:\Windows\SYSTEM32\WINMMBASE.dll
0x00007ffa3ed80000 - 0x00007ffa3edca000 	C:\Windows\System32\cfgmgr32.dll
0x00007ffa37a60000 - 0x00007ffa37a6f000 	C:\Program Files\Android\Android Studio\jre\jre\bin\verify.dll
0x00007ffa37a30000 - 0x00007ffa37a59000 	C:\Program Files\Android\Android Studio\jre\jre\bin\java.dll
0x00007ffa34cd0000 - 0x00007ffa34ce6000 	C:\Program Files\Android\Android Studio\jre\jre\bin\zip.dll
0x00007ffa3f860000 - 0x00007ffa40d59000 	C:\Windows\System32\SHELL32.dll
0x00007ffa3ef70000 - 0x00007ffa3f019000 	C:\Windows\System32\shcore.dll
0x00007ffa3ddc0000 - 0x00007ffa3e512000 	C:\Windows\System32\windows.storage.dll
0x00007ffa3dc10000 - 0x00007ffa3dc34000 	C:\Windows\System32\profapi.dll
0x00007ffa3dbb0000 - 0x00007ffa3dc0d000 	C:\Windows\System32\powrprof.dll
0x00007ffa3f470000 - 0x00007ffa3f4c2000 	C:\Windows\System32\shlwapi.dll
0x00007ffa3db90000 - 0x00007ffa3dba1000 	C:\Windows\System32\kernel.appcore.dll
0x00007ffa3eab0000 - 0x00007ffa3eac7000 	C:\Windows\System32\cryptsp.dll
0x00007ffa34bc0000 - 0x00007ffa34bda000 	C:\Program Files\Android\Android Studio\jre\jre\bin\net.dll
0x00007ffa3d390000 - 0x00007ffa3d3f7000 	C:\Windows\system32\mswsock.dll
0x00007ffa349f0000 - 0x00007ffa34a03000 	C:\Program Files\Android\Android Studio\jre\jre\bin\nio.dll
0x00007ffa34800000 - 0x00007ffa34827000 	C:\Users\JFK\.gradle\native\f6784746aeab05261644944871eae4fe03e0ef1612fff0a4a95f87b438bc6780\windows-amd64\native-platform.dll
0x00007ffa37a20000 - 0x00007ffa37a2d000 	C:\Program Files\Android\Android Studio\jre\jre\bin\management.dll
0x00007ffa3cf10000 - 0x00007ffa3cf43000 	C:\Windows\system32\rsaenh.dll
0x00007ffa3eb70000 - 0x00007ffa3eb96000 	C:\Windows\System32\bcrypt.dll
0x00007ffa3da80000 - 0x00007ffa3daa8000 	C:\Windows\SYSTEM32\USERENV.dll
0x00007ffa3d560000 - 0x00007ffa3d56c000 	C:\Windows\SYSTEM32\CRYPTBASE.dll
0x00007ffa3d0b0000 - 0x00007ffa3d0ed000 	C:\Windows\SYSTEM32\IPHLPAPI.DLL
0x00007ffa3edd0000 - 0x00007ffa3edd8000 	C:\Windows\System32\NSI.dll
0x00007ffa350b0000 - 0x00007ffa350c6000 	C:\Windows\SYSTEM32\dhcpcsvc6.DLL
0x00007ffa36d90000 - 0x00007ffa36dac000 	C:\Windows\SYSTEM32\dhcpcsvc.DLL
0x00007ffa3d0f0000 - 0x00007ffa3d1b7000 	C:\Windows\SYSTEM32\DNSAPI.dll
0x00007ffa37780000 - 0x00007ffa3778b000 	C:\Windows\SYSTEM32\WINNSI.DLL
0x0000000066e00000 - 0x0000000066f03000 	C:\Users\JFK\AppData\Local\Temp\sqlite-3.25.2-33b2117a-3169-46cf-aa39-8c7136be6b35-sqlitejdbc.dll

VM Arguments:
jvm_args: -Xmx2048m -Dfile.encoding=windows-1251 -Duser.country=RU -Duser.language=ru -Duser.variant 
java_command: org.gradle.launcher.daemon.bootstrap.GradleDaemon 6.5.1
java_class_path (initial): C:\Users\JFK\.gradle\wrapper\dists\gradle-6.5.1-all\cdund22i8guosqylfo49op4dv\gradle-6.5.1\lib\gradle-launcher-6.5.1.jar
Launcher Type: SUN_STANDARD

Environment Variables:
PATH=C:\Program Files (x86)\Intel\Intel(R) Management Engine Components\iCLS\;C:\Program Files\Intel\Intel(R) Management Engine Components\iCLS\;C:\Program Files (x86)\Common Files\Oracle\Java\javapath;C:\Windows\system32;C:\Windows;C:\Windows\System32\Wbem;C:\Windows\System32\WindowsPowerShell\v1.0\;C:\Windows\System32\OpenSSH\;C:\Program Files\Git\cmd;C:\Program Files (x86)\Intel\Intel(R) Management Engine Components\DAL;C:\Program Files\Intel\Intel(R) Management Engine Components\DAL;C:\Program Files (x86)\Intel\Intel(R) Management Engine Components\IPT;C:\Program Files\Intel\Intel(R) Management Engine Components\IPT;C:\Users\JFK\AppData\Local\Microsoft\WindowsApps;
USERNAME=JFK
OS=Windows_NT
PROCESSOR_IDENTIFIER=Intel64 Family 6 Model 142 Stepping 10, GenuineIntel



---------------  S Y S T E M  ---------------

OS: Windows 10.0 , 64 bit Build 17763 (10.0.17763.475)

CPU:total 8 (initial active 8) (4 cores per cpu, 2 threads per core) family 6 model 142 stepping 10, cmov, cx8, fxsr, mmx, sse, sse2, sse3, ssse3, sse4.1, sse4.2, popcnt, avx, avx2, aes, clmul, erms, 3dnowpref, lzcnt, ht, tsc, tscinvbit, bmi1, bmi2, adx

Memory: 4k page, physical 8283976k(1001116k free), swap 11405128k(5128k free)

vm_info: OpenJDK 64-Bit Server VM (25.242-b01) for windows-amd64 JRE (1.8.0_242-release-1644-b01), built by "builder" with MS VC++ 10.0 (VS2010)

time: Thu Sep 17 23:06:43 2020
timezone: RTZ 2 (зима)
elapsed time: 200 seconds (0d 0h 3m 20s)

