#
# There is insufficient memory for the Java Runtime Environment to continue.
# Native memory allocation (malloc) failed to allocate 767856 bytes for Chunk::new
# Possible reasons:
#   The system is out of physical RAM or swap space
#   The process is running with CompressedOops enabled, and the Java Heap may be blocking the growth of the native heap
# Possible solutions:
#   Reduce memory load on the system
#   Increase physical memory or swap space
#   Check if swap backing store is full
#   Decrease Java heap size (-Xmx/-Xms)
#   Decrease number of Java threads
#   Decrease Java thread stack sizes (-Xss)
#   Set larger code cache with -XX:ReservedCodeCacheSize=
#   JVM is running with Unscaled Compressed Oops mode in which the Java heap is
#     placed in the first 4GB address space. The Java Heap base address is the
#     maximum limit for the native heap growth. Please use -XX:HeapBaseMinAddress
#     to set the Java Heap base and to place the Java Heap above 4GB virtual address.
# This output file may be truncated or incomplete.
#
#  Out of Memory Error (allocation.cpp:389), pid=8888, tid=0x0000000000000574
#
# JRE version: OpenJDK Runtime Environment (8.0_242-b01) (build 1.8.0_242-release-1644-b01)
# Java VM: OpenJDK 64-Bit Server VM (25.242-b01 mixed mode windows-amd64 compressed oops)
# Failed to write core dump. Minidumps are not enabled by default on client versions of Windows
#

---------------  T H R E A D  ---------------

Current thread (0x00000000192e6000):  JavaThread "C2 CompilerThread2" daemon [_thread_in_native, id=1396, stack(0x0000000019db0000,0x0000000019eb0000)]

Stack: [0x0000000019db0000,0x0000000019eb0000]
[error occurred during error reporting (printing stack bounds), id 0xc0000005]

Native frames: (J=compiled Java code, j=interpreted, Vv=VM code, C=native code)


Current CompileTask:
C2:  26459 10501   !   4       java.net.URL::<init> (543 bytes)


---------------  P R O C E S S  ---------------

Java Threads: ( => current thread )
  0x0000000021a25000 JavaThread "ForkJoinPool.commonPool-worker-7" daemon [_thread_blocked, id=10372, stack(0x00000000309a0000,0x0000000030aa0000)]
  0x0000000021a24800 JavaThread "ForkJoinPool.commonPool-worker-6" daemon [_thread_blocked, id=680, stack(0x00000000308a0000,0x00000000309a0000)]
  0x0000000021a23800 JavaThread "ForkJoinPool.commonPool-worker-5" daemon [_thread_blocked, id=6316, stack(0x00000000307a0000,0x00000000308a0000)]
  0x0000000021a23000 JavaThread "ForkJoinPool.commonPool-worker-4" daemon [_thread_blocked, id=10488, stack(0x000000002fc70000,0x000000002fd70000)]
  0x0000000021a20800 JavaThread "ForkJoinPool.commonPool-worker-3" daemon [_thread_blocked, id=8540, stack(0x000000002fb70000,0x000000002fc70000)]
  0x0000000021a22000 JavaThread "ForkJoinPool.commonPool-worker-2" daemon [_thread_blocked, id=1592, stack(0x000000002fa70000,0x000000002fb70000)]
  0x0000000021a26000 JavaThread "ForkJoinPool.commonPool-worker-1" daemon [_thread_blocked, id=10332, stack(0x000000002f970000,0x000000002fa70000)]
  0x0000000021a27800 JavaThread "WorkerExecutor Queue Thread 3" [_thread_blocked, id=11224, stack(0x000000002f340000,0x000000002f440000)]
  0x0000000021a18000 JavaThread "stdout" [_thread_in_native, id=10192, stack(0x000000002f040000,0x000000002f140000)]
  0x0000000021a1e000 JavaThread "stderr" [_thread_in_native, id=1608, stack(0x000000002ef40000,0x000000002f040000)]
  0x0000000021a1c800 JavaThread "pool-2-thread-1" [_thread_blocked, id=3136, stack(0x000000002ee40000,0x000000002ef40000)]
  0x0000000021a1c000 JavaThread "WorkerExecutor Queue" [_thread_blocked, id=4368, stack(0x000000002ec40000,0x000000002ed40000)]
  0x0000000021a1f000 JavaThread "Cache worker for execution history cache (D:\AndroidStudioProjects\CategoryQuizApp\.gradle\6.5.1\executionHistory)" [_thread_blocked, id=11156, stack(0x000000002e940000,0x000000002ea40000)]
  0x000000001fb3b000 JavaThread "Execution worker for ':' Thread 7" [_thread_blocked, id=10328, stack(0x000000002e640000,0x000000002e740000)]
  0x000000001fb3a000 JavaThread "Execution worker for ':' Thread 6" [_thread_blocked, id=10744, stack(0x000000002e540000,0x000000002e640000)]
  0x000000001fb39800 JavaThread "Execution worker for ':' Thread 5" [_thread_blocked, id=8164, stack(0x000000002e440000,0x000000002e540000)]
  0x000000001fb3b800 JavaThread "Execution worker for ':' Thread 4" [_thread_blocked, id=5600, stack(0x000000002e340000,0x000000002e440000)]
  0x000000001fb38800 JavaThread "Execution worker for ':' Thread 3" [_thread_blocked, id=1596, stack(0x000000002e240000,0x000000002e340000)]
  0x000000001fb3e000 JavaThread "Execution worker for ':' Thread 2" [_thread_blocked, id=368, stack(0x000000002def0000,0x000000002dff0000)]
  0x000000001fb3d000 JavaThread "Execution worker for ':'" [_thread_blocked, id=10952, stack(0x000000002ddf0000,0x000000002def0000)]
  0x000000001fb30800 JavaThread "Cache worker for file content cache (D:\AndroidStudioProjects\CategoryQuizApp\.gradle\6.5.1\fileContent)" [_thread_blocked, id=7608, stack(0x000000002c8e0000,0x000000002c9e0000)]
  0x000000001fb33800 JavaThread "Memory manager" [_thread_blocked, id=5548, stack(0x000000002c7e0000,0x000000002c8e0000)]
  0x000000001fb37000 JavaThread "Cache worker for Build Output Cleanup Cache (D:\AndroidStudioProjects\CategoryQuizApp\.gradle\buildOutputCleanup)" [_thread_blocked, id=3060, stack(0x000000002ba90000,0x000000002bb90000)]
  0x000000001fb32000 JavaThread "jar transforms Thread 109" [_thread_blocked, id=5428, stack(0x000000002b390000,0x000000002b490000)]
  0x000000001fb32800 JavaThread "jar transforms Thread 108" [_thread_blocked, id=8052, stack(0x000000002b290000,0x000000002b390000)]
  0x000000001fb2f800 JavaThread "jar transforms Thread 107" [_thread_blocked, id=10060, stack(0x000000002b190000,0x000000002b290000)]
  0x000000001fb2f000 JavaThread "jar transforms Thread 106" [_thread_blocked, id=11132, stack(0x000000002b090000,0x000000002b190000)]
  0x000000001fb35800 JavaThread "jar transforms Thread 105" [_thread_blocked, id=8292, stack(0x000000002af90000,0x000000002b090000)]
  0x000000001fb35000 JavaThread "jar transforms Thread 104" [_thread_blocked, id=3928, stack(0x000000002ae90000,0x000000002af90000)]
  0x0000000021348800 JavaThread "jar transforms Thread 103" [_thread_blocked, id=4052, stack(0x000000002ad90000,0x000000002ae90000)]
  0x000000002134a000 JavaThread "jar transforms Thread 102" [_thread_blocked, id=10032, stack(0x000000002ac90000,0x000000002ad90000)]
  0x0000000021347000 JavaThread "jar transforms Thread 101" [_thread_blocked, id=8892, stack(0x000000002ab90000,0x000000002ac90000)]
  0x000000002134b800 JavaThread "jar transforms Thread 100" [_thread_blocked, id=7160, stack(0x000000002aa90000,0x000000002ab90000)]
  0x0000000021349800 JavaThread "jar transforms Thread 99" [_thread_blocked, id=4440, stack(0x000000002a990000,0x000000002aa90000)]
  0x000000002134e000 JavaThread "jar transforms Thread 98" [_thread_blocked, id=3608, stack(0x000000002a890000,0x000000002a990000)]
  0x000000002134c800 JavaThread "jar transforms Thread 97" [_thread_blocked, id=7584, stack(0x000000002a790000,0x000000002a890000)]
  0x0000000021348000 JavaThread "jar transforms Thread 96" [_thread_blocked, id=2860, stack(0x000000002a690000,0x000000002a790000)]
  0x0000000021346800 JavaThread "jar transforms Thread 95" [_thread_blocked, id=3560, stack(0x000000002a590000,0x000000002a690000)]
  0x000000002134d000 JavaThread "jar transforms Thread 94" [_thread_blocked, id=6696, stack(0x000000002a490000,0x000000002a590000)]
  0x000000002134b000 JavaThread "jar transforms Thread 93" [_thread_blocked, id=3408, stack(0x000000002a390000,0x000000002a490000)]
  0x000000002133f000 JavaThread "jar transforms Thread 92" [_thread_blocked, id=9272, stack(0x000000002a290000,0x000000002a390000)]
  0x0000000021342000 JavaThread "jar transforms Thread 91" [_thread_blocked, id=1272, stack(0x000000002a190000,0x000000002a290000)]
  0x0000000021345000 JavaThread "jar transforms Thread 90" [_thread_blocked, id=5492, stack(0x000000002a090000,0x000000002a190000)]
  0x0000000021341000 JavaThread "jar transforms Thread 89" [_thread_blocked, id=7280, stack(0x0000000029f90000,0x000000002a090000)]
  0x0000000021340800 JavaThread "jar transforms Thread 88" [_thread_blocked, id=476, stack(0x0000000029e90000,0x0000000029f90000)]
  0x000000002133f800 JavaThread "jar transforms Thread 87" [_thread_blocked, id=7940, stack(0x0000000029d90000,0x0000000029e90000)]
  0x0000000021342800 JavaThread "jar transforms Thread 86" [_thread_blocked, id=7900, stack(0x0000000029c90000,0x0000000029d90000)]
  0x0000000021344000 JavaThread "jar transforms Thread 85" [_thread_blocked, id=1528, stack(0x0000000029b90000,0x0000000029c90000)]
  0x0000000021345800 JavaThread "jar transforms Thread 84" [_thread_blocked, id=7824, stack(0x0000000029a90000,0x0000000029b90000)]
  0x0000000021343800 JavaThread "jar transforms Thread 83" [_thread_blocked, id=10636, stack(0x0000000029990000,0x0000000029a90000)]
  0x0000000023544000 JavaThread "jar transforms Thread 82" [_thread_blocked, id=7476, stack(0x0000000029890000,0x0000000029990000)]
  0x0000000023543800 JavaThread "jar transforms Thread 81" [_thread_blocked, id=9312, stack(0x0000000029790000,0x0000000029890000)]
  0x0000000023541000 JavaThread "jar transforms Thread 80" [_thread_blocked, id=3528, stack(0x0000000029690000,0x0000000029790000)]
  0x0000000023542800 JavaThread "jar transforms Thread 79" [_thread_blocked, id=8896, stack(0x0000000029590000,0x0000000029690000)]
  0x0000000023545800 JavaThread "jar transforms Thread 78" [_thread_blocked, id=8704, stack(0x0000000029490000,0x0000000029590000)]
  0x0000000023542000 JavaThread "jar transforms Thread 77" [_thread_blocked, id=11196, stack(0x0000000029390000,0x0000000029490000)]
  0x0000000023545000 JavaThread "jar transforms Thread 76" [_thread_blocked, id=10204, stack(0x0000000029290000,0x0000000029390000)]
  0x0000000023539800 JavaThread "jar transforms Thread 75" [_thread_blocked, id=128, stack(0x0000000029190000,0x0000000029290000)]
  0x0000000023540800 JavaThread "jar transforms Thread 74" [_thread_blocked, id=800, stack(0x0000000029090000,0x0000000029190000)]
  0x000000002353f800 JavaThread "jar transforms Thread 73" [_thread_blocked, id=5672, stack(0x0000000028f90000,0x0000000029090000)]
  0x0000000023538000 JavaThread "jar transforms Thread 72" [_thread_blocked, id=880, stack(0x0000000028e90000,0x0000000028f90000)]
  0x000000002353f000 JavaThread "jar transforms Thread 71" [_thread_blocked, id=11000, stack(0x0000000028d90000,0x0000000028e90000)]
  0x0000000023537800 JavaThread "jar transforms Thread 70" [_thread_blocked, id=8248, stack(0x0000000028c90000,0x0000000028d90000)]
  0x000000002353e000 JavaThread "jar transforms Thread 69" [_thread_blocked, id=8452, stack(0x0000000028b90000,0x0000000028c90000)]
  0x0000000023539000 JavaThread "jar transforms Thread 68" [_thread_blocked, id=8568, stack(0x0000000028a90000,0x0000000028b90000)]
  0x0000000023536800 JavaThread "jar transforms Thread 67" [_thread_blocked, id=736, stack(0x0000000028990000,0x0000000028a90000)]
  0x000000002353d800 JavaThread "jar transforms Thread 66" [_thread_blocked, id=4384, stack(0x0000000028890000,0x0000000028990000)]
  0x000000002353c800 JavaThread "jar transforms Thread 65" [_thread_blocked, id=2012, stack(0x0000000028790000,0x0000000028890000)]
  0x000000002353b000 JavaThread "jar transforms Thread 64" [_thread_blocked, id=8404, stack(0x0000000028690000,0x0000000028790000)]
  0x000000002353c000 JavaThread "jar transforms Thread 63" [_thread_blocked, id=11120, stack(0x0000000028590000,0x0000000028690000)]
  0x000000002353a800 JavaThread "jar transforms Thread 62" [_thread_blocked, id=7672, stack(0x0000000028490000,0x0000000028590000)]
  0x00000000232f7800 JavaThread "jar transforms Thread 61" [_thread_blocked, id=8440, stack(0x0000000028390000,0x0000000028490000)]
  0x00000000232f8800 JavaThread "jar transforms Thread 60" [_thread_blocked, id=9992, stack(0x0000000028290000,0x0000000028390000)]
  0x00000000232f7000 JavaThread "jar transforms Thread 59" [_thread_blocked, id=7588, stack(0x0000000028190000,0x0000000028290000)]
  0x00000000232f4800 JavaThread "jar transforms Thread 58" [_thread_blocked, id=9552, stack(0x0000000028090000,0x0000000028190000)]
  0x00000000232f4000 JavaThread "jar transforms Thread 57" [_thread_blocked, id=10048, stack(0x0000000027f90000,0x0000000028090000)]
  0x00000000232f5800 JavaThread "jar transforms Thread 56" [_thread_blocked, id=2824, stack(0x0000000027e90000,0x0000000027f90000)]
  0x00000000232f1800 JavaThread "jar transforms Thread 55" [_thread_blocked, id=7056, stack(0x0000000027d90000,0x0000000027e90000)]
  0x00000000232f3000 JavaThread "jar transforms Thread 54" [_thread_blocked, id=2436, stack(0x0000000027c90000,0x0000000027d90000)]
  0x00000000232f6000 JavaThread "jar transforms Thread 53" [_thread_blocked, id=6968, stack(0x0000000027b90000,0x0000000027c90000)]
  0x00000000232eb800 JavaThread "jar transforms Thread 52" [_thread_blocked, id=2556, stack(0x0000000027a90000,0x0000000027b90000)]
  0x00000000232f1000 JavaThread "jar transforms Thread 51" [_thread_blocked, id=10892, stack(0x0000000027990000,0x0000000027a90000)]
  0x00000000232f0000 JavaThread "jar transforms Thread 50" [_thread_blocked, id=9432, stack(0x0000000027890000,0x0000000027990000)]
  0x00000000232ee800 JavaThread "jar transforms Thread 49" [_thread_blocked, id=4908, stack(0x0000000027790000,0x0000000027890000)]
  0x00000000232f2800 JavaThread "jar transforms Thread 48" [_thread_blocked, id=7632, stack(0x0000000027690000,0x0000000027790000)]
  0x00000000232ee000 JavaThread "jar transforms Thread 47" [_thread_blocked, id=6232, stack(0x0000000027590000,0x0000000027690000)]
  0x00000000232ef800 JavaThread "jar transforms Thread 46" [_thread_blocked, id=5448, stack(0x0000000027490000,0x0000000027590000)]
  0x00000000232ec800 JavaThread "jar transforms Thread 45" [_thread_blocked, id=1184, stack(0x0000000027390000,0x0000000027490000)]
  0x00000000232ea000 JavaThread "jar transforms Thread 44" [_thread_blocked, id=9672, stack(0x0000000027290000,0x0000000027390000)]
  0x00000000232eb000 JavaThread "jar transforms Thread 43" [_thread_blocked, id=5764, stack(0x0000000027190000,0x0000000027290000)]
  0x00000000232ed000 JavaThread "jar transforms Thread 42" [_thread_blocked, id=4648, stack(0x0000000027090000,0x0000000027190000)]
  0x00000000232e9800 JavaThread "jar transforms Thread 41" [_thread_blocked, id=4040, stack(0x0000000026f90000,0x0000000027090000)]
  0x00000000214c7000 JavaThread "jar transforms Thread 40" [_thread_blocked, id=8636, stack(0x0000000026e90000,0x0000000026f90000)]
  0x00000000214c6800 JavaThread "jar transforms Thread 39" [_thread_blocked, id=1524, stack(0x0000000026d90000,0x0000000026e90000)]
  0x00000000214c5800 JavaThread "jar transforms Thread 38" [_thread_blocked, id=3592, stack(0x0000000026c90000,0x0000000026d90000)]
  0x00000000214c5000 JavaThread "jar transforms Thread 37" [_thread_blocked, id=10852, stack(0x0000000026b90000,0x0000000026c90000)]
  0x00000000214c4000 JavaThread "jar transforms Thread 36" [_thread_blocked, id=9192, stack(0x0000000026a90000,0x0000000026b90000)]
  0x00000000214c8000 JavaThread "jar transforms Thread 35" [_thread_blocked, id=7432, stack(0x0000000026990000,0x0000000026a90000)]
  0x00000000214bc800 JavaThread "jar transforms Thread 34" [_thread_blocked, id=11176, stack(0x0000000026890000,0x0000000026990000)]
  0x00000000214bd800 JavaThread "jar transforms Thread 33" [_thread_blocked, id=10552, stack(0x0000000026790000,0x0000000026890000)]
  0x00000000214c2800 JavaThread "jar transforms Thread 32" [_thread_blocked, id=3900, stack(0x0000000026690000,0x0000000026790000)]
  0x00000000214c3800 JavaThread "jar transforms Thread 31" [_thread_blocked, id=5588, stack(0x0000000026590000,0x0000000026690000)]
  0x00000000214c2000 JavaThread "jar transforms Thread 30" [_thread_blocked, id=10568, stack(0x0000000026490000,0x0000000026590000)]
  0x00000000214ba800 JavaThread "jar transforms Thread 29" [_thread_blocked, id=7752, stack(0x0000000026390000,0x0000000026490000)]
  0x00000000214c0800 JavaThread "jar transforms Thread 28" [_thread_blocked, id=10344, stack(0x0000000026290000,0x0000000026390000)]
  0x00000000214bf000 JavaThread "jar transforms Thread 27" [_thread_blocked, id=3484, stack(0x0000000026190000,0x0000000026290000)]
  0x00000000214c1000 JavaThread "jar transforms Thread 26" [_thread_blocked, id=9152, stack(0x0000000026090000,0x0000000026190000)]
  0x00000000214b9800 JavaThread "jar transforms Thread 25" [_thread_blocked, id=2804, stack(0x0000000025f90000,0x0000000026090000)]
  0x00000000214bc000 JavaThread "jar transforms Thread 24" [_thread_blocked, id=10364, stack(0x0000000025e90000,0x0000000025f90000)]
  0x00000000214bb000 JavaThread "jar transforms Thread 23" [_thread_blocked, id=8564, stack(0x0000000025d90000,0x0000000025e90000)]
  0x00000000214be000 JavaThread "jar transforms Thread 22" [_thread_blocked, id=4644, stack(0x0000000025c90000,0x0000000025d90000)]
  0x00000000214b9000 JavaThread "jar transforms Thread 21" [_thread_blocked, id=2320, stack(0x0000000025b90000,0x0000000025c90000)]
  0x00000000214bf800 JavaThread "jar transforms Thread 20" [_thread_blocked, id=10540, stack(0x0000000025a90000,0x0000000025b90000)]
  0x000000001c308000 JavaThread "jar transforms Thread 19" [_thread_blocked, id=1716, stack(0x0000000025990000,0x0000000025a90000)]
  0x000000001c30c000 JavaThread "jar transforms Thread 18" [_thread_blocked, id=7844, stack(0x0000000025890000,0x0000000025990000)]
  0x000000001c30b000 JavaThread "jar transforms Thread 17" [_thread_blocked, id=9468, stack(0x0000000025790000,0x0000000025890000)]
  0x000000001c30a800 JavaThread "jar transforms Thread 16" [_thread_blocked, id=1576, stack(0x0000000025690000,0x0000000025790000)]
  0x000000001c309800 JavaThread "jar transforms Thread 15" [_thread_blocked, id=5532, stack(0x0000000025590000,0x0000000025690000)]
  0x000000001c30e000 JavaThread "jar transforms Thread 14" [_thread_blocked, id=7808, stack(0x0000000025490000,0x0000000025590000)]
  0x000000001c309000 JavaThread "jar transforms Thread 13" [_thread_blocked, id=4344, stack(0x0000000025390000,0x0000000025490000)]
  0x000000001c307800 JavaThread "jar transforms Thread 12" [_thread_blocked, id=1920, stack(0x0000000025290000,0x0000000025390000)]
  0x000000001c30d800 JavaThread "jar transforms Thread 11" [_thread_blocked, id=2920, stack(0x0000000025190000,0x0000000025290000)]
  0x000000001c30c800 JavaThread "jar transforms Thread 10" [_thread_blocked, id=9460, stack(0x0000000025090000,0x0000000025190000)]
  0x000000001be3a000 JavaThread "jar transforms Thread 9" [_thread_blocked, id=9876, stack(0x0000000024f90000,0x0000000025090000)]
  0x000000001be39000 JavaThread "jar transforms Thread 8" [_thread_blocked, id=2088, stack(0x0000000024e90000,0x0000000024f90000)]
  0x000000001be3b800 JavaThread "jar transforms Thread 7" [_thread_blocked, id=6740, stack(0x0000000024d90000,0x0000000024e90000)]
  0x000000001be3a800 JavaThread "jar transforms Thread 6" [_thread_blocked, id=2324, stack(0x0000000024c90000,0x0000000024d90000)]
  0x000000001be37800 JavaThread "Build operations Thread 8" [_thread_blocked, id=2940, stack(0x0000000024990000,0x0000000024a90000)]
  0x000000001be3d000 JavaThread "Build operations Thread 7" [_thread_blocked, id=8152, stack(0x0000000024890000,0x0000000024990000)]
  0x000000001be3c000 JavaThread "Build operations Thread 6" [_thread_blocked, id=9424, stack(0x0000000024790000,0x0000000024890000)]
  0x000000001be38800 JavaThread "Build operations Thread 5" [_thread_blocked, id=3396, stack(0x0000000024690000,0x0000000024790000)]
  0x000000001be30000 JavaThread "Build operations Thread 4" [_thread_blocked, id=10988, stack(0x0000000024590000,0x0000000024690000)]
  0x000000001be31800 JavaThread "Build operations Thread 3" [_thread_blocked, id=2672, stack(0x0000000024490000,0x0000000024590000)]
  0x000000001be33000 JavaThread "Build operations Thread 2" [_thread_blocked, id=3860, stack(0x0000000024390000,0x0000000024490000)]
  0x000000001be37000 JavaThread "Build operations" [_thread_blocked, id=1408, stack(0x0000000024290000,0x0000000024390000)]
  0x000000001be34800 JavaThread "Cache worker for file content cache (C:\Users\JFK\.gradle\caches\6.5.1\fileContent)" [_thread_blocked, id=6932, stack(0x0000000022bc0000,0x0000000022cc0000)]
  0x000000001be2f800 JavaThread "Cache worker for execution history cache (C:\Users\JFK\.gradle\caches\6.5.1\executionHistory)" [_thread_blocked, id=7292, stack(0x00000000224c0000,0x00000000225c0000)]
  0x000000001be2e800 JavaThread "Cache worker for cache directory md-rule (C:\Users\JFK\.gradle\caches\6.5.1\md-rule)" [_thread_blocked, id=3416, stack(0x00000000223c0000,0x00000000224c0000)]
  0x000000001bf9f000 JavaThread "Cache worker for cache directory md-supplier (C:\Users\JFK\.gradle\caches\6.5.1\md-supplier)" [_thread_blocked, id=11032, stack(0x00000000222c0000,0x00000000223c0000)]
  0x000000001bf9e800 JavaThread "Cache worker for checksums cache (D:\AndroidStudioProjects\CategoryQuizApp\.gradle\checksums)" [_thread_blocked, id=9088, stack(0x00000000221c0000,0x00000000222c0000)]
  0x000000001bfa0000 JavaThread "jar transforms Thread 5" [_thread_blocked, id=8584, stack(0x00000000220c0000,0x00000000221c0000)]
  0x000000001bfa2000 JavaThread "jar transforms Thread 4" [_thread_blocked, id=9716, stack(0x0000000021fc0000,0x00000000220c0000)]
  0x000000001bf9d800 JavaThread "jar transforms Thread 3" [_thread_blocked, id=8184, stack(0x0000000021ec0000,0x0000000021fc0000)]
  0x000000001bfa0800 JavaThread "jar transforms Thread 2" [_thread_blocked, id=3840, stack(0x0000000021dc0000,0x0000000021ec0000)]
  0x000000001bf9c000 JavaThread "jar transforms" [_thread_blocked, id=10628, stack(0x0000000021cc0000,0x0000000021dc0000)]
  0x000000001bf9d000 JavaThread "Cache worker for file hash cache (D:\AndroidStudioProjects\CategoryQuizApp\.gradle\6.5.1\fileHashes)" [_thread_blocked, id=8412, stack(0x00000000204a0000,0x00000000205a0000)]
  0x000000001bfa1800 JavaThread "Cache worker for file hash cache (C:\Users\JFK\.gradle\caches\6.5.1\fileHashes)" [_thread_blocked, id=5576, stack(0x000000001e200000,0x000000001e300000)]
  0x000000001bf9b800 JavaThread "File lock request listener" [_thread_in_native, id=2836, stack(0x000000001e100000,0x000000001e200000)]
  0x000000001bf8f800 JavaThread "Cache worker for journal cache (C:\Users\JFK\.gradle\caches\journal-1)" [_thread_blocked, id=8552, stack(0x000000001e000000,0x000000001e100000)]
  0x000000001af8a800 JavaThread "Thread-9" [_thread_blocked, id=8960, stack(0x000000001dd00000,0x000000001de00000)]
  0x000000001af86000 JavaThread "Stdin handler" [_thread_blocked, id=8940, stack(0x000000001dc00000,0x000000001dd00000)]
  0x000000001bcb9800 JavaThread "Asynchronous log dispatcher for DefaultDaemonConnection: socket connection from /127.0.0.1:7026 to /127.0.0.1:7027" [_thread_blocked, id=1256, stack(0x000000001db00000,0x000000001dc00000)]
  0x000000001bcb8000 JavaThread "Daemon worker" [_thread_in_Java, id=4688, stack(0x000000001da00000,0x000000001db00000)]
  0x000000001bcb3800 JavaThread "Cancel handler" [_thread_blocked, id=10052, stack(0x000000001d900000,0x000000001da00000)]
  0x000000001bc85000 JavaThread "Handler for socket connection from /127.0.0.1:7026 to /127.0.0.1:7027" [_thread_in_native, id=9464, stack(0x000000001d800000,0x000000001d900000)]
  0x000000001bc80000 JavaThread "Daemon" [_thread_blocked, id=10308, stack(0x000000001d500000,0x000000001d600000)]
  0x000000001bc75800 JavaThread "Daemon periodic checks" [_thread_blocked, id=6132, stack(0x000000001d400000,0x000000001d500000)]
  0x000000001bc5d000 JavaThread "Incoming local TCP Connector on port 7026" [_thread_in_native, id=2304, stack(0x000000001d1b0000,0x000000001d2b0000)]
  0x000000001a27f800 JavaThread "Daemon health stats" [_thread_blocked, id=1180, stack(0x000000001cb50000,0x000000001cc50000)]
  0x000000001937f800 JavaThread "Service Thread" daemon [_thread_blocked, id=6764, stack(0x0000000019fb0000,0x000000001a0b0000)]
  0x00000000192ed000 JavaThread "C1 CompilerThread3" daemon [_thread_blocked, id=9720, stack(0x0000000019eb0000,0x0000000019fb0000)]
=>0x00000000192e6000 JavaThread "C2 CompilerThread2" daemon [_thread_in_native, id=1396, stack(0x0000000019db0000,0x0000000019eb0000)]
  0x00000000192e3800 JavaThread "C2 CompilerThread1" daemon [_thread_blocked, id=10800, stack(0x0000000019cb0000,0x0000000019db0000)]
  0x00000000192e0800 JavaThread "C2 CompilerThread0" daemon [_thread_blocked, id=2504, stack(0x0000000019bb0000,0x0000000019cb0000)]
  0x00000000192df800 JavaThread "Attach Listener" daemon [_thread_blocked, id=5256, stack(0x0000000019ab0000,0x0000000019bb0000)]
  0x00000000174de800 JavaThread "Signal Dispatcher" daemon [_thread_blocked, id=2956, stack(0x00000000199b0000,0x0000000019ab0000)]
  0x00000000192d1800 JavaThread "Finalizer" daemon [_thread_blocked, id=4360, stack(0x00000000197b0000,0x00000000198b0000)]
  0x00000000192d0800 JavaThread "Reference Handler" daemon [_thread_blocked, id=10012, stack(0x00000000196b0000,0x00000000197b0000)]
  0x000000000222d800 JavaThread "main" [_thread_blocked, id=8852, stack(0x0000000002260000,0x0000000002360000)]

Other Threads:
  0x00000000174c8800 VMThread [stack: 0x00000000191b0000,0x00000000192b0000] [id=1784]
  0x0000000019320000 WatcherThread [stack: 0x000000001a0b0000,0x000000001a1b0000] [id=2364]

VM state:not at safepoint (normal execution)

VM Mutex/Monitor currently owned by a thread: None

heap address: 0x0000000080000000, size: 2048 MB, Compressed Oops mode: 32-bit
Narrow klass base: 0x0000000000000000, Narrow klass shift: 3
Compressed class space size: 1073741824 Address: 0x0000000100000000

Heap:
 PSYoungGen      total 238080K, used 65509K [0x00000000d5580000, 0x00000000e5300000, 0x0000000100000000)
  eden space 218624K, 21% used [0x00000000d5580000,0x00000000d82804c8,0x00000000e2b00000)
  from space 19456K, 99% used [0x00000000e2b00000,0x00000000e3df8f48,0x00000000e3e00000)
  to   space 18944K, 0% used [0x00000000e3e00000,0x00000000e3e00000,0x00000000e5080000)
 ParOldGen       total 130560K, used 47538K [0x0000000080000000, 0x0000000087f80000, 0x00000000d5580000)
  object space 130560K, 36% used [0x0000000080000000,0x0000000082e6c900,0x0000000087f80000)
 Metaspace       used 74488K, capacity 78752K, committed 79064K, reserved 1118208K
  class space    used 10118K, capacity 10919K, committed 11008K, reserved 1048576K

Card table byte_map: [0x0000000011820000,0x0000000011c30000] byte_map_base: 0x0000000011420000

Marking Bits: (ParMarkBitMap*) 0x0000000076eaf030
 Begin Bits: [0x00000000126e0000, 0x00000000146e0000)
 End Bits:   [0x00000000146e0000, 0x00000000166e0000)

Polling page: 0x0000000000990000

CodeCache: size=245760Kb used=28942Kb max_used=28948Kb free=216817Kb
 bounds [0x0000000002460000, 0x00000000040d0000, 0x0000000011460000]
 total_blobs=10056 nmethods=9199 adapters=769
 compilation: enabled

Compilation events (10 events):
Event: 26.427 Thread 0x00000000192ed000 nmethod 10538 0x00000000040c0a90 code [0x00000000040c0c20, 0x00000000040c1018]
Event: 26.427 Thread 0x00000000192ed000 10541       3       com.google.common.collect.CollectSpliterators$1WithCharacteristics::lambda$forEachRemaining$1 (14 bytes)
Event: 26.428 Thread 0x00000000192ed000 nmethod 10541 0x00000000040c03d0 code [0x00000000040c0560, 0x00000000040c08d8]
Event: 26.428 Thread 0x00000000192ed000 10542       3       com.google.common.collect.IndexedImmutableSet$$Lambda$965/521050896::apply (9 bytes)
Event: 26.428 Thread 0x00000000192ed000 nmethod 10542 0x00000000040ba790 code [0x00000000040ba900, 0x00000000040bab28]
Event: 26.441 Thread 0x00000000192e3800 nmethod 10526 0x00000000040c5590 code [0x00000000040c5700, 0x00000000040c6458]
Event: 26.445 Thread 0x00000000192ed000 10543       3       com.google.gson.internal.$Gson$Types::canonicalize (139 bytes)
Event: 26.446 Thread 0x00000000192ed000 nmethod 10543 0x00000000040c3ad0 code [0x00000000040c3d80, 0x00000000040c5188]
Event: 26.446 Thread 0x00000000192ed000 10544       3       java.io.StringWriter::write (10 bytes)
Event: 26.446 Thread 0x00000000192ed000 nmethod 10544 0x00000000040bfd10 code [0x00000000040bfe80, 0x00000000040c0288]

GC Heap History (10 events):
Event: 13.934 GC heap before
{Heap before GC invocations=14 (full 2):
 PSYoungGen      total 157696K, used 82645K [0x00000000d5580000, 0x00000000e2600000, 0x0000000100000000)
  eden space 145920K, 48% used [0x00000000d5580000,0x00000000d9ab9c68,0x00000000de400000)
  from space 11776K, 99% used [0x00000000de400000,0x00000000def7bb58,0x00000000def80000)
  to   space 16384K, 0% used [0x00000000e1600000,0x00000000e1600000,0x00000000e2600000)
 ParOldGen       total 84480K, used 24535K [0x0000000080000000, 0x0000000085280000, 0x00000000d5580000)
  object space 84480K, 29% used [0x0000000080000000,0x00000000817f5fc8,0x0000000085280000)
 Metaspace       used 56388K, capacity 58858K, committed 59028K, reserved 1099776K
  class space    used 7617K, capacity 8172K, committed 8192K, reserved 1048576K
Event: 13.962 GC heap after
Heap after GC invocations=14 (full 2):
 PSYoungGen      total 197632K, used 8368K [0x00000000d5580000, 0x00000000e2e80000, 0x0000000100000000)
  eden space 181248K, 0% used [0x00000000d5580000,0x00000000d5580000,0x00000000e0680000)
  from space 16384K, 51% used [0x00000000e1600000,0x00000000e1e2c210,0x00000000e2600000)
  to   space 15872K, 0% used [0x00000000e0680000,0x00000000e0680000,0x00000000e1600000)
 ParOldGen       total 84480K, used 31857K [0x0000000080000000, 0x0000000085280000, 0x00000000d5580000)
  object space 84480K, 37% used [0x0000000080000000,0x0000000081f1c6a0,0x0000000085280000)
 Metaspace       used 56388K, capacity 58858K, committed 59028K, reserved 1099776K
  class space    used 7617K, capacity 8172K, committed 8192K, reserved 1048576K
}
Event: 13.962 GC heap before
{Heap before GC invocations=15 (full 3):
 PSYoungGen      total 197632K, used 8368K [0x00000000d5580000, 0x00000000e2e80000, 0x0000000100000000)
  eden space 181248K, 0% used [0x00000000d5580000,0x00000000d5580000,0x00000000e0680000)
  from space 16384K, 51% used [0x00000000e1600000,0x00000000e1e2c210,0x00000000e2600000)
  to   space 15872K, 0% used [0x00000000e0680000,0x00000000e0680000,0x00000000e1600000)
 ParOldGen       total 84480K, used 31857K [0x0000000080000000, 0x0000000085280000, 0x00000000d5580000)
  object space 84480K, 37% used [0x0000000080000000,0x0000000081f1c6a0,0x0000000085280000)
 Metaspace       used 56388K, capacity 58858K, committed 59028K, reserved 1099776K
  class space    used 7617K, capacity 8172K, committed 8192K, reserved 1048576K
Event: 14.297 GC heap after
Heap after GC invocations=15 (full 3):
 PSYoungGen      total 197632K, used 0K [0x00000000d5580000, 0x00000000e2e80000, 0x0000000100000000)
  eden space 181248K, 0% used [0x00000000d5580000,0x00000000d5580000,0x00000000e0680000)
  from space 16384K, 0% used [0x00000000e1600000,0x00000000e1600000,0x00000000e2600000)
  to   space 15872K, 0% used [0x00000000e0680000,0x00000000e0680000,0x00000000e1600000)
 ParOldGen       total 130560K, used 32161K [0x0000000080000000, 0x0000000087f80000, 0x00000000d5580000)
  object space 130560K, 24% used [0x0000000080000000,0x0000000081f68608,0x0000000087f80000)
 Metaspace       used 56339K, capacity 58690K, committed 59028K, reserved 1099776K
  class space    used 7602K, capacity 8144K, committed 8192K, reserved 1048576K
}
Event: 17.672 GC heap before
{Heap before GC invocations=16 (full 3):
 PSYoungGen      total 197632K, used 181248K [0x00000000d5580000, 0x00000000e2e80000, 0x0000000100000000)
  eden space 181248K, 100% used [0x00000000d5580000,0x00000000e0680000,0x00000000e0680000)
  from space 16384K, 0% used [0x00000000e1600000,0x00000000e1600000,0x00000000e2600000)
  to   space 15872K, 0% used [0x00000000e0680000,0x00000000e0680000,0x00000000e1600000)
 ParOldGen       total 130560K, used 32161K [0x0000000080000000, 0x0000000087f80000, 0x00000000d5580000)
  object space 130560K, 24% used [0x0000000080000000,0x0000000081f68608,0x0000000087f80000)
 Metaspace       used 65246K, capacity 68960K, committed 69080K, reserved 1107968K
  class space    used 8944K, capacity 9689K, committed 9728K, reserved 1048576K
Event: 17.702 GC heap after
Heap after GC invocations=16 (full 3):
 PSYoungGen      total 197120K, used 15871K [0x00000000d5580000, 0x00000000e5080000, 0x0000000100000000)
  eden space 181248K, 0% used [0x00000000d5580000,0x00000000d5580000,0x00000000e0680000)
  from space 15872K, 99% used [0x00000000e0680000,0x00000000e15ffeb8,0x00000000e1600000)
  to   space 18944K, 0% used [0x00000000e3e00000,0x00000000e3e00000,0x00000000e5080000)
 ParOldGen       total 130560K, used 35028K [0x0000000080000000, 0x0000000087f80000, 0x00000000d5580000)
  object space 130560K, 26% used [0x0000000080000000,0x0000000082235380,0x0000000087f80000)
 Metaspace       used 65246K, capacity 68960K, committed 69080K, reserved 1107968K
  class space    used 8944K, capacity 9689K, committed 9728K, reserved 1048576K
}
Event: 19.994 GC heap before
{Heap before GC invocations=17 (full 3):
 PSYoungGen      total 197120K, used 197119K [0x00000000d5580000, 0x00000000e5080000, 0x0000000100000000)
  eden space 181248K, 100% used [0x00000000d5580000,0x00000000e0680000,0x00000000e0680000)
  from space 15872K, 99% used [0x00000000e0680000,0x00000000e15ffeb8,0x00000000e1600000)
  to   space 18944K, 0% used [0x00000000e3e00000,0x00000000e3e00000,0x00000000e5080000)
 ParOldGen       total 130560K, used 35028K [0x0000000080000000, 0x0000000087f80000, 0x00000000d5580000)
  object space 130560K, 26% used [0x0000000080000000,0x0000000082235380,0x0000000087f80000)
 Metaspace       used 69368K, capacity 73284K, committed 73432K, reserved 1112064K
  class space    used 9452K, capacity 10179K, committed 10240K, reserved 1048576K
Event: 20.048 GC heap after
Heap after GC invocations=17 (full 3):
 PSYoungGen      total 237568K, used 13495K [0x00000000d5580000, 0x00000000e5300000, 0x0000000100000000)
  eden space 218624K, 0% used [0x00000000d5580000,0x00000000d5580000,0x00000000e2b00000)
  from space 18944K, 71% used [0x00000000e3e00000,0x00000000e4b2de18,0x00000000e5080000)
  to   space 19456K, 0% used [0x00000000e2b00000,0x00000000e2b00000,0x00000000e3e00000)
 ParOldGen       total 130560K, used 47063K [0x0000000080000000, 0x0000000087f80000, 0x00000000d5580000)
  object space 130560K, 36% used [0x0000000080000000,0x0000000082df5ca0,0x0000000087f80000)
 Metaspace       used 69368K, capacity 73284K, committed 73432K, reserved 1112064K
  class space    used 9452K, capacity 10179K, committed 10240K, reserved 1048576K
}
Event: 25.351 GC heap before
{Heap before GC invocations=18 (full 3):
 PSYoungGen      total 237568K, used 232106K [0x00000000d5580000, 0x00000000e5300000, 0x0000000100000000)
  eden space 218624K, 99% used [0x00000000d5580000,0x00000000e2afccf0,0x00000000e2b00000)
  from space 18944K, 71% used [0x00000000e3e00000,0x00000000e4b2de18,0x00000000e5080000)
  to   space 19456K, 0% used [0x00000000e2b00000,0x00000000e2b00000,0x00000000e3e00000)
 ParOldGen       total 130560K, used 47063K [0x0000000080000000, 0x0000000087f80000, 0x00000000d5580000)
  object space 130560K, 36% used [0x0000000080000000,0x0000000082df5ca0,0x0000000087f80000)
 Metaspace       used 73106K, capacity 77176K, committed 77272K, reserved 1116160K
  class space    used 9916K, capacity 10687K, committed 10752K, reserved 1048576K
Event: 25.383 GC heap after
Heap after GC invocations=18 (full 3):
 PSYoungGen      total 238080K, used 19427K [0x00000000d5580000, 0x00000000e5300000, 0x0000000100000000)
  eden space 218624K, 0% used [0x00000000d5580000,0x00000000d5580000,0x00000000e2b00000)
  from space 19456K, 99% used [0x00000000e2b00000,0x00000000e3df8f48,0x00000000e3e00000)
  to   space 18944K, 0% used [0x00000000e3e00000,0x00000000e3e00000,0x00000000e5080000)
 ParOldGen       total 130560K, used 47538K [0x0000000080000000, 0x0000000087f80000, 0x00000000d5580000)
  object space 130560K, 36% used [0x0000000080000000,0x0000000082e6c900,0x0000000087f80000)
 Metaspace       used 73106K, capacity 77176K, committed 77272K, reserved 1116160K
  class space    used 9916K, capacity 10687K, committed 10752K, reserved 1048576K
}

Deoptimization events (10 events):
Event: 25.656 Thread 0x0000000021a27800 Uncommon trap: reason=class_check action=maybe_recompile pc=0x0000000003cf8e2c method=com.google.common.collect.Iterables.castOrCopyToCollection(Ljava/lang/Iterable;)Ljava/util/Collection; @ 1
Event: 25.656 Thread 0x0000000021a27800 Uncommon trap: reason=class_check action=maybe_recompile pc=0x0000000003d24320 method=com.google.common.collect.ImmutableMap.copyOf(Ljava/util/Map;)Lcom/google/common/collect/ImmutableMap; @ 49
Event: 25.656 Thread 0x0000000021a27800 Uncommon trap: reason=class_check action=maybe_recompile pc=0x0000000003cf8e2c method=com.google.common.collect.Iterables.castOrCopyToCollection(Ljava/lang/Iterable;)Ljava/util/Collection; @ 1
Event: 25.681 Thread 0x0000000021a27800 Uncommon trap: reason=bimorphic action=maybe_recompile pc=0x0000000003ae68d4 method=java.util.stream.AbstractPipeline.<init>(Ljava/util/stream/AbstractPipeline;I)V @ 66
Event: 25.684 Thread 0x0000000021a27800 Uncommon trap: reason=unstable_if action=reinterpret pc=0x0000000003b0d690 method=java.util.stream.StreamOpFlag.getMask(I)I @ 1
Event: 26.205 Thread 0x0000000021a26000 Uncommon trap: reason=unstable_if action=reinterpret pc=0x000000000406eac0 method=java.util.zip.Deflater.needsInput()Z @ 11
Event: 26.206 Thread 0x0000000021a26000 Uncommon trap: reason=unstable_if action=reinterpret pc=0x00000000040ad680 method=java.nio.Bits.copyFromArray(Ljava/lang/Object;JJJJ)V @ 18
Event: 26.319 Thread 0x0000000021a27800 Uncommon trap: reason=unstable_if action=reinterpret pc=0x0000000003bde6fc method=java.nio.Bits.getInt(Ljava/nio/ByteBuffer;IZ)I @ 1
Event: 26.400 Thread 0x0000000021a27800 Uncommon trap: reason=bimorphic action=maybe_recompile pc=0x0000000003436724 method=java.util.stream.StreamOpFlag.fromCharacteristics(Ljava/util/Spliterator;)I @ 14
Event: 26.404 Thread 0x0000000021a27800 Uncommon trap: reason=bimorphic action=maybe_recompile pc=0x0000000003ae68d4 method=java.util.stream.AbstractPipeline.<init>(Ljava/util/stream/AbstractPipeline;I)V @ 66

Classes redefined (0 events):
No events

Internal exceptions (10 events):
Event: 23.425 Thread 0x0000000021a1c000 Exception <a 'sun/nio/fs/WindowsException'> (0x00000000d8130968) thrown at [C:\src\AOSP-openjdk-git\hotspot\src\share\vm\prims\jni.cpp, line 710]
Event: 24.502 Thread 0x000000001be3d000 Implicit null exception at 0x000000000342f03f to 0x000000000342f9a5
Event: 24.656 Thread 0x000000001fb3b000 Exception <a 'java/lang/NoSuchMethodError': java.lang.Object.lambda$static$0(Lorg/gradle/internal/snapshot/FileSystemSnapshotVisitor;)V> (0x00000000de9cba70) thrown at [C:\src\AOSP-openjdk-git\hotspot\src\share\vm\interpreter\linkResolver.cpp, line 620]
Event: 25.548 Thread 0x000000001bcb8000 Exception <a 'java/lang/NoSuchMethodError': <clinit>> (0x00000000d5e3a3d8) thrown at [C:\src\AOSP-openjdk-git\hotspot\src\share\vm\prims\jni.cpp, line 1615]
Event: 25.548 Thread 0x000000001bcb8000 Exception <a 'java/lang/NoSuchMethodError': <clinit>> (0x00000000d5e3f218) thrown at [C:\src\AOSP-openjdk-git\hotspot\src\share\vm\prims\jni.cpp, line 1615]
Event: 25.593 Thread 0x0000000021a27800 Exception <a 'java/lang/NoSuchMethodError': java.lang.Object.lambda$asRunnable$0(Lcom/android/tools/build/apkzlib/utils/IOExceptionRunnable;)V> (0x00000000d60f6388) thrown at [C:\src\AOSP-openjdk-git\hotspot\src\share\vm\interpreter\linkResolver.cpp, line
Event: 25.664 Thread 0x0000000021a27800 Exception <a 'java/lang/NoSuchMethodError': java.lang.Object.newSystemTemporaryDirectory()Lcom/android/tools/build/apkzlib/bytestorage/TemporaryDirectory;> (0x00000000d638c798) thrown at [C:\src\AOSP-openjdk-git\hotspot\src\share\vm\interpreter\linkResolv
Event: 25.714 Thread 0x0000000021a27800 Exception <a 'sun/nio/fs/WindowsException'> (0x00000000d654d380) thrown at [C:\src\AOSP-openjdk-git\hotspot\src\share\vm\prims\jni.cpp, line 710]
Event: 25.714 Thread 0x0000000021a27800 Exception <a 'sun/nio/fs/WindowsException'> (0x00000000d654d848) thrown at [C:\src\AOSP-openjdk-git\hotspot\src\share\vm\prims\jni.cpp, line 710]
Event: 25.725 Thread 0x0000000021a27800 Exception <a 'java/lang/NoSuchMethodError': java.lang.Object.lambda$static$0(Lcom/android/apksig/util/RunnablesProvider;)V> (0x00000000d65b5160) thrown at [C:\src\AOSP-openjdk-git\hotspot\src\share\vm\interpreter\linkResolver.cpp, line 620]

Events (10 events):
Event: 26.439 loading class com/android/build/api/variant/impl/BuiltArtifactsImpl$Companion
Event: 26.439 loading class com/android/build/api/variant/impl/BuiltArtifactsImpl$Companion done
Event: 26.439 loading class com/android/build/api/variant/impl/BuiltArtifactTypeAdapter
Event: 26.439 loading class com/android/build/api/variant/impl/BuiltArtifactTypeAdapter done
Event: 26.441 loading class com/android/build/api/variant/impl/ArtifactTypeTypeAdapter
Event: 26.441 loading class com/android/build/api/variant/impl/ArtifactTypeTypeAdapter done
Event: 26.442 loading class com/android/build/api/variant/impl/BuiltArtifactsImpl$persist$1
Event: 26.442 loading class com/android/build/api/variant/impl/BuiltArtifactsImpl$persist$1 done
Event: 26.443 loading class com/google/gson/internal/$Gson$Types$WildcardTypeImpl
Event: 26.443 loading class com/google/gson/internal/$Gson$Types$WildcardTypeImpl done


Dynamic libraries:
0x00007ff7fa030000 - 0x00007ff7fa061000 	C:\Program Files\Android\Android Studio\jre\bin\java.exe
0x00007ffea4e40000 - 0x00007ffea502d000 	C:\Windows\SYSTEM32\ntdll.dll
0x00007ffea25d0000 - 0x00007ffea2683000 	C:\Windows\System32\KERNEL32.DLL
0x00007ffea1020000 - 0x00007ffea12b5000 	C:\Windows\System32\KERNELBASE.dll
0x00007ffea2520000 - 0x00007ffea25c3000 	C:\Windows\System32\ADVAPI32.dll
0x00007ffea4d70000 - 0x00007ffea4e0e000 	C:\Windows\System32\msvcrt.dll
0x00007ffea4b90000 - 0x00007ffea4c2e000 	C:\Windows\System32\sechost.dll
0x00007ffea4a60000 - 0x00007ffea4b82000 	C:\Windows\System32\RPCRT4.dll
0x00007ffea48c0000 - 0x00007ffea4a57000 	C:\Windows\System32\USER32.dll
0x00007ffea1da0000 - 0x00007ffea1dc0000 	C:\Windows\System32\win32u.dll
0x00007ffea41b0000 - 0x00007ffea41d9000 	C:\Windows\System32\GDI32.dll
0x00007ffea1ec0000 - 0x00007ffea205a000 	C:\Windows\System32\gdi32full.dll
0x00007ffea0f20000 - 0x00007ffea0fc0000 	C:\Windows\System32\msvcp_win.dll
0x00007ffea1dc0000 - 0x00007ffea1eba000 	C:\Windows\System32\ucrtbase.dll
0x00007ffe8dff0000 - 0x00007ffe8e269000 	C:\Windows\WinSxS\amd64_microsoft.windows.common-controls_6595b64144ccf1df_6.0.17763.1294_none_de7689ac534688a8\COMCTL32.dll
0x00007ffea4290000 - 0x00007ffea45bc000 	C:\Windows\System32\combase.dll
0x00007ffea1a10000 - 0x00007ffea1a8e000 	C:\Windows\System32\bcryptPrimitives.dll
0x00007ffea4890000 - 0x00007ffea48be000 	C:\Windows\System32\IMM32.DLL
0x0000000077300000 - 0x00000000773d2000 	C:\Program Files\Android\Android Studio\jre\jre\bin\msvcr100.dll
0x00000000766e0000 - 0x0000000076f2b000 	C:\Program Files\Android\Android Studio\jre\jre\bin\server\jvm.dll
0x00007ffea4870000 - 0x00007ffea4878000 	C:\Windows\System32\PSAPI.DLL
0x00007ffe9ec80000 - 0x00007ffe9eca4000 	C:\Windows\SYSTEM32\WINMM.dll
0x00007ffe9b140000 - 0x00007ffe9b14a000 	C:\Windows\SYSTEM32\VERSION.dll
0x00007ffe9eb60000 - 0x00007ffe9eb8d000 	C:\Windows\SYSTEM32\winmmbase.dll
0x00007ffe8d750000 - 0x00007ffe8d759000 	C:\Windows\SYSTEM32\WSOCK32.dll
0x00007ffea1a90000 - 0x00007ffea1ada000 	C:\Windows\System32\cfgmgr32.dll
0x00007ffea4c30000 - 0x00007ffea4c9d000 	C:\Windows\System32\WS2_32.dll
0x00007ffe9ecd0000 - 0x00007ffe9ecdf000 	C:\Program Files\Android\Android Studio\jre\jre\bin\verify.dll
0x00007ffe9ad20000 - 0x00007ffe9ad49000 	C:\Program Files\Android\Android Studio\jre\jre\bin\java.dll
0x00007ffe9ace0000 - 0x00007ffe9acf6000 	C:\Program Files\Android\Android Studio\jre\jre\bin\zip.dll
0x00007ffea2cb0000 - 0x00007ffea41a8000 	C:\Windows\System32\SHELL32.dll
0x00007ffea2470000 - 0x00007ffea2518000 	C:\Windows\System32\shcore.dll
0x00007ffea12c0000 - 0x00007ffea1a0f000 	C:\Windows\System32\windows.storage.dll
0x00007ffea0ed0000 - 0x00007ffea0ef4000 	C:\Windows\System32\profapi.dll
0x00007ffea0e50000 - 0x00007ffea0ead000 	C:\Windows\System32\powrprof.dll
0x00007ffea23b0000 - 0x00007ffea2402000 	C:\Windows\System32\shlwapi.dll
0x00007ffea0e30000 - 0x00007ffea0e41000 	C:\Windows\System32\kernel.appcore.dll
0x00007ffea0f00000 - 0x00007ffea0f17000 	C:\Windows\System32\cryptsp.dll
0x00007ffe9a580000 - 0x00007ffe9a59a000 	C:\Program Files\Android\Android Studio\jre\jre\bin\net.dll
0x00007ffea0630000 - 0x00007ffea0697000 	C:\Windows\system32\mswsock.dll
0x00007ffe9a530000 - 0x00007ffe9a543000 	C:\Program Files\Android\Android Studio\jre\jre\bin\nio.dll
0x00007ffe9ac10000 - 0x00007ffe9ac37000 	C:\Users\JFK\.gradle\native\f6784746aeab05261644944871eae4fe03e0ef1612fff0a4a95f87b438bc6780\windows-amd64\native-platform.dll
0x00007ffe9d0a0000 - 0x00007ffe9d0ad000 	C:\Program Files\Android\Android Studio\jre\jre\bin\management.dll
0x00007ffea01b0000 - 0x00007ffea01e3000 	C:\Windows\system32\rsaenh.dll
0x00007ffea1b90000 - 0x00007ffea1bb6000 	C:\Windows\System32\bcrypt.dll
0x00007ffea0d20000 - 0x00007ffea0d48000 	C:\Windows\SYSTEM32\USERENV.dll
0x00007ffea0800000 - 0x00007ffea080c000 	C:\Windows\SYSTEM32\CRYPTBASE.dll
0x00007ffea0350000 - 0x00007ffea038d000 	C:\Windows\SYSTEM32\IPHLPAPI.DLL
0x00007ffea4880000 - 0x00007ffea4888000 	C:\Windows\System32\NSI.dll
0x00007ffe98e00000 - 0x00007ffe98e16000 	C:\Windows\SYSTEM32\dhcpcsvc6.DLL
0x00007ffe98a70000 - 0x00007ffe98a8c000 	C:\Windows\SYSTEM32\dhcpcsvc.DLL
0x00007ffea0390000 - 0x00007ffea0457000 	C:\Windows\SYSTEM32\DNSAPI.dll
0x00007ffe9b0b0000 - 0x00007ffe9b0bb000 	C:\Windows\SYSTEM32\WINNSI.DLL

VM Arguments:
jvm_args: -Xmx2048m -Dfile.encoding=windows-1251 -Duser.country=RU -Duser.language=ru -Duser.variant 
java_command: org.gradle.launcher.daemon.bootstrap.GradleDaemon 6.5.1
java_class_path (initial): C:\Users\JFK\.gradle\wrapper\dists\gradle-6.5.1-all\cdund22i8guosqylfo49op4dv\gradle-6.5.1\lib\gradle-launcher-6.5.1.jar
Launcher Type: SUN_STANDARD

Environment Variables:
PATH=C:\Program Files (x86)\Common Files\Oracle\Java\javapath;C:\Windows\system32;C:\Windows;C:\Windows\System32\Wbem;C:\Windows\System32\WindowsPowerShell\v1.0\;C:\Windows\System32\OpenSSH\;C:\Program Files\Git\cmd;C:\Users\JFK\AppData\Local\Microsoft\WindowsApps;
USERNAME=JFK
OS=Windows_NT
PROCESSOR_IDENTIFIER=Intel64 Family 6 Model 142 Stepping 10, GenuineIntel



---------------  S Y S T E M  ---------------

OS: Windows 10.0 , 64 bit Build 17763 (10.0.17763.1158)

CPU:total 8 (initial active 8) (4 cores per cpu, 2 threads per core) family 6 model 142 stepping 10, cmov, cx8, fxsr, mmx, sse, sse2, sse3, ssse3, sse4.1, sse4.2, popcnt, avx, avx2, aes, clmul, erms, 3dnowpref, lzcnt, ht, tsc, tscinvbit, bmi1, bmi2, adx

Memory: 4k page, physical 8283992k(764416k free), swap 10381144k(5156k free)

vm_info: OpenJDK 64-Bit Server VM (25.242-b01) for windows-amd64 JRE (1.8.0_242-release-1644-b01), built by "builder" with MS VC++ 10.0 (VS2010)

time: Sat Aug 08 18:48:26 2020
timezone: RTZ 2 (зима)
elapsed time: 26 seconds (0d 0h 0m 26s)

