#
# There is insufficient memory for the Java Runtime Environment to continue.
# Native memory allocation (malloc) failed to allocate 1371856 bytes for Chunk::new
# Possible reasons:
#   The system is out of physical RAM or swap space
#   The process is running with CompressedOops enabled, and the Java Heap may be blocking the growth of the native heap
# Possible solutions:
#   Reduce memory load on the system
#   Increase physical memory or swap space
#   Check if swap backing store is full
#   Decrease Java heap size (-Xmx/-Xms)
#   Decrease number of Java threads
#   Decrease Java thread stack sizes (-Xss)
#   Set larger code cache with -XX:ReservedCodeCacheSize=
#   JVM is running with Unscaled Compressed Oops mode in which the Java heap is
#     placed in the first 4GB address space. The Java Heap base address is the
#     maximum limit for the native heap growth. Please use -XX:HeapBaseMinAddress
#     to set the Java Heap base and to place the Java Heap above 4GB virtual address.
# This output file may be truncated or incomplete.
#
#  Out of Memory Error (allocation.cpp:389), pid=11304, tid=0x0000000000002798
#
# JRE version: OpenJDK Runtime Environment (8.0_242-b01) (build 1.8.0_242-release-1644-b01)
# Java VM: OpenJDK 64-Bit Server VM (25.242-b01 mixed mode windows-amd64 compressed oops)
# Failed to write core dump. Minidumps are not enabled by default on client versions of Windows
#

---------------  T H R E A D  ---------------

Current thread (0x00000000180cc800):  JavaThread "C2 CompilerThread1" daemon [_thread_in_native, id=10136, stack(0x000000001a890000,0x000000001a990000)]

Stack: [0x000000001a890000,0x000000001a990000]
[error occurred during error reporting (printing stack bounds), id 0xc0000005]

Native frames: (J=compiled Java code, j=interpreted, Vv=VM code, C=native code)


Current CompileTask:
C2: 824073 21095       4       org.antlr.v4.runtime.atn.ParserATNSimulator::closure_ (311 bytes)


---------------  P R O C E S S  ---------------

Java Threads: ( => current thread )
  0x000000001f3ce800 JavaThread "WorkerExecutor Queue Thread 3" [_thread_blocked, id=9348, stack(0x000000005c490000,0x000000005c590000)]
  0x000000001f3d3800 JavaThread "RMI TCP Connection(18)-127.0.0.1" daemon [_thread_in_native, id=12488, stack(0x000000005c390000,0x000000005c490000)]
  0x000000001f3cc000 JavaThread "WorkerExecutor Queue Thread 2" [_thread_in_Java, id=9900, stack(0x000000005c190000,0x000000005c290000)]
  0x000000001f3cd800 JavaThread "stdout" [_thread_in_native, id=12348, stack(0x000000005c090000,0x000000005c190000)]
  0x000000001fdbc000 JavaThread "stderr" [_thread_in_native, id=11140, stack(0x000000005bf90000,0x000000005c090000)]
  0x000000001fdbb800 JavaThread "pool-11-thread-1" [_thread_blocked, id=5720, stack(0x000000005be90000,0x000000005bf90000)]
  0x000000001fdba000 JavaThread "WorkerExecutor Queue" [_thread_blocked, id=9792, stack(0x000000005bd90000,0x000000005be90000)]
  0x000000001fdae800 JavaThread "Cache worker for execution history cache (D:\AndroidStudioProjects\CategoryQuizApp\.gradle\6.5.1\executionHistory)" [_thread_blocked, id=1952, stack(0x000000005bc90000,0x000000005bd90000)]
  0x000000001fdb4800 JavaThread "Execution worker for ':' Thread 7" [_thread_blocked, id=9064, stack(0x000000005bb90000,0x000000005bc90000)]
  0x000000001fdb2000 JavaThread "Execution worker for ':' Thread 6" [_thread_blocked, id=12008, stack(0x000000005ba90000,0x000000005bb90000)]
  0x000000001fdb0000 JavaThread "Execution worker for ':' Thread 5" [_thread_blocked, id=10060, stack(0x000000005b990000,0x000000005ba90000)]
  0x000000001fdb5800 JavaThread "Execution worker for ':' Thread 4" [_thread_blocked, id=1764, stack(0x000000005b890000,0x000000005b990000)]
  0x000000001fdad000 JavaThread "Execution worker for ':' Thread 3" [_thread_blocked, id=4920, stack(0x000000005b790000,0x000000005b890000)]
  0x000000001fdb3800 JavaThread "Execution worker for ':' Thread 2" [_thread_blocked, id=552, stack(0x000000005b690000,0x000000005b790000)]
  0x000000001fdad800 JavaThread "Execution worker for ':'" [_thread_blocked, id=5660, stack(0x000000005b590000,0x000000005b690000)]
  0x000000001fdb3000 JavaThread "Cache worker for file content cache (D:\AndroidStudioProjects\CategoryQuizApp\.gradle\6.5.1\fileContent)" [_thread_blocked, id=6016, stack(0x000000005b490000,0x000000005b590000)]
  0x000000001fdaf000 JavaThread "Cache worker for Build Output Cleanup Cache (D:\AndroidStudioProjects\CategoryQuizApp\.gradle\buildOutputCleanup)" [_thread_blocked, id=10684, stack(0x000000005b390000,0x000000005b490000)]
  0x000000001cec5800 JavaThread "jar transforms Thread 545" [_thread_blocked, id=3932, stack(0x000000005b290000,0x000000005b390000)]
  0x000000001cec4800 JavaThread "jar transforms Thread 544" [_thread_blocked, id=12444, stack(0x000000005b190000,0x000000005b290000)]
  0x000000001cec8800 JavaThread "jar transforms Thread 543" [_thread_blocked, id=12984, stack(0x000000005b090000,0x000000005b190000)]
  0x000000001cec7000 JavaThread "jar transforms Thread 542" [_thread_blocked, id=8960, stack(0x000000005af90000,0x000000005b090000)]
  0x000000001cec6000 JavaThread "jar transforms Thread 541" [_thread_blocked, id=6400, stack(0x000000005ae90000,0x000000005af90000)]
  0x000000001cebb800 JavaThread "jar transforms Thread 540" [_thread_blocked, id=8804, stack(0x000000005ad90000,0x000000005ae90000)]
  0x000000001cec1800 JavaThread "jar transforms Thread 539" [_thread_blocked, id=9976, stack(0x000000005ac90000,0x000000005ad90000)]
  0x000000001cec0800 JavaThread "jar transforms Thread 538" [_thread_blocked, id=10500, stack(0x000000005ab90000,0x000000005ac90000)]
  0x000000001cebc000 JavaThread "jar transforms Thread 537" [_thread_blocked, id=6564, stack(0x000000005aa90000,0x000000005ab90000)]
  0x000000001cebd800 JavaThread "jar transforms Thread 536" [_thread_blocked, id=11640, stack(0x000000005a990000,0x000000005aa90000)]
  0x000000001cebd000 JavaThread "jar transforms Thread 535" [_thread_blocked, id=4872, stack(0x000000005a890000,0x000000005a990000)]
  0x000000001ceb9000 JavaThread "jar transforms Thread 534" [_thread_blocked, id=12896, stack(0x000000005a790000,0x000000005a890000)]
  0x000000001ceba800 JavaThread "jar transforms Thread 533" [_thread_blocked, id=9800, stack(0x000000005a690000,0x000000005a790000)]
  0x000000001cebe800 JavaThread "jar transforms Thread 532" [_thread_blocked, id=8364, stack(0x000000005a590000,0x000000005a690000)]
  0x000000001cebf000 JavaThread "jar transforms Thread 531" [_thread_blocked, id=9312, stack(0x000000005a490000,0x000000005a590000)]
  0x000000001cec0000 JavaThread "jar transforms Thread 530" [_thread_blocked, id=5716, stack(0x000000005a390000,0x000000005a490000)]
  0x000000001ceba000 JavaThread "jar transforms Thread 529" [_thread_blocked, id=9020, stack(0x000000005a290000,0x000000005a390000)]
  0x000000002dc3b000 JavaThread "jar transforms Thread 528" [_thread_blocked, id=8620, stack(0x000000005a190000,0x000000005a290000)]
  0x000000002dc38800 JavaThread "jar transforms Thread 527" [_thread_blocked, id=7188, stack(0x000000005a090000,0x000000005a190000)]
  0x000000002dc36000 JavaThread "jar transforms Thread 526" [_thread_blocked, id=12480, stack(0x0000000059f90000,0x000000005a090000)]
  0x000000002dc37000 JavaThread "jar transforms Thread 525" [_thread_blocked, id=11716, stack(0x0000000059e90000,0x0000000059f90000)]
  0x000000002dc38000 JavaThread "jar transforms Thread 524" [_thread_blocked, id=556, stack(0x0000000059d90000,0x0000000059e90000)]
  0x000000002dc3a000 JavaThread "jar transforms Thread 523" [_thread_blocked, id=1148, stack(0x0000000059c90000,0x0000000059d90000)]
  0x000000002dc39800 JavaThread "jar transforms Thread 522" [_thread_blocked, id=7528, stack(0x0000000059b90000,0x0000000059c90000)]
  0x000000002dc2e800 JavaThread "jar transforms Thread 521" [_thread_blocked, id=3384, stack(0x0000000059a90000,0x0000000059b90000)]
  0x000000002dc33000 JavaThread "jar transforms Thread 520" [_thread_blocked, id=5000, stack(0x0000000059990000,0x0000000059a90000)]
  0x000000002dc30000 JavaThread "jar transforms Thread 519" [_thread_blocked, id=11896, stack(0x0000000059890000,0x0000000059990000)]
  0x000000002dc2f800 JavaThread "jar transforms Thread 518" [_thread_blocked, id=2120, stack(0x0000000059790000,0x0000000059890000)]
  0x000000002dc34800 JavaThread "jar transforms Thread 517" [_thread_blocked, id=7472, stack(0x0000000059690000,0x0000000059790000)]
  0x000000002dc35800 JavaThread "jar transforms Thread 516" [_thread_blocked, id=4380, stack(0x0000000059590000,0x0000000059690000)]
  0x000000002dc34000 JavaThread "jar transforms Thread 515" [_thread_blocked, id=9176, stack(0x0000000059490000,0x0000000059590000)]
  0x000000002dc2b800 JavaThread "jar transforms Thread 514" [_thread_blocked, id=2436, stack(0x0000000059390000,0x0000000059490000)]
  0x000000002dc2e000 JavaThread "jar transforms Thread 513" [_thread_blocked, id=2416, stack(0x0000000059290000,0x0000000059390000)]
  0x000000002dc32800 JavaThread "jar transforms Thread 512" [_thread_blocked, id=12828, stack(0x0000000059190000,0x0000000059290000)]
  0x000000002dc2d000 JavaThread "jar transforms Thread 511" [_thread_blocked, id=1140, stack(0x0000000059090000,0x0000000059190000)]
  0x000000002dc2c800 JavaThread "jar transforms Thread 510" [_thread_blocked, id=11608, stack(0x0000000058f90000,0x0000000059090000)]
  0x000000002dc31800 JavaThread "jar transforms Thread 509" [_thread_blocked, id=6756, stack(0x0000000058e90000,0x0000000058f90000)]
  0x0000000020b63000 JavaThread "jar transforms Thread 508" [_thread_blocked, id=11552, stack(0x0000000058d90000,0x0000000058e90000)]
  0x0000000020b62000 JavaThread "jar transforms Thread 507" [_thread_blocked, id=13012, stack(0x0000000058c90000,0x0000000058d90000)]
  0x0000000020b61800 JavaThread "jar transforms Thread 506" [_thread_blocked, id=7180, stack(0x0000000058b90000,0x0000000058c90000)]
  0x0000000020b60800 JavaThread "jar transforms Thread 505" [_thread_blocked, id=11020, stack(0x0000000058a90000,0x0000000058b90000)]
  0x0000000020b60000 JavaThread "jar transforms Thread 504" [_thread_blocked, id=11764, stack(0x0000000058990000,0x0000000058a90000)]
  0x0000000020b5f000 JavaThread "jar transforms Thread 503" [_thread_blocked, id=6724, stack(0x0000000058890000,0x0000000058990000)]
  0x0000000020b57800 JavaThread "jar transforms Thread 502" [_thread_blocked, id=4248, stack(0x0000000058790000,0x0000000058890000)]
  0x0000000020b5e800 JavaThread "jar transforms Thread 501" [_thread_blocked, id=780, stack(0x0000000058690000,0x0000000058790000)]
  0x0000000020b5d800 JavaThread "jar transforms Thread 500" [_thread_blocked, id=12680, stack(0x0000000058590000,0x0000000058690000)]
  0x0000000020b5a800 JavaThread "jar transforms Thread 499" [_thread_blocked, id=13280, stack(0x0000000058490000,0x0000000058590000)]
  0x0000000020b56000 JavaThread "jar transforms Thread 498" [_thread_blocked, id=11412, stack(0x0000000058390000,0x0000000058490000)]
  0x0000000020b5a000 JavaThread "jar transforms Thread 497" [_thread_blocked, id=11040, stack(0x0000000058290000,0x0000000058390000)]
  0x0000000020b5d000 JavaThread "jar transforms Thread 496" [_thread_blocked, id=10420, stack(0x0000000058190000,0x0000000058290000)]
  0x0000000020b58800 JavaThread "jar transforms Thread 495" [_thread_blocked, id=9612, stack(0x0000000058090000,0x0000000058190000)]
  0x0000000020b5b800 JavaThread "jar transforms Thread 494" [_thread_blocked, id=3232, stack(0x0000000057f90000,0x0000000058090000)]
  0x0000000020b5c000 JavaThread "jar transforms Thread 493" [_thread_blocked, id=3256, stack(0x0000000057e90000,0x0000000057f90000)]
  0x0000000020b57000 JavaThread "jar transforms Thread 492" [_thread_blocked, id=5760, stack(0x0000000057d90000,0x0000000057e90000)]
  0x0000000020b54800 JavaThread "jar transforms Thread 491" [_thread_blocked, id=10460, stack(0x0000000057c90000,0x0000000057d90000)]
  0x0000000020b59000 JavaThread "jar transforms Thread 490" [_thread_blocked, id=12356, stack(0x0000000057b90000,0x0000000057c90000)]
  0x0000000020b54000 JavaThread "jar transforms Thread 489" [_thread_blocked, id=11288, stack(0x0000000057a90000,0x0000000057b90000)]
  0x000000001f9f9000 JavaThread "jar transforms Thread 488" [_thread_blocked, id=10900, stack(0x0000000057990000,0x0000000057a90000)]
  0x000000001f9f7800 JavaThread "jar transforms Thread 487" [_thread_blocked, id=3524, stack(0x0000000057890000,0x0000000057990000)]
  0x000000001f9f0000 JavaThread "jar transforms Thread 486" [_thread_blocked, id=9196, stack(0x0000000057790000,0x0000000057890000)]
  0x000000001f9f6800 JavaThread "jar transforms Thread 485" [_thread_blocked, id=13220, stack(0x0000000057690000,0x0000000057790000)]
  0x000000001f9f6000 JavaThread "jar transforms Thread 484" [_thread_blocked, id=5588, stack(0x0000000057590000,0x0000000057690000)]
  0x000000001f9f5000 JavaThread "jar transforms Thread 483" [_thread_blocked, id=1920, stack(0x0000000057490000,0x0000000057590000)]
  0x000000001f9f2000 JavaThread "jar transforms Thread 482" [_thread_blocked, id=2524, stack(0x0000000057390000,0x0000000057490000)]
  0x000000001f9f3800 JavaThread "jar transforms Thread 481" [_thread_blocked, id=10480, stack(0x0000000057290000,0x0000000057390000)]
  0x000000001f9ee800 JavaThread "jar transforms Thread 480" [_thread_blocked, id=13052, stack(0x0000000057190000,0x0000000057290000)]
  0x000000001f9f0800 JavaThread "jar transforms Thread 479" [_thread_blocked, id=2764, stack(0x0000000057090000,0x0000000057190000)]
  0x000000001f9ef000 JavaThread "jar transforms Thread 478" [_thread_blocked, id=5320, stack(0x0000000056f90000,0x0000000057090000)]
  0x000000001f9f1800 JavaThread "jar transforms Thread 477" [_thread_blocked, id=4944, stack(0x0000000056e90000,0x0000000056f90000)]
  0x000000001f9e7000 JavaThread "jar transforms Thread 476" [_thread_blocked, id=1444, stack(0x0000000056d90000,0x0000000056e90000)]
  0x000000001f9ed800 JavaThread "jar transforms Thread 475" [_thread_blocked, id=10952, stack(0x0000000056c90000,0x0000000056d90000)]
  0x000000001f9ed000 JavaThread "jar transforms Thread 474" [_thread_blocked, id=7388, stack(0x0000000056b90000,0x0000000056c90000)]
  0x000000001f9e6000 JavaThread "jar transforms Thread 473" [_thread_blocked, id=6740, stack(0x0000000056a90000,0x0000000056b90000)]
  0x000000001f9ec000 JavaThread "jar transforms Thread 472" [_thread_blocked, id=5508, stack(0x0000000056990000,0x0000000056a90000)]
  0x000000001f9e4800 JavaThread "jar transforms Thread 471" [_thread_blocked, id=9724, stack(0x0000000056890000,0x0000000056990000)]
  0x000000001f9ea800 JavaThread "jar transforms Thread 470" [_thread_blocked, id=3044, stack(0x0000000056790000,0x0000000056890000)]
  0x000000001f9e3000 JavaThread "jar transforms Thread 469" [_thread_blocked, id=5856, stack(0x0000000056690000,0x0000000056790000)]
  0x000000001f9ea000 JavaThread "jar transforms Thread 468" [_thread_blocked, id=4316, stack(0x0000000056590000,0x0000000056690000)]
  0x000000001f9e9000 JavaThread "jar transforms Thread 467" [_thread_blocked, id=7432, stack(0x0000000056490000,0x0000000056590000)]
  0x000000001f9e8800 JavaThread "jar transforms Thread 466" [_thread_blocked, id=11388, stack(0x0000000056390000,0x0000000056490000)]
  0x000000001f9e7800 JavaThread "jar transforms Thread 465" [_thread_blocked, id=12872, stack(0x0000000056290000,0x0000000056390000)]
  0x000000001f9e5800 JavaThread "jar transforms Thread 464" [_thread_blocked, id=8468, stack(0x0000000056190000,0x0000000056290000)]
  0x000000001f9db800 JavaThread "jar transforms Thread 463" [_thread_blocked, id=9076, stack(0x0000000056090000,0x0000000056190000)]
  0x000000001f9e1800 JavaThread "jar transforms Thread 462" [_thread_blocked, id=1988, stack(0x0000000055f90000,0x0000000056090000)]
  0x000000001f9e2000 JavaThread "jar transforms Thread 461" [_thread_blocked, id=12500, stack(0x0000000055e90000,0x0000000055f90000)]
  0x000000001f9dd000 JavaThread "jar transforms Thread 460" [_thread_blocked, id=3448, stack(0x0000000055d90000,0x0000000055e90000)]
  0x000000001f9df000 JavaThread "jar transforms Thread 459" [_thread_blocked, id=8568, stack(0x0000000055c90000,0x0000000055d90000)]
  0x000000001f9dc000 JavaThread "jar transforms Thread 458" [_thread_blocked, id=1972, stack(0x0000000055b90000,0x0000000055c90000)]
  0x000000001f9de800 JavaThread "jar transforms Thread 457" [_thread_blocked, id=11972, stack(0x0000000055a90000,0x0000000055b90000)]
  0x000000001f9da800 JavaThread "jar transforms Thread 456" [_thread_blocked, id=7072, stack(0x0000000055990000,0x0000000055a90000)]
  0x000000001f9e0800 JavaThread "jar transforms Thread 455" [_thread_blocked, id=9756, stack(0x0000000055890000,0x0000000055990000)]
  0x0000000024547800 JavaThread "jar transforms Thread 454" [_thread_blocked, id=12560, stack(0x0000000055790000,0x0000000055890000)]
  0x0000000024547000 JavaThread "jar transforms Thread 453" [_thread_blocked, id=7340, stack(0x0000000055690000,0x0000000055790000)]
  0x000000002454d800 JavaThread "jar transforms Thread 452" [_thread_blocked, id=444, stack(0x0000000055590000,0x0000000055690000)]
  0x000000002454d000 JavaThread "jar transforms Thread 451" [_thread_blocked, id=8936, stack(0x0000000055490000,0x0000000055590000)]
  0x000000002454c000 JavaThread "jar transforms Thread 450" [_thread_blocked, id=4092, stack(0x0000000055390000,0x0000000055490000)]
  0x0000000024544800 JavaThread "jar transforms Thread 449" [_thread_blocked, id=8776, stack(0x0000000055290000,0x0000000055390000)]
  0x000000002454b800 JavaThread "jar transforms Thread 448" [_thread_blocked, id=8956, stack(0x0000000055190000,0x0000000055290000)]
  0x0000000024548800 JavaThread "jar transforms Thread 447" [_thread_blocked, id=3712, stack(0x0000000055090000,0x0000000055190000)]
  0x000000002454a800 JavaThread "jar transforms Thread 446" [_thread_blocked, id=10456, stack(0x0000000054f90000,0x0000000055090000)]
  0x000000002454a000 JavaThread "jar transforms Thread 445" [_thread_blocked, id=1440, stack(0x0000000054e90000,0x0000000054f90000)]
  0x0000000024549000 JavaThread "jar transforms Thread 444" [_thread_blocked, id=12192, stack(0x0000000054d90000,0x0000000054e90000)]
  0x0000000024546000 JavaThread "jar transforms Thread 443" [_thread_blocked, id=8860, stack(0x0000000054c90000,0x0000000054d90000)]
  0x0000000024544000 JavaThread "jar transforms Thread 442" [_thread_blocked, id=9652, stack(0x0000000054b90000,0x0000000054c90000)]
  0x0000000024545800 JavaThread "jar transforms Thread 441" [_thread_blocked, id=3832, stack(0x0000000054a90000,0x0000000054b90000)]
  0x000000002453c800 JavaThread "jar transforms Thread 440" [_thread_blocked, id=2432, stack(0x0000000054990000,0x0000000054a90000)]
  0x0000000024543000 JavaThread "jar transforms Thread 439" [_thread_blocked, id=10916, stack(0x0000000054890000,0x0000000054990000)]
  0x0000000024542800 JavaThread "jar transforms Thread 438" [_thread_blocked, id=12264, stack(0x0000000054790000,0x0000000054890000)]
  0x0000000024541800 JavaThread "jar transforms Thread 437" [_thread_blocked, id=1596, stack(0x0000000054690000,0x0000000054790000)]
  0x000000002453e000 JavaThread "Build operations Thread 8" [_thread_blocked, id=11392, stack(0x0000000054590000,0x0000000054690000)]
  0x000000002453a000 JavaThread "Build operations Thread 7" [_thread_blocked, id=9816, stack(0x0000000054490000,0x0000000054590000)]
  0x0000000024541000 JavaThread "Build operations Thread 6" [_thread_blocked, id=6872, stack(0x0000000054390000,0x0000000054490000)]
  0x0000000024540000 JavaThread "Build operations Thread 5" [_thread_blocked, id=12316, stack(0x0000000054290000,0x0000000054390000)]
  0x000000002453f800 JavaThread "Build operations Thread 4" [_thread_blocked, id=9288, stack(0x0000000054190000,0x0000000054290000)]
  0x000000002453e800 JavaThread "Build operations Thread 3" [_thread_blocked, id=13176, stack(0x0000000054090000,0x0000000054190000)]
  0x000000002453b800 JavaThread "Build operations Thread 2" [_thread_blocked, id=8128, stack(0x0000000053f90000,0x0000000054090000)]
  0x000000002453b000 JavaThread "Build operations" [_thread_blocked, id=8084, stack(0x0000000053e90000,0x0000000053f90000)]
  0x0000000024532800 JavaThread "Cache worker for cache directory md-rule (C:\Users\JFK\.gradle\caches\6.5.1\md-rule)" [_thread_blocked, id=4180, stack(0x0000000053d90000,0x0000000053e90000)]
  0x0000000024539800 JavaThread "Cache worker for cache directory md-supplier (C:\Users\JFK\.gradle\caches\6.5.1\md-supplier)" [_thread_blocked, id=9308, stack(0x0000000053c90000,0x0000000053d90000)]
  0x0000000024532000 JavaThread "Cache worker for checksums cache (D:\AndroidStudioProjects\CategoryQuizApp\.gradle\checksums)" [_thread_blocked, id=776, stack(0x0000000053b90000,0x0000000053c90000)]
  0x0000000024538800 JavaThread "Cache worker for file hash cache (D:\AndroidStudioProjects\CategoryQuizApp\.gradle\6.5.1\fileHashes)" [_thread_blocked, id=8524, stack(0x0000000053a90000,0x0000000053b90000)]
  0x0000000024535000 JavaThread "Thread-633" [_thread_blocked, id=6288, stack(0x0000000053990000,0x0000000053a90000)]
  0x0000000024534000 JavaThread "Stdin handler" [_thread_blocked, id=9780, stack(0x0000000053890000,0x0000000053990000)]
  0x0000000024538000 JavaThread "Asynchronous log dispatcher for DefaultDaemonConnection: socket connection from /127.0.0.1:9952 to /127.0.0.1:10450" [_thread_blocked, id=5672, stack(0x0000000053790000,0x0000000053890000)]
  0x0000000024536800 JavaThread "Daemon worker Thread 4" [_thread_blocked, id=9884, stack(0x0000000053690000,0x0000000053790000)]
  0x0000000024535800 JavaThread "Cancel handler" [_thread_blocked, id=10868, stack(0x0000000053590000,0x0000000053690000)]
  0x0000000024530800 JavaThread "Handler for socket connection from /127.0.0.1:9952 to /127.0.0.1:10450" [_thread_in_native, id=6044, stack(0x0000000053490000,0x0000000053590000)]
  0x0000000024533800 JavaThread "Daemon Thread 4" [_thread_blocked, id=6236, stack(0x0000000053390000,0x0000000053490000)]
  0x0000000024531000 JavaThread "RMI TCP Connection(17)-127.0.0.1" daemon [_thread_in_native, id=6920, stack(0x0000000053290000,0x0000000053390000)]
  0x000000001fdb7800 JavaThread "RMI Reaper" [_thread_blocked, id=6548, stack(0x0000000042390000,0x0000000042490000)]
  0x000000001fdba800 JavaThread "RMI TCP Accept-0" daemon [_thread_in_native, id=12936, stack(0x0000000042290000,0x0000000042390000)]
  0x000000001fdb9000 JavaThread "GC Daemon" daemon [_thread_blocked, id=4016, stack(0x0000000042190000,0x0000000042290000)]
  0x000000001fdb6000 JavaThread "RMI Scheduler(0)" daemon [_thread_blocked, id=3016, stack(0x0000000041f90000,0x0000000042090000)]
  0x000000001cec3800 JavaThread "Memory manager" [_thread_blocked, id=11352, stack(0x000000002d180000,0x000000002d280000)]
  0x000000001f3ca000 JavaThread "Cache worker for file content cache (C:\Users\JFK\.gradle\caches\6.5.1\fileContent)" [_thread_blocked, id=6216, stack(0x0000000023630000,0x0000000023730000)]
  0x000000001f3cf000 JavaThread "Cache worker for execution history cache (C:\Users\JFK\.gradle\caches\6.5.1\executionHistory)" [_thread_blocked, id=7192, stack(0x0000000023130000,0x0000000023230000)]
  0x000000001cbc0800 JavaThread "Cache worker for file hash cache (C:\Users\JFK\.gradle\caches\6.5.1\fileHashes)" [_thread_blocked, id=12644, stack(0x000000001eec0000,0x000000001efc0000)]
  0x000000001cbc0000 JavaThread "File lock request listener" [_thread_in_native, id=6432, stack(0x000000001edc0000,0x000000001eec0000)]
  0x000000001b0f8800 JavaThread "Cache worker for journal cache (C:\Users\JFK\.gradle\caches\journal-1)" [_thread_blocked, id=6560, stack(0x000000001ecc0000,0x000000001edc0000)]
  0x000000001cb17800 JavaThread "Daemon periodic checks" [_thread_blocked, id=456, stack(0x000000001dfc0000,0x000000001e0c0000)]
  0x000000001c9ba800 JavaThread "Incoming local TCP Connector on port 9952" [_thread_in_native, id=464, stack(0x000000001dd70000,0x000000001de70000)]
  0x000000001ae70000 JavaThread "Daemon health stats" [_thread_blocked, id=8708, stack(0x000000001d730000,0x000000001d830000)]
  0x0000000019f5e000 JavaThread "Service Thread" daemon [_thread_blocked, id=6512, stack(0x000000001ab90000,0x000000001ac90000)]
  0x0000000019ecd000 JavaThread "C1 CompilerThread3" daemon [_thread_in_native, id=11008, stack(0x000000001aa90000,0x000000001ab90000)]
  0x00000000180ce000 JavaThread "C2 CompilerThread2" daemon [_thread_in_native, id=10592, stack(0x000000001a990000,0x000000001aa90000)]
=>0x00000000180cc800 JavaThread "C2 CompilerThread1" daemon [_thread_in_native, id=10136, stack(0x000000001a890000,0x000000001a990000)]
  0x0000000019ec3800 JavaThread "C2 CompilerThread0" daemon [_thread_in_native, id=4916, stack(0x000000001a790000,0x000000001a890000)]
  0x0000000019ec2800 JavaThread "Attach Listener" daemon [_thread_blocked, id=2692, stack(0x000000001a690000,0x000000001a790000)]
  0x0000000019ec6000 JavaThread "Signal Dispatcher" daemon [_thread_blocked, id=232, stack(0x000000001a590000,0x000000001a690000)]
  0x000000000304d800 JavaThread "Finalizer" daemon [_thread_blocked, id=7148, stack(0x000000001a390000,0x000000001a490000)]
  0x0000000019eb0800 JavaThread "Reference Handler" daemon [_thread_blocked, id=11676, stack(0x000000001a290000,0x000000001a390000)]
  0x0000000002f4d800 JavaThread "main" [_thread_blocked, id=9640, stack(0x0000000002d70000,0x0000000002e70000)]

Other Threads:
  0x00000000180b8000 VMThread [stack: 0x0000000019d90000,0x0000000019e90000] [id=7596]
  0x0000000019f5e800 WatcherThread [stack: 0x000000001ac90000,0x000000001ad90000] [id=11456]

VM state:not at safepoint (normal execution)

VM Mutex/Monitor currently owned by a thread: None

heap address: 0x0000000080000000, size: 2048 MB, Compressed Oops mode: 32-bit
Narrow klass base: 0x0000000000000000, Narrow klass shift: 3
Compressed class space size: 1073741824 Address: 0x0000000100000000

Heap:
 PSYoungGen      total 388096K, used 109535K [0x00000000d5580000, 0x00000000f2100000, 0x0000000100000000)
  eden space 327680K, 23% used [0x00000000d5580000,0x00000000d9f58288,0x00000000e9580000)
  from space 60416K, 56% used [0x00000000e9580000,0x00000000eb69f9a0,0x00000000ed080000)
  to   space 59904K, 0% used [0x00000000ee680000,0x00000000ee680000,0x00000000f2100000)
 ParOldGen       total 238080K, used 76714K [0x0000000080000000, 0x000000008e880000, 0x00000000d5580000)
  object space 238080K, 32% used [0x0000000080000000,0x0000000084aeab68,0x000000008e880000)
 Metaspace       used 110376K, capacity 116426K, committed 117120K, reserved 1150976K
  class space    used 14146K, capacity 15264K, committed 15488K, reserved 1048576K

Card table byte_map: [0x0000000012410000,0x0000000012820000] byte_map_base: 0x0000000012010000

Marking Bits: (ParMarkBitMap*) 0x0000000073c4f030
 Begin Bits: [0x00000000132d0000, 0x00000000152d0000)
 End Bits:   [0x00000000152d0000, 0x00000000172d0000)

Polling page: 0x0000000000f70000

CodeCache: size=245760Kb used=56143Kb max_used=56143Kb free=189616Kb
 bounds [0x0000000003050000, 0x0000000006770000, 0x0000000012050000]
 total_blobs=17960 nmethods=17038 adapters=833
 compilation: enabled

Compilation events (10 events):
Event: 824.061 Thread 0x0000000019ecd000 nmethod 21286 0x000000000675a190 code [0x000000000675a340, 0x000000000675a878]
Event: 824.061 Thread 0x0000000019ecd000 21287       3       com.sun.tools.javac.jvm.ClassReader$13::accepts (24 bytes)
Event: 824.061 Thread 0x0000000019ecd000 nmethod 21287 0x000000000675aad0 code [0x000000000675ac40, 0x000000000675ae88]
Event: 824.068 Thread 0x0000000019ecd000 21289       3       com.sun.tools.javac.comp.MemberEnter::visitImport (170 bytes)
Event: 824.070 Thread 0x0000000019ecd000 nmethod 21289 0x000000000675af50 code [0x000000000675b300, 0x000000000675d1c8]
Event: 824.070 Thread 0x0000000019ecd000 21292       3       com.sun.tools.javac.jvm.ClassReader::fillIn (150 bytes)
Event: 824.071 Thread 0x0000000019ecd000 nmethod 21292 0x000000000675e350 code [0x000000000675e5a0, 0x000000000675f2f8]
Event: 824.071 Thread 0x0000000019ecd000 21290       3       com.sun.tools.javac.comp.Env::dup (10 bytes)
Event: 824.072 Thread 0x0000000019ecd000 nmethod 21290 0x000000000675f9d0 code [0x000000000675fb40, 0x000000000675feb8]
Event: 824.072 Thread 0x0000000019ecd000 21291   !   3       com.sun.tools.javac.comp.MemberEnter::attribImportType (39 bytes)

GC Heap History (10 events):
Event: 325.634 GC heap before
{Heap before GC invocations=27 (full 4):
 PSYoungGen      total 328704K, used 34792K [0x00000000d5580000, 0x00000000efb00000, 0x0000000100000000)
  eden space 264704K, 0% used [0x00000000d5580000,0x00000000d5580000,0x00000000e5800000)
  from space 64000K, 54% used [0x00000000e5800000,0x00000000e79fa240,0x00000000e9680000)
  to   space 63488K, 0% used [0x00000000ebd00000,0x00000000ebd00000,0x00000000efb00000)
 ParOldGen       total 148480K, used 90256K [0x0000000080000000, 0x0000000089100000, 0x00000000d5580000)
  object space 148480K, 60% used [0x0000000080000000,0x00000000858241a0,0x0000000089100000)
 Metaspace       used 91971K, capacity 98290K, committed 98348K, reserved 1134592K
  class space    used 12403K, capacity 13542K, committed 13568K, reserved 1048576K
Event: 326.044 GC heap after
Heap after GC invocations=27 (full 4):
 PSYoungGen      total 328704K, used 0K [0x00000000d5580000, 0x00000000efb00000, 0x0000000100000000)
  eden space 264704K, 0% used [0x00000000d5580000,0x00000000d5580000,0x00000000e5800000)
  from space 64000K, 0% used [0x00000000e5800000,0x00000000e5800000,0x00000000e9680000)
  to   space 63488K, 0% used [0x00000000ebd00000,0x00000000ebd00000,0x00000000efb00000)
 ParOldGen       total 238080K, used 76682K [0x0000000080000000, 0x000000008e880000, 0x00000000d5580000)
  object space 238080K, 32% used [0x0000000080000000,0x0000000084ae2b68,0x000000008e880000)
 Metaspace       used 91400K, capacity 96670K, committed 98348K, reserved 1134592K
  class space    used 12219K, capacity 13216K, committed 13568K, reserved 1048576K
}
Event: 474.931 GC heap before
{Heap before GC invocations=28 (full 4):
 PSYoungGen      total 328704K, used 264704K [0x00000000d5580000, 0x00000000efb00000, 0x0000000100000000)
  eden space 264704K, 100% used [0x00000000d5580000,0x00000000e5800000,0x00000000e5800000)
  from space 64000K, 0% used [0x00000000e5800000,0x00000000e5800000,0x00000000e9680000)
  to   space 63488K, 0% used [0x00000000ebd00000,0x00000000ebd00000,0x00000000efb00000)
 ParOldGen       total 238080K, used 76682K [0x0000000080000000, 0x000000008e880000, 0x00000000d5580000)
  object space 238080K, 32% used [0x0000000080000000,0x0000000084ae2b68,0x000000008e880000)
 Metaspace       used 91837K, capacity 97076K, committed 98860K, reserved 1134592K
  class space    used 12227K, capacity 13227K, committed 13568K, reserved 1048576K
Event: 474.954 GC heap after
Heap after GC invocations=28 (full 4):
 PSYoungGen      total 364032K, used 16306K [0x00000000d5580000, 0x00000000ef780000, 0x0000000100000000)
  eden space 304128K, 0% used [0x00000000d5580000,0x00000000d5580000,0x00000000e7e80000)
  from space 59904K, 27% used [0x00000000ebd00000,0x00000000ecceca68,0x00000000ef780000)
  to   space 61952K, 0% used [0x00000000e7e80000,0x00000000e7e80000,0x00000000ebb00000)
 ParOldGen       total 238080K, used 76690K [0x0000000080000000, 0x000000008e880000, 0x00000000d5580000)
  object space 238080K, 32% used [0x0000000080000000,0x0000000084ae4b68,0x000000008e880000)
 Metaspace       used 91837K, capacity 97076K, committed 98860K, reserved 1134592K
  class space    used 12227K, capacity 13227K, committed 13568K, reserved 1048576K
}
Event: 488.695 GC heap before
{Heap before GC invocations=29 (full 4):
 PSYoungGen      total 364032K, used 320434K [0x00000000d5580000, 0x00000000ef780000, 0x0000000100000000)
  eden space 304128K, 100% used [0x00000000d5580000,0x00000000e7e80000,0x00000000e7e80000)
  from space 59904K, 27% used [0x00000000ebd00000,0x00000000ecceca68,0x00000000ef780000)
  to   space 61952K, 0% used [0x00000000e7e80000,0x00000000e7e80000,0x00000000ebb00000)
 ParOldGen       total 238080K, used 76690K [0x0000000080000000, 0x000000008e880000, 0x00000000d5580000)
  object space 238080K, 32% used [0x0000000080000000,0x0000000084ae4b68,0x000000008e880000)
 Metaspace       used 92407K, capacity 98102K, committed 99244K, reserved 1134592K
  class space    used 12297K, capacity 13360K, committed 13696K, reserved 1048576K
Event: 488.712 GC heap after
Heap after GC invocations=29 (full 4):
 PSYoungGen      total 366080K, used 17292K [0x00000000d5580000, 0x00000000f0f80000, 0x0000000100000000)
  eden space 304128K, 0% used [0x00000000d5580000,0x00000000d5580000,0x00000000e7e80000)
  from space 61952K, 27% used [0x00000000e7e80000,0x00000000e8f63098,0x00000000ebb00000)
  to   space 59904K, 0% used [0x00000000ed500000,0x00000000ed500000,0x00000000f0f80000)
 ParOldGen       total 238080K, used 76698K [0x0000000080000000, 0x000000008e880000, 0x00000000d5580000)
  object space 238080K, 32% used [0x0000000080000000,0x0000000084ae6b68,0x000000008e880000)
 Metaspace       used 92407K, capacity 98102K, committed 99244K, reserved 1134592K
  class space    used 12297K, capacity 13360K, committed 13696K, reserved 1048576K
}
Event: 817.321 GC heap before
{Heap before GC invocations=30 (full 4):
 PSYoungGen      total 366080K, used 320976K [0x00000000d5580000, 0x00000000f0f80000, 0x0000000100000000)
  eden space 304128K, 99% used [0x00000000d5580000,0x00000000e7e11208,0x00000000e7e80000)
  from space 61952K, 27% used [0x00000000e7e80000,0x00000000e8f63098,0x00000000ebb00000)
  to   space 59904K, 0% used [0x00000000ed500000,0x00000000ed500000,0x00000000f0f80000)
 ParOldGen       total 238080K, used 76698K [0x0000000080000000, 0x000000008e880000, 0x00000000d5580000)
  object space 238080K, 32% used [0x0000000080000000,0x0000000084ae6b68,0x000000008e880000)
 Metaspace       used 94006K, capacity 99754K, committed 100864K, reserved 1136640K
  class space    used 12438K, capacity 13524K, committed 13824K, reserved 1048576K
Event: 817.364 GC heap after
Heap after GC invocations=30 (full 4):
 PSYoungGen      total 383488K, used 36584K [0x00000000d5580000, 0x00000000f0b80000, 0x0000000100000000)
  eden space 327680K, 0% used [0x00000000d5580000,0x00000000d5580000,0x00000000e9580000)
  from space 55808K, 65% used [0x00000000ed500000,0x00000000ef8ba2e8,0x00000000f0b80000)
  to   space 60416K, 0% used [0x00000000e9580000,0x00000000e9580000,0x00000000ed080000)
 ParOldGen       total 238080K, used 76706K [0x0000000080000000, 0x000000008e880000, 0x00000000d5580000)
  object space 238080K, 32% used [0x0000000080000000,0x0000000084ae8b68,0x000000008e880000)
 Metaspace       used 94006K, capacity 99754K, committed 100864K, reserved 1136640K
  class space    used 12438K, capacity 13524K, committed 13824K, reserved 1048576K
}
Event: 822.914 GC heap before
{Heap before GC invocations=31 (full 4):
 PSYoungGen      total 383488K, used 364264K [0x00000000d5580000, 0x00000000f0b80000, 0x0000000100000000)
  eden space 327680K, 100% used [0x00000000d5580000,0x00000000e9580000,0x00000000e9580000)
  from space 55808K, 65% used [0x00000000ed500000,0x00000000ef8ba2e8,0x00000000f0b80000)
  to   space 60416K, 0% used [0x00000000e9580000,0x00000000e9580000,0x00000000ed080000)
 ParOldGen       total 238080K, used 76706K [0x0000000080000000, 0x000000008e880000, 0x00000000d5580000)
  object space 238080K, 32% used [0x0000000080000000,0x0000000084ae8b68,0x000000008e880000)
 Metaspace       used 101852K, capacity 107816K, committed 108416K, reserved 1142784K
  class space    used 13217K, capacity 14335K, committed 14464K, reserved 1048576K
Event: 822.943 GC heap after
Heap after GC invocations=31 (full 4):
 PSYoungGen      total 388096K, used 33918K [0x00000000d5580000, 0x00000000f2100000, 0x0000000100000000)
  eden space 327680K, 0% used [0x00000000d5580000,0x00000000d5580000,0x00000000e9580000)
  from space 60416K, 56% used [0x00000000e9580000,0x00000000eb69f9a0,0x00000000ed080000)
  to   space 59904K, 0% used [0x00000000ee680000,0x00000000ee680000,0x00000000f2100000)
 ParOldGen       total 238080K, used 76714K [0x0000000080000000, 0x000000008e880000, 0x00000000d5580000)
  object space 238080K, 32% used [0x0000000080000000,0x0000000084aeab68,0x000000008e880000)
 Metaspace       used 101852K, capacity 107816K, committed 108416K, reserved 1142784K
  class space    used 13217K, capacity 14335K, committed 14464K, reserved 1048576K
}

Deoptimization events (10 events):
Event: 823.676 Thread 0x000000001f3cc000 Uncommon trap: reason=unstable_if action=reinterpret pc=0x000000000627a6b0 method=org.sqlite.SQLiteJDBCLoader.contentsEquals(Ljava/io/InputStream;Ljava/io/InputStream;)Z @ 39
Event: 823.690 Thread 0x000000001f3cc000 Uncommon trap: reason=unstable_if action=reinterpret pc=0x00000000032dd0d4 method=java.lang.AbstractStringBuilder.append(Ljava/lang/String;)Ljava/lang/AbstractStringBuilder; @ 1
Event: 823.711 Thread 0x000000001f3cc000 Uncommon trap: reason=unstable_if action=reinterpret pc=0x0000000003f1fcf8 method=java.util.regex.Pattern.closure(Ljava/util/regex/Pattern$Node;)Ljava/util/regex/Pattern$Node; @ 207
Event: 823.712 Thread 0x000000001f3cc000 Uncommon trap: reason=unstable_if action=reinterpret pc=0x00000000041bc410 method=java.util.regex.Pattern$Curly.match(Ljava/util/regex/Matcher;ILjava/lang/CharSequence;)Z @ 45
Event: 823.805 Thread 0x000000001f3cc000 Uncommon trap: reason=unstable_if action=reinterpret pc=0x0000000006250bbc method=org.antlr.v4.runtime.atn.ATNState.addTransition(ILorg/antlr/v4/runtime/atn/Transition;)V @ 115
Event: 824.002 Thread 0x000000001f3cc000 Uncommon trap: reason=class_check action=maybe_recompile pc=0x00000000050e3128 method=java.util.regex.Matcher.search(I)Z @ 86
Event: 824.002 Thread 0x000000001f3cc000 Uncommon trap: reason=class_check action=maybe_recompile pc=0x00000000041f2f08 method=java.util.regex.Matcher.search(I)Z @ 86
Event: 824.008 Thread 0x000000001f3cc000 Uncommon trap: reason=unstable_if action=reinterpret pc=0x00000000032405d0 method=sun.nio.cs.UTF_8$Encoder.encode([CII[B)I @ 33
Event: 824.026 Thread 0x000000001f3cc000 Uncommon trap: reason=unstable_if action=reinterpret pc=0x0000000003f04808 method=com.sun.tools.javac.code.Symbol$TypeSymbol.formFlatName(Lcom/sun/tools/javac/util/Name;Lcom/sun/tools/javac/code/Symbol;)Lcom/sun/tools/javac/util/Name; @ 73
Event: 824.029 Thread 0x000000001f3cc000 Uncommon trap: reason=unstable_if action=reinterpret pc=0x000000000659e7dc method=com.sun.tools.javac.util.Name$Table.equals([BI[BII)Z @ 22

Classes redefined (0 events):
No events

Internal exceptions (10 events):
Event: 817.905 Thread 0x000000001fdba000 Exception <a 'java/lang/NoSuchMethodError': java.lang.Object.lambda$negate$1(Ljava/lang/Object;)Z> (0x00000000db7446b0) thrown at [C:\src\AOSP-openjdk-git\hotspot\src\share\vm\interpreter\linkResolver.cpp, line 620]
Event: 819.602 Thread 0x000000001fdba000 Exception <a 'sun/nio/fs/WindowsException'> (0x00000000ddd5d070) thrown at [C:\src\AOSP-openjdk-git\hotspot\src\share\vm\prims\jni.cpp, line 710]
Event: 819.602 Thread 0x000000001fdba000 Exception <a 'sun/nio/fs/WindowsException'> (0x00000000ddd5d8a8) thrown at [C:\src\AOSP-openjdk-git\hotspot\src\share\vm\prims\jni.cpp, line 710]
Event: 819.602 Thread 0x000000001fdba000 Exception <a 'sun/nio/fs/WindowsException'> (0x00000000ddd5dd50) thrown at [C:\src\AOSP-openjdk-git\hotspot\src\share\vm\prims\jni.cpp, line 710]
Event: 819.829 Thread 0x000000001f3d5000 Exception <a 'java/lang/InterruptedException'> (0x00000000e0d00758) thrown at [C:\src\AOSP-openjdk-git\hotspot\src\share\vm\runtime\objectMonitor.cpp, line 1680]
Event: 821.940 Thread 0x0000000024541000 Exception <a 'java/lang/NoSuchMethodError': <clinit>> (0x00000000e3ddf208) thrown at [C:\src\AOSP-openjdk-git\hotspot\src\share\vm\prims\jni.cpp, line 1615]
Event: 822.120 Thread 0x000000001fdad800 Exception <a 'java/lang/NoSuchMethodError': <clinit>> (0x00000000e51e1f80) thrown at [C:\src\AOSP-openjdk-git\hotspot\src\share\vm\prims\jni.cpp, line 1615]
Event: 822.233 Thread 0x000000001f3cc000 Exception <a 'java/lang/NoSuchMethodError': <clinit>> (0x00000000e697c618) thrown at [C:\src\AOSP-openjdk-git\hotspot\src\share\vm\prims\jni.cpp, line 1615]
Event: 822.236 Thread 0x000000001f3cc000 Exception <a 'java/lang/NoSuchMethodError': <clinit>> (0x00000000e69a4610) thrown at [C:\src\AOSP-openjdk-git\hotspot\src\share\vm\prims\jni.cpp, line 1615]
Event: 823.690 Thread 0x000000001f3cc000 Implicit null exception at 0x00000000032dcd14 to 0x00000000032dd0bd

Events (10 events):
Event: 824.024 loading class com/google/common/collect/FluentIterable$1
Event: 824.024 loading class com/google/common/collect/FluentIterable$1 done
Event: 824.025 loading class com/google/common/collect/FluentIterable$2
Event: 824.025 loading class com/google/common/collect/FluentIterable$2 done
Event: 824.026 Thread 0x000000001f3cc000 Uncommon trap: trap_request=0xffffff65 fr.pc=0x0000000003f04808
Event: 824.026 Thread 0x000000001f3cc000 DEOPT PACKING pc=0x0000000003f04808 sp=0x000000005c28cf80
Event: 824.026 Thread 0x000000001f3cc000 DEOPT UNPACKING pc=0x000000000309557b sp=0x000000005c28cf40 mode 2
Event: 824.029 Thread 0x000000001f3cc000 Uncommon trap: trap_request=0xffffff65 fr.pc=0x000000000659e7dc
Event: 824.029 Thread 0x000000001f3cc000 DEOPT PACKING pc=0x000000000659e7dc sp=0x000000005c28c710
Event: 824.029 Thread 0x000000001f3cc000 DEOPT UNPACKING pc=0x000000000309557b sp=0x000000005c28c4f0 mode 2


Dynamic libraries:
0x00007ff666240000 - 0x00007ff666271000 	C:\Program Files\Android\Android Studio\jre\bin\java.exe
0x00007ffa41bb0000 - 0x00007ffa41d9d000 	C:\Windows\SYSTEM32\ntdll.dll
0x00007ffa3f670000 - 0x00007ffa3f723000 	C:\Windows\System32\KERNEL32.DLL
0x00007ffa3e770000 - 0x00007ffa3ea04000 	C:\Windows\System32\KERNELBASE.dll
0x00007ffa41350000 - 0x00007ffa413f3000 	C:\Windows\System32\ADVAPI32.dll
0x00007ffa3f5d0000 - 0x00007ffa3f66e000 	C:\Windows\System32\msvcrt.dll
0x00007ffa3ede0000 - 0x00007ffa3ee7e000 	C:\Windows\System32\sechost.dll
0x00007ffa3f730000 - 0x00007ffa3f852000 	C:\Windows\System32\RPCRT4.dll
0x00007ffa419e0000 - 0x00007ffa41b77000 	C:\Windows\System32\USER32.dll
0x00007ffa3ea10000 - 0x00007ffa3ea30000 	C:\Windows\System32\win32u.dll
0x00007ffa3eee0000 - 0x00007ffa3ef09000 	C:\Windows\System32\GDI32.dll
0x00007ffa3e5d0000 - 0x00007ffa3e76c000 	C:\Windows\System32\gdi32full.dll
0x00007ffa3ead0000 - 0x00007ffa3eb70000 	C:\Windows\System32\msvcp_win.dll
0x00007ffa3dc60000 - 0x00007ffa3dd5a000 	C:\Windows\System32\ucrtbase.dll
0x00007ffa27400000 - 0x00007ffa27679000 	C:\Windows\WinSxS\amd64_microsoft.windows.common-controls_6595b64144ccf1df_6.0.17763.1457_none_de7243e4534a70d1\COMCTL32.dll
0x00007ffa41680000 - 0x00007ffa419ad000 	C:\Windows\System32\combase.dll
0x00007ffa3ea30000 - 0x00007ffa3eaae000 	C:\Windows\System32\bcryptPrimitives.dll
0x00007ffa419b0000 - 0x00007ffa419de000 	C:\Windows\System32\IMM32.DLL
0x0000000073140000 - 0x0000000073212000 	C:\Program Files\Android\Android Studio\jre\jre\bin\msvcr100.dll
0x0000000073480000 - 0x0000000073ccb000 	C:\Program Files\Android\Android Studio\jre\jre\bin\server\jvm.dll
0x00007ffa3f550000 - 0x00007ffa3f558000 	C:\Windows\System32\PSAPI.DLL
0x00007ffa3b9e0000 - 0x00007ffa3ba04000 	C:\Windows\SYSTEM32\WINMM.dll
0x00007ffa2d030000 - 0x00007ffa2d039000 	C:\Windows\SYSTEM32\WSOCK32.dll
0x00007ffa39590000 - 0x00007ffa3959a000 	C:\Windows\SYSTEM32\VERSION.dll
0x00007ffa3f560000 - 0x00007ffa3f5cd000 	C:\Windows\System32\WS2_32.dll
0x00007ffa3b8c0000 - 0x00007ffa3b8ed000 	C:\Windows\SYSTEM32\WINMMBASE.dll
0x00007ffa3ed80000 - 0x00007ffa3edca000 	C:\Windows\System32\cfgmgr32.dll
0x00007ffa37a60000 - 0x00007ffa37a6f000 	C:\Program Files\Android\Android Studio\jre\jre\bin\verify.dll
0x00007ffa37a30000 - 0x00007ffa37a59000 	C:\Program Files\Android\Android Studio\jre\jre\bin\java.dll
0x00007ffa34cd0000 - 0x00007ffa34ce6000 	C:\Program Files\Android\Android Studio\jre\jre\bin\zip.dll
0x00007ffa3f860000 - 0x00007ffa40d59000 	C:\Windows\System32\SHELL32.dll
0x00007ffa3ef70000 - 0x00007ffa3f019000 	C:\Windows\System32\shcore.dll
0x00007ffa3ddc0000 - 0x00007ffa3e512000 	C:\Windows\System32\windows.storage.dll
0x00007ffa3dc10000 - 0x00007ffa3dc34000 	C:\Windows\System32\profapi.dll
0x00007ffa3dbb0000 - 0x00007ffa3dc0d000 	C:\Windows\System32\powrprof.dll
0x00007ffa3f470000 - 0x00007ffa3f4c2000 	C:\Windows\System32\shlwapi.dll
0x00007ffa3db90000 - 0x00007ffa3dba1000 	C:\Windows\System32\kernel.appcore.dll
0x00007ffa3eab0000 - 0x00007ffa3eac7000 	C:\Windows\System32\cryptsp.dll
0x00007ffa34bc0000 - 0x00007ffa34bda000 	C:\Program Files\Android\Android Studio\jre\jre\bin\net.dll
0x00007ffa3d390000 - 0x00007ffa3d3f7000 	C:\Windows\system32\mswsock.dll
0x00007ffa349f0000 - 0x00007ffa34a03000 	C:\Program Files\Android\Android Studio\jre\jre\bin\nio.dll
0x00007ffa34800000 - 0x00007ffa34827000 	C:\Users\JFK\.gradle\native\f6784746aeab05261644944871eae4fe03e0ef1612fff0a4a95f87b438bc6780\windows-amd64\native-platform.dll
0x00007ffa37a20000 - 0x00007ffa37a2d000 	C:\Program Files\Android\Android Studio\jre\jre\bin\management.dll
0x00007ffa3cf10000 - 0x00007ffa3cf43000 	C:\Windows\system32\rsaenh.dll
0x00007ffa3eb70000 - 0x00007ffa3eb96000 	C:\Windows\System32\bcrypt.dll
0x00007ffa3da80000 - 0x00007ffa3daa8000 	C:\Windows\SYSTEM32\USERENV.dll
0x00007ffa3d560000 - 0x00007ffa3d56c000 	C:\Windows\SYSTEM32\CRYPTBASE.dll
0x00007ffa3d0b0000 - 0x00007ffa3d0ed000 	C:\Windows\SYSTEM32\IPHLPAPI.DLL
0x00007ffa3edd0000 - 0x00007ffa3edd8000 	C:\Windows\System32\NSI.dll
0x00007ffa350b0000 - 0x00007ffa350c6000 	C:\Windows\SYSTEM32\dhcpcsvc6.DLL
0x00007ffa36d90000 - 0x00007ffa36dac000 	C:\Windows\SYSTEM32\dhcpcsvc.DLL
0x00007ffa3d0f0000 - 0x00007ffa3d1b7000 	C:\Windows\SYSTEM32\DNSAPI.dll
0x00007ffa37780000 - 0x00007ffa3778b000 	C:\Windows\SYSTEM32\WINNSI.DLL
0x0000000066e00000 - 0x0000000066f03000 	C:\Users\JFK\AppData\Local\Temp\sqlite-3.25.2-91758447-a3f0-4962-9fef-da404c42d448-sqlitejdbc.dll

VM Arguments:
jvm_args: -Xmx2048m -Dfile.encoding=windows-1251 -Duser.country=RU -Duser.language=ru -Duser.variant 
java_command: org.gradle.launcher.daemon.bootstrap.GradleDaemon 6.5.1
java_class_path (initial): C:\Users\JFK\.gradle\wrapper\dists\gradle-6.5.1-all\cdund22i8guosqylfo49op4dv\gradle-6.5.1\lib\gradle-launcher-6.5.1.jar
Launcher Type: SUN_STANDARD

Environment Variables:
PATH=C:\Program Files (x86)\Intel\Intel(R) Management Engine Components\iCLS\;C:\Program Files\Intel\Intel(R) Management Engine Components\iCLS\;C:\Program Files (x86)\Common Files\Oracle\Java\javapath;C:\Windows\system32;C:\Windows;C:\Windows\System32\Wbem;C:\Windows\System32\WindowsPowerShell\v1.0\;C:\Windows\System32\OpenSSH\;C:\Program Files\Git\cmd;C:\Program Files (x86)\Intel\Intel(R) Management Engine Components\DAL;C:\Program Files\Intel\Intel(R) Management Engine Components\DAL;C:\Program Files (x86)\Intel\Intel(R) Management Engine Components\IPT;C:\Program Files\Intel\Intel(R) Management Engine Components\IPT;C:\Users\JFK\AppData\Local\Microsoft\WindowsApps;
USERNAME=JFK
OS=Windows_NT
PROCESSOR_IDENTIFIER=Intel64 Family 6 Model 142 Stepping 10, GenuineIntel



---------------  S Y S T E M  ---------------

OS: Windows 10.0 , 64 bit Build 17763 (10.0.17763.475)

CPU:total 8 (initial active 8) (4 cores per cpu, 2 threads per core) family 6 model 142 stepping 10, cmov, cx8, fxsr, mmx, sse, sse2, sse3, ssse3, sse4.1, sse4.2, popcnt, avx, avx2, aes, clmul, erms, 3dnowpref, lzcnt, ht, tsc, tscinvbit, bmi1, bmi2, adx

Memory: 4k page, physical 8283976k(766464k free), swap 11405128k(5392k free)

vm_info: OpenJDK 64-Bit Server VM (25.242-b01) for windows-amd64 JRE (1.8.0_242-release-1644-b01), built by "builder" with MS VC++ 10.0 (VS2010)

time: Thu Sep 17 23:03:18 2020
timezone: RTZ 2 (зима)
elapsed time: 824 seconds (0d 0h 13m 44s)

